TN:
SF:src\auth\scim-auth.guard.spec.ts
FN:4,(anonymous_0)
FN:8,createMockContext
FN:13,(anonymous_2)
FN:14,(anonymous_3)
FN:20,(anonymous_4)
FN:26,(anonymous_5)
FN:27,(anonymous_6)
FN:31,(anonymous_7)
FN:35,(anonymous_8)
FN:39,(anonymous_9)
FN:40,(anonymous_10)
FN:47,(anonymous_11)
FN:48,(anonymous_12)
FN:54,(anonymous_13)
FN:60,(anonymous_14)
FN:61,(anonymous_15)
FN:72,(anonymous_16)
FN:81,(anonymous_17)
FN:82,(anonymous_18)
FN:90,(anonymous_19)
FN:97,(anonymous_20)
FN:98,(anonymous_21)
FNF:22
FNH:0
FNDA:0,(anonymous_0)
FNDA:0,createMockContext
FNDA:0,(anonymous_2)
FNDA:0,(anonymous_3)
FNDA:0,(anonymous_4)
FNDA:0,(anonymous_5)
FNDA:0,(anonymous_6)
FNDA:0,(anonymous_7)
FNDA:0,(anonymous_8)
FNDA:0,(anonymous_9)
FNDA:0,(anonymous_10)
FNDA:0,(anonymous_11)
FNDA:0,(anonymous_12)
FNDA:0,(anonymous_13)
FNDA:0,(anonymous_14)
FNDA:0,(anonymous_15)
FNDA:0,(anonymous_16)
FNDA:0,(anonymous_17)
FNDA:0,(anonymous_18)
FNDA:0,(anonymous_19)
FNDA:0,(anonymous_20)
FNDA:0,(anonymous_21)
DA:1,0
DA:2,0
DA:4,0
DA:9,0
DA:12,0
DA:13,0
DA:14,0
DA:17,0
DA:20,0
DA:21,0
DA:22,0
DA:26,0
DA:27,0
DA:28,0
DA:31,0
DA:32,0
DA:35,0
DA:36,0
DA:39,0
DA:40,0
DA:41,0
DA:42,0
DA:43,0
DA:47,0
DA:48,0
DA:49,0
DA:50,0
DA:51,0
DA:54,0
DA:55,0
DA:56,0
DA:60,0
DA:61,0
DA:62,0
DA:63,0
DA:65,0
DA:66,0
DA:67,0
DA:68,0
DA:69,0
DA:72,0
DA:73,0
DA:75,0
DA:76,0
DA:77,0
DA:81,0
DA:82,0
DA:84,0
DA:85,0
DA:86,0
DA:87,0
DA:90,0
DA:91,0
DA:92,0
DA:93,0
DA:97,0
DA:98,0
DA:99,0
DA:101,0
DA:102,0
DA:103,0
LF:61
LH:0
BRDA:10,0,0,0
BRDA:10,0,1,0
BRF:2
BRH:0
end_of_record
TN:
SF:src\auth\scim-auth.guard.ts
FN:9,(anonymous_2)
FN:11,(anonymous_3)
FNF:2
FNH:0
FNDA:0,(anonymous_2)
FNDA:0,(anonymous_3)
DA:1,0
DA:2,0
DA:5,0
DA:7,0
DA:9,0
DA:12,0
DA:13,0
DA:15,0
DA:16,0
DA:19,0
DA:21,0
DA:22,0
DA:25,0
DA:27,0
DA:28,0
DA:29,0
DA:32,0
DA:33,0
DA:35,0
DA:36,0
DA:40,0
DA:41,0
DA:42,0
DA:43,0
DA:46,0
DA:47,0
DA:48,0
LF:27
LH:0
BRDA:15,0,0,0
BRDA:15,0,1,0
BRDA:21,1,0,0
BRDA:21,1,1,0
BRDA:21,2,0,0
BRDA:21,2,1,0
BRDA:27,3,0,0
BRDA:27,3,1,0
BRDA:46,4,0,0
BRDA:46,4,1,0
BRF:10
BRH:0
end_of_record
TN:
SF:src\bootstrap\blob-restore.ts
FN:5,restoreFromBlob
FN:25,(anonymous_10)
FN:26,(anonymous_11)
FN:52,(anonymous_12)
FN:68,(anonymous_13)
FNF:5
FNH:0
FNDA:0,restoreFromBlob
FNDA:0,(anonymous_10)
FNDA:0,(anonymous_11)
FNDA:0,(anonymous_12)
FNDA:0,(anonymous_13)
DA:1,0
DA:2,0
DA:3,0
DA:6,0
DA:7,0
DA:8,0
DA:11,0
DA:12,0
DA:14,0
DA:16,0
DA:20,0
DA:22,0
DA:25,0
DA:26,0
DA:28,0
DA:29,0
DA:30,0
DA:31,0
DA:33,0
DA:35,0
DA:36,0
DA:39,0
DA:40,0
DA:41,0
DA:42,0
DA:46,0
DA:48,0
DA:49,0
DA:52,0
DA:53,0
DA:54,0
DA:55,0
DA:57,0
DA:58,0
DA:61,0
DA:62,0
DA:65,0
DA:68,0
DA:69,0
DA:71,0
DA:72,0
LF:41
LH:0
BRDA:7,0,0,0
BRDA:7,0,1,0
BRDA:11,1,0,0
BRDA:11,1,1,0
BRDA:12,2,0,0
BRDA:12,2,1,0
BRDA:14,3,0,0
BRDA:14,3,1,0
BRDA:33,4,0,0
BRDA:33,4,1,0
BRDA:41,5,0,0
BRDA:41,5,1,0
BRDA:46,6,0,0
BRDA:46,6,1,0
BRDA:57,7,0,0
BRDA:57,7,1,0
BRDA:69,8,0,0
BRDA:69,8,1,0
BRF:18
BRH:0
end_of_record
TN:
SF:src\domain\patch\group-patch-engine.spec.ts
FN:19,makeMembers
FN:20,(anonymous_1)
FN:23,makeState
FN:33,apply
FN:43,(anonymous_4)
FN:46,(anonymous_5)
FN:47,(anonymous_6)
FN:52,(anonymous_7)
FN:57,(anonymous_8)
FN:62,(anonymous_9)
FN:67,(anonymous_10)
FN:72,(anonymous_11)
FN:81,(anonymous_12)
FN:90,(anonymous_13)
FN:104,(anonymous_14)
FN:112,(anonymous_15)
FN:113,(anonymous_16)
FN:117,(anonymous_17)
FN:118,(anonymous_18)
FN:122,(anonymous_19)
FN:123,(anonymous_20)
FN:127,(anonymous_21)
FN:128,(anonymous_22)
FN:135,(anonymous_23)
FN:136,(anonymous_24)
FN:143,(anonymous_25)
FN:146,(anonymous_26)
FN:151,(anonymous_27)
FN:154,(anonymous_28)
FN:160,(anonymous_29)
FN:163,(anonymous_30)
FN:172,(anonymous_31)
FN:173,(anonymous_32)
FN:180,(anonymous_33)
FN:189,(anonymous_34)
FN:195,(anonymous_35)
FN:198,(anonymous_36)
FN:199,(anonymous_37)
FN:203,(anonymous_38)
FN:204,(anonymous_39)
FN:211,(anonymous_40)
FN:212,(anonymous_41)
FN:218,(anonymous_42)
FN:221,(anonymous_43)
FN:226,(anonymous_44)
FN:229,(anonymous_45)
FN:234,(anonymous_46)
FN:235,(anonymous_47)
FN:242,(anonymous_48)
FN:251,(anonymous_49)
FN:252,(anonymous_50)
FN:259,(anonymous_51)
FN:265,(anonymous_52)
FN:268,(anonymous_53)
FN:269,(anonymous_54)
FN:276,(anonymous_55)
FN:277,(anonymous_56)
FN:284,(anonymous_57)
FN:287,(anonymous_58)
FN:300,(anonymous_59)
FN:301,(anonymous_60)
FN:302,(anonymous_61)
FN:305,(anonymous_62)
FN:306,(anonymous_63)
FN:316,(anonymous_64)
FN:317,(anonymous_65)
FN:322,(anonymous_66)
FN:323,(anonymous_67)
FN:326,(anonymous_68)
FN:327,(anonymous_69)
FN:331,(anonymous_70)
FN:332,(anonymous_71)
FN:339,(anonymous_72)
FN:345,(anonymous_73)
FN:346,(anonymous_74)
FN:357,(anonymous_75)
FN:365,(anonymous_76)
FN:373,(anonymous_77)
FN:383,(anonymous_78)
FN:392,(anonymous_79)
FNF:80
FNH:0
FNDA:0,makeMembers
FNDA:0,(anonymous_1)
FNDA:0,makeState
FNDA:0,apply
FNDA:0,(anonymous_4)
FNDA:0,(anonymous_5)
FNDA:0,(anonymous_6)
FNDA:0,(anonymous_7)
FNDA:0,(anonymous_8)
FNDA:0,(anonymous_9)
FNDA:0,(anonymous_10)
FNDA:0,(anonymous_11)
FNDA:0,(anonymous_12)
FNDA:0,(anonymous_13)
FNDA:0,(anonymous_14)
FNDA:0,(anonymous_15)
FNDA:0,(anonymous_16)
FNDA:0,(anonymous_17)
FNDA:0,(anonymous_18)
FNDA:0,(anonymous_19)
FNDA:0,(anonymous_20)
FNDA:0,(anonymous_21)
FNDA:0,(anonymous_22)
FNDA:0,(anonymous_23)
FNDA:0,(anonymous_24)
FNDA:0,(anonymous_25)
FNDA:0,(anonymous_26)
FNDA:0,(anonymous_27)
FNDA:0,(anonymous_28)
FNDA:0,(anonymous_29)
FNDA:0,(anonymous_30)
FNDA:0,(anonymous_31)
FNDA:0,(anonymous_32)
FNDA:0,(anonymous_33)
FNDA:0,(anonymous_34)
FNDA:0,(anonymous_35)
FNDA:0,(anonymous_36)
FNDA:0,(anonymous_37)
FNDA:0,(anonymous_38)
FNDA:0,(anonymous_39)
FNDA:0,(anonymous_40)
FNDA:0,(anonymous_41)
FNDA:0,(anonymous_42)
FNDA:0,(anonymous_43)
FNDA:0,(anonymous_44)
FNDA:0,(anonymous_45)
FNDA:0,(anonymous_46)
FNDA:0,(anonymous_47)
FNDA:0,(anonymous_48)
FNDA:0,(anonymous_49)
FNDA:0,(anonymous_50)
FNDA:0,(anonymous_51)
FNDA:0,(anonymous_52)
FNDA:0,(anonymous_53)
FNDA:0,(anonymous_54)
FNDA:0,(anonymous_55)
FNDA:0,(anonymous_56)
FNDA:0,(anonymous_57)
FNDA:0,(anonymous_58)
FNDA:0,(anonymous_59)
FNDA:0,(anonymous_60)
FNDA:0,(anonymous_61)
FNDA:0,(anonymous_62)
FNDA:0,(anonymous_63)
FNDA:0,(anonymous_64)
FNDA:0,(anonymous_65)
FNDA:0,(anonymous_66)
FNDA:0,(anonymous_67)
FNDA:0,(anonymous_68)
FNDA:0,(anonymous_69)
FNDA:0,(anonymous_70)
FNDA:0,(anonymous_71)
FNDA:0,(anonymous_72)
FNDA:0,(anonymous_73)
FNDA:0,(anonymous_74)
FNDA:0,(anonymous_75)
FNDA:0,(anonymous_76)
FNDA:0,(anonymous_77)
FNDA:0,(anonymous_78)
FNDA:0,(anonymous_79)
DA:1,0
DA:3,0
DA:7,0
DA:13,0
DA:20,0
DA:24,0
DA:38,0
DA:43,0
DA:46,0
DA:47,0
DA:48,0
DA:49,0
DA:52,0
DA:53,0
DA:54,0
DA:57,0
DA:58,0
DA:59,0
DA:62,0
DA:63,0
DA:64,0
DA:67,0
DA:68,0
DA:69,0
DA:72,0
DA:73,0
DA:78,0
DA:81,0
DA:82,0
DA:87,0
DA:90,0
DA:91,0
DA:99,0
DA:100,0
DA:101,0
DA:104,0
DA:105,0
DA:109,0
DA:112,0
DA:113,0
DA:117,0
DA:118,0
DA:122,0
DA:123,0
DA:127,0
DA:128,0
DA:135,0
DA:136,0
DA:137,0
DA:142,0
DA:143,0
DA:146,0
DA:147,0
DA:151,0
DA:154,0
DA:155,0
DA:160,0
DA:163,0
DA:164,0
DA:169,0
DA:172,0
DA:173,0
DA:180,0
DA:181,0
DA:186,0
DA:189,0
DA:190,0
DA:195,0
DA:198,0
DA:199,0
DA:203,0
DA:204,0
DA:211,0
DA:212,0
DA:213,0
DA:218,0
DA:221,0
DA:222,0
DA:226,0
DA:229,0
DA:230,0
DA:231,0
DA:234,0
DA:235,0
DA:242,0
DA:243,0
DA:248,0
DA:251,0
DA:252,0
DA:259,0
DA:260,0
DA:265,0
DA:268,0
DA:269,0
DA:276,0
DA:277,0
DA:278,0
DA:283,0
DA:284,0
DA:287,0
DA:288,0
DA:292,0
DA:293,0
DA:294,0
DA:300,0
DA:301,0
DA:302,0
DA:305,0
DA:306,0
DA:316,0
DA:317,0
DA:318,0
DA:319,0
DA:322,0
DA:323,0
DA:326,0
DA:327,0
DA:331,0
DA:332,0
DA:333,0
DA:338,0
DA:339,0
DA:345,0
DA:346,0
DA:347,0
DA:354,0
DA:357,0
DA:358,0
DA:362,0
DA:365,0
DA:366,0
DA:370,0
DA:373,0
DA:374,0
DA:379,0
DA:380,0
DA:383,0
DA:384,0
DA:388,0
DA:389,0
DA:392,0
DA:393,0
DA:397,0
DA:398,0
LF:144
LH:0
BRDA:23,0,0,0
BRDA:38,1,0,0
BRDA:38,1,1,0
BRF:3
BRH:0
end_of_record
TN:
SF:src\domain\patch\group-patch-engine.ts
FN:49,(anonymous_0)
FN:97,(anonymous_1)
FN:125,(anonymous_2)
FN:169,(anonymous_3)
FN:187,(anonymous_4)
FN:221,(anonymous_5)
FN:227,(anonymous_6)
FN:253,(anonymous_7)
FN:260,(anonymous_8)
FN:286,(anonymous_9)
FN:302,(anonymous_10)
FNF:11
FNH:10
FNDA:27,(anonymous_0)
FNDA:5,(anonymous_1)
FNDA:0,(anonymous_2)
FNDA:3,(anonymous_3)
FNDA:15,(anonymous_4)
FNDA:15,(anonymous_5)
FNDA:8,(anonymous_6)
FNDA:2,(anonymous_7)
FNDA:6,(anonymous_8)
FNDA:18,(anonymous_9)
FNDA:16,(anonymous_10)
DA:25,17
DA:39,17
DA:54,27
DA:55,27
DA:56,27
DA:58,27
DA:59,28
DA:60,28
DA:61,0
DA:68,28
DA:70,5
DA:73,5
DA:74,5
DA:75,5
DA:76,5
DA:77,5
DA:80,15
DA:83,14
DA:85,8
DA:88,6
DA:92,24
DA:104,5
DA:107,5
DA:108,2
DA:109,0
DA:111,2
DA:112,2
DA:113,2
DA:114,2
DA:115,2
DA:116,2
DA:118,2
DA:119,1
DA:121,2
DA:122,1
DA:124,2
DA:125,0
DA:126,0
DA:130,2
DA:131,2
DA:132,0
DA:136,2
DA:138,0
DA:145,3
DA:146,1
DA:147,0
DA:153,1
DA:156,2
DA:157,0
DA:158,0
DA:161,2
DA:162,2
DA:163,0
DA:169,3
DA:170,2
DA:178,0
DA:192,15
DA:193,15
DA:194,0
DA:201,15
DA:202,0
DA:209,15
DA:211,15
DA:212,1
DA:221,15
DA:222,14
DA:233,8
DA:236,8
DA:237,2
DA:238,1
DA:247,1
DA:248,1
DA:249,2
DA:250,2
DA:253,2
DA:257,6
DA:258,6
DA:259,4
DA:260,6
DA:264,2
DA:265,2
DA:266,1
DA:274,1
DA:277,0
DA:287,18
DA:288,0
DA:294,18
DA:295,18
DA:303,16
DA:304,16
DA:305,22
DA:307,16
LF:92
LH:77
BRDA:60,0,0,0
BRDA:60,0,1,28
BRDA:60,1,0,28
BRDA:60,1,1,28
BRDA:68,2,0,5
BRDA:68,2,1,15
BRDA:68,2,2,8
BRDA:107,3,0,2
BRDA:107,3,1,3
BRDA:108,4,0,0
BRDA:108,4,1,2
BRDA:111,5,0,2
BRDA:111,5,1,0
BRDA:111,6,0,2
BRDA:111,6,1,2
BRDA:118,7,0,1
BRDA:118,7,1,1
BRDA:121,8,0,1
BRDA:121,8,1,1
BRDA:122,9,0,1
BRDA:122,9,1,0
BRDA:124,10,0,0
BRDA:124,10,1,2
BRDA:131,11,0,0
BRDA:131,11,1,2
BRDA:131,12,0,2
BRDA:131,12,1,1
BRDA:131,12,2,0
BRDA:131,12,3,0
BRDA:145,13,0,1
BRDA:145,13,1,2
BRDA:146,14,0,0
BRDA:146,14,1,1
BRDA:156,15,0,0
BRDA:156,15,1,2
BRDA:157,16,0,0
BRDA:157,16,1,0
BRDA:161,17,0,2
BRDA:161,17,1,0
BRDA:162,18,0,0
BRDA:162,18,1,2
BRDA:180,19,0,0
BRDA:180,19,1,0
BRDA:193,20,0,0
BRDA:193,20,1,15
BRDA:193,21,0,15
BRDA:193,21,1,15
BRDA:196,22,0,0
BRDA:196,22,1,0
BRDA:201,23,0,0
BRDA:201,23,1,15
BRDA:209,24,0,15
BRDA:209,24,1,0
BRDA:211,25,0,1
BRDA:211,25,1,14
BRDA:211,26,0,15
BRDA:211,26,1,14
BRDA:236,27,0,2
BRDA:236,27,1,6
BRDA:236,28,0,8
BRDA:236,28,1,2
BRDA:236,28,2,2
BRDA:237,29,0,1
BRDA:237,29,1,1
BRDA:237,30,0,2
BRDA:237,30,1,1
BRDA:249,31,0,2
BRDA:249,31,1,0
BRDA:249,32,0,2
BRDA:249,32,1,2
BRDA:249,32,2,2
BRDA:258,33,0,4
BRDA:258,33,1,2
BRDA:264,34,0,2
BRDA:264,34,1,0
BRDA:265,35,0,1
BRDA:265,35,1,1
BRDA:279,36,0,0
BRDA:279,36,1,0
BRDA:287,37,0,0
BRDA:287,37,1,18
BRDA:287,38,0,18
BRDA:287,38,1,18
BRDA:287,38,2,18
BRF:84
BRH:58
end_of_record
TN:
SF:src\domain\patch\index.ts
FN:4,(anonymous_0)
FN:16,(anonymous_1)
FN:19,(anonymous_2)
FNF:3
FNH:0
FNDA:0,(anonymous_0)
FNDA:0,(anonymous_1)
FNDA:0,(anonymous_2)
DA:4,0
DA:16,0
DA:19,0
LF:3
LH:0
BRF:0
BRH:0
end_of_record
TN:
SF:src\domain\patch\patch-error.spec.ts
FN:3,(anonymous_0)
FN:4,(anonymous_1)
FN:10,(anonymous_2)
FN:15,(anonymous_3)
FN:20,(anonymous_4)
FN:25,(anonymous_5)
FN:30,(anonymous_6)
FN:35,(anonymous_7)
FN:41,(anonymous_8)
FNF:9
FNH:0
FNDA:0,(anonymous_0)
FNDA:0,(anonymous_1)
FNDA:0,(anonymous_2)
FNDA:0,(anonymous_3)
FNDA:0,(anonymous_4)
FNDA:0,(anonymous_5)
FNDA:0,(anonymous_6)
FNDA:0,(anonymous_7)
FNDA:0,(anonymous_8)
DA:1,0
DA:3,0
DA:4,0
DA:5,0
DA:6,0
DA:7,0
DA:10,0
DA:11,0
DA:12,0
DA:15,0
DA:16,0
DA:17,0
DA:20,0
DA:21,0
DA:22,0
DA:25,0
DA:26,0
DA:27,0
DA:30,0
DA:31,0
DA:32,0
DA:35,0
DA:36,0
DA:37,0
DA:38,0
DA:41,0
DA:42,0
DA:49,0
DA:50,0
DA:51,0
DA:52,0
DA:53,0
LF:32
LH:0
BRF:0
BRH:0
end_of_record
TN:
SF:src\domain\patch\patch-error.ts
FN:11,(anonymous_0)
FNF:1
FNH:1
FNDA:3,(anonymous_0)
DA:7,17
DA:12,3
DA:13,3
DA:14,3
DA:15,3
LF:5
LH:5
BRF:0
BRH:0
end_of_record
TN:
SF:src\domain\patch\user-patch-engine.spec.ts
FN:10,makeState
FN:27,apply
FN:37,(anonymous_2)
FN:40,(anonymous_3)
FN:41,(anonymous_4)
FN:47,(anonymous_5)
FN:52,(anonymous_6)
FN:57,(anonymous_7)
FN:62,(anonymous_8)
FN:67,(anonymous_9)
FN:73,(anonymous_10)
FN:78,(anonymous_11)
FN:83,(anonymous_12)
FN:88,(anonymous_13)
FN:96,(anonymous_14)
FN:97,(anonymous_15)
FN:102,(anonymous_16)
FN:107,(anonymous_17)
FN:116,(anonymous_18)
FN:128,(anonymous_19)
FN:129,(anonymous_20)
FN:134,(anonymous_21)
FN:143,(anonymous_22)
FN:144,(anonymous_23)
FN:145,(anonymous_24)
FN:151,(anonymous_25)
FN:152,(anonymous_26)
FN:159,(anonymous_27)
FN:163,(anonymous_28)
FN:170,(anonymous_29)
FN:173,(anonymous_30)
FN:179,(anonymous_31)
FN:185,(anonymous_32)
FN:186,(anonymous_33)
FN:196,(anonymous_34)
FN:219,(anonymous_35)
FN:220,(anonymous_36)
FN:231,(anonymous_37)
FN:241,(anonymous_38)
FN:251,(anonymous_39)
FN:265,(anonymous_40)
FN:266,(anonymous_41)
FN:280,(anonymous_42)
FN:281,(anonymous_43)
FN:296,(anonymous_44)
FN:297,(anonymous_45)
FN:298,(anonymous_46)
FN:302,(anonymous_47)
FN:303,(anonymous_48)
FN:307,(anonymous_49)
FN:308,(anonymous_50)
FN:312,(anonymous_51)
FN:326,(anonymous_52)
FN:327,(anonymous_53)
FN:338,(anonymous_54)
FN:344,(anonymous_55)
FN:345,(anonymous_56)
FNF:57
FNH:0
FNDA:0,makeState
FNDA:0,apply
FNDA:0,(anonymous_2)
FNDA:0,(anonymous_3)
FNDA:0,(anonymous_4)
FNDA:0,(anonymous_5)
FNDA:0,(anonymous_6)
FNDA:0,(anonymous_7)
FNDA:0,(anonymous_8)
FNDA:0,(anonymous_9)
FNDA:0,(anonymous_10)
FNDA:0,(anonymous_11)
FNDA:0,(anonymous_12)
FNDA:0,(anonymous_13)
FNDA:0,(anonymous_14)
FNDA:0,(anonymous_15)
FNDA:0,(anonymous_16)
FNDA:0,(anonymous_17)
FNDA:0,(anonymous_18)
FNDA:0,(anonymous_19)
FNDA:0,(anonymous_20)
FNDA:0,(anonymous_21)
FNDA:0,(anonymous_22)
FNDA:0,(anonymous_23)
FNDA:0,(anonymous_24)
FNDA:0,(anonymous_25)
FNDA:0,(anonymous_26)
FNDA:0,(anonymous_27)
FNDA:0,(anonymous_28)
FNDA:0,(anonymous_29)
FNDA:0,(anonymous_30)
FNDA:0,(anonymous_31)
FNDA:0,(anonymous_32)
FNDA:0,(anonymous_33)
FNDA:0,(anonymous_34)
FNDA:0,(anonymous_35)
FNDA:0,(anonymous_36)
FNDA:0,(anonymous_37)
FNDA:0,(anonymous_38)
FNDA:0,(anonymous_39)
FNDA:0,(anonymous_40)
FNDA:0,(anonymous_41)
FNDA:0,(anonymous_42)
FNDA:0,(anonymous_43)
FNDA:0,(anonymous_44)
FNDA:0,(anonymous_45)
FNDA:0,(anonymous_46)
FNDA:0,(anonymous_47)
FNDA:0,(anonymous_48)
FNDA:0,(anonymous_49)
FNDA:0,(anonymous_50)
FNDA:0,(anonymous_51)
FNDA:0,(anonymous_52)
FNDA:0,(anonymous_53)
FNDA:0,(anonymous_54)
FNDA:0,(anonymous_55)
FNDA:0,(anonymous_56)
DA:1,0
DA:3,0
DA:7,0
DA:8,0
DA:11,0
DA:32,0
DA:37,0
DA:40,0
DA:41,0
DA:42,0
DA:43,0
DA:47,0
DA:48,0
DA:49,0
DA:52,0
DA:53,0
DA:54,0
DA:57,0
DA:58,0
DA:59,0
DA:62,0
DA:63,0
DA:64,0
DA:67,0
DA:68,0
DA:69,0
DA:70,0
DA:73,0
DA:74,0
DA:75,0
DA:78,0
DA:79,0
DA:80,0
DA:83,0
DA:84,0
DA:85,0
DA:88,0
DA:89,0
DA:90,0
DA:96,0
DA:97,0
DA:98,0
DA:99,0
DA:102,0
DA:103,0
DA:104,0
DA:107,0
DA:108,0
DA:112,0
DA:113,0
DA:116,0
DA:117,0
DA:121,0
DA:122,0
DA:128,0
DA:129,0
DA:130,0
DA:131,0
DA:134,0
DA:135,0
DA:139,0
DA:140,0
DA:143,0
DA:144,0
DA:145,0
DA:151,0
DA:152,0
DA:153,0
DA:158,0
DA:159,0
DA:160,0
DA:163,0
DA:164,0
DA:169,0
DA:170,0
DA:173,0
DA:174,0
DA:178,0
DA:179,0
DA:185,0
DA:186,0
DA:187,0
DA:192,0
DA:193,0
DA:196,0
DA:197,0
DA:206,0
DA:211,0
DA:212,0
DA:213,0
DA:219,0
DA:220,0
DA:221,0
DA:226,0
DA:227,0
DA:228,0
DA:231,0
DA:232,0
DA:237,0
DA:238,0
DA:241,0
DA:242,0
DA:248,0
DA:251,0
DA:252,0
DA:257,0
DA:258,0
DA:259,0
DA:265,0
DA:266,0
DA:267,0
DA:272,0
DA:273,0
DA:274,0
DA:280,0
DA:281,0
DA:282,0
DA:286,0
DA:287,0
DA:288,0
DA:290,0
DA:296,0
DA:297,0
DA:298,0
DA:302,0
DA:303,0
DA:307,0
DA:308,0
DA:312,0
DA:313,0
DA:314,0
DA:315,0
DA:317,0
DA:318,0
DA:319,0
DA:326,0
DA:327,0
DA:328,0
DA:333,0
DA:334,0
DA:335,0
DA:338,0
DA:339,0
DA:340,0
DA:344,0
DA:345,0
DA:346,0
DA:349,0
LF:148
LH:0
BRDA:10,0,0,0
BRDA:32,1,0,0
BRDA:32,1,1,0
BRF:3
BRH:0
end_of_record
TN:
SF:src\domain\patch\user-patch-engine.ts
FN:94,(anonymous_0)
FN:144,(anonymous_1)
FN:244,(anonymous_2)
FN:286,(anonymous_3)
FN:295,(anonymous_4)
FN:306,(anonymous_5)
FN:314,(anonymous_6)
FN:330,(anonymous_7)
FN:341,(anonymous_8)
FN:352,(anonymous_9)
FN:366,(anonymous_10)
FN:393,(anonymous_11)
FN:395,(anonymous_12)
FN:400,(anonymous_13)
FN:404,(anonymous_14)
FNF:15
FNH:15
FNDA:41,(anonymous_0)
FNDA:47,(anonymous_1)
FNDA:4,(anonymous_2)
FNDA:3,(anonymous_3)
FNDA:3,(anonymous_4)
FNDA:1,(anonymous_5)
FNDA:1,(anonymous_6)
FNDA:6,(anonymous_7)
FNDA:1,(anonymous_8)
FNDA:19,(anonymous_9)
FNDA:9,(anonymous_10)
FNDA:41,(anonymous_11)
FNDA:166,(anonymous_12)
FNDA:3,(anonymous_13)
FNDA:13,(anonymous_14)
DA:18,17
DA:38,17
DA:53,17
DA:78,17
DA:84,17
DA:99,41
DA:100,41
DA:102,41
DA:103,51
DA:104,51
DA:105,0
DA:112,51
DA:113,51
DA:115,51
DA:116,47
DA:123,4
DA:130,41
DA:132,41
DA:139,41
DA:156,47
DA:157,7
DA:158,7
DA:165,40
DA:166,0
DA:172,40
DA:173,14
DA:174,14
DA:181,26
DA:182,0
DA:188,26
DA:189,10
DA:190,10
DA:191,10
DA:193,10
DA:196,16
DA:197,1
DA:198,1
DA:199,1
DA:203,1
DA:206,15
DA:207,3
DA:208,3
DA:211,12
DA:212,6
DA:213,6
DA:217,6
DA:218,6
DA:219,6
DA:220,1
DA:221,1
DA:223,6
DA:224,5
DA:227,6
DA:228,0
DA:229,0
DA:231,6
DA:232,2
DA:233,2
DA:235,6
DA:236,6
DA:239,0
DA:251,4
DA:252,0
DA:255,4
DA:256,0
DA:257,0
DA:258,0
DA:260,0
DA:263,4
DA:264,0
DA:265,0
DA:266,0
DA:268,0
DA:271,4
DA:272,1
DA:273,1
DA:276,3
DA:277,3
DA:278,3
DA:281,0
DA:291,3
DA:292,3
DA:293,3
DA:294,3
DA:295,3
DA:297,3
DA:298,3
DA:299,3
DA:301,0
DA:303,3
DA:310,1
DA:311,1
DA:312,1
DA:313,1
DA:314,1
DA:316,1
DA:317,1
DA:318,1
DA:320,1
DA:331,6
DA:332,6
DA:333,11
DA:334,11
DA:336,6
DA:342,1
DA:343,1
DA:345,0
DA:353,19
DA:354,0
DA:356,19
DA:357,19
DA:359,0
DA:367,9
DA:368,9
DA:370,0
DA:371,0
DA:372,0
DA:373,0
DA:375,0
DA:376,0
DA:377,0
DA:378,0
DA:379,0
DA:380,0
DA:381,0
DA:384,0
DA:394,41
DA:395,166
DA:397,41
DA:401,3
DA:402,3
DA:403,3
DA:404,13
LF:133
LH:101
BRDA:104,0,0,0
BRDA:104,0,1,51
BRDA:104,1,0,51
BRDA:104,1,1,51
BRDA:115,2,0,47
BRDA:115,2,1,4
BRDA:115,3,0,51
BRDA:115,3,1,33
BRDA:156,4,0,7
BRDA:156,4,1,40
BRDA:165,5,0,0
BRDA:165,5,1,40
BRDA:172,6,0,14
BRDA:172,6,1,26
BRDA:181,7,0,0
BRDA:181,7,1,26
BRDA:188,8,0,10
BRDA:188,8,1,16
BRDA:188,9,0,26
BRDA:188,9,1,20
BRDA:190,10,0,10
BRDA:190,10,1,0
BRDA:196,11,0,1
BRDA:196,11,1,15
BRDA:196,12,0,16
BRDA:196,12,1,10
BRDA:198,13,0,1
BRDA:198,13,1,0
BRDA:199,14,0,0
BRDA:199,14,1,1
BRDA:206,15,0,3
BRDA:206,15,1,12
BRDA:206,16,0,15
BRDA:206,16,1,3
BRDA:206,16,2,3
BRDA:211,17,0,6
BRDA:211,17,1,6
BRDA:217,18,0,6
BRDA:217,18,1,0
BRDA:217,19,0,6
BRDA:217,19,1,6
BRDA:217,19,2,6
BRDA:219,20,0,1
BRDA:219,20,1,5
BRDA:223,21,0,5
BRDA:223,21,1,1
BRDA:227,22,0,0
BRDA:227,22,1,6
BRDA:231,23,0,2
BRDA:231,23,1,4
BRDA:251,24,0,0
BRDA:251,24,1,4
BRDA:255,25,0,0
BRDA:255,25,1,4
BRDA:255,26,0,4
BRDA:255,26,1,4
BRDA:257,27,0,0
BRDA:257,27,1,0
BRDA:263,28,0,0
BRDA:263,28,1,4
BRDA:263,29,0,4
BRDA:263,29,1,4
BRDA:265,30,0,0
BRDA:265,30,1,0
BRDA:271,31,0,1
BRDA:271,31,1,3
BRDA:271,32,0,4
BRDA:271,32,1,1
BRDA:271,32,2,1
BRDA:276,33,0,3
BRDA:276,33,1,0
BRDA:294,34,0,3
BRDA:294,34,1,0
BRDA:298,35,0,3
BRDA:298,35,1,0
BRDA:298,36,0,3
BRDA:298,36,1,3
BRDA:298,36,2,3
BRDA:313,37,0,1
BRDA:313,37,1,0
BRDA:317,38,0,1
BRDA:317,38,1,0
BRDA:317,39,0,1
BRDA:317,39,1,1
BRDA:317,39,2,1
BRDA:333,40,0,11
BRDA:333,40,1,1
BRDA:342,41,0,1
BRDA:342,41,1,0
BRDA:353,42,0,0
BRDA:353,42,1,19
BRDA:353,43,0,19
BRDA:353,43,1,19
BRDA:356,44,0,19
BRDA:356,44,1,0
BRDA:367,45,0,9
BRDA:367,45,1,0
BRDA:370,46,0,0
BRDA:370,46,1,0
BRDA:372,47,0,0
BRDA:372,47,1,0
BRDA:373,48,0,0
BRDA:373,48,1,0
BRDA:375,49,0,0
BRDA:375,49,1,0
BRDA:375,50,0,0
BRDA:375,50,1,0
BRDA:375,50,2,0
BRDA:377,51,0,0
BRDA:377,51,1,0
BRDA:378,52,0,0
BRDA:378,52,1,0
BRDA:380,53,0,0
BRDA:380,53,1,0
BRDA:381,54,0,0
BRDA:381,54,1,0
BRDA:395,55,0,166
BRDA:395,55,1,158
BRDA:401,56,0,0
BRDA:401,56,1,3
BRF:120
BRH:76
end_of_record
TN:
SF:src\domain\repositories\repository.tokens.ts
FNF:0
FNH:0
DA:7,17
DA:8,17
DA:9,17
LF:3
LH:3
BRF:0
BRH:0
end_of_record
TN:
SF:src\generated\prisma\browser.ts
FNF:0
FNH:0
DA:16,0
DA:17,0
DA:18,0
DA:19,0
LF:4
LH:0
BRF:0
BRH:0
end_of_record
TN:
SF:src\generated\prisma\client.ts
FNF:0
FNH:0
DA:18,17
DA:19,17
DA:21,17
DA:22,17
DA:36,17
DA:38,17
LF:6
LH:6
BRF:0
BRH:0
end_of_record
TN:
SF:src\generated\prisma\internal\class.ts
FN:43,decodeBase64AsWasm
FN:44,(anonymous_10)
FN:50,(anonymous_11)
FN:50,(anonymous_12)
FN:52,(anonymous_13)
FN:53,(anonymous_14)
FN:240,getPrismaClientClass
FNF:7
FNH:7
FNDA:17,decodeBase64AsWasm
FNDA:17,(anonymous_10)
FNDA:17,(anonymous_11)
FNDA:17,(anonymous_12)
FNDA:17,(anonymous_13)
FNDA:17,(anonymous_14)
FNDA:17,getPrismaClientClass
DA:14,17
DA:18,17
DA:37,17
DA:38,17
DA:44,34
DA:45,17
DA:46,17
DA:49,17
DA:50,34
DA:53,34
DA:54,17
DA:240,17
DA:241,17
LF:13
LH:13
BRF:0
BRH:0
end_of_record
TN:
SF:src\generated\prisma\internal\prismaNamespace.ts
FNF:0
FNH:0
DA:18,17
DA:32,17
DA:35,17
DA:38,17
DA:41,17
DA:44,17
DA:50,17
DA:51,17
DA:52,17
DA:53,17
DA:54,17
DA:62,17
DA:71,17
DA:86,17
DA:104,17
DA:114,17
DA:121,17
DA:128,17
DA:386,17
DA:810,17
DA:820,17
DA:834,17
DA:854,17
DA:873,17
DA:886,17
DA:902,17
DA:910,17
DA:917,17
DA:925,17
DA:933,17
DA:1031,17
LF:31
LH:31
BRF:0
BRH:0
end_of_record
TN:
SF:src\generated\prisma\internal\prismaNamespaceBrowser.ts
FNF:0
FNH:0
DA:18,0
DA:23,0
DA:26,0
DA:36,0
DA:43,0
DA:50,0
DA:53,0
DA:67,0
DA:77,0
DA:91,0
DA:111,0
DA:130,0
DA:143,0
DA:159,0
DA:167,0
DA:174,0
DA:182,0
DA:190,0
LF:18
LH:0
BRF:0
BRH:0
end_of_record
TN:
SF:src\infrastructure\repositories\repository.module.spec.ts
FN:20,(anonymous_0)
FN:23,(anonymous_1)
FN:32,(anonymous_2)
FN:33,(anonymous_3)
FN:37,(anonymous_4)
FN:47,(anonymous_5)
FN:57,(anonymous_6)
FN:68,(anonymous_7)
FN:69,(anonymous_8)
FN:73,(anonymous_9)
FN:84,(anonymous_10)
FN:85,(anonymous_11)
FN:89,(anonymous_12)
FN:99,(anonymous_13)
FN:109,(anonymous_14)
FN:120,(anonymous_15)
FN:121,(anonymous_16)
FN:125,(anonymous_17)
FN:138,(anonymous_18)
FN:139,(anonymous_19)
FN:150,(anonymous_20)
FN:161,(anonymous_21)
FN:167,(anonymous_22)
FNF:23
FNH:0
FNDA:0,(anonymous_0)
FNDA:0,(anonymous_1)
FNDA:0,(anonymous_2)
FNDA:0,(anonymous_3)
FNDA:0,(anonymous_4)
FNDA:0,(anonymous_5)
FNDA:0,(anonymous_6)
FNDA:0,(anonymous_7)
FNDA:0,(anonymous_8)
FNDA:0,(anonymous_9)
FNDA:0,(anonymous_10)
FNDA:0,(anonymous_11)
FNDA:0,(anonymous_12)
FNDA:0,(anonymous_13)
FNDA:0,(anonymous_14)
FNDA:0,(anonymous_15)
FNDA:0,(anonymous_16)
FNDA:0,(anonymous_17)
FNDA:0,(anonymous_18)
FNDA:0,(anonymous_19)
FNDA:0,(anonymous_20)
FNDA:0,(anonymous_21)
FNDA:0,(anonymous_22)
DA:1,0
DA:2,0
DA:3,0
DA:7,0
DA:8,0
DA:9,0
DA:10,0
DA:11,0
DA:12,0
DA:20,0
DA:21,0
DA:23,0
DA:25,0
DA:26,0
DA:28,0
DA:32,0
DA:33,0
DA:34,0
DA:37,0
DA:38,0
DA:42,0
DA:43,0
DA:44,0
DA:47,0
DA:48,0
DA:52,0
DA:53,0
DA:54,0
DA:57,0
DA:58,0
DA:62,0
DA:63,0
DA:64,0
DA:68,0
DA:69,0
DA:70,0
DA:73,0
DA:74,0
DA:78,0
DA:79,0
DA:80,0
DA:84,0
DA:85,0
DA:86,0
DA:89,0
DA:90,0
DA:94,0
DA:95,0
DA:96,0
DA:99,0
DA:100,0
DA:104,0
DA:105,0
DA:106,0
DA:109,0
DA:110,0
DA:114,0
DA:115,0
DA:116,0
DA:120,0
DA:121,0
DA:122,0
DA:125,0
DA:126,0
DA:130,0
DA:131,0
DA:132,0
DA:133,0
DA:134,0
DA:138,0
DA:139,0
DA:140,0
DA:141,0
DA:143,0
DA:144,0
DA:145,0
DA:146,0
DA:147,0
DA:150,0
DA:151,0
DA:152,0
DA:154,0
DA:155,0
DA:156,0
DA:157,0
DA:158,0
DA:161,0
DA:162,0
DA:163,0
DA:164,0
DA:167,0
DA:168,0
DA:169,0
DA:170,0
DA:171,0
LF:95
LH:0
BRDA:25,0,0,0
BRDA:25,0,1,0
BRDA:164,1,0,0
BRDA:164,1,1,0
BRF:4
BRH:0
end_of_record
TN:
SF:src\infrastructure\repositories\inmemory\inmemory-endpoint-schema.repository.spec.ts
FN:4,(anonymous_0)
FN:25,(anonymous_1)
FN:29,(anonymous_2)
FN:30,(anonymous_3)
FN:45,(anonymous_4)
FN:50,(anonymous_5)
FN:56,(anonymous_6)
FN:72,(anonymous_7)
FN:73,(anonymous_8)
FN:84,(anonymous_9)
FN:87,(anonymous_10)
FN:92,(anonymous_11)
FN:107,(anonymous_12)
FN:108,(anonymous_13)
FN:116,(anonymous_14)
FN:121,(anonymous_15)
FN:122,(anonymous_16)
FN:132,(anonymous_17)
FN:138,(anonymous_18)
FN:139,(anonymous_19)
FN:154,(anonymous_20)
FN:163,(anonymous_21)
FN:164,(anonymous_22)
FN:182,(anonymous_23)
FNF:24
FNH:0
FNDA:0,(anonymous_0)
FNDA:0,(anonymous_1)
FNDA:0,(anonymous_2)
FNDA:0,(anonymous_3)
FNDA:0,(anonymous_4)
FNDA:0,(anonymous_5)
FNDA:0,(anonymous_6)
FNDA:0,(anonymous_7)
FNDA:0,(anonymous_8)
FNDA:0,(anonymous_9)
FNDA:0,(anonymous_10)
FNDA:0,(anonymous_11)
FNDA:0,(anonymous_12)
FNDA:0,(anonymous_13)
FNDA:0,(anonymous_14)
FNDA:0,(anonymous_15)
FNDA:0,(anonymous_16)
FNDA:0,(anonymous_17)
FNDA:0,(anonymous_18)
FNDA:0,(anonymous_19)
FNDA:0,(anonymous_20)
FNDA:0,(anonymous_21)
FNDA:0,(anonymous_22)
FNDA:0,(anonymous_23)
DA:1,0
DA:4,0
DA:7,0
DA:25,0
DA:26,0
DA:29,0
DA:30,0
DA:31,0
DA:33,0
DA:34,0
DA:35,0
DA:36,0
DA:37,0
DA:38,0
DA:39,0
DA:40,0
DA:41,0
DA:42,0
DA:45,0
DA:46,0
DA:47,0
DA:50,0
DA:51,0
DA:52,0
DA:53,0
DA:56,0
DA:57,0
DA:66,0
DA:67,0
DA:68,0
DA:72,0
DA:73,0
DA:74,0
DA:75,0
DA:80,0
DA:82,0
DA:83,0
DA:84,0
DA:87,0
DA:88,0
DA:89,0
DA:92,0
DA:93,0
DA:94,0
DA:100,0
DA:101,0
DA:107,0
DA:108,0
DA:109,0
DA:110,0
DA:112,0
DA:113,0
DA:116,0
DA:117,0
DA:121,0
DA:122,0
DA:123,0
DA:124,0
DA:128,0
DA:129,0
DA:132,0
DA:133,0
DA:134,0
DA:138,0
DA:139,0
DA:140,0
DA:141,0
DA:145,0
DA:147,0
DA:151,0
DA:154,0
DA:155,0
DA:159,0
DA:163,0
DA:164,0
DA:165,0
DA:166,0
DA:171,0
DA:173,0
DA:174,0
DA:177,0
DA:178,0
DA:179,0
DA:182,0
DA:183,0
DA:184,0
LF:86
LH:0
BRF:0
BRH:0
end_of_record
TN:
SF:src\infrastructure\repositories\inmemory\inmemory-endpoint-schema.repository.ts
FN:20,(anonymous_1)
FN:24,(anonymous_2)
FN:52,(anonymous_3)
FN:54,(anonymous_4)
FN:55,(anonymous_5)
FN:58,(anonymous_6)
FN:60,(anonymous_7)
FN:64,(anonymous_8)
FN:73,(anonymous_9)
FN:81,(anonymous_10)
FNF:10
FNH:0
FNDA:0,(anonymous_1)
FNDA:0,(anonymous_2)
FNDA:0,(anonymous_3)
FNDA:0,(anonymous_4)
FNDA:0,(anonymous_5)
FNDA:0,(anonymous_6)
FNDA:0,(anonymous_7)
FNDA:0,(anonymous_8)
FNDA:0,(anonymous_9)
FNDA:0,(anonymous_10)
DA:7,17
DA:8,17
DA:16,17
DA:17,0
DA:21,0
DA:25,0
DA:28,0
DA:29,0
DA:34,0
DA:35,0
DA:48,0
DA:49,0
DA:53,0
DA:54,0
DA:55,0
DA:59,0
DA:60,0
DA:68,0
DA:69,0
DA:70,0
DA:77,0
DA:78,0
DA:82,0
DA:83,0
DA:84,0
DA:85,0
DA:86,0
DA:89,0
LF:28
LH:3
BRDA:28,0,0,0
BRDA:28,0,1,0
BRDA:40,1,0,0
BRDA:40,1,1,0
BRDA:41,2,0,0
BRDA:41,2,1,0
BRDA:42,3,0,0
BRDA:42,3,1,0
BRDA:70,4,0,0
BRDA:70,4,1,0
BRDA:84,5,0,0
BRDA:84,5,1,0
BRF:12
BRH:0
end_of_record
TN:
SF:src\infrastructure\repositories\inmemory\inmemory-group.repository.spec.ts
FN:7,(anonymous_0)
FN:13,(anonymous_1)
FN:23,(anonymous_2)
FN:31,(anonymous_3)
FN:37,(anonymous_4)
FN:38,(anonymous_5)
FN:50,(anonymous_6)
FN:56,(anonymous_7)
FN:67,(anonymous_8)
FN:68,(anonymous_9)
FN:75,(anonymous_10)
FN:79,(anonymous_11)
FN:87,(anonymous_12)
FN:88,(anonymous_13)
FN:97,(anonymous_14)
FN:106,(anonymous_15)
FN:109,(anonymous_16)
FN:113,(anonymous_17)
FN:126,(anonymous_18)
FN:127,(anonymous_19)
FN:139,(anonymous_20)
FN:142,(anonymous_21)
FN:145,(anonymous_22)
FN:147,(anonymous_23)
FN:148,(anonymous_24)
FN:153,(anonymous_25)
FN:158,(anonymous_26)
FN:161,(anonymous_27)
FN:166,(anonymous_28)
FN:169,(anonymous_29)
FN:175,(anonymous_30)
FN:183,(anonymous_31)
FN:184,(anonymous_32)
FN:199,(anonymous_33)
FN:208,(anonymous_34)
FN:209,(anonymous_35)
FN:216,(anonymous_36)
FN:230,(anonymous_37)
FN:237,(anonymous_38)
FN:238,(anonymous_39)
FN:245,(anonymous_40)
FN:251,(anonymous_41)
FN:255,(anonymous_42)
FN:260,(anonymous_43)
FN:267,(anonymous_44)
FN:268,(anonymous_45)
FN:275,(anonymous_46)
FN:281,(anonymous_47)
FN:285,(anonymous_48)
FN:290,(anonymous_49)
FN:297,(anonymous_50)
FN:298,(anonymous_51)
FN:309,(anonymous_52)
FN:317,(anonymous_53)
FN:321,(anonymous_54)
FN:329,(anonymous_55)
FN:343,(anonymous_56)
FN:354,(anonymous_57)
FN:355,(anonymous_58)
FN:373,(anonymous_59)
FN:379,(anonymous_60)
FN:389,(anonymous_61)
FN:410,(anonymous_62)
FN:411,(anonymous_63)
FNF:64
FNH:0
FNDA:0,(anonymous_0)
FNDA:0,(anonymous_1)
FNDA:0,(anonymous_2)
FNDA:0,(anonymous_3)
FNDA:0,(anonymous_4)
FNDA:0,(anonymous_5)
FNDA:0,(anonymous_6)
FNDA:0,(anonymous_7)
FNDA:0,(anonymous_8)
FNDA:0,(anonymous_9)
FNDA:0,(anonymous_10)
FNDA:0,(anonymous_11)
FNDA:0,(anonymous_12)
FNDA:0,(anonymous_13)
FNDA:0,(anonymous_14)
FNDA:0,(anonymous_15)
FNDA:0,(anonymous_16)
FNDA:0,(anonymous_17)
FNDA:0,(anonymous_18)
FNDA:0,(anonymous_19)
FNDA:0,(anonymous_20)
FNDA:0,(anonymous_21)
FNDA:0,(anonymous_22)
FNDA:0,(anonymous_23)
FNDA:0,(anonymous_24)
FNDA:0,(anonymous_25)
FNDA:0,(anonymous_26)
FNDA:0,(anonymous_27)
FNDA:0,(anonymous_28)
FNDA:0,(anonymous_29)
FNDA:0,(anonymous_30)
FNDA:0,(anonymous_31)
FNDA:0,(anonymous_32)
FNDA:0,(anonymous_33)
FNDA:0,(anonymous_34)
FNDA:0,(anonymous_35)
FNDA:0,(anonymous_36)
FNDA:0,(anonymous_37)
FNDA:0,(anonymous_38)
FNDA:0,(anonymous_39)
FNDA:0,(anonymous_40)
FNDA:0,(anonymous_41)
FNDA:0,(anonymous_42)
FNDA:0,(anonymous_43)
FNDA:0,(anonymous_44)
FNDA:0,(anonymous_45)
FNDA:0,(anonymous_46)
FNDA:0,(anonymous_47)
FNDA:0,(anonymous_48)
FNDA:0,(anonymous_49)
FNDA:0,(anonymous_50)
FNDA:0,(anonymous_51)
FNDA:0,(anonymous_52)
FNDA:0,(anonymous_53)
FNDA:0,(anonymous_54)
FNDA:0,(anonymous_55)
FNDA:0,(anonymous_56)
FNDA:0,(anonymous_57)
FNDA:0,(anonymous_58)
FNDA:0,(anonymous_59)
FNDA:0,(anonymous_60)
FNDA:0,(anonymous_61)
FNDA:0,(anonymous_62)
FNDA:0,(anonymous_63)
DA:1,0
DA:7,0
DA:10,0
DA:11,0
DA:13,0
DA:23,0
DA:31,0
DA:32,0
DA:37,0
DA:38,0
DA:39,0
DA:41,0
DA:42,0
DA:43,0
DA:44,0
DA:45,0
DA:46,0
DA:47,0
DA:50,0
DA:51,0
DA:52,0
DA:53,0
DA:56,0
DA:57,0
DA:58,0
DA:60,0
DA:61,0
DA:67,0
DA:68,0
DA:69,0
DA:70,0
DA:71,0
DA:72,0
DA:75,0
DA:76,0
DA:79,0
DA:80,0
DA:81,0
DA:87,0
DA:88,0
DA:89,0
DA:90,0
DA:92,0
DA:93,0
DA:94,0
DA:97,0
DA:98,0
DA:99,0
DA:104,0
DA:105,0
DA:106,0
DA:109,0
DA:110,0
DA:113,0
DA:114,0
DA:115,0
DA:117,0
DA:118,0
DA:119,0
DA:120,0
DA:126,0
DA:127,0
DA:128,0
DA:129,0
DA:130,0
DA:132,0
DA:133,0
DA:139,0
DA:140,0
DA:141,0
DA:142,0
DA:145,0
DA:146,0
DA:147,0
DA:148,0
DA:149,0
DA:150,0
DA:153,0
DA:154,0
DA:158,0
DA:161,0
DA:162,0
DA:166,0
DA:169,0
DA:170,0
DA:171,0
DA:172,0
DA:175,0
DA:176,0
DA:177,0
DA:183,0
DA:184,0
DA:185,0
DA:186,0
DA:190,0
DA:191,0
DA:195,0
DA:196,0
DA:199,0
DA:200,0
DA:208,0
DA:209,0
DA:210,0
DA:211,0
DA:213,0
DA:216,0
DA:217,0
DA:218,0
DA:220,0
DA:223,0
DA:224,0
DA:225,0
DA:227,0
DA:230,0
DA:231,0
DA:237,0
DA:238,0
DA:239,0
DA:245,0
DA:246,0
DA:247,0
DA:248,0
DA:251,0
DA:252,0
DA:255,0
DA:256,0
DA:257,0
DA:260,0
DA:261,0
DA:267,0
DA:268,0
DA:269,0
DA:275,0
DA:276,0
DA:277,0
DA:278,0
DA:281,0
DA:282,0
DA:285,0
DA:286,0
DA:287,0
DA:290,0
DA:291,0
DA:297,0
DA:298,0
DA:299,0
DA:300,0
DA:305,0
DA:306,0
DA:309,0
DA:310,0
DA:311,0
DA:316,0
DA:317,0
DA:318,0
DA:321,0
DA:322,0
DA:323,0
DA:325,0
DA:326,0
DA:329,0
DA:330,0
DA:331,0
DA:335,0
DA:336,0
DA:337,0
DA:338,0
DA:339,0
DA:340,0
DA:343,0
DA:344,0
DA:345,0
DA:347,0
DA:348,0
DA:354,0
DA:355,0
DA:356,0
DA:357,0
DA:361,0
DA:370,0
DA:371,0
DA:372,0
DA:373,0
DA:379,0
DA:380,0
DA:381,0
DA:383,0
DA:385,0
DA:386,0
DA:389,0
DA:390,0
DA:391,0
DA:393,0
DA:394,0
DA:397,0
DA:402,0
DA:403,0
DA:404,0
DA:410,0
DA:411,0
DA:412,0
DA:413,0
DA:415,0
DA:417,0
LF:204
LH:0
BRF:0
BRH:0
end_of_record
TN:
SF:src\infrastructure\repositories\inmemory\inmemory-group.repository.ts
FN:28,(anonymous_1)
FN:45,(anonymous_2)
FN:54,(anonymous_3)
FN:63,(anonymous_4)
FN:69,(anonymous_5)
FN:73,(anonymous_6)
FN:80,(anonymous_7)
FN:88,(anonymous_8)
FN:94,(anonymous_9)
FN:108,(anonymous_10)
FN:118,(anonymous_11)
FN:135,(anonymous_12)
FN:150,(anonymous_13)
FN:165,(anonymous_14)
FN:182,(anonymous_15)
FN:187,(anonymous_16)
FNF:16
FNH:0
FNDA:0,(anonymous_1)
FNDA:0,(anonymous_2)
FNDA:0,(anonymous_3)
FNDA:0,(anonymous_4)
FNDA:0,(anonymous_5)
FNDA:0,(anonymous_6)
FNDA:0,(anonymous_7)
FNDA:0,(anonymous_8)
FNDA:0,(anonymous_9)
FNDA:0,(anonymous_10)
FNDA:0,(anonymous_11)
FNDA:0,(anonymous_12)
FNDA:0,(anonymous_13)
FNDA:0,(anonymous_14)
FNDA:0,(anonymous_15)
FNDA:0,(anonymous_16)
DA:10,17
DA:11,17
DA:21,17
DA:24,17
DA:25,0
DA:26,0
DA:29,0
DA:30,0
DA:41,0
DA:42,0
DA:46,0
DA:47,0
DA:48,0
DA:51,0
DA:55,0
DA:56,0
DA:57,0
DA:68,0
DA:69,0
DA:72,0
DA:73,0
DA:74,0
DA:78,0
DA:79,0
DA:80,0
DA:81,0
DA:82,0
DA:83,0
DA:84,0
DA:85,0
DA:88,0
DA:95,0
DA:96,0
DA:97,0
DA:99,0
DA:104,0
DA:105,0
DA:109,0
DA:111,0
DA:112,0
DA:113,0
DA:124,0
DA:125,0
DA:126,0
DA:127,0
DA:128,0
DA:129,0
DA:132,0
DA:140,0
DA:141,0
DA:142,0
DA:143,0
DA:144,0
DA:147,0
DA:151,0
DA:152,0
DA:161,0
DA:170,0
DA:172,0
DA:173,0
DA:174,0
DA:178,0
DA:183,0
DA:184,0
DA:188,0
DA:189,0
DA:190,0
DA:191,0
DA:194,0
LF:69
LH:4
BRDA:47,0,0,0
BRDA:47,0,1,0
BRDA:47,1,0,0
BRDA:47,1,1,0
BRDA:56,2,0,0
BRDA:56,2,1,0
BRDA:72,3,0,0
BRDA:72,3,1,0
BRDA:72,4,0,0
BRDA:72,4,1,0
BRDA:78,5,0,0
BRDA:78,5,1,0
BRDA:79,6,0,0
BRDA:79,6,1,0
BRDA:81,7,0,0
BRDA:81,7,1,0
BRDA:82,8,0,0
BRDA:82,8,1,0
BRDA:83,9,0,0
BRDA:83,9,1,0
BRDA:83,10,0,0
BRDA:83,10,1,0
BRDA:84,11,0,0
BRDA:84,11,1,0
BRDA:84,12,0,0
BRDA:84,12,1,0
BRDA:96,13,0,0
BRDA:96,13,1,0
BRDA:112,14,0,0
BRDA:112,14,1,0
BRDA:126,15,0,0
BRDA:126,15,1,0
BRDA:127,16,0,0
BRDA:127,16,1,0
BRDA:127,17,0,0
BRDA:127,17,1,0
BRDA:128,18,0,0
BRDA:128,18,1,0
BRDA:141,19,0,0
BRDA:141,19,1,0
BRDA:142,20,0,0
BRDA:142,20,1,0
BRDA:142,21,0,0
BRDA:142,21,1,0
BRDA:143,22,0,0
BRDA:143,22,1,0
BRDA:173,23,0,0
BRDA:173,23,1,0
BRDA:190,24,0,0
BRDA:190,24,1,0
BRF:50
BRH:0
end_of_record
TN:
SF:src\infrastructure\repositories\inmemory\inmemory-user.repository.spec.ts
FN:4,(anonymous_0)
FN:10,(anonymous_1)
FN:22,(anonymous_2)
FN:28,(anonymous_3)
FN:29,(anonymous_4)
FN:45,(anonymous_5)
FN:51,(anonymous_6)
FN:62,(anonymous_7)
FN:63,(anonymous_8)
FN:70,(anonymous_9)
FN:75,(anonymous_10)
FN:81,(anonymous_11)
FN:92,(anonymous_12)
FN:93,(anonymous_13)
FN:101,(anonymous_14)
FN:104,(anonymous_15)
FN:107,(anonymous_16)
FN:112,(anonymous_17)
FN:121,(anonymous_18)
FN:126,(anonymous_19)
FN:130,(anonymous_20)
FN:135,(anonymous_21)
FN:139,(anonymous_22)
FN:145,(anonymous_23)
FN:150,(anonymous_24)
FN:160,(anonymous_25)
FN:161,(anonymous_26)
FN:178,(anonymous_27)
FN:184,(anonymous_28)
FN:196,(anonymous_29)
FN:197,(anonymous_30)
FN:205,(anonymous_31)
FN:212,(anonymous_32)
FN:213,(anonymous_33)
FN:221,(anonymous_34)
FN:228,(anonymous_35)
FN:234,(anonymous_36)
FN:239,(anonymous_37)
FN:249,(anonymous_38)
FN:254,(anonymous_39)
FN:265,(anonymous_40)
FN:273,(anonymous_41)
FN:274,(anonymous_42)
FN:281,(anonymous_43)
FN:284,(anonymous_44)
FN:285,(anonymous_45)
FN:288,(anonymous_46)
FN:293,(anonymous_47)
FN:299,(anonymous_48)
FN:307,(anonymous_49)
FN:308,(anonymous_50)
FNF:51
FNH:0
FNDA:0,(anonymous_0)
FNDA:0,(anonymous_1)
FNDA:0,(anonymous_2)
FNDA:0,(anonymous_3)
FNDA:0,(anonymous_4)
FNDA:0,(anonymous_5)
FNDA:0,(anonymous_6)
FNDA:0,(anonymous_7)
FNDA:0,(anonymous_8)
FNDA:0,(anonymous_9)
FNDA:0,(anonymous_10)
FNDA:0,(anonymous_11)
FNDA:0,(anonymous_12)
FNDA:0,(anonymous_13)
FNDA:0,(anonymous_14)
FNDA:0,(anonymous_15)
FNDA:0,(anonymous_16)
FNDA:0,(anonymous_17)
FNDA:0,(anonymous_18)
FNDA:0,(anonymous_19)
FNDA:0,(anonymous_20)
FNDA:0,(anonymous_21)
FNDA:0,(anonymous_22)
FNDA:0,(anonymous_23)
FNDA:0,(anonymous_24)
FNDA:0,(anonymous_25)
FNDA:0,(anonymous_26)
FNDA:0,(anonymous_27)
FNDA:0,(anonymous_28)
FNDA:0,(anonymous_29)
FNDA:0,(anonymous_30)
FNDA:0,(anonymous_31)
FNDA:0,(anonymous_32)
FNDA:0,(anonymous_33)
FNDA:0,(anonymous_34)
FNDA:0,(anonymous_35)
FNDA:0,(anonymous_36)
FNDA:0,(anonymous_37)
FNDA:0,(anonymous_38)
FNDA:0,(anonymous_39)
FNDA:0,(anonymous_40)
FNDA:0,(anonymous_41)
FNDA:0,(anonymous_42)
FNDA:0,(anonymous_43)
FNDA:0,(anonymous_44)
FNDA:0,(anonymous_45)
FNDA:0,(anonymous_46)
FNDA:0,(anonymous_47)
FNDA:0,(anonymous_48)
FNDA:0,(anonymous_49)
FNDA:0,(anonymous_50)
DA:1,0
DA:4,0
DA:7,0
DA:8,0
DA:10,0
DA:22,0
DA:23,0
DA:28,0
DA:29,0
DA:30,0
DA:31,0
DA:33,0
DA:34,0
DA:35,0
DA:36,0
DA:37,0
DA:38,0
DA:39,0
DA:40,0
DA:41,0
DA:42,0
DA:45,0
DA:46,0
DA:47,0
DA:48,0
DA:51,0
DA:52,0
DA:53,0
DA:55,0
DA:56,0
DA:62,0
DA:63,0
DA:64,0
DA:65,0
DA:66,0
DA:67,0
DA:70,0
DA:71,0
DA:72,0
DA:75,0
DA:76,0
DA:77,0
DA:78,0
DA:81,0
DA:82,0
DA:83,0
DA:84,0
DA:85,0
DA:86,0
DA:92,0
DA:93,0
DA:94,0
DA:95,0
DA:96,0
DA:98,0
DA:101,0
DA:102,0
DA:103,0
DA:104,0
DA:107,0
DA:108,0
DA:109,0
DA:112,0
DA:113,0
DA:114,0
DA:115,0
DA:121,0
DA:122,0
DA:126,0
DA:127,0
DA:130,0
DA:131,0
DA:135,0
DA:136,0
DA:139,0
DA:140,0
DA:141,0
DA:142,0
DA:145,0
DA:146,0
DA:147,0
DA:150,0
DA:151,0
DA:152,0
DA:153,0
DA:154,0
DA:160,0
DA:161,0
DA:162,0
DA:163,0
DA:168,0
DA:169,0
DA:170,0
DA:174,0
DA:175,0
DA:178,0
DA:179,0
DA:184,0
DA:185,0
DA:186,0
DA:187,0
DA:189,0
DA:190,0
DA:196,0
DA:197,0
DA:198,0
DA:199,0
DA:201,0
DA:202,0
DA:205,0
DA:206,0
DA:212,0
DA:213,0
DA:214,0
DA:221,0
DA:222,0
DA:223,0
DA:224,0
DA:225,0
DA:228,0
DA:229,0
DA:230,0
DA:231,0
DA:234,0
DA:235,0
DA:236,0
DA:239,0
DA:240,0
DA:246,0
DA:249,0
DA:250,0
DA:251,0
DA:254,0
DA:256,0
DA:261,0
DA:262,0
DA:265,0
DA:266,0
DA:267,0
DA:273,0
DA:274,0
DA:275,0
DA:276,0
DA:277,0
DA:278,0
DA:281,0
DA:282,0
DA:283,0
DA:284,0
DA:285,0
DA:288,0
DA:289,0
DA:290,0
DA:293,0
DA:294,0
DA:295,0
DA:296,0
DA:299,0
DA:300,0
DA:301,0
DA:307,0
DA:308,0
DA:309,0
DA:310,0
DA:311,0
DA:313,0
DA:314,0
LF:167
LH:0
BRF:0
BRH:0
end_of_record
TN:
SF:src\infrastructure\repositories\inmemory\inmemory-user.repository.ts
FN:25,(anonymous_1)
FN:44,(anonymous_2)
FN:53,(anonymous_3)
FN:59,(anonymous_4)
FN:63,(anonymous_5)
FN:70,(anonymous_6)
FN:78,(anonymous_7)
FN:81,(anonymous_8)
FN:95,(anonymous_9)
FN:99,(anonymous_10)
FN:128,(anonymous_11)
FN:144,(anonymous_12)
FNF:12
FNH:0
FNDA:0,(anonymous_1)
FNDA:0,(anonymous_2)
FNDA:0,(anonymous_3)
FNDA:0,(anonymous_4)
FNDA:0,(anonymous_5)
FNDA:0,(anonymous_6)
FNDA:0,(anonymous_7)
FNDA:0,(anonymous_8)
FNDA:0,(anonymous_9)
FNDA:0,(anonymous_10)
FNDA:0,(anonymous_11)
FNDA:0,(anonymous_12)
DA:10,17
DA:11,17
DA:19,17
DA:22,17
DA:23,0
DA:26,0
DA:27,0
DA:40,0
DA:41,0
DA:45,0
DA:46,0
DA:47,0
DA:50,0
DA:58,0
DA:59,0
DA:62,0
DA:63,0
DA:64,0
DA:68,0
DA:69,0
DA:70,0
DA:71,0
DA:72,0
DA:73,0
DA:74,0
DA:75,0
DA:78,0
DA:82,0
DA:83,0
DA:84,0
DA:86,0
DA:91,0
DA:92,0
DA:96,0
DA:105,0
DA:106,0
DA:107,0
DA:108,0
DA:110,0
DA:111,0
DA:117,0
DA:118,0
DA:125,0
DA:132,0
DA:133,0
DA:134,0
DA:135,0
DA:136,0
DA:137,0
DA:140,0
DA:145,0
LF:51
LH:4
BRDA:46,0,0,0
BRDA:46,0,1,0
BRDA:46,1,0,0
BRDA:46,1,1,0
BRDA:62,2,0,0
BRDA:62,2,1,0
BRDA:62,3,0,0
BRDA:62,3,1,0
BRDA:68,4,0,0
BRDA:68,4,1,0
BRDA:69,5,0,0
BRDA:69,5,1,0
BRDA:71,6,0,0
BRDA:71,6,1,0
BRDA:72,7,0,0
BRDA:72,7,1,0
BRDA:73,8,0,0
BRDA:73,8,1,0
BRDA:73,9,0,0
BRDA:73,9,1,0
BRDA:74,10,0,0
BRDA:74,10,1,0
BRDA:74,11,0,0
BRDA:74,11,1,0
BRDA:83,12,0,0
BRDA:83,12,1,0
BRDA:107,13,0,0
BRDA:107,13,1,0
BRDA:108,14,0,0
BRDA:108,14,1,0
BRDA:108,15,0,0
BRDA:108,15,1,0
BRDA:110,16,0,0
BRDA:110,16,1,0
BRDA:117,17,0,0
BRDA:117,17,1,0
BRDA:117,18,0,0
BRDA:117,18,1,0
BRDA:132,19,0,0
BRDA:132,19,1,0
BRDA:136,20,0,0
BRDA:136,20,1,0
BRDA:136,21,0,0
BRDA:136,21,1,0
BRF:44
BRH:0
end_of_record
TN:
SF:src\infrastructure\repositories\inmemory\prisma-filter-evaluator.spec.ts
FN:11,(anonymous_0)
FN:14,(anonymous_1)
FN:15,(anonymous_2)
FN:19,(anonymous_3)
FN:24,(anonymous_4)
FN:28,(anonymous_5)
FN:33,(anonymous_6)
FN:37,(anonymous_7)
FN:43,(anonymous_8)
FN:50,(anonymous_9)
FN:51,(anonymous_10)
FN:55,(anonymous_11)
FN:59,(anonymous_12)
FN:65,(anonymous_13)
FN:72,(anonymous_14)
FN:73,(anonymous_15)
FN:80,(anonymous_16)
FN:87,(anonymous_17)
FN:94,(anonymous_18)
FN:101,(anonymous_19)
FN:115,(anonymous_20)
FN:116,(anonymous_21)
FN:123,(anonymous_22)
FN:133,(anonymous_23)
FN:134,(anonymous_24)
FN:141,(anonymous_25)
FN:151,(anonymous_26)
FN:152,(anonymous_27)
FN:157,(anonymous_28)
FN:162,(anonymous_29)
FN:167,(anonymous_30)
FN:172,(anonymous_31)
FN:177,(anonymous_32)
FN:184,(anonymous_33)
FN:185,(anonymous_34)
FN:191,(anonymous_35)
FN:197,(anonymous_36)
FN:211,(anonymous_37)
FN:212,(anonymous_38)
FN:218,(anonymous_39)
FN:227,(anonymous_40)
FN:228,(anonymous_41)
FNF:42
FNH:0
FNDA:0,(anonymous_0)
FNDA:0,(anonymous_1)
FNDA:0,(anonymous_2)
FNDA:0,(anonymous_3)
FNDA:0,(anonymous_4)
FNDA:0,(anonymous_5)
FNDA:0,(anonymous_6)
FNDA:0,(anonymous_7)
FNDA:0,(anonymous_8)
FNDA:0,(anonymous_9)
FNDA:0,(anonymous_10)
FNDA:0,(anonymous_11)
FNDA:0,(anonymous_12)
FNDA:0,(anonymous_13)
FNDA:0,(anonymous_14)
FNDA:0,(anonymous_15)
FNDA:0,(anonymous_16)
FNDA:0,(anonymous_17)
FNDA:0,(anonymous_18)
FNDA:0,(anonymous_19)
FNDA:0,(anonymous_20)
FNDA:0,(anonymous_21)
FNDA:0,(anonymous_22)
FNDA:0,(anonymous_23)
FNDA:0,(anonymous_24)
FNDA:0,(anonymous_25)
FNDA:0,(anonymous_26)
FNDA:0,(anonymous_27)
FNDA:0,(anonymous_28)
FNDA:0,(anonymous_29)
FNDA:0,(anonymous_30)
FNDA:0,(anonymous_31)
FNDA:0,(anonymous_32)
FNDA:0,(anonymous_33)
FNDA:0,(anonymous_34)
FNDA:0,(anonymous_35)
FNDA:0,(anonymous_36)
FNDA:0,(anonymous_37)
FNDA:0,(anonymous_38)
FNDA:0,(anonymous_39)
FNDA:0,(anonymous_40)
FNDA:0,(anonymous_41)
DA:9,0
DA:11,0
DA:14,0
DA:15,0
DA:16,0
DA:19,0
DA:20,0
DA:21,0
DA:24,0
DA:25,0
DA:28,0
DA:29,0
DA:30,0
DA:33,0
DA:34,0
DA:37,0
DA:38,0
DA:39,0
DA:40,0
DA:43,0
DA:44,0
DA:50,0
DA:51,0
DA:52,0
DA:55,0
DA:56,0
DA:59,0
DA:60,0
DA:61,0
DA:62,0
DA:65,0
DA:66,0
DA:72,0
DA:73,0
DA:74,0
DA:80,0
DA:81,0
DA:87,0
DA:88,0
DA:94,0
DA:95,0
DA:101,0
DA:102,0
DA:106,0
DA:115,0
DA:116,0
DA:117,0
DA:123,0
DA:124,0
DA:133,0
DA:134,0
DA:135,0
DA:141,0
DA:142,0
DA:151,0
DA:152,0
DA:153,0
DA:154,0
DA:157,0
DA:158,0
DA:159,0
DA:162,0
DA:163,0
DA:164,0
DA:167,0
DA:168,0
DA:169,0
DA:172,0
DA:173,0
DA:174,0
DA:177,0
DA:178,0
DA:184,0
DA:185,0
DA:186,0
DA:187,0
DA:188,0
DA:191,0
DA:192,0
DA:193,0
DA:194,0
DA:197,0
DA:198,0
DA:199,0
DA:205,0
DA:211,0
DA:212,0
DA:213,0
DA:214,0
DA:215,0
DA:218,0
DA:219,0
DA:220,0
DA:221,0
DA:227,0
DA:228,0
DA:229,0
DA:230,0
DA:236,0
LF:99
LH:0
BRF:0
BRH:0
end_of_record
TN:
SF:src\infrastructure\repositories\inmemory\prisma-filter-evaluator.ts
FN:33,matchesPrismaFilter
FN:41,(anonymous_1)
FN:50,(anonymous_2)
FN:80,matchEquality
FN:93,matchOperator
FN:158,compareOrdered
FNF:6
FNH:0
FNDA:0,matchesPrismaFilter
FNDA:0,(anonymous_1)
FNDA:0,(anonymous_2)
FNDA:0,matchEquality
FNDA:0,matchOperator
FNDA:0,compareOrdered
DA:33,17
DA:37,0
DA:39,0
DA:40,0
DA:41,0
DA:42,0
DA:44,0
DA:48,0
DA:49,0
DA:50,0
DA:51,0
DA:53,0
DA:56,0
DA:59,0
DA:60,0
DA:61,0
DA:63,0
DA:67,0
DA:68,0
DA:69,0
DA:73,0
DA:81,0
DA:82,0
DA:84,0
DA:94,0
DA:97,0
DA:98,0
DA:99,0
DA:101,0
DA:103,0
DA:107,0
DA:108,0
DA:109,0
DA:110,0
DA:111,0
DA:113,0
DA:117,0
DA:118,0
DA:119,0
DA:120,0
DA:121,0
DA:123,0
DA:127,0
DA:128,0
DA:129,0
DA:130,0
DA:131,0
DA:133,0
DA:137,0
DA:138,0
DA:140,0
DA:141,0
DA:143,0
DA:144,0
DA:146,0
DA:147,0
DA:151,0
DA:159,0
DA:160,0
DA:161,0
DA:162,0
DA:163,0
DA:164,0
DA:167,0
DA:168,0
DA:169,0
DA:170,0
DA:171,0
DA:172,0
DA:173,0
DA:174,0
DA:177,0
LF:72
LH:1
BRDA:39,0,0,0
BRDA:39,0,1,0
BRDA:41,1,0,0
BRDA:41,1,1,0
BRDA:48,2,0,0
BRDA:48,2,1,0
BRDA:50,3,0,0
BRDA:50,3,1,0
BRDA:59,4,0,0
BRDA:59,4,1,0
BRDA:59,5,0,0
BRDA:59,5,1,0
BRDA:60,6,0,0
BRDA:60,6,1,0
BRDA:68,7,0,0
BRDA:68,7,1,0
BRDA:81,8,0,0
BRDA:81,8,1,0
BRDA:81,9,0,0
BRDA:81,9,1,0
BRDA:97,10,0,0
BRDA:97,10,1,0
BRDA:97,11,0,0
BRDA:97,11,1,0
BRDA:97,12,0,0
BRDA:97,12,1,0
BRDA:97,12,2,0
BRDA:97,12,3,0
BRDA:99,13,0,0
BRDA:99,13,1,0
BRDA:101,14,0,0
BRDA:101,14,1,0
BRDA:107,15,0,0
BRDA:107,15,1,0
BRDA:108,16,0,0
BRDA:108,16,1,0
BRDA:110,17,0,0
BRDA:110,17,1,0
BRDA:117,18,0,0
BRDA:117,18,1,0
BRDA:118,19,0,0
BRDA:118,19,1,0
BRDA:120,20,0,0
BRDA:120,20,1,0
BRDA:127,21,0,0
BRDA:127,21,1,0
BRDA:128,22,0,0
BRDA:128,22,1,0
BRDA:130,23,0,0
BRDA:130,23,1,0
BRDA:137,24,0,0
BRDA:137,24,1,0
BRDA:140,25,0,0
BRDA:140,25,1,0
BRDA:143,26,0,0
BRDA:143,26,1,0
BRDA:146,27,0,0
BRDA:146,27,1,0
BRDA:159,28,0,0
BRDA:159,28,1,0
BRDA:159,29,0,0
BRDA:159,29,1,0
BRDA:160,30,0,0
BRDA:160,30,1,0
BRDA:160,30,2,0
BRDA:160,30,3,0
BRDA:167,31,0,0
BRDA:167,31,1,0
BRDA:167,32,0,0
BRDA:167,32,1,0
BRDA:170,33,0,0
BRDA:170,33,1,0
BRDA:170,33,2,0
BRDA:170,33,3,0
BRF:74
BRH:0
end_of_record
TN:
SF:src\infrastructure\repositories\prisma\prisma-endpoint-schema.repository.spec.ts
FN:14,createMockPrismaService
FN:31,fakeDbRow
FN:47,sampleInput
FN:62,(anonymous_3)
FN:66,(anonymous_4)
FN:73,(anonymous_5)
FN:74,(anonymous_6)
FN:94,(anonymous_7)
FN:115,(anonymous_8)
FN:126,(anonymous_9)
FN:142,(anonymous_10)
FN:143,(anonymous_11)
FN:154,(anonymous_12)
FN:170,(anonymous_13)
FN:181,(anonymous_14)
FN:182,(anonymous_15)
FN:192,(anonymous_16)
FN:206,(anonymous_17)
FN:214,(anonymous_18)
FN:215,(anonymous_19)
FN:225,(anonymous_20)
FN:236,(anonymous_21)
FN:247,(anonymous_22)
FN:248,(anonymous_23)
FN:259,(anonymous_24)
FN:272,(anonymous_25)
FN:273,(anonymous_26)
FN:284,(anonymous_27)
FN:295,(anonymous_28)
FN:296,(anonymous_29)
FN:317,(anonymous_30)
FNF:31
FNH:0
FNDA:0,createMockPrismaService
FNDA:0,fakeDbRow
FNDA:0,sampleInput
FNDA:0,(anonymous_3)
FNDA:0,(anonymous_4)
FNDA:0,(anonymous_5)
FNDA:0,(anonymous_6)
FNDA:0,(anonymous_7)
FNDA:0,(anonymous_8)
FNDA:0,(anonymous_9)
FNDA:0,(anonymous_10)
FNDA:0,(anonymous_11)
FNDA:0,(anonymous_12)
FNDA:0,(anonymous_13)
FNDA:0,(anonymous_14)
FNDA:0,(anonymous_15)
FNDA:0,(anonymous_16)
FNDA:0,(anonymous_17)
FNDA:0,(anonymous_18)
FNDA:0,(anonymous_19)
FNDA:0,(anonymous_20)
FNDA:0,(anonymous_21)
FNDA:0,(anonymous_22)
FNDA:0,(anonymous_23)
FNDA:0,(anonymous_24)
FNDA:0,(anonymous_25)
FNDA:0,(anonymous_26)
FNDA:0,(anonymous_27)
FNDA:0,(anonymous_28)
FNDA:0,(anonymous_29)
FNDA:0,(anonymous_30)
DA:8,0
DA:15,0
DA:26,0
DA:27,0
DA:28,0
DA:29,0
DA:32,0
DA:48,0
DA:62,0
DA:66,0
DA:67,0
DA:68,0
DA:73,0
DA:74,0
DA:75,0
DA:76,0
DA:77,0
DA:79,0
DA:81,0
DA:94,0
DA:95,0
DA:96,0
DA:98,0
DA:100,0
DA:111,0
DA:112,0
DA:115,0
DA:116,0
DA:117,0
DA:118,0
DA:120,0
DA:122,0
DA:123,0
DA:126,0
DA:127,0
DA:128,0
DA:129,0
DA:130,0
DA:132,0
DA:134,0
DA:142,0
DA:143,0
DA:144,0
DA:146,0
DA:148,0
DA:154,0
DA:155,0
DA:159,0
DA:161,0
DA:163,0
DA:164,0
DA:165,0
DA:166,0
DA:167,0
DA:170,0
DA:171,0
DA:173,0
DA:175,0
DA:181,0
DA:182,0
DA:183,0
DA:185,0
DA:187,0
DA:192,0
DA:193,0
DA:197,0
DA:199,0
DA:201,0
DA:202,0
DA:203,0
DA:206,0
DA:207,0
DA:208,0
DA:214,0
DA:215,0
DA:216,0
DA:218,0
DA:220,0
DA:225,0
DA:226,0
DA:227,0
DA:229,0
DA:231,0
DA:232,0
DA:233,0
DA:236,0
DA:237,0
DA:239,0
DA:241,0
DA:247,0
DA:248,0
DA:249,0
DA:251,0
DA:253,0
DA:254,0
DA:259,0
DA:260,0
DA:264,0
DA:266,0
DA:272,0
DA:273,0
DA:274,0
DA:276,0
DA:278,0
DA:279,0
DA:284,0
DA:285,0
DA:287,0
DA:289,0
DA:295,0
DA:296,0
DA:297,0
DA:309,0
DA:310,0
DA:312,0
DA:314,0
DA:317,0
DA:318,0
DA:319,0
DA:321,0
DA:323,0
LF:121
LH:0
BRDA:31,0,0,0
BRDA:47,1,0,0
BRF:2
BRH:0
end_of_record
TN:
SF:src\infrastructure\repositories\prisma\prisma-endpoint-schema.repository.ts
FN:15,toRecord
FN:32,(anonymous_3)
FN:34,(anonymous_4)
FN:49,(anonymous_5)
FN:54,(anonymous_6)
FN:57,(anonymous_7)
FN:61,(anonymous_8)
FN:64,(anonymous_9)
FN:74,(anonymous_10)
FN:88,(anonymous_11)
FNF:10
FNH:9
FNDA:16,toRecord
FNDA:17,(anonymous_3)
FNDA:12,(anonymous_4)
FNDA:4,(anonymous_5)
FNDA:1,(anonymous_6)
FNDA:17,(anonymous_7)
FNDA:1,(anonymous_8)
FNDA:15,(anonymous_9)
FNDA:3,(anonymous_10)
FNDA:0,(anonymous_11)
DA:7,17
DA:8,17
DA:16,16
DA:31,17
DA:32,17
DA:35,12
DA:46,12
DA:50,4
DA:54,4
DA:58,17
DA:61,17
DA:68,15
DA:71,15
DA:78,3
DA:79,3
DA:82,2
DA:84,1
DA:89,0
DA:92,0
LF:19
LH:17
BRDA:21,0,0,16
BRDA:21,0,1,1
BRDA:22,1,0,16
BRDA:22,1,1,1
BRDA:40,2,0,12
BRDA:40,2,1,1
BRDA:41,3,0,12
BRDA:41,3,1,1
BRDA:42,4,0,12
BRDA:42,4,1,0
BRDA:71,5,0,2
BRDA:71,5,1,13
BRF:12
BRH:11
end_of_record
TN:
SF:src\infrastructure\repositories\prisma\prisma-group.repository.spec.ts
FN:14,createMockPrismaService
FN:27,(anonymous_1)
FN:46,fakeGroupResource
FN:65,fakeResourceMember
FN:80,(anonymous_4)
FN:84,(anonymous_5)
FN:91,(anonymous_6)
FN:92,(anonymous_7)
FN:117,(anonymous_8)
FN:143,(anonymous_9)
FN:144,(anonymous_10)
FN:154,(anonymous_11)
FN:159,(anonymous_12)
FN:167,(anonymous_13)
FN:168,(anonymous_14)
FN:173,(anonymous_15)
FN:191,(anonymous_16)
FN:218,(anonymous_17)
FN:232,(anonymous_18)
FN:233,(anonymous_19)
FN:245,(anonymous_20)
FN:260,(anonymous_21)
FN:281,(anonymous_22)
FN:282,(anonymous_23)
FN:298,(anonymous_24)
FN:299,(anonymous_25)
FN:312,(anonymous_26)
FN:313,(anonymous_27)
FN:328,(anonymous_28)
FN:340,(anonymous_29)
FN:341,(anonymous_30)
FN:355,(anonymous_31)
FN:368,(anonymous_32)
FN:369,(anonymous_33)
FN:395,(anonymous_34)
FN:403,(anonymous_35)
FN:404,(anonymous_36)
FN:444,(anonymous_37)
FNF:38
FNH:0
FNDA:0,createMockPrismaService
FNDA:0,(anonymous_1)
FNDA:0,fakeGroupResource
FNDA:0,fakeResourceMember
FNDA:0,(anonymous_4)
FNDA:0,(anonymous_5)
FNDA:0,(anonymous_6)
FNDA:0,(anonymous_7)
FNDA:0,(anonymous_8)
FNDA:0,(anonymous_9)
FNDA:0,(anonymous_10)
FNDA:0,(anonymous_11)
FNDA:0,(anonymous_12)
FNDA:0,(anonymous_13)
FNDA:0,(anonymous_14)
FNDA:0,(anonymous_15)
FNDA:0,(anonymous_16)
FNDA:0,(anonymous_17)
FNDA:0,(anonymous_18)
FNDA:0,(anonymous_19)
FNDA:0,(anonymous_20)
FNDA:0,(anonymous_21)
FNDA:0,(anonymous_22)
FNDA:0,(anonymous_23)
FNDA:0,(anonymous_24)
FNDA:0,(anonymous_25)
FNDA:0,(anonymous_26)
FNDA:0,(anonymous_27)
FNDA:0,(anonymous_28)
FNDA:0,(anonymous_29)
FNDA:0,(anonymous_30)
FNDA:0,(anonymous_31)
FNDA:0,(anonymous_32)
FNDA:0,(anonymous_33)
FNDA:0,(anonymous_34)
FNDA:0,(anonymous_35)
FNDA:0,(anonymous_36)
FNDA:0,(anonymous_37)
DA:9,0
DA:15,0
DA:28,0
DA:37,0
DA:38,0
DA:44,0
DA:47,0
DA:66,0
DA:80,0
DA:84,0
DA:85,0
DA:86,0
DA:91,0
DA:92,0
DA:93,0
DA:102,0
DA:103,0
DA:105,0
DA:107,0
DA:114,0
DA:117,0
DA:118,0
DA:119,0
DA:121,0
DA:130,0
DA:136,0
DA:137,0
DA:143,0
DA:144,0
DA:145,0
DA:147,0
DA:149,0
DA:154,0
DA:155,0
DA:156,0
DA:159,0
DA:160,0
DA:161,0
DA:167,0
DA:168,0
DA:169,0
DA:170,0
DA:173,0
DA:174,0
DA:178,0
DA:180,0
DA:182,0
DA:187,0
DA:188,0
DA:191,0
DA:192,0
DA:205,0
DA:207,0
DA:208,0
DA:210,0
DA:211,0
DA:212,0
DA:213,0
DA:214,0
DA:215,0
DA:218,0
DA:219,0
DA:223,0
DA:225,0
DA:226,0
DA:232,0
DA:233,0
DA:234,0
DA:236,0
DA:238,0
DA:245,0
DA:246,0
DA:248,0
DA:250,0
DA:260,0
DA:261,0
DA:268,0
DA:270,0
DA:271,0
DA:272,0
DA:273,0
DA:274,0
DA:275,0
DA:281,0
DA:282,0
DA:283,0
DA:284,0
DA:286,0
DA:288,0
DA:292,0
DA:298,0
DA:299,0
DA:300,0
DA:302,0
DA:304,0
DA:312,0
DA:313,0
DA:314,0
DA:316,0
DA:318,0
DA:328,0
DA:329,0
DA:331,0
DA:333,0
DA:334,0
DA:340,0
DA:341,0
DA:342,0
DA:344,0
DA:346,0
DA:355,0
DA:356,0
DA:360,0
DA:361,0
DA:362,0
DA:368,0
DA:369,0
DA:370,0
DA:372,0
DA:377,0
DA:379,0
DA:395,0
DA:396,0
DA:397,0
DA:403,0
DA:404,0
DA:405,0
DA:406,0
DA:410,0
DA:412,0
DA:415,0
DA:416,0
DA:420,0
DA:423,0
DA:429,0
DA:434,0
DA:444,0
DA:445,0
DA:447,0
DA:448,0
DA:452,0
DA:454,0
LF:142
LH:0
BRDA:46,0,0,0
BRDA:65,1,0,0
BRF:2
BRH:0
end_of_record
TN:
SF:src\infrastructure\repositories\prisma\prisma-group.repository.ts
FN:24,toGroupRecord
FN:41,toMemberRecord
FN:54,toGroupWithMembers
FN:64,(anonymous_5)
FN:66,(anonymous_6)
FN:81,(anonymous_7)
FN:89,(anonymous_8)
FN:98,(anonymous_9)
FN:118,(anonymous_10)
FN:121,(anonymous_11)
FN:135,(anonymous_12)
FN:139,(anonymous_13)
FN:161,(anonymous_14)
FN:179,(anonymous_15)
FN:182,(anonymous_16)
FN:193,(anonymous_17)
FN:206,(anonymous_18)
FN:216,(anonymous_19)
FNF:18
FNH:17
FNDA:184,toGroupRecord
FNDA:52,toMemberRecord
FNDA:126,toGroupWithMembers
FNDA:17,(anonymous_5)
FNDA:53,(anonymous_6)
FNDA:8,(anonymous_7)
FNDA:118,(anonymous_8)
FNDA:14,(anonymous_9)
FNDA:13,(anonymous_10)
FNDA:0,(anonymous_11)
FNDA:4,(anonymous_12)
FNDA:56,(anonymous_13)
FNDA:10,(anonymous_14)
FNDA:5,(anonymous_15)
FNDA:5,(anonymous_16)
FNDA:25,(anonymous_17)
FNDA:25,(anonymous_18)
FNDA:23,(anonymous_19)
DA:9,17
DA:10,17
DA:21,17
DA:25,184
DA:26,184
DA:27,184
DA:42,52
DA:55,126
DA:56,126
DA:63,17
DA:64,17
DA:67,53
DA:78,53
DA:82,8
DA:83,6
DA:86,6
DA:90,118
DA:91,115
DA:95,115
DA:103,14
DA:109,14
DA:113,14
DA:118,14
DA:123,0
DA:124,0
DA:125,0
DA:126,0
DA:128,0
DA:132,0
DA:136,4
DA:145,56
DA:150,56
DA:151,0
DA:154,56
DA:158,56
DA:166,10
DA:171,10
DA:172,0
DA:175,10
DA:176,10
DA:180,5
DA:181,5
DA:182,5
DA:199,25
DA:200,25
DA:201,25
DA:202,25
DA:205,25
DA:207,25
DA:212,25
DA:214,25
DA:215,17
DA:216,23
LF:53
LH:45
BRDA:26,0,0,0
BRDA:26,0,1,184
BRDA:26,1,0,184
BRDA:26,1,1,0
BRDA:31,2,0,184
BRDA:31,2,1,156
BRDA:34,3,0,184
BRDA:34,3,1,0
BRDA:45,4,0,52
BRDA:45,4,1,0
BRDA:47,5,0,52
BRDA:47,5,1,52
BRDA:48,6,0,52
BRDA:48,6,1,52
BRDA:55,7,0,126
BRDA:55,7,1,0
BRDA:82,8,0,2
BRDA:82,8,1,6
BRDA:86,9,0,4
BRDA:86,9,1,2
BRDA:90,10,0,3
BRDA:90,10,1,115
BRDA:95,11,0,113
BRDA:95,11,1,2
BRDA:109,12,0,14
BRDA:109,12,1,0
BRDA:124,13,0,0
BRDA:124,13,1,0
BRDA:150,14,0,0
BRDA:150,14,1,56
BRDA:171,15,0,0
BRDA:171,15,1,10
BRDA:176,16,0,1
BRDA:176,16,1,9
BRDA:180,17,0,0
BRDA:180,17,1,5
BRDA:200,18,0,25
BRDA:200,18,1,0
BRDA:214,19,0,17
BRDA:214,19,1,8
BRF:40
BRH:28
end_of_record
TN:
SF:src\infrastructure\repositories\prisma\prisma-user.repository.spec.ts
FN:13,createMockPrismaService
FN:34,fakeScimResource
FN:55,(anonymous_2)
FN:59,(anonymous_3)
FN:66,(anonymous_4)
FN:67,(anonymous_5)
FN:96,(anonymous_6)
FN:132,(anonymous_7)
FN:133,(anonymous_8)
FN:144,(anonymous_9)
FN:150,(anonymous_10)
FN:157,(anonymous_11)
FN:170,(anonymous_12)
FN:171,(anonymous_13)
FN:182,(anonymous_14)
FN:197,(anonymous_15)
FN:208,(anonymous_16)
FN:224,(anonymous_17)
FN:225,(anonymous_18)
FN:241,(anonymous_19)
FN:242,(anonymous_20)
FN:255,(anonymous_21)
FN:256,(anonymous_22)
FN:269,(anonymous_23)
FN:276,(anonymous_24)
FN:286,(anonymous_25)
FN:299,(anonymous_26)
FN:314,(anonymous_27)
FN:324,(anonymous_28)
FN:325,(anonymous_29)
FN:331,(anonymous_30)
FN:346,(anonymous_31)
FN:357,(anonymous_32)
FNF:33
FNH:0
FNDA:0,createMockPrismaService
FNDA:0,fakeScimResource
FNDA:0,(anonymous_2)
FNDA:0,(anonymous_3)
FNDA:0,(anonymous_4)
FNDA:0,(anonymous_5)
FNDA:0,(anonymous_6)
FNDA:0,(anonymous_7)
FNDA:0,(anonymous_8)
FNDA:0,(anonymous_9)
FNDA:0,(anonymous_10)
FNDA:0,(anonymous_11)
FNDA:0,(anonymous_12)
FNDA:0,(anonymous_13)
FNDA:0,(anonymous_14)
FNDA:0,(anonymous_15)
FNDA:0,(anonymous_16)
FNDA:0,(anonymous_17)
FNDA:0,(anonymous_18)
FNDA:0,(anonymous_19)
FNDA:0,(anonymous_20)
FNDA:0,(anonymous_21)
FNDA:0,(anonymous_22)
FNDA:0,(anonymous_23)
FNDA:0,(anonymous_24)
FNDA:0,(anonymous_25)
FNDA:0,(anonymous_26)
FNDA:0,(anonymous_27)
FNDA:0,(anonymous_28)
FNDA:0,(anonymous_29)
FNDA:0,(anonymous_30)
FNDA:0,(anonymous_31)
FNDA:0,(anonymous_32)
DA:8,0
DA:14,0
DA:26,0
DA:27,0
DA:28,0
DA:29,0
DA:30,0
DA:31,0
DA:32,0
DA:35,0
DA:55,0
DA:59,0
DA:60,0
DA:61,0
DA:66,0
DA:67,0
DA:68,0
DA:79,0
DA:80,0
DA:82,0
DA:84,0
DA:92,0
DA:93,0
DA:96,0
DA:97,0
DA:103,0
DA:105,0
DA:116,0
DA:125,0
DA:126,0
DA:132,0
DA:133,0
DA:134,0
DA:135,0
DA:137,0
DA:139,0
DA:144,0
DA:145,0
DA:146,0
DA:147,0
DA:150,0
DA:151,0
DA:153,0
DA:154,0
DA:157,0
DA:158,0
DA:159,0
DA:161,0
DA:162,0
DA:163,0
DA:164,0
DA:170,0
DA:171,0
DA:172,0
DA:174,0
DA:176,0
DA:182,0
DA:183,0
DA:185,0
DA:187,0
DA:197,0
DA:198,0
DA:200,0
DA:202,0
DA:208,0
DA:209,0
DA:213,0
DA:215,0
DA:216,0
DA:217,0
DA:218,0
DA:224,0
DA:225,0
DA:226,0
DA:227,0
DA:229,0
DA:231,0
DA:235,0
DA:241,0
DA:242,0
DA:243,0
DA:245,0
DA:247,0
DA:255,0
DA:256,0
DA:257,0
DA:259,0
DA:261,0
DA:262,0
DA:269,0
DA:270,0
DA:272,0
DA:274,0
DA:275,0
DA:276,0
DA:278,0
DA:286,0
DA:287,0
DA:289,0
DA:291,0
DA:292,0
DA:299,0
DA:300,0
DA:306,0
DA:307,0
DA:314,0
DA:315,0
DA:317,0
DA:318,0
DA:324,0
DA:325,0
DA:326,0
DA:327,0
DA:328,0
DA:331,0
DA:332,0
DA:337,0
DA:339,0
DA:343,0
DA:346,0
DA:347,0
DA:349,0
DA:351,0
DA:357,0
DA:358,0
DA:359,0
DA:360,0
LF:127
LH:0
BRDA:34,0,0,0
BRF:1
BRH:0
end_of_record
TN:
SF:src\infrastructure\repositories\prisma\prisma-user.repository.ts
FN:22,toUserRecord
FN:43,(anonymous_3)
FN:45,(anonymous_4)
FN:62,(anonymous_5)
FN:70,(anonymous_6)
FN:89,(anonymous_7)
FN:92,(anonymous_8)
FN:106,(anonymous_9)
FN:110,(anonymous_10)
FN:149,(anonymous_11)
FNF:10
FNH:10
FNDA:304,toUserRecord
FNDA:17,(anonymous_3)
FNDA:153,(anonymous_4)
FNDA:80,(anonymous_5)
FNDA:41,(anonymous_6)
FNDA:42,(anonymous_7)
FNDA:45,(anonymous_8)
FNDA:6,(anonymous_9)
FNDA:206,(anonymous_10)
FNDA:22,(anonymous_11)
DA:9,17
DA:10,17
DA:19,17
DA:24,304
DA:25,304
DA:26,304
DA:42,17
DA:43,17
DA:46,153
DA:59,153
DA:63,80
DA:64,70
DA:67,70
DA:75,41
DA:81,41
DA:85,41
DA:89,42
DA:94,45
DA:95,45
DA:96,45
DA:97,45
DA:99,45
DA:103,45
DA:107,6
DA:117,206
DA:120,206
DA:121,206
DA:124,206
DA:127,206
DA:128,45
DA:130,206
DA:131,0
DA:133,206
DA:136,206
DA:141,206
DA:142,8
DA:154,22
DA:155,22
DA:156,22
LF:39
LH:38
BRDA:25,0,0,0
BRDA:25,0,1,304
BRDA:25,1,0,304
BRDA:25,1,1,0
BRDA:30,2,0,304
BRDA:30,2,1,0
BRDA:32,3,0,304
BRDA:32,3,1,274
BRDA:35,4,0,304
BRDA:35,4,1,0
BRDA:63,5,0,10
BRDA:63,5,1,70
BRDA:67,6,0,64
BRDA:67,6,1,6
BRDA:81,7,0,41
BRDA:81,7,1,0
BRDA:95,8,0,45
BRDA:95,8,1,0
BRDA:120,9,0,206
BRDA:120,9,1,0
BRDA:127,10,0,45
BRDA:127,10,1,161
BRDA:130,11,0,0
BRDA:130,11,1,206
BRDA:141,12,0,198
BRDA:141,12,1,8
BRDA:141,13,0,206
BRDA:141,13,1,8
BRDA:145,14,0,8
BRDA:145,14,1,0
BRDA:155,15,0,0
BRDA:155,15,1,22
BRF:32
BRH:22
end_of_record
TN:
SF:src\infrastructure\repositories\prisma\uuid-guard.spec.ts
FN:10,(anonymous_0)
FN:13,(anonymous_1)
FN:17,(anonymous_2)
FN:21,(anonymous_3)
FN:25,(anonymous_4)
FN:29,(anonymous_5)
FN:33,(anonymous_6)
FN:39,(anonymous_7)
FN:43,(anonymous_8)
FN:47,(anonymous_9)
FN:51,(anonymous_10)
FN:55,(anonymous_11)
FN:59,(anonymous_12)
FN:63,(anonymous_13)
FN:67,(anonymous_14)
FN:71,(anonymous_15)
FNF:16
FNH:0
FNDA:0,(anonymous_0)
FNDA:0,(anonymous_1)
FNDA:0,(anonymous_2)
FNDA:0,(anonymous_3)
FNDA:0,(anonymous_4)
FNDA:0,(anonymous_5)
FNDA:0,(anonymous_6)
FNDA:0,(anonymous_7)
FNDA:0,(anonymous_8)
FNDA:0,(anonymous_9)
FNDA:0,(anonymous_10)
FNDA:0,(anonymous_11)
FNDA:0,(anonymous_12)
FNDA:0,(anonymous_13)
FNDA:0,(anonymous_14)
FNDA:0,(anonymous_15)
DA:8,0
DA:10,0
DA:13,0
DA:14,0
DA:17,0
DA:18,0
DA:21,0
DA:22,0
DA:25,0
DA:26,0
DA:29,0
DA:30,0
DA:33,0
DA:34,0
DA:39,0
DA:40,0
DA:43,0
DA:44,0
DA:47,0
DA:48,0
DA:51,0
DA:52,0
DA:55,0
DA:56,0
DA:59,0
DA:60,0
DA:63,0
DA:64,0
DA:67,0
DA:68,0
DA:71,0
DA:72,0
LF:32
LH:0
BRF:0
BRH:0
end_of_record
TN:
SF:src\infrastructure\repositories\prisma\uuid-guard.ts
FN:16,isValidUuid
FNF:1
FNH:1
FNDA:234,isValidUuid
DA:13,17
DA:16,17
DA:17,234
LF:3
LH:3
BRF:0
BRH:0
end_of_record
TN:
SF:src\modules\activity-parser\activity-parser.service.ts
FN:28,(anonymous_2)
FN:33,(anonymous_3)
FN:117,(anonymous_4)
FN:181,(anonymous_5)
FN:184,(anonymous_6)
FN:280,(anonymous_7)
FN:344,(anonymous_8)
FN:350,(anonymous_9)
FN:351,(anonymous_10)
FN:411,(anonymous_11)
FN:418,(anonymous_12)
FN:424,(anonymous_13)
FN:425,(anonymous_14)
FN:565,(anonymous_15)
FN:623,(anonymous_16)
FN:656,(anonymous_17)
FN:665,(anonymous_18)
FN:682,(anonymous_19)
FN:699,(anonymous_20)
FN:704,(anonymous_21)
FN:736,(anonymous_22)
FN:751,(anonymous_23)
FN:783,(anonymous_24)
FN:802,(anonymous_25)
FNF:24
FNH:1
FNDA:17,(anonymous_2)
FNDA:0,(anonymous_3)
FNDA:0,(anonymous_4)
FNDA:0,(anonymous_5)
FNDA:0,(anonymous_6)
FNDA:0,(anonymous_7)
FNDA:0,(anonymous_8)
FNDA:0,(anonymous_9)
FNDA:0,(anonymous_10)
FNDA:0,(anonymous_11)
FNDA:0,(anonymous_12)
FNDA:0,(anonymous_13)
FNDA:0,(anonymous_14)
FNDA:0,(anonymous_15)
FNDA:0,(anonymous_16)
FNDA:0,(anonymous_17)
FNDA:0,(anonymous_18)
FNDA:0,(anonymous_19)
FNDA:0,(anonymous_20)
FNDA:0,(anonymous_21)
FNDA:0,(anonymous_22)
FNDA:0,(anonymous_23)
FNDA:0,(anonymous_24)
FNDA:0,(anonymous_25)
DA:1,17
DA:2,17
DA:27,17
DA:28,17
DA:43,0
DA:44,0
DA:45,0
DA:46,0
DA:49,0
DA:50,0
DA:52,0
DA:53,0
DA:54,0
DA:60,0
DA:61,0
DA:62,0
DA:69,0
DA:70,0
DA:71,0
DA:72,0
DA:75,0
DA:76,0
DA:79,0
DA:80,0
DA:93,0
DA:94,0
DA:107,0
DA:130,0
DA:133,0
DA:134,0
DA:137,0
DA:138,0
DA:152,0
DA:154,0
DA:167,0
DA:180,0
DA:181,0
DA:182,0
DA:184,0
DA:185,0
DA:188,0
DA:189,0
DA:199,0
DA:200,0
DA:212,0
DA:213,0
DA:228,0
DA:240,0
DA:241,0
DA:242,0
DA:252,0
DA:253,0
DA:264,0
DA:268,0
DA:292,0
DA:295,0
DA:296,0
DA:297,0
DA:311,0
DA:313,0
DA:314,0
DA:328,0
DA:329,0
DA:343,0
DA:344,0
DA:345,0
DA:348,0
DA:350,0
DA:351,0
DA:354,0
DA:355,0
DA:357,0
DA:358,0
DA:360,0
DA:361,0
DA:362,0
DA:363,0
DA:364,0
DA:367,0
DA:369,0
DA:370,0
DA:372,0
DA:373,0
DA:375,0
DA:376,0
DA:377,0
DA:383,0
DA:384,0
DA:386,0
DA:387,0
DA:388,0
DA:389,0
DA:390,0
DA:391,0
DA:392,0
DA:395,0
DA:396,0
DA:397,0
DA:399,0
DA:400,0
DA:402,0
DA:403,0
DA:404,0
DA:410,0
DA:412,0
DA:413,0
DA:417,0
DA:419,0
DA:420,0
DA:424,0
DA:425,0
DA:427,0
DA:430,0
DA:432,0
DA:444,0
DA:446,0
DA:458,0
DA:460,0
DA:461,0
DA:462,0
DA:464,0
DA:465,0
DA:467,0
DA:482,0
DA:495,0
DA:507,0
DA:511,0
DA:512,0
DA:525,0
DA:526,0
DA:527,0
DA:537,0
DA:538,0
DA:549,0
DA:553,0
DA:572,0
DA:574,0
DA:575,0
DA:586,0
DA:587,0
DA:598,0
DA:599,0
DA:611,0
DA:624,0
DA:625,0
DA:626,0
DA:627,0
DA:628,0
DA:629,0
DA:631,0
DA:632,0
DA:633,0
DA:635,0
DA:636,0
DA:638,0
DA:640,0
DA:641,0
DA:642,0
DA:643,0
DA:644,0
DA:645,0
DA:649,0
DA:650,0
DA:651,0
DA:652,0
DA:653,0
DA:657,0
DA:667,0
DA:668,0
DA:672,0
DA:674,0
DA:684,0
DA:685,0
DA:689,0
DA:691,0
DA:700,0
DA:701,0
DA:705,0
DA:707,0
DA:709,0
DA:710,0
DA:711,0
DA:715,0
DA:716,0
DA:720,0
DA:721,0
DA:722,0
DA:725,0
DA:726,0
DA:729,0
DA:730,0
DA:733,0
DA:737,0
DA:739,0
DA:741,0
DA:742,0
DA:745,0
DA:752,0
DA:753,0
DA:758,0
DA:760,0
DA:761,0
DA:762,0
DA:763,0
DA:764,0
DA:765,0
DA:766,0
DA:772,0
DA:777,0
DA:784,0
DA:785,0
DA:790,0
DA:791,0
DA:796,0
DA:803,0
DA:805,0
DA:807,0
DA:808,0
DA:809,0
DA:813,0
DA:814,0
DA:815,0
DA:819,0
DA:820,0
DA:822,0
DA:823,0
DA:824,0
DA:825,0
DA:827,0
DA:828,0
DA:830,0
DA:834,0
DA:835,0
DA:836,0
DA:838,0
DA:842,0
DA:843,0
DA:844,0
DA:846,0
DA:850,0
DA:851,0
DA:852,0
DA:854,0
DA:858,0
DA:859,0
DA:860,0
DA:861,0
DA:862,0
DA:865,0
DA:869,0
DA:870,0
DA:871,0
DA:873,0
DA:877,0
DA:879,0
DA:880,0
DA:881,0
DA:882,0
DA:884,0
DA:892,0
DA:893,0
DA:896,0
LF:262
LH:4
BRDA:46,0,0,0
BRDA:46,0,1,0
BRDA:53,1,0,0
BRDA:53,1,1,0
BRDA:61,2,0,0
BRDA:61,2,1,0
BRDA:71,3,0,0
BRDA:71,3,1,0
BRDA:72,4,0,0
BRDA:72,4,1,0
BRDA:79,5,0,0
BRDA:79,5,1,0
BRDA:93,6,0,0
BRDA:93,6,1,0
BRDA:102,7,0,0
BRDA:102,7,1,0
BRDA:133,8,0,0
BRDA:133,8,1,0
BRDA:134,9,0,0
BRDA:134,9,1,0
BRDA:137,10,0,0
BRDA:137,10,1,0
BRDA:142,11,0,0
BRDA:142,11,1,0
BRDA:152,12,0,0
BRDA:152,12,1,0
BRDA:152,12,2,0
BRDA:152,12,3,0
BRDA:152,12,4,0
BRDA:158,13,0,0
BRDA:158,13,1,0
BRDA:171,14,0,0
BRDA:171,14,1,0
BRDA:180,15,0,0
BRDA:180,15,1,0
BRDA:182,16,0,0
BRDA:182,16,1,0
BRDA:182,16,2,0
BRDA:182,16,3,0
BRDA:185,17,0,0
BRDA:185,17,1,0
BRDA:185,17,2,0
BRDA:185,17,3,0
BRDA:188,18,0,0
BRDA:188,18,1,0
BRDA:193,19,0,0
BRDA:193,19,1,0
BRDA:199,20,0,0
BRDA:199,20,1,0
BRDA:204,21,0,0
BRDA:204,21,1,0
BRDA:217,22,0,0
BRDA:217,22,1,0
BRDA:218,23,0,0
BRDA:218,23,1,0
BRDA:218,24,0,0
BRDA:218,24,1,0
BRDA:232,25,0,0
BRDA:232,25,1,0
BRDA:240,26,0,0
BRDA:240,26,1,0
BRDA:241,27,0,0
BRDA:241,27,1,0
BRDA:247,28,0,0
BRDA:247,28,1,0
BRDA:252,29,0,0
BRDA:252,29,1,0
BRDA:257,30,0,0
BRDA:257,30,1,0
BRDA:295,31,0,0
BRDA:295,31,1,0
BRDA:296,32,0,0
BRDA:296,32,1,0
BRDA:311,33,0,0
BRDA:311,33,1,0
BRDA:311,33,2,0
BRDA:311,33,3,0
BRDA:311,33,4,0
BRDA:313,34,0,0
BRDA:313,34,1,0
BRDA:328,35,0,0
BRDA:328,35,1,0
BRDA:343,36,0,0
BRDA:343,36,1,0
BRDA:345,37,0,0
BRDA:345,37,1,0
BRDA:348,38,0,0
BRDA:348,38,1,0
BRDA:350,39,0,0
BRDA:350,39,1,0
BRDA:351,40,0,0
BRDA:351,40,1,0
BRDA:358,41,0,0
BRDA:358,41,1,0
BRDA:361,42,0,0
BRDA:361,42,1,0
BRDA:363,43,0,0
BRDA:363,43,1,0
BRDA:367,44,0,0
BRDA:367,44,1,0
BRDA:370,45,0,0
BRDA:370,45,1,0
BRDA:373,46,0,0
BRDA:373,46,1,0
BRDA:373,47,0,0
BRDA:373,47,1,0
BRDA:373,47,2,0
BRDA:375,48,0,0
BRDA:375,48,1,0
BRDA:376,49,0,0
BRDA:376,49,1,0
BRDA:387,50,0,0
BRDA:387,50,1,0
BRDA:389,51,0,0
BRDA:389,51,1,0
BRDA:391,52,0,0
BRDA:391,52,1,0
BRDA:395,53,0,0
BRDA:395,53,1,0
BRDA:397,54,0,0
BRDA:397,54,1,0
BRDA:400,55,0,0
BRDA:400,55,1,0
BRDA:400,56,0,0
BRDA:400,56,1,0
BRDA:400,56,2,0
BRDA:402,57,0,0
BRDA:402,57,1,0
BRDA:403,58,0,0
BRDA:403,58,1,0
BRDA:412,59,0,0
BRDA:412,59,1,0
BRDA:419,60,0,0
BRDA:419,60,1,0
BRDA:427,61,0,0
BRDA:427,61,1,0
BRDA:430,62,0,0
BRDA:430,62,1,0
BRDA:430,63,0,0
BRDA:430,63,1,0
BRDA:436,64,0,0
BRDA:436,64,1,0
BRDA:437,65,0,0
BRDA:437,65,1,0
BRDA:444,66,0,0
BRDA:444,66,1,0
BRDA:444,67,0,0
BRDA:444,67,1,0
BRDA:450,68,0,0
BRDA:450,68,1,0
BRDA:451,69,0,0
BRDA:451,69,1,0
BRDA:458,70,0,0
BRDA:458,70,1,0
BRDA:458,71,0,0
BRDA:458,71,1,0
BRDA:461,72,0,0
BRDA:461,72,1,0
BRDA:464,73,0,0
BRDA:464,73,1,0
BRDA:476,74,0,0
BRDA:476,74,1,0
BRDA:477,75,0,0
BRDA:477,75,1,0
BRDA:487,76,0,0
BRDA:487,76,1,0
BRDA:499,77,0,0
BRDA:499,77,1,0
BRDA:500,78,0,0
BRDA:500,78,1,0
BRDA:511,79,0,0
BRDA:511,79,1,0
BRDA:525,80,0,0
BRDA:525,80,1,0
BRDA:526,81,0,0
BRDA:526,81,1,0
BRDA:532,82,0,0
BRDA:532,82,1,0
BRDA:537,83,0,0
BRDA:537,83,1,0
BRDA:542,84,0,0
BRDA:542,84,1,0
BRDA:574,85,0,0
BRDA:574,85,1,0
BRDA:586,86,0,0
BRDA:586,86,1,0
BRDA:598,87,0,0
BRDA:598,87,1,0
BRDA:616,88,0,0
BRDA:616,88,1,0
BRDA:618,89,0,0
BRDA:618,89,1,0
BRDA:625,90,0,0
BRDA:625,90,1,0
BRDA:625,91,0,0
BRDA:625,91,1,0
BRDA:626,92,0,0
BRDA:626,92,1,0
BRDA:627,93,0,0
BRDA:627,93,1,0
BRDA:628,94,0,0
BRDA:628,94,1,0
BRDA:628,95,0,0
BRDA:628,95,1,0
BRDA:629,96,0,0
BRDA:629,96,1,0
BRDA:629,97,0,0
BRDA:629,97,1,0
BRDA:632,98,0,0
BRDA:632,98,1,0
BRDA:640,99,0,0
BRDA:640,99,1,0
BRDA:640,99,2,0
BRDA:641,100,0,0
BRDA:641,100,1,0
BRDA:650,101,0,0
BRDA:650,101,1,0
BRDA:652,102,0,0
BRDA:652,102,1,0
BRDA:660,103,0,0
BRDA:660,103,1,0
BRDA:661,104,0,0
BRDA:661,104,1,0
BRDA:667,105,0,0
BRDA:667,105,1,0
BRDA:672,106,0,0
BRDA:672,106,1,0
BRDA:672,106,2,0
BRDA:674,107,0,0
BRDA:674,107,1,0
BRDA:674,107,2,0
BRDA:674,107,3,0
BRDA:674,107,4,0
BRDA:674,107,5,0
BRDA:684,108,0,0
BRDA:684,108,1,0
BRDA:689,109,0,0
BRDA:689,109,1,0
BRDA:689,109,2,0
BRDA:691,110,0,0
BRDA:691,110,1,0
BRDA:691,110,2,0
BRDA:701,111,0,0
BRDA:701,111,1,0
BRDA:705,112,0,0
BRDA:705,112,1,0
BRDA:709,113,0,0
BRDA:709,113,1,0
BRDA:709,114,0,0
BRDA:709,114,1,0
BRDA:710,115,0,0
BRDA:710,115,1,0
BRDA:710,116,0,0
BRDA:710,116,1,0
BRDA:711,117,0,0
BRDA:711,117,1,0
BRDA:715,118,0,0
BRDA:715,118,1,0
BRDA:721,119,0,0
BRDA:721,119,1,0
BRDA:725,120,0,0
BRDA:725,120,1,0
BRDA:726,121,0,0
BRDA:726,121,1,0
BRDA:729,122,0,0
BRDA:729,122,1,0
BRDA:733,123,0,0
BRDA:733,123,1,0
BRDA:737,124,0,0
BRDA:737,124,1,0
BRDA:741,125,0,0
BRDA:741,125,1,0
BRDA:742,126,0,0
BRDA:742,126,1,0
BRDA:745,127,0,0
BRDA:745,127,1,0
BRDA:758,128,0,0
BRDA:758,128,1,0
BRDA:762,129,0,0
BRDA:762,129,1,0
BRDA:763,130,0,0
BRDA:763,130,1,0
BRDA:764,131,0,0
BRDA:764,131,1,0
BRDA:765,132,0,0
BRDA:765,132,1,0
BRDA:765,133,0,0
BRDA:765,133,1,0
BRDA:772,134,0,0
BRDA:772,134,1,0
BRDA:790,135,0,0
BRDA:790,135,1,0
BRDA:803,136,0,0
BRDA:803,136,1,0
BRDA:803,137,0,0
BRDA:803,137,1,0
BRDA:809,138,0,0
BRDA:809,138,1,0
BRDA:813,139,0,0
BRDA:813,139,1,0
BRDA:819,140,0,0
BRDA:819,140,1,0
BRDA:819,141,0,0
BRDA:819,141,1,0
BRDA:820,142,0,0
BRDA:820,142,1,0
BRDA:820,143,0,0
BRDA:820,143,1,0
BRDA:820,143,2,0
BRDA:822,144,0,0
BRDA:822,144,1,0
BRDA:823,145,0,0
BRDA:823,145,1,0
BRDA:827,146,0,0
BRDA:827,146,1,0
BRDA:834,147,0,0
BRDA:834,147,1,0
BRDA:834,148,0,0
BRDA:834,148,1,0
BRDA:835,149,0,0
BRDA:835,149,1,0
BRDA:835,150,0,0
BRDA:835,150,1,0
BRDA:842,151,0,0
BRDA:842,151,1,0
BRDA:843,152,0,0
BRDA:843,152,1,0
BRDA:843,153,0,0
BRDA:843,153,1,0
BRDA:850,154,0,0
BRDA:850,154,1,0
BRDA:851,155,0,0
BRDA:851,155,1,0
BRDA:851,156,0,0
BRDA:851,156,1,0
BRDA:858,157,0,0
BRDA:858,157,1,0
BRDA:858,158,0,0
BRDA:858,158,1,0
BRDA:859,159,0,0
BRDA:859,159,1,0
BRDA:859,160,0,0
BRDA:859,160,1,0
BRDA:860,161,0,0
BRDA:860,161,1,0
BRDA:860,162,0,0
BRDA:860,162,1,0
BRDA:861,163,0,0
BRDA:861,163,1,0
BRDA:869,164,0,0
BRDA:869,164,1,0
BRDA:869,165,0,0
BRDA:869,165,1,0
BRDA:870,166,0,0
BRDA:870,166,1,0
BRDA:870,167,0,0
BRDA:870,167,1,0
BRDA:871,168,0,0
BRDA:871,168,1,0
BRDA:877,169,0,0
BRDA:877,169,1,0
BRDA:877,170,0,0
BRDA:877,170,1,0
BRDA:877,170,2,0
BRDA:877,170,3,0
BRDA:880,171,0,0
BRDA:880,171,1,0
BRDA:881,172,0,0
BRDA:881,172,1,0
BRDA:881,173,0,0
BRDA:881,173,1,0
BRDA:892,174,0,0
BRDA:892,174,1,0
BRDA:896,175,0,0
BRDA:896,175,1,0
BRF:375
BRH:0
end_of_record
TN:
SF:src\modules\activity-parser\activity.controller.spec.ts
FN:6,(anonymous_0)
FN:12,(anonymous_1)
FN:29,(anonymous_2)
FN:40,(anonymous_3)
FN:41,(anonymous_4)
FN:50,(anonymous_5)
FN:51,(anonymous_6)
FN:62,(anonymous_7)
FN:90,(anonymous_8)
FN:91,(anonymous_9)
FN:92,(anonymous_10)
FN:103,(anonymous_11)
FN:111,(anonymous_12)
FN:145,(anonymous_13)
FN:153,(anonymous_14)
FN:166,(anonymous_15)
FN:173,(anonymous_16)
FN:185,(anonymous_17)
FN:200,(anonymous_18)
FN:201,(anonymous_19)
FN:210,(anonymous_20)
FN:221,(anonymous_21)
FN:230,(anonymous_22)
FN:242,(anonymous_23)
FN:243,(anonymous_24)
FN:274,(anonymous_25)
FN:275,(anonymous_26)
FN:282,(anonymous_27)
FN:312,(anonymous_28)
FN:313,(anonymous_29)
FNF:30
FNH:0
FNDA:0,(anonymous_0)
FNDA:0,(anonymous_1)
FNDA:0,(anonymous_2)
FNDA:0,(anonymous_3)
FNDA:0,(anonymous_4)
FNDA:0,(anonymous_5)
FNDA:0,(anonymous_6)
FNDA:0,(anonymous_7)
FNDA:0,(anonymous_8)
FNDA:0,(anonymous_9)
FNDA:0,(anonymous_10)
FNDA:0,(anonymous_11)
FNDA:0,(anonymous_12)
FNDA:0,(anonymous_13)
FNDA:0,(anonymous_14)
FNDA:0,(anonymous_15)
FNDA:0,(anonymous_16)
FNDA:0,(anonymous_17)
FNDA:0,(anonymous_18)
FNDA:0,(anonymous_19)
FNDA:0,(anonymous_20)
FNDA:0,(anonymous_21)
FNDA:0,(anonymous_22)
FNDA:0,(anonymous_23)
FNDA:0,(anonymous_24)
FNDA:0,(anonymous_25)
FNDA:0,(anonymous_26)
FNDA:0,(anonymous_27)
FNDA:0,(anonymous_28)
FNDA:0,(anonymous_29)
DA:1,0
DA:2,0
DA:3,0
DA:4,0
DA:6,0
DA:12,0
DA:29,0
DA:40,0
DA:41,0
DA:50,0
DA:51,0
DA:62,0
DA:63,0
DA:85,0
DA:86,0
DA:87,0
DA:90,0
DA:91,0
DA:92,0
DA:94,0
DA:95,0
DA:96,0
DA:99,0
DA:100,0
DA:103,0
DA:104,0
DA:111,0
DA:123,0
DA:126,0
DA:127,0
DA:128,0
DA:132,0
DA:145,0
DA:148,0
DA:150,0
DA:151,0
DA:153,0
DA:156,0
DA:159,0
DA:160,0
DA:161,0
DA:162,0
DA:163,0
DA:166,0
DA:168,0
DA:170,0
DA:171,0
DA:173,0
DA:176,0
DA:179,0
DA:180,0
DA:181,0
DA:182,0
DA:185,0
DA:187,0
DA:188,0
DA:191,0
DA:194,0
DA:195,0
DA:196,0
DA:200,0
DA:201,0
DA:203,0
DA:204,0
DA:205,0
DA:207,0
DA:208,0
DA:210,0
DA:213,0
DA:216,0
DA:217,0
DA:218,0
DA:221,0
DA:223,0
DA:224,0
DA:225,0
DA:227,0
DA:228,0
DA:230,0
DA:233,0
DA:236,0
DA:237,0
DA:238,0
DA:242,0
DA:243,0
DA:247,0
DA:248,0
DA:251,0
DA:254,0
DA:274,0
DA:275,0
DA:277,0
DA:279,0
DA:280,0
DA:282,0
DA:285,0
DA:288,0
DA:289,0
DA:292,0
DA:312,0
DA:313,0
DA:339,0
DA:340,0
DA:342,0
DA:346,0
DA:347,0
DA:349,0
DA:350,0
DA:351,0
DA:352,0
LF:110
LH:0
BRDA:12,0,0,0
BRDA:13,1,0,0
BRDA:13,1,1,0
BRDA:14,2,0,0
BRDA:14,2,1,0
BRDA:15,3,0,0
BRDA:15,3,1,0
BRDA:16,4,0,0
BRDA:16,4,1,0
BRDA:17,5,0,0
BRDA:17,5,1,0
BRDA:18,6,0,0
BRDA:18,6,1,0
BRDA:19,7,0,0
BRDA:19,7,1,0
BRDA:20,8,0,0
BRDA:20,8,1,0
BRDA:21,9,0,0
BRDA:21,9,1,0
BRDA:22,10,0,0
BRDA:22,10,1,0
BRDA:23,11,0,0
BRDA:23,11,1,0
BRDA:24,12,0,0
BRDA:24,12,1,0
BRDA:25,13,0,0
BRDA:25,13,1,0
BRDA:26,14,0,0
BRDA:26,14,1,0
BRDA:40,15,0,0
BRDA:50,16,0,0
BRDA:104,17,0,0
BRDA:104,17,1,0
BRDA:104,17,2,0
BRDA:104,17,3,0
BRF:35
BRH:0
end_of_record
TN:
SF:src\modules\activity-parser\activity.controller.ts
FN:7,(anonymous_4)
FN:13,(anonymous_5)
FN:112,(anonymous_6)
FN:128,(anonymous_7)
FN:132,(anonymous_8)
FN:151,(anonymous_9)
FN:197,(anonymous_10)
FN:198,(anonymous_11)
FNF:8
FNH:1
FNDA:17,(anonymous_4)
FNDA:0,(anonymous_5)
FNDA:0,(anonymous_6)
FNDA:0,(anonymous_7)
FNDA:0,(anonymous_8)
FNDA:0,(anonymous_9)
FNDA:0,(anonymous_10)
FNDA:0,(anonymous_11)
DA:1,17
DA:2,17
DA:3,17
DA:6,17
DA:8,17
DA:9,17
DA:13,17
DA:21,0
DA:22,0
DA:23,0
DA:24,0
DA:28,0
DA:59,0
DA:68,0
DA:71,0
DA:72,0
DA:76,0
DA:77,0
DA:87,0
DA:90,0
DA:111,0
DA:113,0
DA:127,0
DA:128,0
DA:131,0
DA:132,0
DA:135,0
DA:151,17
DA:153,0
DA:154,0
DA:156,0
DA:163,0
DA:197,0
DA:198,0
DA:200,0
DA:201,0
DA:202,0
DA:204,0
LF:38
LH:8
BRDA:14,0,0,0
BRDA:15,1,0,0
BRDA:59,2,0,0
BRDA:59,2,1,0
BRDA:71,3,0,0
BRDA:71,3,1,0
BRDA:76,4,0,0
BRDA:76,4,1,0
BRDA:117,5,0,0
BRDA:117,5,1,0
BRDA:118,6,0,0
BRDA:118,6,1,0
BRDA:119,7,0,0
BRDA:119,7,1,0
BRDA:121,8,0,0
BRDA:121,8,1,0
BRDA:127,9,0,0
BRDA:127,9,1,0
BRDA:131,10,0,0
BRDA:131,10,1,0
BRF:20
BRH:0
end_of_record
TN:
SF:src\modules\auth\public.decorator.ts
FN:4,(anonymous_0)
FNF:1
FNH:1
FNDA:68,(anonymous_0)
DA:1,17
DA:3,17
DA:4,68
LF:3
LH:3
BRF:0
BRH:0
end_of_record
TN:
SF:src\modules\auth\shared-secret.guard.spec.ts
FN:6,(anonymous_0)
FN:13,createMockContext
FN:21,(anonymous_2)
FN:22,(anonymous_3)
FN:23,(anonymous_4)
FN:25,(anonymous_5)
FN:26,(anonymous_6)
FN:35,(anonymous_7)
FN:67,(anonymous_8)
FN:71,(anonymous_9)
FN:72,(anonymous_10)
FN:78,(anonymous_11)
FN:85,(anonymous_12)
FN:86,(anonymous_13)
FN:91,(anonymous_14)
FN:97,(anonymous_15)
FN:98,(anonymous_16)
FN:105,(anonymous_17)
FN:112,(anonymous_18)
FN:113,(anonymous_19)
FN:124,(anonymous_20)
FN:133,(anonymous_21)
FN:141,(anonymous_22)
FN:142,(anonymous_23)
FNF:24
FNH:0
FNDA:0,(anonymous_0)
FNDA:0,createMockContext
FNDA:0,(anonymous_2)
FNDA:0,(anonymous_3)
FNDA:0,(anonymous_4)
FNDA:0,(anonymous_5)
FNDA:0,(anonymous_6)
FNDA:0,(anonymous_7)
FNDA:0,(anonymous_8)
FNDA:0,(anonymous_9)
FNDA:0,(anonymous_10)
FNDA:0,(anonymous_11)
FNDA:0,(anonymous_12)
FNDA:0,(anonymous_13)
FNDA:0,(anonymous_14)
FNDA:0,(anonymous_15)
FNDA:0,(anonymous_16)
FNDA:0,(anonymous_17)
FNDA:0,(anonymous_18)
FNDA:0,(anonymous_19)
FNDA:0,(anonymous_20)
FNDA:0,(anonymous_21)
FNDA:0,(anonymous_22)
FNDA:0,(anonymous_23)
DA:1,0
DA:4,0
DA:6,0
DA:14,0
DA:17,0
DA:20,0
DA:21,0
DA:22,0
DA:23,0
DA:25,0
DA:26,0
DA:30,0
DA:32,0
DA:35,0
DA:36,0
DA:38,0
DA:42,0
DA:46,0
DA:50,0
DA:59,0
DA:67,0
DA:68,0
DA:71,0
DA:72,0
DA:73,0
DA:74,0
DA:75,0
DA:78,0
DA:79,0
DA:80,0
DA:81,0
DA:85,0
DA:86,0
DA:87,0
DA:88,0
DA:91,0
DA:92,0
DA:93,0
DA:97,0
DA:98,0
DA:99,0
DA:100,0
DA:101,0
DA:102,0
DA:105,0
DA:106,0
DA:107,0
DA:108,0
DA:112,0
DA:113,0
DA:114,0
DA:115,0
DA:117,0
DA:118,0
DA:119,0
DA:120,0
DA:121,0
DA:124,0
DA:125,0
DA:126,0
DA:128,0
DA:129,0
DA:130,0
DA:133,0
DA:134,0
DA:136,0
DA:137,0
DA:141,0
DA:142,0
DA:143,0
DA:144,0
DA:146,0
DA:147,0
DA:151,0
DA:152,0
DA:153,0
DA:156,0
DA:157,0
DA:158,0
DA:161,0
DA:164,0
DA:165,0
DA:166,0
DA:167,0
DA:170,0
DA:171,0
DA:173,0
LF:87
LH:0
BRDA:13,0,0,0
BRDA:18,1,0,0
BRDA:18,1,1,0
BRDA:170,2,0,0
BRDA:170,2,1,0
BRF:5
BRH:0
end_of_record
TN:
SF:src\modules\auth\shared-secret.guard.ts
FN:26,(anonymous_13)
FN:33,(anonymous_14)
FN:114,(anonymous_15)
FNF:3
FNH:3
FNDA:34,(anonymous_13)
FNDA:736,(anonymous_14)
FNDA:9,(anonymous_15)
DA:1,17
DA:8,17
DA:9,17
DA:12,17
DA:13,17
DA:14,17
DA:15,17
DA:16,17
DA:17,17
DA:25,17
DA:27,34
DA:28,34
DA:29,34
DA:30,34
DA:35,736
DA:40,736
DA:41,26
DA:42,26
DA:44,710
DA:45,710
DA:46,710
DA:48,710
DA:54,710
DA:56,710
DA:57,0
DA:59,0
DA:60,0
DA:63,0
DA:67,0
DA:68,0
DA:69,0
DA:75,710
DA:76,8
DA:77,8
DA:80,702
DA:83,702
DA:84,701
DA:85,701
DA:86,701
DA:89,700
DA:90,700
DA:92,700
DA:95,700
DA:97,1
DA:103,2
DA:104,1
DA:105,1
DA:106,1
DA:110,1
DA:111,1
DA:115,9
DA:116,9
LF:52
LH:45
BRDA:40,0,0,26
BRDA:40,0,1,710
BRDA:56,1,0,0
BRDA:56,1,1,710
BRDA:57,2,0,0
BRDA:57,2,1,0
BRDA:69,3,0,0
BRDA:69,3,1,0
BRDA:75,4,0,8
BRDA:75,4,1,702
BRDA:75,5,0,710
BRDA:75,5,1,702
BRDA:80,6,0,702
BRDA:80,6,1,0
BRDA:83,7,0,701
BRDA:83,7,1,1
BRDA:103,8,0,1
BRDA:103,8,1,1
BRF:18
BRH:12
end_of_record
TN:
SF:src\modules\backup\backup.controller.ts
FN:8,(anonymous_2)
FN:15,(anonymous_3)
FN:24,(anonymous_4)
FNF:3
FNH:1
FNDA:17,(anonymous_2)
FNDA:0,(anonymous_3)
FNDA:0,(anonymous_4)
DA:1,17
DA:2,17
DA:3,17
DA:7,17
DA:8,17
DA:15,17
DA:16,0
DA:24,17
DA:25,0
DA:26,0
LF:10
LH:7
BRF:0
BRH:0
end_of_record
TN:
SF:src\modules\backup\backup.service.ts
FN:57,(anonymous_11)
FN:59,(anonymous_12)
FN:87,(anonymous_13)
FN:88,(anonymous_14)
FN:89,(anonymous_15)
FN:93,(anonymous_16)
FN:96,(anonymous_17)
FN:97,(anonymous_18)
FN:113,(anonymous_19)
FN:117,(anonymous_20)
FN:172,(anonymous_21)
FN:199,(anonymous_22)
FN:204,(anonymous_23)
FN:213,(anonymous_24)
FN:239,(anonymous_25)
FN:246,(anonymous_26)
FN:260,(anonymous_27)
FN:281,(anonymous_28)
FN:287,(anonymous_29)
FN:290,(anonymous_30)
FNF:20
FNH:3
FNDA:17,(anonymous_11)
FNDA:17,(anonymous_12)
FNDA:0,(anonymous_13)
FNDA:0,(anonymous_14)
FNDA:0,(anonymous_15)
FNDA:17,(anonymous_16)
FNDA:0,(anonymous_17)
FNDA:0,(anonymous_18)
FNDA:0,(anonymous_19)
FNDA:0,(anonymous_20)
FNDA:0,(anonymous_21)
FNDA:0,(anonymous_22)
FNDA:0,(anonymous_23)
FNDA:0,(anonymous_24)
FNDA:0,(anonymous_25)
FNDA:0,(anonymous_26)
FNDA:0,(anonymous_27)
FNDA:0,(anonymous_28)
FNDA:0,(anonymous_29)
FNDA:0,(anonymous_30)
DA:1,17
DA:2,17
DA:3,17
DA:4,17
DA:5,17
DA:6,17
DA:23,17
DA:25,17
DA:31,17
DA:39,17
DA:40,17
DA:41,17
DA:42,17
DA:43,17
DA:44,17
DA:45,17
DA:46,17
DA:47,17
DA:48,17
DA:49,17
DA:50,17
DA:51,17
DA:52,17
DA:53,17
DA:54,17
DA:55,17
DA:57,17
DA:60,17
DA:61,17
DA:63,17
DA:64,0
DA:65,0
DA:67,0
DA:68,0
DA:71,0
DA:72,0
DA:73,0
DA:74,0
DA:75,0
DA:77,0
DA:81,17
DA:87,17
DA:88,0
DA:89,0
DA:93,17
DA:94,17
DA:95,17
DA:96,17
DA:97,0
DA:98,0
DA:99,0
DA:103,17
DA:113,17
DA:114,0
DA:118,0
DA:120,0
DA:121,0
DA:123,0
DA:124,0
DA:125,0
DA:129,0
DA:130,0
DA:132,0
DA:134,0
DA:135,0
DA:138,0
DA:139,0
DA:140,0
DA:143,0
DA:144,0
DA:145,0
DA:146,0
DA:147,0
DA:152,0
DA:153,0
DA:154,0
DA:155,0
DA:157,0
DA:159,0
DA:160,0
DA:161,0
DA:162,0
DA:173,0
DA:179,0
DA:200,0
DA:201,0
DA:205,0
DA:206,0
DA:207,0
DA:208,0
DA:209,0
DA:214,0
DA:215,0
DA:216,0
DA:217,0
DA:218,0
DA:219,0
DA:221,0
DA:225,0
DA:226,0
DA:227,0
DA:230,0
DA:231,0
DA:234,0
DA:235,0
DA:236,0
DA:241,0
DA:242,0
DA:243,0
DA:245,0
DA:246,0
DA:247,0
DA:248,0
DA:249,0
DA:251,0
DA:252,0
DA:255,0
DA:256,0
DA:261,0
DA:262,0
DA:263,0
DA:264,0
DA:265,0
DA:267,0
DA:268,0
DA:269,0
DA:270,0
DA:271,0
DA:273,0
DA:274,0
DA:275,0
DA:277,0
DA:278,0
DA:279,0
DA:281,0
DA:282,0
DA:283,0
DA:286,0
DA:287,0
DA:288,0
DA:289,0
DA:290,0
DA:291,0
DA:296,0
DA:297,0
DA:298,0
LF:146
LH:38
BRDA:42,0,0,17
BRDA:42,0,1,17
BRDA:43,1,0,17
BRDA:43,1,1,17
BRDA:63,2,0,0
BRDA:63,2,1,17
BRDA:64,3,0,0
BRDA:64,3,1,0
BRDA:77,4,0,0
BRDA:77,4,1,0
BRDA:89,5,0,0
BRDA:89,5,1,0
BRDA:94,6,0,0
BRDA:94,6,1,17
BRDA:94,7,0,17
BRDA:94,7,1,17
BRDA:134,8,0,0
BRDA:134,8,1,0
BRDA:134,9,0,0
BRDA:134,9,1,0
BRDA:143,10,0,0
BRDA:143,10,1,0
BRDA:159,11,0,0
BRDA:159,11,1,0
BRDA:160,12,0,0
BRDA:160,12,1,0
BRDA:173,13,0,0
BRDA:173,13,1,0
BRDA:175,14,0,0
BRDA:175,14,1,0
BRDA:191,15,0,0
BRDA:191,15,1,0
BRDA:192,16,0,0
BRDA:192,16,1,0
BRDA:205,17,0,0
BRDA:205,17,1,0
BRDA:207,18,0,0
BRDA:207,18,1,0
BRDA:214,19,0,0
BRDA:214,19,1,0
BRDA:225,20,0,0
BRDA:225,20,1,0
BRDA:245,21,0,0
BRDA:245,21,1,0
BRDA:251,22,0,0
BRDA:251,22,1,0
BRDA:255,23,0,0
BRDA:255,23,1,0
BRDA:262,24,0,0
BRDA:262,24,1,0
BRDA:262,25,0,0
BRDA:262,25,1,0
BRDA:263,26,0,0
BRDA:263,26,1,0
BRDA:269,27,0,0
BRDA:269,27,1,0
BRDA:277,28,0,0
BRDA:277,28,1,0
BRF:58
BRH:8
end_of_record
TN:
SF:src\modules\database\database.controller.spec.ts
FN:3,(anonymous_0)
FN:7,(anonymous_1)
FN:19,(anonymous_2)
FN:23,(anonymous_3)
FN:24,(anonymous_4)
FN:34,(anonymous_5)
FN:41,(anonymous_6)
FN:48,(anonymous_7)
FN:55,(anonymous_8)
FN:63,(anonymous_9)
FN:64,(anonymous_10)
FN:73,(anonymous_11)
FN:80,(anonymous_12)
FN:88,(anonymous_13)
FN:89,(anonymous_14)
FN:94,(anonymous_15)
FN:100,(anonymous_16)
FN:101,(anonymous_17)
FN:106,(anonymous_18)
FN:112,(anonymous_19)
FN:113,(anonymous_20)
FN:118,(anonymous_21)
FNF:22
FNH:0
FNDA:0,(anonymous_0)
FNDA:0,(anonymous_1)
FNDA:0,(anonymous_2)
FNDA:0,(anonymous_3)
FNDA:0,(anonymous_4)
FNDA:0,(anonymous_5)
FNDA:0,(anonymous_6)
FNDA:0,(anonymous_7)
FNDA:0,(anonymous_8)
FNDA:0,(anonymous_9)
FNDA:0,(anonymous_10)
FNDA:0,(anonymous_11)
FNDA:0,(anonymous_12)
FNDA:0,(anonymous_13)
FNDA:0,(anonymous_14)
FNDA:0,(anonymous_15)
FNDA:0,(anonymous_16)
FNDA:0,(anonymous_17)
FNDA:0,(anonymous_18)
FNDA:0,(anonymous_19)
FNDA:0,(anonymous_20)
FNDA:0,(anonymous_21)
DA:1,0
DA:3,0
DA:7,0
DA:8,0
DA:16,0
DA:19,0
DA:20,0
DA:23,0
DA:24,0
DA:25,0
DA:26,0
DA:34,0
DA:35,0
DA:36,0
DA:41,0
DA:42,0
DA:43,0
DA:48,0
DA:49,0
DA:50,0
DA:55,0
DA:56,0
DA:57,0
DA:63,0
DA:64,0
DA:65,0
DA:66,0
DA:73,0
DA:74,0
DA:75,0
DA:80,0
DA:81,0
DA:82,0
DA:88,0
DA:89,0
DA:90,0
DA:91,0
DA:94,0
DA:95,0
DA:96,0
DA:100,0
DA:101,0
DA:102,0
DA:103,0
DA:106,0
DA:107,0
DA:108,0
DA:112,0
DA:113,0
DA:114,0
DA:115,0
DA:118,0
DA:119,0
DA:120,0
LF:54
LH:0
BRF:0
BRH:0
end_of_record
TN:
SF:src\modules\database\database.controller.ts
FN:6,(anonymous_4)
FN:9,(anonymous_5)
FN:24,(anonymous_6)
FN:37,(anonymous_7)
FN:42,(anonymous_8)
FN:47,(anonymous_9)
FNF:6
FNH:1
FNDA:17,(anonymous_4)
FNDA:0,(anonymous_5)
FNDA:0,(anonymous_6)
FNDA:0,(anonymous_7)
FNDA:0,(anonymous_8)
FNDA:0,(anonymous_9)
DA:1,17
DA:2,17
DA:5,17
DA:6,17
DA:9,17
DA:15,0
DA:24,17
DA:29,0
DA:37,17
DA:38,0
DA:42,17
DA:43,0
DA:47,17
DA:48,0
LF:14
LH:9
BRDA:10,0,0,0
BRDA:11,1,0,0
BRDA:19,2,0,0
BRDA:19,2,1,0
BRDA:25,3,0,0
BRDA:26,4,0,0
BRF:6
BRH:0
end_of_record
TN:
SF:src\modules\database\database.service.spec.ts
FN:14,(anonymous_0)
FN:27,(anonymous_1)
FN:51,(anonymous_2)
FN:52,(anonymous_3)
FN:65,(anonymous_4)
FN:79,(anonymous_5)
FN:95,(anonymous_6)
FN:105,(anonymous_7)
FN:115,(anonymous_8)
FN:129,(anonymous_9)
FN:158,(anonymous_10)
FN:159,(anonymous_11)
FN:172,(anonymous_12)
FN:186,(anonymous_13)
FN:196,(anonymous_14)
FN:217,(anonymous_15)
FN:218,(anonymous_16)
FN:235,(anonymous_17)
FN:241,(anonymous_18)
FN:259,(anonymous_19)
FN:260,(anonymous_20)
FN:277,(anonymous_21)
FN:283,(anonymous_22)
FN:301,(anonymous_23)
FN:302,(anonymous_24)
FN:313,(anonymous_25)
FN:326,(anonymous_26)
FN:337,(anonymous_27)
FNF:28
FNH:0
FNDA:0,(anonymous_0)
FNDA:0,(anonymous_1)
FNDA:0,(anonymous_2)
FNDA:0,(anonymous_3)
FNDA:0,(anonymous_4)
FNDA:0,(anonymous_5)
FNDA:0,(anonymous_6)
FNDA:0,(anonymous_7)
FNDA:0,(anonymous_8)
[...]
FNDA:339,(anonymous_21)
DA:1,17
DA:2,17
DA:6,17
DA:7,17
DA:8,17
DA:9,17
DA:10,17
DA:17,17
DA:21,17
DA:23,17
DA:24,17
DA:25,17
DA:26,17
DA:39,17
DA:42,17
DA:43,17
DA:44,17
DA:45,17
DA:49,161
DA:51,161
DA:52,161
DA:54,161
DA:56,153
DA:57,153
DA:58,153
DA:60,153
DA:75,153
DA:77,153
DA:78,153
DA:82,22
DA:83,22
DA:85,22
DA:86,9
DA:87,9
DA:90,13
DA:98,41
DA:99,0
DA:102,41
DA:105,41
DA:106,41
DA:108,0
DA:116,41
DA:123,42
DA:124,41
DA:125,1
DA:128,41
DA:129,41
DA:130,41
DA:131,41
DA:133,41
DA:135,41
DA:151,42
DA:153,42
DA:154,42
DA:155,52
DA:157,42
DA:159,42
DA:161,42
DA:162,1
DA:165,41
DA:167,41
DA:169,41
DA:170,41
DA:179,5
DA:181,5
DA:183,5
DA:185,5
DA:186,1
DA:189,4
DA:191,4
DA:192,4
DA:193,4
DA:195,4
DA:207,4
DA:209,4
DA:213,11
DA:214,11
DA:216,11
DA:217,5
DA:218,5
DA:221,6
DA:222,6
DA:228,208
DA:229,208
DA:230,0
DA:244,206
DA:251,206
DA:253,8
DA:257,8
DA:271,41
DA:272,41
DA:273,41
DA:276,41
DA:277,41
DA:289,0
DA:290,0
DA:292,0
DA:295,41
DA:297,41
DA:304,41
DA:318,253
DA:319,253
DA:322,253
DA:325,253
DA:326,253
DA:327,253
DA:328,253
DA:329,10
DA:335,253
DA:337,253
DA:353,795
DA:354,2146
DA:355,506
DA:356,527
DA:357,274
DA:360,1640
DA:361,268
DA:362,1372
DA:363,1100
DA:364,1100
DA:365,1100
DA:371,253
DA:372,253
DA:373,253
DA:375,253
DA:385,157
DA:386,157
DA:387,157
DA:388,157
DA:389,157
DA:390,157
DA:392,157
DA:399,339
DA:400,0
DA:403,339
DA:404,339
DA:406,0
LF:137
LH:129
BRDA:54,0,0,161
BRDA:54,0,1,0
BRDA:63,1,0,153
BRDA:63,1,1,0
BRDA:65,2,0,5
BRDA:65,2,1,148
BRDA:66,3,0,153
BRDA:66,3,1,0
BRDA:85,4,0,9
BRDA:85,4,1,13
BRDA:94,5,0,32
BRDA:94,6,0,29
BRDA:98,7,0,0
BRDA:98,7,1,41
BRDA:124,8,0,1
BRDA:124,8,1,40
BRDA:161,9,0,1
BRDA:161,9,1,41
BRDA:185,10,0,1
BRDA:185,10,1,4
BRDA:189,11,0,4
BRDA:189,11,1,0
BRDA:193,12,0,4
BRDA:193,12,1,0
BRDA:196,13,0,4
BRDA:196,13,1,0
BRDA:198,14,0,0
BRDA:198,14,1,4
BRDA:199,15,0,4
BRDA:199,15,1,0
BRDA:216,16,0,5
BRDA:216,16,1,6
BRDA:229,17,0,0
BRDA:229,17,1,208
BRDA:229,18,0,208
BRDA:229,18,1,208
BRDA:251,19,0,8
BRDA:251,19,1,198
BRDA:253,20,0,6
BRDA:253,20,1,2
BRDA:272,21,0,41
BRDA:272,21,1,0
BRDA:273,22,0,41
BRDA:273,22,1,0
BRDA:281,23,0,41
BRDA:281,23,1,37
BRDA:282,24,0,41
BRDA:282,24,1,0
BRDA:289,25,0,0
BRDA:289,25,1,0
BRDA:298,26,0,41
BRDA:298,26,1,0
BRDA:299,27,0,41
BRDA:299,27,1,0
BRDA:319,28,0,253
BRDA:319,28,1,0
BRDA:328,29,0,10
BRDA:328,29,1,243
BRDA:342,30,0,253
BRDA:342,30,1,0
BRDA:354,31,0,506
BRDA:354,31,1,1640
BRDA:356,32,0,274
BRDA:356,32,1,253
BRDA:356,33,0,527
BRDA:356,33,1,274
BRDA:360,34,0,268
BRDA:360,34,1,1372
BRDA:360,35,0,1640
BRDA:360,35,1,268
BRDA:362,36,0,1100
BRDA:362,36,1,272
BRDA:364,37,0,0
BRDA:364,37,1,1100
BRDA:365,38,0,0
BRDA:365,38,1,1100
BRDA:399,39,0,0
BRDA:399,39,1,339
BRF:78
BRH:56
end_of_record
TN:
SF:src\modules\scim\services\scim-metadata.service.spec.ts
FN:3,(anonymous_0)
FN:6,(anonymous_1)
FN:10,(anonymous_2)
FN:11,(anonymous_3)
FN:16,(anonymous_4)
FN:21,(anonymous_5)
FN:26,(anonymous_6)
FN:33,(anonymous_7)
FN:40,(anonymous_8)
FN:41,(anonymous_9)
FN:47,(anonymous_10)
FNF:11
FNH:0
FNDA:0,(anonymous_0)
FNDA:0,(anonymous_1)
FNDA:0,(anonymous_2)
FNDA:0,(anonymous_3)
FNDA:0,(anonymous_4)
FNDA:0,(anonymous_5)
FNDA:0,(anonymous_6)
FNDA:0,(anonymous_7)
FNDA:0,(anonymous_8)
FNDA:0,(anonymous_9)
FNDA:0,(anonymous_10)
DA:1,0
DA:3,0
DA:6,0
DA:7,0
DA:10,0
DA:11,0
DA:12,0
DA:13,0
DA:16,0
DA:17,0
DA:18,0
DA:21,0
DA:22,0
DA:23,0
DA:26,0
DA:27,0
DA:29,0
DA:33,0
DA:34,0
DA:35,0
DA:36,0
DA:40,0
DA:41,0
DA:42,0
DA:44,0
DA:47,0
DA:48,0
DA:49,0
DA:50,0
DA:51,0
DA:52,0
DA:53,0
LF:32
LH:0
BRF:0
BRH:0
end_of_record
TN:
SF:src\modules\scim\services\scim-metadata.service.ts
FN:5,(anonymous_1)
FN:10,(anonymous_2)
FNF:2
FNH:1
FNDA:351,(anonymous_1)
FNDA:0,(anonymous_2)
DA:1,17
DA:4,17
DA:6,351
DA:7,351
DA:11,0
LF:5
LH:4
BRDA:6,0,0,0
BRDA:6,0,1,351
BRF:2
BRH:1
end_of_record
TN:
SF:src\modules\scim\utils\scim-patch-path.spec.ts
FN:15,(anonymous_0)
FN:18,(anonymous_1)
FN:19,(anonymous_2)
FN:23,(anonymous_3)
FN:27,(anonymous_4)
FN:36,(anonymous_5)
FN:37,(anonymous_6)
FN:48,(anonymous_7)
FN:59,(anonymous_8)
FN:70,(anonymous_9)
FN:74,(anonymous_10)
FN:78,(anonymous_11)
FN:89,(anonymous_12)
FN:100,(anonymous_13)
FN:111,(anonymous_14)
FN:117,(anonymous_15)
FN:121,(anonymous_16)
FN:128,(anonymous_17)
FN:129,(anonymous_18)
FN:135,(anonymous_19)
FN:141,(anonymous_20)
FN:145,(anonymous_21)
FN:149,(anonymous_22)
FN:155,(anonymous_23)
FN:164,(anonymous_24)
FN:165,(anonymous_25)
FN:175,(anonymous_26)
FN:185,(anonymous_27)
FN:191,(anonymous_28)
FN:195,(anonymous_29)
FN:204,(anonymous_30)
FN:215,(anonymous_31)
FN:216,(anonymous_32)
FN:220,(anonymous_33)
FN:224,(anonymous_34)
FN:228,(anonymous_35)
FN:232,(anonymous_36)
FN:238,(anonymous_37)
FN:242,(anonymous_38)
FN:246,(anonymous_39)
FN:250,(anonymous_40)
FN:257,(anonymous_41)
FN:258,(anonymous_42)
FN:276,(anonymous_43)
FN:283,(anonymous_44)
FN:292,(anonymous_45)
FN:306,(anonymous_46)
FN:318,(anonymous_47)
FN:328,(anonymous_48)
FN:344,(anonymous_49)
FN:345,(anonymous_50)
FN:357,(anonymous_51)
FN:370,(anonymous_52)
FN:381,(anonymous_53)
FN:391,(anonymous_54)
FN:394,(anonymous_55)
FN:405,(anonymous_56)
FN:413,(anonymous_57)
FN:422,(anonymous_58)
FN:431,(anonymous_59)
FN:442,(anonymous_60)
FN:452,(anonymous_61)
FN:462,(anonymous_62)
FN:472,(anonymous_63)
FN:484,(anonymous_64)
FN:487,(anonymous_65)
FN:498,(anonymous_66)
FN:505,(anonymous_67)
FN:517,(anonymous_68)
FN:518,(anonymous_69)
FN:527,(anonymous_70)
FN:538,(anonymous_71)
FN:550,(anonymous_72)
FN:561,(anonymous_73)
FN:570,(anonymous_74)
FN:582,(anonymous_75)
FN:585,(anonymous_76)
FN:593,(anonymous_77)
FN:601,(anonymous_78)
FN:613,(anonymous_79)
FN:616,(anonymous_80)
FN:624,(anonymous_81)
FN:630,(anonymous_82)
FN:639,(anonymous_83)
FN:645,(anonymous_84)
FN:662,(anonymous_85)
FN:673,(anonymous_86)
FNF:87
FNH:0
FNDA:0,(anonymous_0)
FNDA:0,(anonymous_1)
FNDA:0,(anonymous_2)
FNDA:0,(anonymous_3)
FNDA:0,(anonymous_4)
FNDA:0,(anonymous_5)
FNDA:0,(anonymous_6)
FNDA:0,(anonymous_7)
FNDA:0,(anonymous_8)
FNDA:0,(anonymous_9)
FNDA:0,(anonymous_10)
FNDA:0,(anonymous_11)
FNDA:0,(anonymous_12)
FNDA:0,(anonymous_13)
FNDA:0,(anonymous_14)
FNDA:0,(anonymous_15)
FNDA:0,(anonymous_16)
FNDA:0,(anonymous_17)
FNDA:0,(anonymous_18)
FNDA:0,(anonymous_19)
FNDA:0,(anonymous_20)
FNDA:0,(anonymous_21)
FNDA:0,(anonymous_22)
FNDA:0,(anonymous_23)
FNDA:0,(anonymous_24)
FNDA:0,(anonymous_25)
FNDA:0,(anonymous_26)
FNDA:0,(anonymous_27)
FNDA:0,(anonymous_28)
FNDA:0,(anonymous_29)
FNDA:0,(anonymous_30)
FNDA:0,(anonymous_31)
FNDA:0,(anonymous_32)
FNDA:0,(anonymous_33)
FNDA:0,(anonymous_34)
FNDA:0,(anonymous_35)
FNDA:0,(anonymous_36)
FNDA:0,(anonymous_37)
FNDA:0,(anonymous_38)
FNDA:0,(anonymous_39)
FNDA:0,(anonymous_40)
FNDA:0,(anonymous_41)
FNDA:0,(anonymous_42)
FNDA:0,(anonymous_43)
FNDA:0,(anonymous_44)
FNDA:0,(anonymous_45)
FNDA:0,(anonymous_46)
FNDA:0,(anonymous_47)
FNDA:0,(anonymous_48)
FNDA:0,(anonymous_49)
FNDA:0,(anonymous_50)
FNDA:0,(anonymous_51)
FNDA:0,(anonymous_52)
FNDA:0,(anonymous_53)
FNDA:0,(anonymous_54)
FNDA:0,(anonymous_55)
FNDA:0,(anonymous_56)
FNDA:0,(anonymous_57)
FNDA:0,(anonymous_58)
FNDA:0,(anonymous_59)
FNDA:0,(anonymous_60)
FNDA:0,(anonymous_61)
FNDA:0,(anonymous_62)
FNDA:0,(anonymous_63)
FNDA:0,(anonymous_64)
FNDA:0,(anonymous_65)
FNDA:0,(anonymous_66)
FNDA:0,(anonymous_67)
FNDA:0,(anonymous_68)
FNDA:0,(anonymous_69)
FNDA:0,(anonymous_70)
FNDA:0,(anonymous_71)
FNDA:0,(anonymous_72)
FNDA:0,(anonymous_73)
FNDA:0,(anonymous_74)
FNDA:0,(anonymous_75)
FNDA:0,(anonymous_76)
FNDA:0,(anonymous_77)
FNDA:0,(anonymous_78)
FNDA:0,(anonymous_79)
FNDA:0,(anonymous_80)
FNDA:0,(anonymous_81)
FNDA:0,(anonymous_82)
FNDA:0,(anonymous_83)
FNDA:0,(anonymous_84)
FNDA:0,(anonymous_85)
FNDA:0,(anonymous_86)
DA:1,0
DA:15,0
DA:18,0
DA:19,0
DA:20,0
DA:23,0
DA:24,0
DA:27,0
DA:28,0
DA:36,0
DA:37,0
DA:38,0
DA:39,0
DA:48,0
DA:49,0
DA:50,0
DA:59,0
DA:60,0
DA:61,0
DA:70,0
DA:71,0
DA:74,0
DA:75,0
DA:78,0
DA:79,0
DA:80,0
DA:89,0
DA:90,0
DA:91,0
DA:100,0
DA:101,0
DA:102,0
DA:111,0
DA:112,0
DA:113,0
DA:114,0
DA:117,0
DA:118,0
DA:121,0
DA:122,0
DA:128,0
DA:129,0
DA:130,0
DA:135,0
DA:136,0
DA:141,0
DA:142,0
DA:145,0
DA:146,0
DA:149,0
DA:150,0
DA:155,0
DA:156,0
DA:164,0
DA:165,0
DA:166,0
DA:169,0
DA:175,0
DA:176,0
DA:179,0
DA:185,0
DA:186,0
DA:191,0
DA:192,0
DA:195,0
DA:196,0
DA:199,0
DA:200,0
DA:201,0
DA:204,0
DA:205,0
DA:208,0
DA:209,0
DA:215,0
DA:216,0
DA:217,0
DA:220,0
DA:221,0
DA:224,0
DA:225,0
DA:228,0
DA:229,0
DA:232,0
DA:234,0
DA:235,0
DA:238,0
DA:239,0
DA:242,0
DA:243,0
DA:246,0
DA:247,0
DA:250,0
DA:251,0
DA:257,0
DA:258,0
DA:259,0
DA:266,0
DA:267,0
DA:269,0
DA:271,0
DA:273,0
DA:276,0
DA:277,0
DA:278,0
DA:279,0
DA:280,0
DA:283,0
DA:284,0
DA:287,0
DA:288,0
DA:289,0
DA:292,0
DA:293,0
DA:298,0
DA:299,0
DA:300,0
DA:306,0
DA:307,0
DA:312,0
DA:313,0
DA:314,0
DA:315,0
DA:318,0
DA:319,0
DA:322,0
DA:323,0
DA:324,0
DA:325,0
DA:328,0
DA:329,0
DA:335,0
DA:336,0
DA:337,0
DA:338,0
DA:344,0
DA:345,0
DA:346,0
DA:351,0
DA:352,0
DA:353,0
DA:354,0
DA:357,0
DA:358,0
DA:364,0
DA:365,0
DA:366,0
DA:367,0
DA:370,0
DA:371,0
DA:374,0
DA:375,0
DA:377,0
DA:378,0
DA:381,0
DA:382,0
DA:383,0
DA:384,0
DA:385,0
DA:391,0
DA:392,0
DA:394,0
DA:395,0
DA:398,0
DA:399,0
DA:400,0
DA:401,0
DA:402,0
DA:405,0
DA:406,0
DA:407,0
DA:408,0
DA:409,0
DA:410,0
DA:413,0
DA:414,0
DA:417,0
DA:418,0
DA:419,0
DA:422,0
DA:423,0
DA:424,0
DA:425,0
DA:426,0
DA:431,0
DA:432,0
DA:435,0
DA:436,0
DA:437,0
DA:438,0
DA:439,0
DA:442,0
DA:443,0
DA:446,0
DA:447,0
DA:448,0
DA:449,0
DA:452,0
DA:453,0
DA:456,0
DA:457,0
DA:458,0
DA:459,0
DA:462,0
DA:463,0
DA:466,0
DA:467,0
DA:468,0
DA:469,0
DA:472,0
DA:473,0
DA:476,0
DA:477,0
DA:478,0
DA:484,0
DA:485,0
DA:487,0
DA:488,0
DA:491,0
DA:492,0
DA:493,0
DA:494,0
DA:495,0
DA:498,0
DA:499,0
DA:500,0
DA:501,0
DA:502,0
DA:505,0
DA:506,0
DA:509,0
DA:510,0
DA:511,0
DA:517,0
DA:518,0
DA:519,0
DA:520,0
DA:521,0
DA:522,0
DA:523,0
DA:524,0
DA:527,0
DA:528,0
DA:531,0
DA:532,0
DA:533,0
DA:534,0
DA:535,0
DA:538,0
DA:539,0
DA:542,0
DA:543,0
DA:544,0
DA:545,0
DA:546,0
DA:547,0
DA:550,0
DA:551,0
DA:554,0
DA:555,0
DA:556,0
DA:557,0
DA:558,0
DA:561,0
DA:562,0
DA:563,0
DA:564,0
DA:565,0
DA:566,0
DA:570,0
DA:571,0
DA:572,0
DA:573,0
DA:574,0
DA:575,0
DA:576,0
DA:582,0
DA:583,0
DA:585,0
DA:586,0
DA:587,0
DA:588,0
DA:589,0
DA:590,0
DA:593,0
DA:594,0
DA:595,0
DA:596,0
DA:597,0
DA:598,0
DA:601,0
DA:602,0
DA:603,0
DA:604,0
DA:605,0
DA:606,0
DA:607,0
DA:613,0
DA:614,0
DA:616,0
DA:617,0
DA:620,0
DA:621,0
DA:624,0
DA:625,0
DA:626,0
DA:627,0
DA:630,0
DA:631,0
DA:632,0
DA:635,0
DA:636,0
DA:639,0
DA:640,0
DA:641,0
DA:642,0
DA:645,0
DA:646,0
DA:650,0
DA:655,0
DA:656,0
DA:657,0
DA:658,0
DA:659,0
DA:662,0
DA:663,0
DA:666,0
DA:667,0
DA:668,0
DA:669,0
DA:670,0
DA:673,0
DA:674,0
DA:675,0
DA:678,0
DA:679,0
LF:335
LH:0
BRF:0
BRH:0
end_of_record
TN:
SF:src\modules\scim\utils\scim-patch-path.ts
FN:44,isValuePath
FN:59,parseValuePath
FN:83,isExtensionPath
FN:86,(anonymous_3)
FN:96,parseExtensionPath
FN:115,matchesFilter
FN:123,(anonymous_6)
FN:146,applyValuePathUpdate
FN:159,(anonymous_8)
FN:188,removeValuePathEntry
FN:199,(anonymous_10)
FN:216,(anonymous_11)
FN:239,addValuePathEntry
FN:250,(anonymous_13)
FN:292,applyExtensionUpdate
FN:337,isEmptyScimValue
FN:360,removeExtensionAttribute
FN:386,resolveNoPathValue
FNF:18
FNH:12
FNDA:14,isValuePath
FNDA:1,parseValuePath
FNDA:32,isExtensionPath
FNDA:32,(anonymous_3)
FNDA:10,parseExtensionPath
FNDA:1,matchesFilter
FNDA:1,(anonymous_6)
FNDA:1,applyValuePathUpdate
FNDA:1,(anonymous_8)
FNDA:0,removeValuePathEntry
FNDA:0,(anonymous_10)
FNDA:0,(anonymous_11)
FNDA:0,addValuePathEntry
FNDA:0,(anonymous_13)
FNDA:10,applyExtensionUpdate
FNDA:10,isEmptyScimValue
FNDA:0,removeExtensionAttribute
FNDA:6,resolveNoPathValue
DA:13,17
DA:44,17
DA:45,14
DA:59,17
DA:62,1
DA:63,1
DA:64,1
DA:65,0
DA:68,1
DA:83,17
DA:84,32
DA:85,32
DA:86,32
DA:96,17
DA:97,10
DA:98,10
DA:99,10
DA:100,10
DA:101,10
DA:102,10
DA:103,10
DA:104,10
DA:108,0
DA:115,17
DA:122,1
DA:123,1
DA:125,1
DA:127,1
DA:128,1
DA:130,0
DA:134,0
DA:146,17
DA:151,1
DA:153,1
DA:156,0
DA:159,1
DA:160,1
DA:161,1
DA:169,1
DA:170,1
DA:172,1
DA:175,0
DA:177,1
DA:180,1
DA:188,17
DA:192,0
DA:193,0
DA:194,0
DA:197,0
DA:199,0
DA:200,0
DA:201,0
DA:208,0
DA:209,0
DA:210,0
DA:211,0
DA:212,0
DA:216,0
DA:217,0
DA:218,0
DA:227,0
DA:239,17
DA:244,0
DA:246,0
DA:247,0
DA:250,0
DA:251,0
DA:252,0
DA:260,0
DA:262,0
DA:263,0
DA:265,0
DA:269,0
DA:272,0
DA:273,0
DA:275,0
DA:278,0
DA:279,0
DA:292,17
DA:297,10
DA:303,10
DA:304,2
DA:305,2
DA:306,2
DA:312,8
DA:313,0
DA:315,8
DA:318,8
DA:319,8
DA:338,10
DA:339,0
DA:341,10
DA:342,7
DA:343,7
DA:344,7
DA:345,7
DA:348,3
DA:360,17
DA:364,0
DA:365,0
DA:366,0
DA:367,0
DA:368,0
DA:370,0
DA:386,17
DA:390,6
DA:391,8
DA:393,0
DA:394,0
DA:395,0
DA:397,0
DA:399,8
DA:401,0
DA:402,0
DA:403,0
DA:404,0
DA:405,0
DA:406,0
DA:408,0
DA:411,8
DA:414,6
LF:121
LH:64
BRDA:45,0,0,14
BRDA:45,0,1,1
BRDA:64,1,0,0
BRDA:64,1,1,1
BRDA:73,2,0,1
BRDA:73,2,1,0
BRDA:84,3,0,32
BRDA:84,3,1,32
BRDA:97,4,0,10
BRDA:97,4,1,10
BRDA:101,5,0,10
BRDA:101,5,1,0
BRDA:103,6,0,10
BRDA:103,6,1,0
BRDA:125,7,0,1
BRDA:125,7,1,0
BRDA:127,8,0,1
BRDA:127,8,1,0
BRDA:127,9,0,1
BRDA:127,9,1,1
BRDA:153,10,0,0
BRDA:153,10,1,1
BRDA:160,11,0,0
BRDA:160,11,1,1
BRDA:160,12,0,1
BRDA:160,12,1,1
BRDA:169,13,0,1
BRDA:169,13,1,0
BRDA:170,14,0,1
BRDA:170,14,1,0
BRDA:193,15,0,0
BRDA:193,15,1,0
BRDA:197,16,0,0
BRDA:197,16,1,0
BRDA:200,17,0,0
BRDA:200,17,1,0
BRDA:200,18,0,0
BRDA:200,18,1,0
BRDA:208,19,0,0
BRDA:208,19,1,0
BRDA:217,20,0,0
BRDA:217,20,1,0
BRDA:217,21,0,0
BRDA:217,21,1,0
BRDA:246,22,0,0
BRDA:246,22,1,0
BRDA:251,23,0,0
BRDA:251,23,1,0
BRDA:251,24,0,0
BRDA:251,24,1,0
BRDA:260,25,0,0
BRDA:260,25,1,0
BRDA:262,26,0,0
BRDA:262,26,1,0
BRDA:272,27,0,0
BRDA:272,27,1,0
BRDA:297,28,0,10
BRDA:297,28,1,6
BRDA:303,29,0,2
BRDA:303,29,1,8
BRDA:312,30,0,0
BRDA:312,30,1,8
BRDA:312,31,0,8
BRDA:312,31,1,5
BRDA:338,32,0,0
BRDA:338,32,1,10
BRDA:338,33,0,10
BRDA:338,33,1,10
BRDA:338,33,2,10
BRDA:341,34,0,7
BRDA:341,34,1,3
BRDA:341,35,0,10
BRDA:341,35,1,7
BRDA:341,35,2,7
BRDA:344,36,0,7
BRDA:344,36,1,0
BRDA:344,37,0,7
BRDA:344,37,1,7
BRDA:345,38,0,7
BRDA:345,38,1,7
BRDA:345,38,2,7
BRDA:365,39,0,0
BRDA:365,39,1,0
BRDA:365,40,0,0
BRDA:365,40,1,0
BRDA:391,41,0,0
BRDA:391,41,1,8
BRDA:394,42,0,0
BRDA:394,42,1,0
BRDA:399,43,0,0
BRDA:399,43,1,8
BRDA:405,44,0,0
BRDA:405,44,1,0
BRDA:405,45,0,0
BRDA:405,45,1,0
BRDA:405,45,2,0
BRF:96
BRH:44
end_of_record
TN:
SF:src\modules\web\web.controller.spec.ts
FN:3,(anonymous_0)
FN:6,(anonymous_1)
FN:10,(anonymous_2)
FN:14,(anonymous_3)
FN:15,(anonymous_4)
FN:25,(anonymous_5)
FN:26,(anonymous_6)
FNF:7
FNH:0
FNDA:0,(anonymous_0)
FNDA:0,(anonymous_1)
FNDA:0,(anonymous_2)
FNDA:0,(anonymous_3)
FNDA:0,(anonymous_4)
FNDA:0,(anonymous_5)
FNDA:0,(anonymous_6)
DA:1,0
DA:3,0
DA:6,0
DA:7,0
DA:10,0
DA:11,0
DA:14,0
DA:15,0
DA:16,0
DA:17,0
DA:18,0
DA:19,0
DA:20,0
DA:21,0
DA:25,0
DA:26,0
DA:27,0
DA:28,0
DA:29,0
DA:30,0
DA:31,0
DA:32,0
LF:22
LH:0
BRF:0
BRH:0
end_of_record
TN:
SF:src\modules\web\web.controller.ts
FN:12,(anonymous_4)
FN:18,(anonymous_5)
FNF:2
FNH:0
FNDA:0,(anonymous_4)
FNDA:0,(anonymous_5)
DA:1,17
DA:3,17
DA:4,17
DA:7,17
DA:12,17
DA:13,0
DA:18,17
DA:19,0
DA:20,0
LF:9
LH:6
BRF:0
BRH:0
end_of_record
TN:
SF:src\oauth\oauth.controller.spec.ts
FN:4,(anonymous_0)
FN:15,(anonymous_1)
FN:27,(anonymous_2)
FN:28,(anonymous_3)
FN:36,(anonymous_4)
FN:44,(anonymous_5)
FN:52,(anonymous_6)
FN:61,(anonymous_7)
FN:74,(anonymous_8)
FN:87,(anonymous_9)
FN:92,(anonymous_10)
FN:106,(anonymous_11)
FN:114,(anonymous_12)
FNF:13
FNH:0
FNDA:0,(anonymous_0)
FNDA:0,(anonymous_1)
FNDA:0,(anonymous_2)
FNDA:0,(anonymous_3)
FNDA:0,(anonymous_4)
FNDA:0,(anonymous_5)
FNDA:0,(anonymous_6)
FNDA:0,(anonymous_7)
FNDA:0,(anonymous_8)
FNDA:0,(anonymous_9)
FNDA:0,(anonymous_10)
FNDA:0,(anonymous_11)
FNDA:0,(anonymous_12)
DA:1,0
DA:2,0
DA:4,0
DA:7,0
DA:15,0
DA:16,0
DA:24,0
DA:27,0
DA:28,0
DA:29,0
DA:30,0
DA:31,0
DA:32,0
DA:36,0
DA:37,0
DA:44,0
DA:45,0
DA:46,0
DA:47,0
DA:48,0
DA:49,0
DA:52,0
DA:53,0
DA:54,0
DA:61,0
DA:62,0
DA:63,0
DA:65,0
DA:66,0
DA:68,0
DA:69,0
DA:70,0
DA:74,0
DA:75,0
DA:76,0
DA:78,0
DA:79,0
DA:81,0
DA:82,0
DA:83,0
DA:87,0
DA:88,0
DA:89,0
DA:92,0
DA:93,0
DA:95,0
DA:97,0
DA:98,0
DA:100,0
DA:101,0
DA:102,0
DA:106,0
DA:107,0
DA:108,0
DA:109,0
DA:114,0
DA:115,0
DA:116,0
DA:117,0
LF:59
LH:0
BRF:0
BRH:0
end_of_record
TN:
SF:src\oauth\oauth.controller.ts
FN:23,(anonymous_4)
FN:30,(anonymous_5)
FN:36,(anonymous_6)
FNF:3
FNH:3
FNDA:17,(anonymous_4)
FNDA:1,(anonymous_5)
FNDA:25,(anonymous_6)
DA:1,17
DA:2,17
DA:3,17
DA:4,17
DA:5,17
DA:22,17
DA:24,17
DA:25,17
DA:30,17
DA:31,1
DA:36,17
DA:37,25
DA:42,25
DA:47,25
DA:48,1
DA:58,24
DA:59,1
DA:68,23
DA:69,23
DA:75,22
DA:79,22
DA:86,1
DA:91,1
LF:23
LH:23
BRDA:47,0,0,1
BRDA:47,0,1,24
BRDA:58,1,0,1
BRDA:58,1,1,23
BRDA:58,2,0,24
BRDA:58,2,1,23
BRDA:88,3,0,1
BRDA:88,3,1,0
BRF:8
BRH:7
end_of_record
TN:
SF:src\oauth\oauth.service.spec.ts
FN:6,(anonymous_0)
FN:18,createService
FN:20,(anonymous_2)
FN:39,(anonymous_3)
FN:45,(anonymous_4)
FN:46,(anonymous_5)
FN:50,(anonymous_6)
FN:57,(anonymous_7)
FN:62,(anonymous_8)
FN:67,(anonymous_9)
FN:71,(anonymous_10)
FN:80,(anonymous_11)
FN:81,(anonymous_12)
FN:87,(anonymous_13)
FN:99,(anonymous_14)
FN:101,(anonymous_15)
FN:105,(anonymous_16)
FN:107,(anonymous_17)
FN:111,(anonymous_18)
FN:116,(anonymous_19)
FN:121,(anonymous_20)
FN:128,(anonymous_21)
FN:129,(anonymous_22)
FN:137,(anonymous_23)
FN:138,(anonymous_24)
FN:143,(anonymous_25)
FN:147,(anonymous_26)
FN:148,(anonymous_27)
FN:153,(anonymous_28)
FN:158,(anonymous_29)
FN:159,(anonymous_30)
FN:164,(anonymous_31)
FN:169,(anonymous_32)
FN:174,(anonymous_33)
FNF:34
FNH:0
FNDA:0,(anonymous_0)
FNDA:0,createService
FNDA:0,(anonymous_2)
FNDA:0,(anonymous_3)
FNDA:0,(anonymous_4)
FNDA:0,(anonymous_5)
FNDA:0,(anonymous_6)
FNDA:0,(anonymous_7)
FNDA:0,(anonymous_8)
FNDA:0,(anonymous_9)
FNDA:0,(anonymous_10)
FNDA:0,(anonymous_11)
FNDA:0,(anonymous_12)
FNDA:0,(anonymous_13)
FNDA:0,(anonymous_14)
FNDA:0,(anonymous_15)
FNDA:0,(anonymous_16)
FNDA:0,(anonymous_17)
FNDA:0,(anonymous_18)
FNDA:0,(anonymous_19)
FNDA:0,(anonymous_20)
FNDA:0,(anonymous_21)
FNDA:0,(anonymous_22)
FNDA:0,(anonymous_23)
FNDA:0,(anonymous_24)
FNDA:0,(anonymous_25)
FNDA:0,(anonymous_26)
FNDA:0,(anonymous_27)
FNDA:0,(anonymous_28)
FNDA:0,(anonymous_29)
FNDA:0,(anonymous_30)
FNDA:0,(anonymous_31)
FNDA:0,(anonymous_32)
FNDA:0,(anonymous_33)
DA:4,0
DA:6,0
DA:10,0
DA:19,0
DA:21,0
DA:27,0
DA:31,0
DA:36,0
DA:39,0
DA:40,0
DA:41,0
DA:42,0
DA:45,0
DA:46,0
DA:47,0
DA:50,0
DA:51,0
DA:54,0
DA:57,0
DA:58,0
DA:59,0
DA:62,0
DA:63,0
DA:64,0
DA:67,0
DA:68,0
DA:69,0
DA:70,0
DA:71,0
DA:75,0
DA:80,0
DA:81,0
DA:82,0
DA:83,0
DA:84,0
DA:87,0
DA:88,0
DA:89,0
DA:99,0
DA:100,0
DA:101,0
DA:105,0
DA:106,0
DA:107,0
DA:111,0
DA:112,0
DA:113,0
DA:116,0
DA:117,0
DA:118,0
DA:121,0
DA:122,0
DA:124,0
DA:128,0
DA:129,0
DA:130,0
DA:131,0
DA:133,0
DA:134,0
DA:137,0
DA:138,0
DA:139,0
DA:142,0
DA:143,0
DA:147,0
DA:148,0
DA:149,0
DA:152,0
DA:153,0
DA:158,0
DA:159,0
DA:160,0
DA:161,0
DA:164,0
DA:165,0
DA:166,0
DA:169,0
DA:170,0
DA:171,0
DA:174,0
DA:175,0
DA:176,0
LF:82
LH:0
BRDA:18,0,0,0
BRF:1
BRH:0
end_of_record
TN:
SF:src\oauth\oauth.service.ts
FN:32,(anonymous_11)
FN:53,(anonymous_12)
FN:65,(anonymous_13)
FN:87,(anonymous_14)
FN:119,(anonymous_15)
FN:135,(anonymous_16)
FNF:6
FNH:3
FNDA:17,(anonymous_11)
FNDA:0,(anonymous_12)
FNDA:23,(anonymous_13)
FNDA:0,(anonymous_14)
FNDA:701,(anonymous_15)
FNDA:0,(anonymous_16)
DA:1,17
DA:2,17
DA:3,17
DA:4,17
DA:5,17
DA:6,17
DA:29,17
DA:33,17
DA:34,17
DA:35,17
DA:37,17
DA:38,17
DA:39,17
DA:41,17
DA:43,17
DA:44,0
DA:45,0
DA:48,0
DA:49,0
DA:52,17
DA:53,0
DA:56,17
DA:70,23
DA:76,23
DA:78,23
DA:79,1
DA:82,1
DA:86,22
DA:87,22
DA:88,0
DA:92,22
DA:95,22
DA:103,22
DA:104,22
DA:106,22
DA:112,22
DA:120,701
DA:121,701
DA:122,700
DA:126,700
DA:128,1
DA:131,1
DA:136,0
DA:137,0
LF:44
LH:36
BRDA:37,0,0,17
BRDA:37,0,1,0
BRDA:43,1,0,0
BRDA:43,1,1,17
BRDA:44,2,0,0
BRDA:44,2,1,0
BRDA:52,3,0,0
BRDA:52,3,1,17
BRDA:78,4,0,1
BRDA:78,4,1,22
BRDA:78,5,0,23
BRDA:78,5,1,23
BRDA:86,6,0,0
BRDA:86,6,1,22
BRDA:92,7,0,0
BRDA:92,7,1,22
BRDA:129,8,0,1
BRDA:129,8,1,0
BRDA:136,9,0,0
BRDA:136,9,1,0
BRF:20
BRH:10
end_of_record
