{"C:\\Users\\v-prasrane\\source\\repos\\SCIMServer\\api\\src\\auth\\scim-auth.guard.ts": {"path":"C:\\Users\\v-prasrane\\source\\repos\\SCIMServer\\api\\src\\auth\\scim-auth.guard.ts","statementMap":{"0":{"start":{"line":1,"column":0},"end":{"line":1,"column":98}},"1":{"start":{"line":2,"column":0},"end":{"line":2,"column":54}},"2":{"start":{"line":5,"column":7},"end":{"line":51,"column":null}},"3":{"start":{"line":7,"column":39},"end":{"line":7,"column":51}},"4":{"start":{"line":9,"column":31},"end":{"line":9,"column":45}},"5":{"start":{"line":12,"column":20},"end":{"line":12,"column":55}},"6":{"start":{"line":13,"column":23},"end":{"line":13,"column":52}},"7":{"start":{"line":15,"column":4},"end":{"line":17,"column":5}},"8":{"start":{"line":16,"column":6},"end":{"line":16,"column":74}},"9":{"start":{"line":19,"column":26},"end":{"line":19,"column":47}},"10":{"start":{"line":21,"column":4},"end":{"line":23,"column":5}},"11":{"start":{"line":22,"column":6},"end":{"line":22,"column":66}},"12":{"start":{"line":25,"column":4},"end":{"line":49,"column":5}},"13":{"start":{"line":27,"column":6},"end":{"line":37,"column":7}},"14":{"start":{"line":28,"column":8},"end":{"line":28,"column":63}},"15":{"start":{"line":29,"column":24},"end":{"line":29,"column":74}},"16":{"start":{"line":32,"column":8},"end":{"line":32,"column":32}},"17":{"start":{"line":33,"column":8},"end":{"line":33,"column":35}},"18":{"start":{"line":35,"column":8},"end":{"line":35,"column":77}},"19":{"start":{"line":36,"column":8},"end":{"line":36,"column":20}},"20":{"start":{"line":40,"column":6},"end":{"line":40,"column":68}},"21":{"start":{"line":41,"column":6},"end":{"line":41,"column":34}},"22":{"start":{"line":42,"column":6},"end":{"line":42,"column":56}},"23":{"start":{"line":43,"column":6},"end":{"line":43,"column":18}},"24":{"start":{"line":46,"column":27},"end":{"line":46,"column":83}},"25":{"start":{"line":47,"column":6},"end":{"line":47,"column":62}},"26":{"start":{"line":48,"column":6},"end":{"line":48,"column":66}},"27":{"start":{"line":5,"column":13},"end":{"line":5,"column":26}},"28":{"start":{"line":5,"column":13},"end":{"line":51,"column":null}}},"fnMap":{"0":{"name":"(anonymous_2)","decl":{"start":{"line":9,"column":2},"end":{"line":9,"column":31}},"loc":{"start":{"line":9,"column":57},"end":{"line":9,"column":61}}},"1":{"name":"(anonymous_3)","decl":{"start":{"line":11,"column":2},"end":{"line":11,"column":7}},"loc":{"start":{"line":11,"column":45},"end":{"line":50,"column":3}}}},"branchMap":{"0":{"loc":{"start":{"line":15,"column":4},"end":{"line":17,"column":5}},"type":"if","locations":[{"start":{"line":15,"column":4},"end":{"line":17,"column":5}},{"start":{},"end":{}}]},"1":{"loc":{"start":{"line":21,"column":4},"end":{"line":23,"column":5}},"type":"if","locations":[{"start":{"line":21,"column":4},"end":{"line":23,"column":5}},{"start":{},"end":{}}]},"2":{"loc":{"start":{"line":21,"column":8},"end":{"line":21,"column":35}},"type":"binary-expr","locations":[{"start":{"line":21,"column":8},"end":{"line":21,"column":25}},{"start":{"line":21,"column":29},"end":{"line":21,"column":35}}]},"3":{"loc":{"start":{"line":27,"column":6},"end":{"line":37,"column":7}},"type":"if","locations":[{"start":{"line":27,"column":6},"end":{"line":37,"column":7}},{"start":{},"end":{}}]},"4":{"loc":{"start":{"line":46,"column":27},"end":{"line":46,"column":83}},"type":"cond-expr","locations":[{"start":{"line":46,"column":52},"end":{"line":46,"column":65}},{"start":{"line":46,"column":68},"end":{"line":46,"column":83}}]}},"s":{"0":1,"1":1,"2":1,"3":9,"4":9,"5":11,"6":11,"7":11,"8":2,"9":9,"10":9,"11":3,"12":6,"13":6,"14":4,"15":4,"16":2,"17":2,"18":2,"19":2,"20":2,"21":2,"22":2,"23":2,"24":2,"25":2,"26":2,"27":1,"28":1},"f":{"0":9,"1":11},"b":{"0":[2,9],"1":[3,6],"2":[9,7],"3":[4,2],"4":[2,0]}}
,"C:\\Users\\v-prasrane\\source\\repos\\SCIMServer\\api\\src\\bootstrap\\blob-restore.ts": {"path":"C:\\Users\\v-prasrane\\source\\repos\\SCIMServer\\api\\src\\bootstrap\\blob-restore.ts","statementMap":{"0":{"start":{"line":1,"column":0},"end":{"line":1,"column":67}},"1":{"start":{"line":2,"column":0},"end":{"line":2,"column":36}},"2":{"start":{"line":3,"column":0},"end":{"line":3,"column":48}},"3":{"start":{"line":6,"column":22},"end":{"line":6,"column":61}},"4":{"start":{"line":7,"column":2},"end":{"line":9,"column":3}},"5":{"start":{"line":8,"column":4},"end":{"line":8,"column":11}},"6":{"start":{"line":11,"column":24},"end":{"line":11,"column":89}},"7":{"start":{"line":12,"column":22},"end":{"line":12,"column":76}},"8":{"start":{"line":14,"column":2},"end":{"line":17,"column":3}},"9":{"start":{"line":16,"column":4},"end":{"line":16,"column":11}},"10":{"start":{"line":20,"column":2},"end":{"line":20,"column":95}},"11":{"start":{"line":22,"column":2},"end":{"line":22,"column":55}},"12":{"start":{"line":25,"column":37},"end":{"line":25,"column":68}},"13":{"start":{"line":26,"column":32},"end":{"line":26,"column":67}},"14":{"start":{"line":28,"column":19},"end":{"line":28,"column":65}},"15":{"start":{"line":29,"column":21},"end":{"line":29,"column":49}},"16":{"start":{"line":30,"column":21},"end":{"line":30,"column":64}},"17":{"start":{"line":31,"column":20},"end":{"line":31,"column":64}},"18":{"start":{"line":33,"column":2},"end":{"line":37,"column":3}},"19":{"start":{"line":35,"column":4},"end":{"line":35,"column":93}},"20":{"start":{"line":36,"column":4},"end":{"line":36,"column":11}},"21":{"start":{"line":39,"column":26},"end":{"line":39,"column":28}},"22":{"start":{"line":40,"column":2},"end":{"line":44,"column":3}},"23":{"start":{"line":41,"column":4},"end":{"line":43,"column":5}},"24":{"start":{"line":42,"column":6},"end":{"line":42,"column":28}},"25":{"start":{"line":46,"column":2},"end":{"line":50,"column":3}},"26":{"start":{"line":48,"column":4},"end":{"line":48,"column":65}},"27":{"start":{"line":49,"column":4},"end":{"line":49,"column":11}},"28":{"start":{"line":52,"column":2},"end":{"line":52,"column":43}},"29":{"start":{"line":52,"column":23},"end":{"line":52,"column":41}},"30":{"start":{"line":53,"column":17},"end":{"line":53,"column":25}},"31":{"start":{"line":54,"column":20},"end":{"line":54,"column":56}},"32":{"start":{"line":55,"column":19},"end":{"line":55,"column":45}},"33":{"start":{"line":57,"column":2},"end":{"line":59,"column":3}},"34":{"start":{"line":58,"column":4},"end":{"line":58,"column":77}},"35":{"start":{"line":61,"column":22},"end":{"line":61,"column":52}},"36":{"start":{"line":62,"column":2},"end":{"line":62,"column":59}},"37":{"start":{"line":65,"column":2},"end":{"line":65,"column":90}},"38":{"start":{"line":68,"column":0},"end":{"line":73,"column":3}},"39":{"start":{"line":69,"column":18},"end":{"line":69,"column":66}},"40":{"start":{"line":71,"column":2},"end":{"line":71,"column":61}},"41":{"start":{"line":72,"column":2},"end":{"line":72,"column":23}}},"fnMap":{"0":{"name":"restoreFromBlob","decl":{"start":{"line":5,"column":15},"end":{"line":5,"column":30}},"loc":{"start":{"line":5,"column":30},"end":{"line":66,"column":1}}},"1":{"name":"(anonymous_10)","decl":{"start":{"line":25,"column":37},"end":{"line":25,"column":50}},"loc":{"start":{"line":25,"column":37},"end":{"line":25,"column":68}}},"2":{"name":"(anonymous_11)","decl":{"start":{"line":26,"column":32},"end":{"line":26,"column":45}},"loc":{"start":{"line":26,"column":32},"end":{"line":26,"column":67}}},"3":{"name":"(anonymous_12)","decl":{"start":{"line":52,"column":13},"end":{"line":52,"column":14}},"loc":{"start":{"line":52,"column":23},"end":{"line":52,"column":41}}},"4":{"name":"(anonymous_13)","decl":{"start":{"line":68,"column":24},"end":{"line":68,"column":25}},"loc":{"start":{"line":68,"column":32},"end":{"line":73,"column":1}}}},"branchMap":{"0":{"loc":{"start":{"line":7,"column":2},"end":{"line":9,"column":3}},"type":"if","locations":[{"start":{"line":7,"column":2},"end":{"line":9,"column":3}},{"start":{},"end":{}}]},"1":{"loc":{"start":{"line":11,"column":24},"end":{"line":11,"column":89}},"type":"binary-expr","locations":[{"start":{"line":11,"column":24},"end":{"line":11,"column":65}},{"start":{"line":11,"column":69},"end":{"line":11,"column":89}}]},"2":{"loc":{"start":{"line":12,"column":22},"end":{"line":12,"column":76}},"type":"binary-expr","locations":[{"start":{"line":12,"column":22},"end":{"line":12,"column":47}},{"start":{"line":12,"column":51},"end":{"line":12,"column":76}}]},"3":{"loc":{"start":{"line":14,"column":2},"end":{"line":17,"column":3}},"type":"if","locations":[{"start":{"line":14,"column":2},"end":{"line":17,"column":3}},{"start":{},"end":{}}]},"4":{"loc":{"start":{"line":33,"column":2},"end":{"line":37,"column":3}},"type":"if","locations":[{"start":{"line":33,"column":2},"end":{"line":37,"column":3}},{"start":{},"end":{}}]},"5":{"loc":{"start":{"line":41,"column":4},"end":{"line":43,"column":5}},"type":"if","locations":[{"start":{"line":41,"column":4},"end":{"line":43,"column":5}},{"start":{},"end":{}}]},"6":{"loc":{"start":{"line":46,"column":2},"end":{"line":50,"column":3}},"type":"if","locations":[{"start":{"line":46,"column":2},"end":{"line":50,"column":3}},{"start":{},"end":{}}]},"7":{"loc":{"start":{"line":57,"column":2},"end":{"line":59,"column":3}},"type":"if","locations":[{"start":{"line":57,"column":2},"end":{"line":59,"column":3}},{"start":{},"end":{}}]},"8":{"loc":{"start":{"line":69,"column":18},"end":{"line":69,"column":66}},"type":"cond-expr","locations":[{"start":{"line":69,"column":41},"end":{"line":69,"column":52}},{"start":{"line":69,"column":55},"end":{"line":69,"column":66}}]}},"s":{"0":0,"1":0,"2":0,"3":0,"4":0,"5":0,"6":0,"7":0,"8":0,"9":0,"10":0,"11":0,"12":0,"13":0,"14":0,"15":0,"16":0,"17":0,"18":0,"19":0,"20":0,"21":0,"22":0,"23":0,"24":0,"25":0,"26":0,"27":0,"28":0,"29":0,"30":0,"31":0,"32":0,"33":0,"34":0,"35":0,"36":0,"37":0,"38":0,"39":0,"40":0,"41":0},"f":{"0":0,"1":0,"2":0,"3":0,"4":0},"b":{"0":[0,0],"1":[0,0],"2":[0,0],"3":[0,0],"4":[0,0],"5":[0,0],"6":[0,0],"7":[0,0],"8":[0,0]}}
,"C:\\Users\\v-prasrane\\source\\repos\\SCIMServer\\api\\src\\domain\\patch\\group-patch-engine.ts": {"path":"C:\\Users\\v-prasrane\\source\\repos\\SCIMServer\\api\\src\\domain\\patch\\group-patch-engine.ts","statementMap":{"0":{"start":{"line":25,"column":0},"end":{"line":25,"column":43}},"1":{"start":{"line":54,"column":38},"end":{"line":54,"column":43}},"2":{"start":{"line":55,"column":18},"end":{"line":55,"column":36}},"3":{"start":{"line":56,"column":21},"end":{"line":56,"column":44}},"4":{"start":{"line":58,"column":4},"end":{"line":90,"column":5}},"5":{"start":{"line":59,"column":17},"end":{"line":59,"column":44}},"6":{"start":{"line":60,"column":6},"end":{"line":66,"column":7}},"7":{"start":{"line":61,"column":8},"end":{"line":65,"column":10}},"8":{"start":{"line":68,"column":6},"end":{"line":89,"column":7}},"9":{"start":{"line":70,"column":25},"end":{"line":71,"column":null}},"10":{"start":{"line":73,"column":10},"end":{"line":73,"column":43}},"11":{"start":{"line":74,"column":10},"end":{"line":74,"column":41}},"12":{"start":{"line":75,"column":10},"end":{"line":75,"column":35}},"13":{"start":{"line":76,"column":10},"end":{"line":76,"column":41}},"14":{"start":{"line":77,"column":10},"end":{"line":77,"column":16}},"15":{"start":{"line":80,"column":10},"end":{"line":82,"column":12}},"16":{"start":{"line":83,"column":10},"end":{"line":83,"column":16}},"17":{"start":{"line":85,"column":10},"end":{"line":87,"column":12}},"18":{"start":{"line":88,"column":10},"end":{"line":88,"column":16}},"19":{"start":{"line":92,"column":4},"end":{"line":92,"column":69}},"20":{"start":{"line":104,"column":17},"end":{"line":104,"column":46}},"21":{"start":{"line":107,"column":4},"end":{"line":143,"column":5}},"22":{"start":{"line":108,"column":6},"end":{"line":110,"column":7}},"23":{"start":{"line":109,"column":8},"end":{"line":109,"column":100}},"24":{"start":{"line":111,"column":6},"end":{"line":137,"column":7}},"25":{"start":{"line":112,"column":20},"end":{"line":112,"column":62}},"26":{"start":{"line":113,"column":29},"end":{"line":113,"column":47}},"27":{"start":{"line":114,"column":28},"end":{"line":114,"column":45}},"28":{"start":{"line":115,"column":25},"end":{"line":115,"column":32}},"29":{"start":{"line":116,"column":31},"end":{"line":116,"column":48}},"30":{"start":{"line":118,"column":8},"end":{"line":120,"column":9}},"31":{"start":{"line":119,"column":10},"end":{"line":119,"column":43}},"32":{"start":{"line":121,"column":8},"end":{"line":123,"column":9}},"33":{"start":{"line":122,"column":10},"end":{"line":122,"column":85}},"34":{"start":{"line":124,"column":8},"end":{"line":127,"column":9}},"35":{"start":{"line":125,"column":10},"end":{"line":125,"column":92}},"36":{"start":{"line":125,"column":59},"end":{"line":125,"column":90}},"37":{"start":{"line":126,"column":10},"end":{"line":126,"column":72}},"38":{"start":{"line":130,"column":8},"end":{"line":134,"column":9}},"39":{"start":{"line":131,"column":10},"end":{"line":133,"column":11}},"40":{"start":{"line":132,"column":12},"end":{"line":132,"column":38}},"41":{"start":{"line":136,"column":8},"end":{"line":136,"column":123}},"42":{"start":{"line":138,"column":6},"end":{"line":142,"column":8}},"43":{"start":{"line":145,"column":4},"end":{"line":154,"column":5}},"44":{"start":{"line":146,"column":6},"end":{"line":152,"column":7}},"45":{"start":{"line":147,"column":8},"end":{"line":151,"column":10}},"46":{"start":{"line":153,"column":6},"end":{"line":153,"column":98}},"47":{"start":{"line":156,"column":4},"end":{"line":159,"column":5}},"48":{"start":{"line":157,"column":23},"end":{"line":157,"column":83}},"49":{"start":{"line":158,"column":6},"end":{"line":158,"column":92}},"50":{"start":{"line":161,"column":4},"end":{"line":176,"column":5}},"51":{"start":{"line":162,"column":6},"end":{"line":168,"column":7}},"52":{"start":{"line":163,"column":8},"end":{"line":167,"column":10}},"53":{"start":{"line":169,"column":26},"end":{"line":169,"column":97}},"54":{"start":{"line":169,"column":65},"end":{"line":169,"column":96}},"55":{"start":{"line":170,"column":6},"end":{"line":175,"column":8}},"56":{"start":{"line":178,"column":4},"end":{"line":182,"column":6}},"57":{"start":{"line":192,"column":17},"end":{"line":192,"column":46}},"58":{"start":{"line":193,"column":4},"end":{"line":199,"column":5}},"59":{"start":{"line":194,"column":6},"end":{"line":198,"column":8}},"60":{"start":{"line":201,"column":4},"end":{"line":207,"column":5}},"61":{"start":{"line":202,"column":6},"end":{"line":206,"column":8}},"62":{"start":{"line":209,"column":18},"end":{"line":209,"column":86}},"63":{"start":{"line":211,"column":4},"end":{"line":219,"column":5}},"64":{"start":{"line":212,"column":6},"end":{"line":218,"column":8}},"65":{"start":{"line":221,"column":23},"end":{"line":221,"column":70}},"66":{"start":{"line":221,"column":38},"end":{"line":221,"column":69}},"67":{"start":{"line":222,"column":4},"end":{"line":222,"column":77}},"68":{"start":{"line":233,"column":17},"end":{"line":233,"column":46}},"69":{"start":{"line":236,"column":4},"end":{"line":254,"column":5}},"70":{"start":{"line":237,"column":6},"end":{"line":245,"column":7}},"71":{"start":{"line":238,"column":8},"end":{"line":244,"column":10}},"72":{"start":{"line":247,"column":30},"end":{"line":247,"column":47}},"73":{"start":{"line":248,"column":6},"end":{"line":252,"column":7}},"74":{"start":{"line":249,"column":8},"end":{"line":251,"column":9}},"75":{"start":{"line":250,"column":10},"end":{"line":250,"column":65}},"76":{"start":{"line":253,"column":6},"end":{"line":253,"column":64}},"77":{"start":{"line":253,"column":33},"end":{"line":253,"column":62}},"78":{"start":{"line":257,"column":28},"end":{"line":257,"column":81}},"79":{"start":{"line":258,"column":4},"end":{"line":261,"column":5}},"80":{"start":{"line":259,"column":28},"end":{"line":259,"column":46}},"81":{"start":{"line":260,"column":6},"end":{"line":260,"column":60}},"82":{"start":{"line":260,"column":33},"end":{"line":260,"column":58}},"83":{"start":{"line":264,"column":4},"end":{"line":275,"column":5}},"84":{"start":{"line":265,"column":6},"end":{"line":273,"column":7}},"85":{"start":{"line":266,"column":8},"end":{"line":272,"column":10}},"86":{"start":{"line":274,"column":6},"end":{"line":274,"column":16}},"87":{"start":{"line":277,"column":4},"end":{"line":281,"column":6}},"88":{"start":{"line":287,"column":4},"end":{"line":293,"column":5}},"89":{"start":{"line":288,"column":6},"end":{"line":292,"column":8}},"90":{"start":{"line":294,"column":18},"end":{"line":294,"column":78}},"91":{"start":{"line":295,"column":4},"end":{"line":299,"column":6}},"92":{"start":{"line":303,"column":17},"end":{"line":303,"column":50}},"93":{"start":{"line":304,"column":4},"end":{"line":306,"column":5}},"94":{"start":{"line":305,"column":6},"end":{"line":305,"column":37}},"95":{"start":{"line":307,"column":4},"end":{"line":307,"column":37}},"96":{"start":{"line":39,"column":0},"end":{"line":39,"column":13}}},"fnMap":{"0":{"name":"(anonymous_0)","decl":{"start":{"line":49,"column":2},"end":{"line":49,"column":8}},"loc":{"start":{"line":52,"column":34},"end":{"line":93,"column":3}}},"1":{"name":"(anonymous_1)","decl":{"start":{"line":97,"column":10},"end":{"line":97,"column":16}},"loc":{"start":{"line":102,"column":39},"end":{"line":183,"column":3}}},"2":{"name":"(anonymous_2)","decl":{"start":{"line":125,"column":54},"end":{"line":125,"column":55}},"loc":{"start":{"line":125,"column":59},"end":{"line":125,"column":90}}},"3":{"name":"(anonymous_3)","decl":{"start":{"line":169,"column":60},"end":{"line":169,"column":61}},"loc":{"start":{"line":169,"column":65},"end":{"line":169,"column":96}}},"4":{"name":"(anonymous_4)","decl":{"start":{"line":187,"column":10},"end":{"line":187,"column":16}},"loc":{"start":{"line":190,"column":32},"end":{"line":223,"column":3}}},"5":{"name":"(anonymous_5)","decl":{"start":{"line":221,"column":33},"end":{"line":221,"column":34}},"loc":{"start":{"line":221,"column":38},"end":{"line":221,"column":69}}},"6":{"name":"(anonymous_6)","decl":{"start":{"line":227,"column":10},"end":{"line":227,"column":16}},"loc":{"start":{"line":231,"column":34},"end":{"line":282,"column":3}}},"7":{"name":"(anonymous_7)","decl":{"start":{"line":253,"column":28},"end":{"line":253,"column":29}},"loc":{"start":{"line":253,"column":33},"end":{"line":253,"column":62}}},"8":{"name":"(anonymous_8)","decl":{"start":{"line":260,"column":28},"end":{"line":260,"column":29}},"loc":{"start":{"line":260,"column":33},"end":{"line":260,"column":58}}},"9":{"name":"(anonymous_9)","decl":{"start":{"line":286,"column":2},"end":{"line":286,"column":8}},"loc":{"start":{"line":286,"column":36},"end":{"line":300,"column":3}}},"10":{"name":"(anonymous_10)","decl":{"start":{"line":302,"column":2},"end":{"line":302,"column":8}},"loc":{"start":{"line":302,"column":54},"end":{"line":308,"column":3}}}},"branchMap":{"0":{"loc":{"start":{"line":60,"column":6},"end":{"line":66,"column":7}},"type":"if","locations":[{"start":{"line":60,"column":6},"end":{"line":66,"column":7}},{"start":{},"end":{}}]},"1":{"loc":{"start":{"line":60,"column":10},"end":{"line":60,"column":59}},"type":"binary-expr","locations":[{"start":{"line":60,"column":10},"end":{"line":60,"column":13}},{"start":{"line":60,"column":17},"end":{"line":60,"column":59}}]},"2":{"loc":{"start":{"line":68,"column":6},"end":{"line":89,"column":7}},"type":"switch","locations":[{"start":{"line":69,"column":8},"end":{"line":78,"column":9}},{"start":{"line":79,"column":8},"end":{"line":83,"column":16}},{"start":{"line":84,"column":8},"end":{"line":88,"column":16}}]},"3":{"loc":{"start":{"line":107,"column":4},"end":{"line":143,"column":5}},"type":"if","locations":[{"start":{"line":107,"column":4},"end":{"line":143,"column":5}},{"start":{},"end":{}}]},"4":{"loc":{"start":{"line":108,"column":6},"end":{"line":110,"column":7}},"type":"if","locations":[{"start":{"line":108,"column":6},"end":{"line":110,"column":7}},{"start":{},"end":{}}]},"5":{"loc":{"start":{"line":111,"column":6},"end":{"line":137,"column":7}},"type":"if","locations":[{"start":{"line":111,"column":6},"end":{"line":137,"column":7}},{"start":{},"end":{}}]},"6":{"loc":{"start":{"line":111,"column":10},"end":{"line":111,"column":73}},"type":"binary-expr","locations":[{"start":{"line":111,"column":10},"end":{"line":111,"column":45}},{"start":{"line":111,"column":49},"end":{"line":111,"column":73}}]},"7":{"loc":{"start":{"line":118,"column":8},"end":{"line":120,"column":9}},"type":"if","locations":[{"start":{"line":118,"column":8},"end":{"line":120,"column":9}},{"start":{},"end":{}}]},"8":{"loc":{"start":{"line":121,"column":8},"end":{"line":123,"column":9}},"type":"if","locations":[{"start":{"line":121,"column":8},"end":{"line":123,"column":9}},{"start":{},"end":{}}]},"9":{"loc":{"start":{"line":122,"column":26},"end":{"line":122,"column":84}},"type":"cond-expr","locations":[{"start":{"line":122,"column":63},"end":{"line":122,"column":77}},{"start":{"line":122,"column":80},"end":{"line":122,"column":84}}]},"10":{"loc":{"start":{"line":124,"column":8},"end":{"line":127,"column":9}},"type":"if","locations":[{"start":{"line":124,"column":8},"end":{"line":127,"column":9}},{"start":{},"end":{}}]},"11":{"loc":{"start":{"line":131,"column":10},"end":{"line":133,"column":11}},"type":"if","locations":[{"start":{"line":131,"column":10},"end":{"line":133,"column":11}},{"start":{},"end":{}}]},"12":{"loc":{"start":{"line":131,"column":14},"end":{"line":131,"column":101}},"type":"binary-expr","locations":[{"start":{"line":131,"column":14},"end":{"line":131,"column":35}},{"start":{"line":131,"column":39},"end":{"line":131,"column":59}},{"start":{"line":131,"column":63},"end":{"line":131,"column":80}},{"start":{"line":131,"column":84},"end":{"line":131,"column":101}}]},"13":{"loc":{"start":{"line":145,"column":4},"end":{"line":154,"column":5}},"type":"if","locations":[{"start":{"line":145,"column":4},"end":{"line":154,"column":5}},{"start":{},"end":{}}]},"14":{"loc":{"start":{"line":146,"column":6},"end":{"line":152,"column":7}},"type":"if","locations":[{"start":{"line":146,"column":6},"end":{"line":152,"column":7}},{"start":{},"end":{}}]},"15":{"loc":{"start":{"line":156,"column":4},"end":{"line":159,"column":5}},"type":"if","locations":[{"start":{"line":156,"column":4},"end":{"line":159,"column":5}},{"start":{},"end":{}}]},"16":{"loc":{"start":{"line":157,"column":23},"end":{"line":157,"column":83}},"type":"cond-expr","locations":[{"start":{"line":157,"column":61},"end":{"line":157,"column":76}},{"start":{"line":157,"column":79},"end":{"line":157,"column":83}}]},"17":{"loc":{"start":{"line":161,"column":4},"end":{"line":176,"column":5}},"type":"if","locations":[{"start":{"line":161,"column":4},"end":{"line":176,"column":5}},{"start":{},"end":{}}]},"18":{"loc":{"start":{"line":162,"column":6},"end":{"line":168,"column":7}},"type":"if","locations":[{"start":{"line":162,"column":6},"end":{"line":168,"column":7}},{"start":{},"end":{}}]},"19":{"loc":{"start":{"line":180,"column":21},"end":{"line":180,"column":41}},"type":"binary-expr","locations":[{"start":{"line":180,"column":21},"end":{"line":180,"column":35}},{"start":{"line":180,"column":39},"end":{"line":180,"column":41}}]},"20":{"loc":{"start":{"line":193,"column":4},"end":{"line":199,"column":5}},"type":"if","locations":[{"start":{"line":193,"column":4},"end":{"line":199,"column":5}},{"start":{},"end":{}}]},"21":{"loc":{"start":{"line":193,"column":8},"end":{"line":193,"column":34}},"type":"binary-expr","locations":[{"start":{"line":193,"column":8},"end":{"line":193,"column":12}},{"start":{"line":193,"column":16},"end":{"line":193,"column":34}}]},"22":{"loc":{"start":{"line":196,"column":31},"end":{"line":196,"column":51}},"type":"binary-expr","locations":[{"start":{"line":196,"column":31},"end":{"line":196,"column":45}},{"start":{"line":196,"column":49},"end":{"line":196,"column":51}}]},"23":{"loc":{"start":{"line":201,"column":4},"end":{"line":207,"column":5}},"type":"if","locations":[{"start":{"line":201,"column":4},"end":{"line":207,"column":5}},{"start":{},"end":{}}]},"24":{"loc":{"start":{"line":209,"column":18},"end":{"line":209,"column":86}},"type":"cond-expr","locations":[{"start":{"line":209,"column":51},"end":{"line":209,"column":66}},{"start":{"line":209,"column":69},"end":{"line":209,"column":86}}]},"25":{"loc":{"start":{"line":211,"column":4},"end":{"line":219,"column":5}},"type":"if","locations":[{"start":{"line":211,"column":4},"end":{"line":219,"column":5}},{"start":{},"end":{}}]},"26":{"loc":{"start":{"line":211,"column":8},"end":{"line":211,"column":48}},"type":"binary-expr","locations":[{"start":{"line":211,"column":8},"end":{"line":211,"column":28}},{"start":{"line":211,"column":32},"end":{"line":211,"column":48}}]},"27":{"loc":{"start":{"line":236,"column":4},"end":{"line":254,"column":5}},"type":"if","locations":[{"start":{"line":236,"column":4},"end":{"line":254,"column":5}},{"start":{},"end":{}}]},"28":{"loc":{"start":{"line":236,"column":8},"end":{"line":236,"column":87}},"type":"binary-expr","locations":[{"start":{"line":236,"column":8},"end":{"line":236,"column":23}},{"start":{"line":236,"column":27},"end":{"line":236,"column":57}},{"start":{"line":236,"column":61},"end":{"line":236,"column":87}}]},"29":{"loc":{"start":{"line":237,"column":6},"end":{"line":245,"column":7}},"type":"if","locations":[{"start":{"line":237,"column":6},"end":{"line":245,"column":7}},{"start":{},"end":{}}]},"30":{"loc":{"start":{"line":237,"column":10},"end":{"line":237,"column":63}},"type":"binary-expr","locations":[{"start":{"line":237,"column":10},"end":{"line":237,"column":33}},{"start":{"line":237,"column":37},"end":{"line":237,"column":63}}]},"31":{"loc":{"start":{"line":249,"column":8},"end":{"line":251,"column":9}},"type":"if","locations":[{"start":{"line":249,"column":8},"end":{"line":251,"column":9}},{"start":{},"end":{}}]},"32":{"loc":{"start":{"line":249,"column":12},"end":{"line":249,"column":63}},"type":"binary-expr","locations":[{"start":{"line":249,"column":12},"end":{"line":249,"column":16}},{"start":{"line":249,"column":20},"end":{"line":249,"column":44}},{"start":{"line":249,"column":48},"end":{"line":249,"column":63}}]},"33":{"loc":{"start":{"line":258,"column":4},"end":{"line":261,"column":5}},"type":"if","locations":[{"start":{"line":258,"column":4},"end":{"line":261,"column":5}},{"start":{},"end":{}}]},"34":{"loc":{"start":{"line":264,"column":4},"end":{"line":275,"column":5}},"type":"if","locations":[{"start":{"line":264,"column":4},"end":{"line":275,"column":5}},{"start":{},"end":{}}]},"35":{"loc":{"start":{"line":265,"column":6},"end":{"line":273,"column":7}},"type":"if","locations":[{"start":{"line":265,"column":6},"end":{"line":273,"column":7}},{"start":{},"end":{}}]},"36":{"loc":{"start":{"line":279,"column":32},"end":{"line":279,"column":52}},"type":"binary-expr","locations":[{"start":{"line":279,"column":32},"end":{"line":279,"column":46}},{"start":{"line":279,"column":50},"end":{"line":279,"column":52}}]},"37":{"loc":{"start":{"line":287,"column":4},"end":{"line":293,"column":5}},"type":"if","locations":[{"start":{"line":287,"column":4},"end":{"line":293,"column":5}},{"start":{},"end":{}}]},"38":{"loc":{"start":{"line":287,"column":8},"end":{"line":287,"column":69}},"type":"binary-expr","locations":[{"start":{"line":287,"column":8},"end":{"line":287,"column":15}},{"start":{"line":287,"column":19},"end":{"line":287,"column":45}},{"start":{"line":287,"column":49},"end":{"line":287,"column":69}}]}},"s":{"0":4,"1":63,"2":63,"3":63,"4":63,"5":68,"6":68,"7":2,"8":66,"9":27,"10":21,"11":21,"12":21,"13":21,"14":21,"15":19,"16":14,"17":20,"18":14,"19":44,"20":27,"21":27,"22":12,"23":2,"24":10,"25":8,"26":8,"27":8,"28":8,"29":8,"30":8,"31":7,"32":8,"33":5,"34":8,"35":2,"36":2,"37":2,"38":8,"39":15,"40":1,"41":8,"42":2,"43":15,"44":6,"45":1,"46":5,"47":9,"48":4,"49":4,"50":5,"51":3,"52":1,"53":2,"54":3,"55":2,"56":2,"57":19,"58":19,"59":1,"60":18,"61":1,"62":17,"63":17,"64":2,"65":15,"66":19,"67":14,"68":20,"69":20,"70":11,"71":2,"72":9,"73":9,"74":12,"75":12,"76":9,"77":23,"78":9,"79":9,"80":3,"81":3,"82":6,"83":6,"84":5,"85":3,"86":2,"87":1,"88":27,"89":3,"90":24,"91":24,"92":19,"93":19,"94":43,"95":19,"96":4},"f":{"0":63,"1":27,"2":2,"3":3,"4":19,"5":19,"6":20,"7":23,"8":6,"9":27,"10":19},"b":{"0":[2,66],"1":[68,68],"2":[27,19,20],"3":[12,15],"4":[2,10],"5":[8,2],"6":[10,8],"7":[7,1],"8":[5,3],"9":[5,0],"10":[2,6],"11":[1,14],"12":[15,8,3,1],"13":[6,9],"14":[1,5],"15":[4,5],"16":[3,1],"17":[3,2],"18":[1,2],"19":[2,0],"20":[1,18],"21":[19,18],"22":[1,0],"23":[1,17],"24":[16,1],"25":[2,15],"26":[17,7],"27":[11,9],"28":[20,11,11],"29":[2,9],"30":[11,6],"31":[12,0],"32":[12,12,12],"33":[3,6],"34":[5,1],"35":[3,2],"36":[1,0],"37":[3,24],"38":[27,26,26]}}
,"C:\\Users\\v-prasrane\\source\\repos\\SCIMServer\\api\\src\\domain\\patch\\index.ts": {"path":"C:\\Users\\v-prasrane\\source\\repos\\SCIMServer\\api\\src\\domain\\patch\\index.ts","statementMap":{"0":{"start":{"line":4,"column":0},"end":{"line":4,"column":9}},"1":{"start":{"line":4,"column":9},"end":{"line":4,"column":43}},"2":{"start":{"line":16,"column":0},"end":{"line":16,"column":9}},"3":{"start":{"line":16,"column":9},"end":{"line":16,"column":54}},"4":{"start":{"line":19,"column":0},"end":{"line":19,"column":9}},"5":{"start":{"line":19,"column":9},"end":{"line":19,"column":56}}},"fnMap":{"0":{"name":"(anonymous_0)","decl":{"start":{"line":4,"column":9},"end":{"line":4,"column":19}},"loc":{"start":{"line":4,"column":9},"end":{"line":4,"column":43}}},"1":{"name":"(anonymous_1)","decl":{"start":{"line":16,"column":9},"end":{"line":16,"column":24}},"loc":{"start":{"line":16,"column":9},"end":{"line":16,"column":54}}},"2":{"name":"(anonymous_2)","decl":{"start":{"line":19,"column":9},"end":{"line":19,"column":25}},"loc":{"start":{"line":19,"column":9},"end":{"line":19,"column":56}}}},"branchMap":{},"s":{"0":0,"1":0,"2":0,"3":0,"4":0,"5":0},"f":{"0":0,"1":0,"2":0},"b":{}}
,"C:\\Users\\v-prasrane\\source\\repos\\SCIMServer\\api\\src\\domain\\patch\\patch-error.ts": {"path":"C:\\Users\\v-prasrane\\source\\repos\\SCIMServer\\api\\src\\domain\\patch\\patch-error.ts","statementMap":{"0":{"start":{"line":12,"column":4},"end":{"line":12,"column":18}},"1":{"start":{"line":13,"column":4},"end":{"line":13,"column":29}},"2":{"start":{"line":14,"column":4},"end":{"line":14,"column":25}},"3":{"start":{"line":15,"column":4},"end":{"line":15,"column":29}},"4":{"start":{"line":7,"column":0},"end":{"line":7,"column":13}}},"fnMap":{"0":{"name":"(anonymous_0)","decl":{"start":{"line":11,"column":2},"end":{"line":11,"column":14}},"loc":{"start":{"line":11,"column":63},"end":{"line":16,"column":3}}}},"branchMap":{},"s":{"0":40,"1":40,"2":40,"3":40,"4":8},"f":{"0":40},"b":{}}
,"C:\\Users\\v-prasrane\\source\\repos\\SCIMServer\\api\\src\\domain\\patch\\user-patch-engine.ts": {"path":"C:\\Users\\v-prasrane\\source\\repos\\SCIMServer\\api\\src\\domain\\patch\\user-patch-engine.ts","statementMap":{"0":{"start":{"line":18,"column":0},"end":{"line":18,"column":null}},"1":{"start":{"line":38,"column":0},"end":{"line":38,"column":43}},"2":{"start":{"line":53,"column":50},"end":{"line":74,"column":2}},"3":{"start":{"line":78,"column":28},"end":{"line":80,"column":2}},"4":{"start":{"line":99,"column":56},"end":{"line":99,"column":61}},"5":{"start":{"line":100,"column":21},"end":{"line":100,"column":44}},"6":{"start":{"line":102,"column":4},"end":{"line":128,"column":5}},"7":{"start":{"line":103,"column":17},"end":{"line":103,"column":44}},"8":{"start":{"line":104,"column":6},"end":{"line":110,"column":7}},"9":{"start":{"line":105,"column":8},"end":{"line":109,"column":10}},"10":{"start":{"line":112,"column":27},"end":{"line":112,"column":41}},"11":{"start":{"line":113,"column":19},"end":{"line":113,"column":46}},"12":{"start":{"line":115,"column":6},"end":{"line":127,"column":7}},"13":{"start":{"line":116,"column":8},"end":{"line":121,"column":13}},"14":{"start":{"line":123,"column":8},"end":{"line":126,"column":13}},"15":{"start":{"line":130,"column":4},"end":{"line":130,"column":69}},"16":{"start":{"line":132,"column":49},"end":{"line":137,"column":6}},"17":{"start":{"line":139,"column":4},"end":{"line":139,"column":52}},"18":{"start":{"line":156,"column":4},"end":{"line":163,"column":5}},"19":{"start":{"line":157,"column":18},"end":{"line":157,"column":60}},"20":{"start":{"line":158,"column":6},"end":{"line":162,"column":8}},"21":{"start":{"line":165,"column":4},"end":{"line":170,"column":5}},"22":{"start":{"line":166,"column":6},"end":{"line":169,"column":8}},"23":{"start":{"line":172,"column":4},"end":{"line":179,"column":5}},"24":{"start":{"line":173,"column":18},"end":{"line":173,"column":82}},"25":{"start":{"line":174,"column":6},"end":{"line":178,"column":8}},"26":{"start":{"line":181,"column":4},"end":{"line":186,"column":5}},"27":{"start":{"line":182,"column":6},"end":{"line":185,"column":8}},"28":{"start":{"line":188,"column":4},"end":{"line":194,"column":5}},"29":{"start":{"line":189,"column":24},"end":{"line":189,"column":56}},"30":{"start":{"line":190,"column":6},"end":{"line":192,"column":7}},"31":{"start":{"line":191,"column":8},"end":{"line":191,"column":72}},"32":{"start":{"line":193,"column":6},"end":{"line":193,"column":71}},"33":{"start":{"line":196,"column":4},"end":{"line":204,"column":5}},"34":{"start":{"line":197,"column":23},"end":{"line":197,"column":51}},"35":{"start":{"line":198,"column":6},"end":{"line":202,"column":7}},"36":{"start":{"line":199,"column":8},"end":{"line":201,"column":62}},"37":{"start":{"line":203,"column":6},"end":{"line":203,"column":71}},"38":{"start":{"line":206,"column":4},"end":{"line":209,"column":5}},"39":{"start":{"line":207,"column":6},"end":{"line":207,"column":85}},"40":{"start":{"line":208,"column":6},"end":{"line":208,"column":71}},"41":{"start":{"line":211,"column":4},"end":{"line":214,"column":5}},"42":{"start":{"line":212,"column":6},"end":{"line":212,"column":60}},"43":{"start":{"line":213,"column":6},"end":{"line":213,"column":71}},"44":{"start":{"line":217,"column":4},"end":{"line":237,"column":5}},"45":{"start":{"line":218,"column":24},"end":{"line":218,"column":93}},"46":{"start":{"line":219,"column":6},"end":{"line":222,"column":7}},"47":{"start":{"line":220,"column":8},"end":{"line":220,"column":86}},"48":{"start":{"line":221,"column":8},"end":{"line":221,"column":34}},"49":{"start":{"line":223,"column":6},"end":{"line":226,"column":7}},"50":{"start":{"line":224,"column":8},"end":{"line":224,"column":103}},"51":{"start":{"line":227,"column":6},"end":{"line":230,"column":7}},"52":{"start":{"line":228,"column":8},"end":{"line":228,"column":100}},"53":{"start":{"line":229,"column":8},"end":{"line":229,"column":36}},"54":{"start":{"line":231,"column":6},"end":{"line":234,"column":7}},"55":{"start":{"line":232,"column":8},"end":{"line":232,"column":71}},"56":{"start":{"line":233,"column":8},"end":{"line":233,"column":32}},"57":{"start":{"line":235,"column":6},"end":{"line":235,"column":61}},"58":{"start":{"line":236,"column":6},"end":{"line":236,"column":71}},"59":{"start":{"line":239,"column":4},"end":{"line":239,"column":69}},"60":{"start":{"line":251,"column":4},"end":{"line":253,"column":5}},"61":{"start":{"line":252,"column":6},"end":{"line":252,"column":77}},"62":{"start":{"line":255,"column":4},"end":{"line":261,"column":5}},"63":{"start":{"line":256,"column":24},"end":{"line":256,"column":56}},"64":{"start":{"line":257,"column":6},"end":{"line":259,"column":7}},"65":{"start":{"line":258,"column":8},"end":{"line":258,"column":69}},"66":{"start":{"line":260,"column":6},"end":{"line":260,"column":36}},"67":{"start":{"line":263,"column":4},"end":{"line":269,"column":5}},"68":{"start":{"line":264,"column":23},"end":{"line":264,"column":51}},"69":{"start":{"line":265,"column":6},"end":{"line":267,"column":7}},"70":{"start":{"line":266,"column":8},"end":{"line":266,"column":64}},"71":{"start":{"line":268,"column":6},"end":{"line":268,"column":36}},"72":{"start":{"line":271,"column":4},"end":{"line":274,"column":5}},"73":{"start":{"line":272,"column":6},"end":{"line":272,"column":79}},"74":{"start":{"line":273,"column":6},"end":{"line":273,"column":36}},"75":{"start":{"line":276,"column":4},"end":{"line":279,"column":5}},"76":{"start":{"line":277,"column":6},"end":{"line":277,"column":77}},"77":{"start":{"line":278,"column":6},"end":{"line":278,"column":36}},"78":{"start":{"line":281,"column":4},"end":{"line":281,"column":79}},"79":{"start":{"line":291,"column":21},"end":{"line":291,"column":46}},"80":{"start":{"line":292,"column":23},"end":{"line":292,"column":58}},"81":{"start":{"line":293,"column":22},"end":{"line":293,"column":58}},"82":{"start":{"line":294,"column":22},"end":{"line":296,"column":19}},"83":{"start":{"line":295,"column":11},"end":{"line":295,"column":55}},"84":{"start":{"line":297,"column":21},"end":{"line":297,"column":42}},"85":{"start":{"line":298,"column":4},"end":{"line":302,"column":5}},"86":{"start":{"line":299,"column":7},"end":{"line":299,"column":63}},"87":{"start":{"line":301,"column":6},"end":{"line":301,"column":53}},"88":{"start":{"line":303,"column":4},"end":{"line":303,"column":22}},"89":{"start":{"line":310,"column":21},"end":{"line":310,"column":46}},"90":{"start":{"line":311,"column":23},"end":{"line":311,"column":58}},"91":{"start":{"line":312,"column":22},"end":{"line":312,"column":58}},"92":{"start":{"line":313,"column":22},"end":{"line":315,"column":19}},"93":{"start":{"line":314,"column":11},"end":{"line":314,"column":55}},"94":{"start":{"line":316,"column":21},"end":{"line":316,"column":42}},"95":{"start":{"line":317,"column":4},"end":{"line":319,"column":5}},"96":{"start":{"line":318,"column":6},"end":{"line":318,"column":62}},"97":{"start":{"line":320,"column":4},"end":{"line":320,"column":22}},"98":{"start":{"line":331,"column":44},"end":{"line":331,"column":46}},"99":{"start":{"line":332,"column":4},"end":{"line":335,"column":5}},"100":{"start":{"line":333,"column":24},"end":{"line":333,"column":67}},"101":{"start":{"line":334,"column":6},"end":{"line":334,"column":32}},"102":{"start":{"line":336,"column":4},"end":{"line":336,"column":18}},"103":{"start":{"line":342,"column":4},"end":{"line":344,"column":5}},"104":{"start":{"line":343,"column":6},"end":{"line":343,"column":19}},"105":{"start":{"line":345,"column":4},"end":{"line":349,"column":6}},"106":{"start":{"line":353,"column":4},"end":{"line":355,"column":5}},"107":{"start":{"line":354,"column":6},"end":{"line":354,"column":18}},"108":{"start":{"line":356,"column":4},"end":{"line":358,"column":5}},"109":{"start":{"line":357,"column":6},"end":{"line":357,"column":19}},"110":{"start":{"line":359,"column":4},"end":{"line":363,"column":6}},"111":{"start":{"line":367,"column":4},"end":{"line":369,"column":5}},"112":{"start":{"line":368,"column":6},"end":{"line":368,"column":19}},"113":{"start":{"line":370,"column":4},"end":{"line":374,"column":5}},"114":{"start":{"line":371,"column":20},"end":{"line":371,"column":39}},"115":{"start":{"line":372,"column":6},"end":{"line":372,"column":40}},"116":{"start":{"line":372,"column":28},"end":{"line":372,"column":40}},"117":{"start":{"line":373,"column":6},"end":{"line":373,"column":42}},"118":{"start":{"line":373,"column":29},"end":{"line":373,"column":42}},"119":{"start":{"line":375,"column":4},"end":{"line":383,"column":5}},"120":{"start":{"line":376,"column":22},"end":{"line":376,"column":58}},"121":{"start":{"line":377,"column":6},"end":{"line":377,"column":53}},"122":{"start":{"line":377,"column":39},"end":{"line":377,"column":53}},"123":{"start":{"line":378,"column":6},"end":{"line":382,"column":7}},"124":{"start":{"line":379,"column":22},"end":{"line":379,"column":42}},"125":{"start":{"line":380,"column":8},"end":{"line":380,"column":42}},"126":{"start":{"line":380,"column":30},"end":{"line":380,"column":42}},"127":{"start":{"line":381,"column":8},"end":{"line":381,"column":44}},"128":{"start":{"line":381,"column":31},"end":{"line":381,"column":44}},"129":{"start":{"line":384,"column":4},"end":{"line":388,"column":6}},"130":{"start":{"line":394,"column":20},"end":{"line":395,"column":null}},"131":{"start":{"line":395,"column":17},"end":{"line":395,"column":93}},"132":{"start":{"line":397,"column":4},"end":{"line":397,"column":39}},"133":{"start":{"line":401,"column":4},"end":{"line":401,"column":42}},"134":{"start":{"line":401,"column":20},"end":{"line":401,"column":42}},"135":{"start":{"line":402,"column":19},"end":{"line":402,"column":42}},"136":{"start":{"line":403,"column":4},"end":{"line":405,"column":6}},"137":{"start":{"line":404,"column":48},"end":{"line":404,"column":76}},"138":{"start":{"line":84,"column":0},"end":{"line":84,"column":13}}},"fnMap":{"0":{"name":"(anonymous_0)","decl":{"start":{"line":94,"column":2},"end":{"line":94,"column":8}},"loc":{"start":{"line":97,"column":23},"end":{"line":140,"column":3}}},"1":{"name":"(anonymous_1)","decl":{"start":{"line":144,"column":10},"end":{"line":144,"column":16}},"loc":{"start":{"line":154,"column":23},"end":{"line":240,"column":3}}},"2":{"name":"(anonymous_2)","decl":{"start":{"line":244,"column":10},"end":{"line":244,"column":16}},"loc":{"start":{"line":249,"column":23},"end":{"line":282,"column":3}}},"3":{"name":"(anonymous_3)","decl":{"start":{"line":286,"column":10},"end":{"line":286,"column":16}},"loc":{"start":{"line":289,"column":18},"end":{"line":304,"column":3}}},"4":{"name":"(anonymous_4)","decl":{"start":{"line":295,"column":6},"end":{"line":295,"column":7}},"loc":{"start":{"line":295,"column":11},"end":{"line":295,"column":55}}},"5":{"name":"(anonymous_5)","decl":{"start":{"line":306,"column":10},"end":{"line":306,"column":16}},"loc":{"start":{"line":308,"column":24},"end":{"line":321,"column":3}}},"6":{"name":"(anonymous_6)","decl":{"start":{"line":314,"column":6},"end":{"line":314,"column":7}},"loc":{"start":{"line":314,"column":11},"end":{"line":314,"column":55}}},"7":{"name":"(anonymous_7)","decl":{"start":{"line":330,"column":2},"end":{"line":330,"column":8}},"loc":{"start":{"line":330,"column":57},"end":{"line":337,"column":3}}},"8":{"name":"(anonymous_8)","decl":{"start":{"line":341,"column":2},"end":{"line":341,"column":8}},"loc":{"start":{"line":341,"column":61},"end":{"line":350,"column":3}}},"9":{"name":"(anonymous_9)","decl":{"start":{"line":352,"column":2},"end":{"line":352,"column":8}},"loc":{"start":{"line":352,"column":69},"end":{"line":364,"column":3}}},"10":{"name":"(anonymous_10)","decl":{"start":{"line":366,"column":2},"end":{"line":366,"column":8}},"loc":{"start":{"line":366,"column":43},"end":{"line":389,"column":3}}},"11":{"name":"(anonymous_11)","decl":{"start":{"line":393,"column":2},"end":{"line":393,"column":8}},"loc":{"start":{"line":393,"column":65},"end":{"line":398,"column":3}}},"12":{"name":"(anonymous_12)","decl":{"start":{"line":395,"column":6},"end":{"line":395,"column":7}},"loc":{"start":{"line":395,"column":17},"end":{"line":395,"column":93}}},"13":{"name":"(anonymous_13)","decl":{"start":{"line":400,"column":10},"end":{"line":400,"column":16}},"loc":{"start":{"line":400,"column":84},"end":{"line":406,"column":3}}},"14":{"name":"(anonymous_14)","decl":{"start":{"line":404,"column":37},"end":{"line":404,"column":38}},"loc":{"start":{"line":404,"column":48},"end":{"line":404,"column":76}}}},"branchMap":{"0":{"loc":{"start":{"line":104,"column":6},"end":{"line":110,"column":7}},"type":"if","locations":[{"start":{"line":104,"column":6},"end":{"line":110,"column":7}},{"start":{},"end":{}}]},"1":{"loc":{"start":{"line":104,"column":10},"end":{"line":104,"column":59}},"type":"binary-expr","locations":[{"start":{"line":104,"column":10},"end":{"line":104,"column":13}},{"start":{"line":104,"column":17},"end":{"line":104,"column":59}}]},"2":{"loc":{"start":{"line":115,"column":6},"end":{"line":127,"column":7}},"type":"if","locations":[{"start":{"line":115,"column":6},"end":{"line":127,"column":7}},{"start":{"line":122,"column":13},"end":{"line":127,"column":7}}]},"3":{"loc":{"start":{"line":115,"column":10},"end":{"line":115,"column":42}},"type":"binary-expr","locations":[{"start":{"line":115,"column":10},"end":{"line":115,"column":22}},{"start":{"line":115,"column":26},"end":{"line":115,"column":42}}]},"4":{"loc":{"start":{"line":156,"column":4},"end":{"line":163,"column":5}},"type":"if","locations":[{"start":{"line":156,"column":4},"end":{"line":163,"column":5}},{"start":{},"end":{}}]},"5":{"loc":{"start":{"line":165,"column":4},"end":{"line":170,"column":5}},"type":"if","locations":[{"start":{"line":165,"column":4},"end":{"line":170,"column":5}},{"start":{},"end":{}}]},"6":{"loc":{"start":{"line":172,"column":4},"end":{"line":179,"column":5}},"type":"if","locations":[{"start":{"line":172,"column":4},"end":{"line":179,"column":5}},{"start":{},"end":{}}]},"7":{"loc":{"start":{"line":181,"column":4},"end":{"line":186,"column":5}},"type":"if","locations":[{"start":{"line":181,"column":4},"end":{"line":186,"column":5}},{"start":{},"end":{}}]},"8":{"loc":{"start":{"line":188,"column":4},"end":{"line":194,"column":5}},"type":"if","locations":[{"start":{"line":188,"column":4},"end":{"line":194,"column":5}},{"start":{},"end":{}}]},"9":{"loc":{"start":{"line":188,"column":8},"end":{"line":188,"column":53}},"type":"binary-expr","locations":[{"start":{"line":188,"column":8},"end":{"line":188,"column":20}},{"start":{"line":188,"column":24},"end":{"line":188,"column":53}}]},"10":{"loc":{"start":{"line":190,"column":6},"end":{"line":192,"column":7}},"type":"if","locations":[{"start":{"line":190,"column":6},"end":{"line":192,"column":7}},{"start":{},"end":{}}]},"11":{"loc":{"start":{"line":196,"column":4},"end":{"line":204,"column":5}},"type":"if","locations":[{"start":{"line":196,"column":4},"end":{"line":204,"column":5}},{"start":{},"end":{}}]},"12":{"loc":{"start":{"line":196,"column":8},"end":{"line":196,"column":49}},"type":"binary-expr","locations":[{"start":{"line":196,"column":8},"end":{"line":196,"column":20}},{"start":{"line":196,"column":24},"end":{"line":196,"column":49}}]},"13":{"loc":{"start":{"line":198,"column":6},"end":{"line":202,"column":7}},"type":"if","locations":[{"start":{"line":198,"column":6},"end":{"line":202,"column":7}},{"start":{},"end":{}}]},"14":{"loc":{"start":{"line":199,"column":21},"end":{"line":201,"column":61}},"type":"cond-expr","locations":[{"start":{"line":200,"column":12},"end":{"line":200,"column":58}},{"start":{"line":201,"column":12},"end":{"line":201,"column":61}}]},"15":{"loc":{"start":{"line":206,"column":4},"end":{"line":209,"column":5}},"type":"if","locations":[{"start":{"line":206,"column":4},"end":{"line":209,"column":5}},{"start":{},"end":{}}]},"16":{"loc":{"start":{"line":206,"column":8},"end":{"line":206,"column":73}},"type":"binary-expr","locations":[{"start":{"line":206,"column":8},"end":{"line":206,"column":27}},{"start":{"line":206,"column":31},"end":{"line":206,"column":43}},{"start":{"line":206,"column":47},"end":{"line":206,"column":73}}]},"17":{"loc":{"start":{"line":211,"column":4},"end":{"line":214,"column":5}},"type":"if","locations":[{"start":{"line":211,"column":4},"end":{"line":214,"column":5}},{"start":{},"end":{}}]},"18":{"loc":{"start":{"line":217,"column":4},"end":{"line":237,"column":5}},"type":"if","locations":[{"start":{"line":217,"column":4},"end":{"line":237,"column":5}},{"start":{},"end":{}}]},"19":{"loc":{"start":{"line":217,"column":8},"end":{"line":217,"column":60}},"type":"binary-expr","locations":[{"start":{"line":217,"column":8},"end":{"line":217,"column":13}},{"start":{"line":217,"column":17},"end":{"line":217,"column":42}},{"start":{"line":217,"column":46},"end":{"line":217,"column":60}}]},"20":{"loc":{"start":{"line":219,"column":6},"end":{"line":222,"column":7}},"type":"if","locations":[{"start":{"line":219,"column":6},"end":{"line":222,"column":7}},{"start":{},"end":{}}]},"21":{"loc":{"start":{"line":223,"column":6},"end":{"line":226,"column":7}},"type":"if","locations":[{"start":{"line":223,"column":6},"end":{"line":226,"column":7}},{"start":{},"end":{}}]},"22":{"loc":{"start":{"line":227,"column":6},"end":{"line":230,"column":7}},"type":"if","locations":[{"start":{"line":227,"column":6},"end":{"line":230,"column":7}},{"start":{},"end":{}}]},"23":{"loc":{"start":{"line":231,"column":6},"end":{"line":234,"column":7}},"type":"if","locations":[{"start":{"line":231,"column":6},"end":{"line":234,"column":7}},{"start":{},"end":{}}]},"24":{"loc":{"start":{"line":251,"column":4},"end":{"line":253,"column":5}},"type":"if","locations":[{"start":{"line":251,"column":4},"end":{"line":253,"column":5}},{"start":{},"end":{}}]},"25":{"loc":{"start":{"line":255,"column":4},"end":{"line":261,"column":5}},"type":"if","locations":[{"start":{"line":255,"column":4},"end":{"line":261,"column":5}},{"start":{},"end":{}}]},"26":{"loc":{"start":{"line":255,"column":8},"end":{"line":255,"column":53}},"type":"binary-expr","locations":[{"start":{"line":255,"column":8},"end":{"line":255,"column":20}},{"start":{"line":255,"column":24},"end":{"line":255,"column":53}}]},"27":{"loc":{"start":{"line":257,"column":6},"end":{"line":259,"column":7}},"type":"if","locations":[{"start":{"line":257,"column":6},"end":{"line":259,"column":7}},{"start":{},"end":{}}]},"28":{"loc":{"start":{"line":263,"column":4},"end":{"line":269,"column":5}},"type":"if","locations":[{"start":{"line":263,"column":4},"end":{"line":269,"column":5}},{"start":{},"end":{}}]},"29":{"loc":{"start":{"line":263,"column":8},"end":{"line":263,"column":49}},"type":"binary-expr","locations":[{"start":{"line":263,"column":8},"end":{"line":263,"column":20}},{"start":{"line":263,"column":24},"end":{"line":263,"column":49}}]},"30":{"loc":{"start":{"line":265,"column":6},"end":{"line":267,"column":7}},"type":"if","locations":[{"start":{"line":265,"column":6},"end":{"line":267,"column":7}},{"start":{},"end":{}}]},"31":{"loc":{"start":{"line":271,"column":4},"end":{"line":274,"column":5}},"type":"if","locations":[{"start":{"line":271,"column":4},"end":{"line":274,"column":5}},{"start":{},"end":{}}]},"32":{"loc":{"start":{"line":271,"column":8},"end":{"line":271,"column":73}},"type":"binary-expr","locations":[{"start":{"line":271,"column":8},"end":{"line":271,"column":27}},{"start":{"line":271,"column":31},"end":{"line":271,"column":43}},{"start":{"line":271,"column":47},"end":{"line":271,"column":73}}]},"33":{"loc":{"start":{"line":276,"column":4},"end":{"line":279,"column":5}},"type":"if","locations":[{"start":{"line":276,"column":4},"end":{"line":279,"column":5}},{"start":{},"end":{}}]},"34":{"loc":{"start":{"line":294,"column":22},"end":{"line":296,"column":19}},"type":"binary-expr","locations":[{"start":{"line":294,"column":22},"end":{"line":295,"column":null}},{"start":{"line":296,"column":9},"end":{"line":296,"column":19}}]},"35":{"loc":{"start":{"line":298,"column":4},"end":{"line":302,"column":5}},"type":"if","locations":[{"start":{"line":298,"column":4},"end":{"line":302,"column":5}},{"start":{"line":300,"column":11},"end":{"line":302,"column":5}}]},"36":{"loc":{"start":{"line":298,"column":8},"end":{"line":298,"column":85}},"type":"binary-expr","locations":[{"start":{"line":298,"column":8},"end":{"line":298,"column":36}},{"start":{"line":298,"column":40},"end":{"line":298,"column":57}},{"start":{"line":298,"column":61},"end":{"line":298,"column":85}}]},"37":{"loc":{"start":{"line":313,"column":22},"end":{"line":315,"column":19}},"type":"binary-expr","locations":[{"start":{"line":313,"column":22},"end":{"line":314,"column":null}},{"start":{"line":315,"column":9},"end":{"line":315,"column":19}}]},"38":{"loc":{"start":{"line":317,"column":4},"end":{"line":319,"column":5}},"type":"if","locations":[{"start":{"line":317,"column":4},"end":{"line":319,"column":5}},{"start":{},"end":{}}]},"39":{"loc":{"start":{"line":317,"column":8},"end":{"line":317,"column":85}},"type":"binary-expr","locations":[{"start":{"line":317,"column":8},"end":{"line":317,"column":36}},{"start":{"line":317,"column":40},"end":{"line":317,"column":57}},{"start":{"line":317,"column":61},"end":{"line":317,"column":85}}]},"40":{"loc":{"start":{"line":333,"column":24},"end":{"line":333,"column":67}},"type":"binary-expr","locations":[{"start":{"line":333,"column":24},"end":{"line":333,"column":60}},{"start":{"line":333,"column":64},"end":{"line":333,"column":67}}]},"41":{"loc":{"start":{"line":342,"column":4},"end":{"line":344,"column":5}},"type":"if","locations":[{"start":{"line":342,"column":4},"end":{"line":344,"column":5}},{"start":{},"end":{}}]},"42":{"loc":{"start":{"line":353,"column":4},"end":{"line":355,"column":5}},"type":"if","locations":[{"start":{"line":353,"column":4},"end":{"line":355,"column":5}},{"start":{},"end":{}}]},"43":{"loc":{"start":{"line":353,"column":8},"end":{"line":353,"column":45}},"type":"binary-expr","locations":[{"start":{"line":353,"column":8},"end":{"line":353,"column":22}},{"start":{"line":353,"column":26},"end":{"line":353,"column":45}}]},"44":{"loc":{"start":{"line":356,"column":4},"end":{"line":358,"column":5}},"type":"if","locations":[{"start":{"line":356,"column":4},"end":{"line":358,"column":5}},{"start":{},"end":{}}]},"45":{"loc":{"start":{"line":367,"column":4},"end":{"line":369,"column":5}},"type":"if","locations":[{"start":{"line":367,"column":4},"end":{"line":369,"column":5}},{"start":{},"end":{}}]},"46":{"loc":{"start":{"line":370,"column":4},"end":{"line":374,"column":5}},"type":"if","locations":[{"start":{"line":370,"column":4},"end":{"line":374,"column":5}},{"start":{},"end":{}}]},"47":{"loc":{"start":{"line":372,"column":6},"end":{"line":372,"column":40}},"type":"if","locations":[{"start":{"line":372,"column":6},"end":{"line":372,"column":40}},{"start":{},"end":{}}]},"48":{"loc":{"start":{"line":373,"column":6},"end":{"line":373,"column":42}},"type":"if","locations":[{"start":{"line":373,"column":6},"end":{"line":373,"column":42}},{"start":{},"end":{}}]},"49":{"loc":{"start":{"line":375,"column":4},"end":{"line":383,"column":5}},"type":"if","locations":[{"start":{"line":375,"column":4},"end":{"line":383,"column":5}},{"start":{},"end":{}}]},"50":{"loc":{"start":{"line":375,"column":8},"end":{"line":375,"column":72}},"type":"binary-expr","locations":[{"start":{"line":375,"column":8},"end":{"line":375,"column":33}},{"start":{"line":375,"column":37},"end":{"line":375,"column":51}},{"start":{"line":375,"column":55},"end":{"line":375,"column":72}}]},"51":{"loc":{"start":{"line":377,"column":6},"end":{"line":377,"column":53}},"type":"if","locations":[{"start":{"line":377,"column":6},"end":{"line":377,"column":53}},{"start":{},"end":{}}]},"52":{"loc":{"start":{"line":378,"column":6},"end":{"line":382,"column":7}},"type":"if","locations":[{"start":{"line":378,"column":6},"end":{"line":382,"column":7}},{"start":{},"end":{}}]},"53":{"loc":{"start":{"line":380,"column":8},"end":{"line":380,"column":42}},"type":"if","locations":[{"start":{"line":380,"column":8},"end":{"line":380,"column":42}},{"start":{},"end":{}}]},"54":{"loc":{"start":{"line":381,"column":8},"end":{"line":381,"column":44}},"type":"if","locations":[{"start":{"line":381,"column":8},"end":{"line":381,"column":44}},{"start":{},"end":{}}]},"55":{"loc":{"start":{"line":395,"column":17},"end":{"line":395,"column":93}},"type":"binary-expr","locations":[{"start":{"line":395,"column":17},"end":{"line":395,"column":46}},{"start":{"line":395,"column":50},"end":{"line":395,"column":93}}]},"56":{"loc":{"start":{"line":401,"column":4},"end":{"line":401,"column":42}},"type":"if","locations":[{"start":{"line":401,"column":4},"end":{"line":401,"column":42}},{"start":{},"end":{}}]}},"s":{"0":4,"1":4,"2":4,"3":4,"4":59,"5":59,"6":59,"7":68,"8":68,"9":2,"10":66,"11":66,"12":66,"13":53,"14":13,"15":51,"16":51,"17":51,"18":53,"19":9,"20":8,"21":44,"22":5,"23":39,"24":3,"25":3,"26":36,"27":2,"28":34,"29":4,"30":4,"31":4,"32":4,"33":30,"34":3,"35":3,"36":3,"37":3,"38":27,"39":12,"40":12,"41":15,"42":6,"43":6,"44":9,"45":9,"46":9,"47":5,"48":5,"49":9,"50":5,"51":9,"52":1,"53":1,"54":9,"55":2,"56":2,"57":9,"58":9,"59":0,"60":13,"61":1,"62":12,"63":2,"64":2,"65":2,"66":2,"67":10,"68":2,"69":2,"70":2,"71":2,"72":8,"73":2,"74":2,"75":6,"76":2,"77":2,"78":4,"79":12,"80":12,"81":12,"82":12,"83":21,"84":12,"85":12,"86":10,"87":2,"88":12,"89":2,"90":2,"91":2,"92":2,"93":3,"94":2,"95":2,"96":2,"97":2,"98":11,"99":11,"100":21,"101":21,"102":11,"103":10,"104":9,"105":1,"106":11,"107":1,"108":10,"109":10,"110":0,"111":11,"112":7,"113":4,"114":3,"115":3,"116":1,"117":2,"118":1,"119":2,"120":1,"121":1,"122":1,"123":0,"124":0,"125":0,"126":0,"127":0,"128":0,"129":1,"130":52,"131":136,"132":52,"133":2,"134":0,"135":2,"136":2,"137":4,"138":4},"f":{"0":59,"1":53,"2":13,"3":12,"4":21,"5":2,"6":3,"7":11,"8":10,"9":11,"10":11,"11":52,"12":136,"13":2,"14":4},"b":{"0":[2,66],"1":[68,68],"2":[53,13],"3":[66,56],"4":[9,44],"5":[5,39],"6":[3,36],"7":[2,34],"8":[4,30],"9":[34,25],"10":[4,0],"11":[3,27],"12":[30,21],"13":[3,0],"14":[1,2],"15":[12,15],"16":[27,12,12],"17":[6,9],"18":[9,0],"19":[9,9,9],"20":[5,4],"21":[5,4],"22":[1,8],"23":[2,7],"24":[1,12],"25":[2,10],"26":[12,8],"27":[2,0],"28":[2,8],"29":[10,6],"30":[2,0],"31":[2,6],"32":[8,2,2],"33":[2,4],"34":[12,2],"35":[10,2],"36":[12,10,10],"37":[2,0],"38":[2,0],"39":[2,2,2],"40":[21,3],"41":[9,1],"42":[1,10],"43":[11,10],"44":[10,0],"45":[7,4],"46":[3,1],"47":[1,2],"48":[1,1],"49":[1,1],"50":[2,1,1],"51":[1,0],"52":[0,0],"53":[0,0],"54":[0,0],"55":[136,121],"56":[0,2]}}
,"C:\\Users\\v-prasrane\\source\\repos\\SCIMServer\\api\\src\\domain\\repositories\\repository.tokens.ts": {"path":"C:\\Users\\v-prasrane\\source\\repos\\SCIMServer\\api\\src\\domain\\repositories\\repository.tokens.ts","statementMap":{"0":{"start":{"line":7,"column":13},"end":{"line":7,"column":49}},"1":{"start":{"line":8,"column":13},"end":{"line":8,"column":51}},"2":{"start":{"line":9,"column":13},"end":{"line":9,"column":71}}},"fnMap":{},"branchMap":{},"s":{"0":13,"1":13,"2":13},"f":{},"b":{}}
,"C:\\Users\\v-prasrane\\source\\repos\\SCIMServer\\api\\src\\generated\\prisma\\browser.ts": {"path":"C:\\Users\\v-prasrane\\source\\repos\\SCIMServer\\api\\src\\generated\\prisma\\browser.ts","statementMap":{"0":{"start":{"line":16,"column":0},"end":{"line":16,"column":59}},"1":{"start":{"line":17,"column":9},"end":{"line":17,"column":15}},"2":{"start":{"line":18,"column":0},"end":{"line":18,"column":33}},"3":{"start":{"line":19,"column":0},"end":{"line":19,"column":24}}},"fnMap":{},"branchMap":{},"s":{"0":0,"1":0,"2":0,"3":0},"f":{},"b":{}}
,"C:\\Users\\v-prasrane\\source\\repos\\SCIMServer\\api\\src\\generated\\prisma\\client.ts": {"path":"C:\\Users\\v-prasrane\\source\\repos\\SCIMServer\\api\\src\\generated\\prisma\\client.ts","statementMap":{"0":{"start":{"line":18,"column":0},"end":{"line":18,"column":42}},"1":{"start":{"line":19,"column":0},"end":{"line":19,"column":52}},"2":{"start":{"line":38,"column":9},"end":{"line":38,"column":15}},"3":{"start":{"line":21,"column":0},"end":{"line":21,"column":33}},"4":{"start":{"line":22,"column":0},"end":{"line":22,"column":23}},"5":{"start":{"line":36,"column":13},"end":{"line":36,"column":null}}},"fnMap":{},"branchMap":{},"s":{"0":15,"1":15,"2":15,"3":15,"4":15,"5":15},"f":{},"b":{}}
,"C:\\Users\\v-prasrane\\source\\repos\\SCIMServer\\api\\src\\generated\\prisma\\internal\\class.ts": {"path":"C:\\Users\\v-prasrane\\source\\repos\\SCIMServer\\api\\src\\generated\\prisma\\internal\\class.ts","statementMap":{"0":{"start":{"line":240,"column":0},"end":{"line":240,"column":16}},"1":{"start":{"line":14,"column":0},"end":{"line":14,"column":56}},"2":{"start":{"line":18,"column":46},"end":{"line":35,"column":null}},"3":{"start":{"line":37,"column":0},"end":{"line":37,"column":null}},"4":{"start":{"line":38,"column":0},"end":{"line":41,"column":null}},"5":{"start":{"line":44,"column":21},"end":{"line":44,"column":48}},"6":{"start":{"line":45,"column":20},"end":{"line":45,"column":53}},"7":{"start":{"line":46,"column":2},"end":{"line":46,"column":null}},"8":{"start":{"line":49,"column":0},"end":{"line":58,"column":null}},"9":{"start":{"line":50,"column":26},"end":{"line":50,"column":101}},"10":{"start":{"line":53,"column":21},"end":{"line":53,"column":108}},"11":{"start":{"line":54,"column":4},"end":{"line":54,"column":null}},"12":{"start":{"line":241,"column":2},"end":{"line":241,"column":null}}},"fnMap":{"0":{"name":"decodeBase64AsWasm","decl":{"start":{"line":43,"column":15},"end":{"line":43,"column":33}},"loc":{"start":{"line":43,"column":52},"end":{"line":47,"column":1}}},"1":{"name":"(anonymous_10)","decl":{"start":{"line":44,"column":21},"end":{"line":44,"column":34}},"loc":{"start":{"line":44,"column":21},"end":{"line":44,"column":48}}},"2":{"name":"(anonymous_11)","decl":{"start":{"line":50,"column":14},"end":{"line":50,"column":19}},"loc":{"start":{"line":50,"column":26},"end":{"line":50,"column":101}}},"3":{"name":"(anonymous_12)","decl":{"start":{"line":50,"column":26},"end":{"line":50,"column":39}},"loc":{"start":{"line":50,"column":26},"end":{"line":50,"column":101}}},"4":{"name":"(anonymous_13)","decl":{"start":{"line":52,"column":30},"end":{"line":52,"column":35}},"loc":{"start":{"line":52,"column":41},"end":{"line":55,"column":3}}},"5":{"name":"(anonymous_14)","decl":{"start":{"line":53,"column":21},"end":{"line":53,"column":34}},"loc":{"start":{"line":53,"column":21},"end":{"line":53,"column":108}}},"6":{"name":"getPrismaClientClass","decl":{"start":{"line":240,"column":16},"end":{"line":240,"column":36}},"loc":{"start":{"line":240,"column":36},"end":{"line":242,"column":1}}}},"branchMap":{},"s":{"0":15,"1":15,"2":15,"3":15,"4":15,"5":0,"6":0,"7":0,"8":15,"9":0,"10":0,"11":0,"12":15},"f":{"0":0,"1":0,"2":0,"3":0,"4":0,"5":0,"6":15},"b":{}}
,"C:\\Users\\v-prasrane\\source\\repos\\SCIMServer\\api\\src\\generated\\prisma\\internal\\prismaNamespace.ts": {"path":"C:\\Users\\v-prasrane\\source\\repos\\SCIMServer\\api\\src\\generated\\prisma\\internal\\prismaNamespace.ts","statementMap":{"0":{"start":{"line":18,"column":0},"end":{"line":18,"column":56}},"1":{"start":{"line":32,"column":13},"end":{"line":32,"column":null}},"2":{"start":{"line":35,"column":13},"end":{"line":35,"column":null}},"3":{"start":{"line":38,"column":13},"end":{"line":38,"column":null}},"4":{"start":{"line":41,"column":13},"end":{"line":41,"column":null}},"5":{"start":{"line":44,"column":13},"end":{"line":44,"column":null}},"6":{"start":{"line":50,"column":13},"end":{"line":50,"column":null}},"7":{"start":{"line":51,"column":13},"end":{"line":51,"column":null}},"8":{"start":{"line":52,"column":13},"end":{"line":52,"column":null}},"9":{"start":{"line":53,"column":13},"end":{"line":53,"column":null}},"10":{"start":{"line":54,"column":13},"end":{"line":54,"column":null}},"11":{"start":{"line":62,"column":13},"end":{"line":62,"column":null}},"12":{"start":{"line":71,"column":13},"end":{"line":71,"column":null}},"13":{"start":{"line":86,"column":13},"end":{"line":89,"column":null}},"14":{"start":{"line":104,"column":13},"end":{"line":108,"column":null}},"15":{"start":{"line":114,"column":13},"end":{"line":114,"column":null}},"16":{"start":{"line":121,"column":13},"end":{"line":121,"column":null}},"17":{"start":{"line":128,"column":13},"end":{"line":128,"column":null}},"18":{"start":{"line":386,"column":13},"end":{"line":392,"column":null}},"19":{"start":{"line":810,"column":13},"end":{"line":815,"column":null}},"20":{"start":{"line":820,"column":13},"end":{"line":829,"column":null}},"21":{"start":{"line":834,"column":13},"end":{"line":849,"column":null}},"22":{"start":{"line":854,"column":13},"end":{"line":868,"column":null}},"23":{"start":{"line":873,"column":13},"end":{"line":881,"column":null}},"24":{"start":{"line":886,"column":13},"end":{"line":897,"column":null}},"25":{"start":{"line":902,"column":13},"end":{"line":905,"column":null}},"26":{"start":{"line":910,"column":13},"end":{"line":912,"column":null}},"27":{"start":{"line":917,"column":13},"end":{"line":920,"column":null}},"28":{"start":{"line":925,"column":13},"end":{"line":928,"column":null}},"29":{"start":{"line":933,"column":13},"end":{"line":937,"column":null}},"30":{"start":{"line":1031,"column":13},"end":{"line":1031,"column":null}}},"fnMap":{},"branchMap":{},"s":{"0":15,"1":15,"2":15,"3":15,"4":15,"5":15,"6":15,"7":15,"8":15,"9":15,"10":15,"11":15,"12":15,"13":15,"14":15,"15":15,"16":15,"17":15,"18":15,"19":15,"20":15,"21":15,"22":15,"23":15,"24":15,"25":15,"26":15,"27":15,"28":15,"29":15,"30":15},"f":{},"b":{}}
,"C:\\Users\\v-prasrane\\source\\repos\\SCIMServer\\api\\src\\generated\\prisma\\internal\\prismaNamespaceBrowser.ts": {"path":"C:\\Users\\v-prasrane\\source\\repos\\SCIMServer\\api\\src\\generated\\prisma\\internal\\prismaNamespaceBrowser.ts","statementMap":{"0":{"start":{"line":18,"column":0},"end":{"line":18,"column":63}},"1":{"start":{"line":23,"column":13},"end":{"line":23,"column":null}},"2":{"start":{"line":26,"column":13},"end":{"line":30,"column":null}},"3":{"start":{"line":36,"column":13},"end":{"line":36,"column":null}},"4":{"start":{"line":43,"column":13},"end":{"line":43,"column":null}},"5":{"start":{"line":50,"column":13},"end":{"line":50,"column":null}},"6":{"start":{"line":53,"column":13},"end":{"line":59,"column":null}},"7":{"start":{"line":67,"column":13},"end":{"line":72,"column":null}},"8":{"start":{"line":77,"column":13},"end":{"line":86,"column":null}},"9":{"start":{"line":91,"column":13},"end":{"line":106,"column":null}},"10":{"start":{"line":111,"column":13},"end":{"line":125,"column":null}},"11":{"start":{"line":130,"column":13},"end":{"line":138,"column":null}},"12":{"start":{"line":143,"column":13},"end":{"line":154,"column":null}},"13":{"start":{"line":159,"column":13},"end":{"line":162,"column":null}},"14":{"start":{"line":167,"column":13},"end":{"line":169,"column":null}},"15":{"start":{"line":174,"column":13},"end":{"line":177,"column":null}},"16":{"start":{"line":182,"column":13},"end":{"line":185,"column":null}},"17":{"start":{"line":190,"column":13},"end":{"line":194,"column":null}}},"fnMap":{},"branchMap":{},"s":{"0":0,"1":0,"2":0,"3":0,"4":0,"5":0,"6":0,"7":0,"8":0,"9":0,"10":0,"11":0,"12":0,"13":0,"14":0,"15":0,"16":0,"17":0},"f":{},"b":{}}
,"C:\\Users\\v-prasrane\\source\\repos\\SCIMServer\\api\\src\\infrastructure\\repositories\\inmemory\\inmemory-endpoint-schema.repository.ts": {"path":"C:\\Users\\v-prasrane\\source\\repos\\SCIMServer\\api\\src\\infrastructure\\repositories\\inmemory\\inmemory-endpoint-schema.repository.ts","statementMap":{"0":{"start":{"line":7,"column":0},"end":{"line":7,"column":44}},"1":{"start":{"line":8,"column":0},"end":{"line":8,"column":41}},"2":{"start":{"line":16,"column":7},"end":{"line":91,"column":null}},"3":{"start":{"line":17,"column":64},"end":{"line":17,"column":73}},"4":{"start":{"line":21,"column":4},"end":{"line":21,"column":41}},"5":{"start":{"line":25,"column":16},"end":{"line":25,"column":68}},"6":{"start":{"line":28,"column":4},"end":{"line":32,"column":5}},"7":{"start":{"line":29,"column":6},"end":{"line":31,"column":8}},"8":{"start":{"line":34,"column":16},"end":{"line":34,"column":26}},"9":{"start":{"line":35,"column":41},"end":{"line":46,"column":6}},"10":{"start":{"line":48,"column":4},"end":{"line":48,"column":34}},"11":{"start":{"line":49,"column":4},"end":{"line":49,"column":25}},"12":{"start":{"line":53,"column":4},"end":{"line":55,"column":69}},"13":{"start":{"line":54,"column":21},"end":{"line":54,"column":48}},"14":{"start":{"line":55,"column":22},"end":{"line":55,"column":67}},"15":{"start":{"line":59,"column":4},"end":{"line":61,"column":6}},"16":{"start":{"line":60,"column":16},"end":{"line":60,"column":61}},"17":{"start":{"line":68,"column":16},"end":{"line":68,"column":56}},"18":{"start":{"line":69,"column":19},"end":{"line":69,"column":40}},"19":{"start":{"line":70,"column":4},"end":{"line":70,"column":41}},"20":{"start":{"line":77,"column":16},"end":{"line":77,"column":56}},"21":{"start":{"line":78,"column":4},"end":{"line":78,"column":36}},"22":{"start":{"line":82,"column":16},"end":{"line":82,"column":17}},"23":{"start":{"line":83,"column":4},"end":{"line":88,"column":5}},"24":{"start":{"line":84,"column":6},"end":{"line":87,"column":7}},"25":{"start":{"line":85,"column":8},"end":{"line":85,"column":33}},"26":{"start":{"line":86,"column":8},"end":{"line":86,"column":16}},"27":{"start":{"line":89,"column":4},"end":{"line":89,"column":17}},"28":{"start":{"line":16,"column":13},"end":{"line":16,"column":45}},"29":{"start":{"line":16,"column":13},"end":{"line":91,"column":null}}},"fnMap":{"0":{"name":"(anonymous_1)","decl":{"start":{"line":20,"column":10},"end":{"line":20,"column":22}},"loc":{"start":{"line":20,"column":60},"end":{"line":22,"column":3}}},"1":{"name":"(anonymous_2)","decl":{"start":{"line":24,"column":2},"end":{"line":24,"column":7}},"loc":{"start":{"line":24,"column":47},"end":{"line":50,"column":3}}},"2":{"name":"(anonymous_3)","decl":{"start":{"line":52,"column":2},"end":{"line":52,"column":7}},"loc":{"start":{"line":52,"column":43},"end":{"line":56,"column":3}}},"3":{"name":"(anonymous_4)","decl":{"start":{"line":54,"column":14},"end":{"line":54,"column":15}},"loc":{"start":{"line":54,"column":21},"end":{"line":54,"column":48}}},"4":{"name":"(anonymous_5)","decl":{"start":{"line":55,"column":12},"end":{"line":55,"column":13}},"loc":{"start":{"line":55,"column":22},"end":{"line":55,"column":67}}},"5":{"name":"(anonymous_6)","decl":{"start":{"line":58,"column":2},"end":{"line":58,"column":7}},"loc":{"start":{"line":58,"column":15},"end":{"line":62,"column":3}}},"6":{"name":"(anonymous_7)","decl":{"start":{"line":60,"column":6},"end":{"line":60,"column":7}},"loc":{"start":{"line":60,"column":16},"end":{"line":60,"column":61}}},"7":{"name":"(anonymous_8)","decl":{"start":{"line":64,"column":2},"end":{"line":64,"column":7}},"loc":{"start":{"line":66,"column":21},"end":{"line":71,"column":3}}},"8":{"name":"(anonymous_9)","decl":{"start":{"line":73,"column":2},"end":{"line":73,"column":7}},"loc":{"start":{"line":75,"column":21},"end":{"line":79,"column":3}}},"9":{"name":"(anonymous_10)","decl":{"start":{"line":81,"column":2},"end":{"line":81,"column":7}},"loc":{"start":{"line":81,"column":45},"end":{"line":90,"column":3}}}},"branchMap":{"0":{"loc":{"start":{"line":28,"column":4},"end":{"line":32,"column":5}},"type":"if","locations":[{"start":{"line":28,"column":4},"end":{"line":32,"column":5}},{"start":{},"end":{}}]},"1":{"loc":{"start":{"line":40,"column":19},"end":{"line":40,"column":44}},"type":"binary-expr","locations":[{"start":{"line":40,"column":19},"end":{"line":40,"column":36}},{"start":{"line":40,"column":40},"end":{"line":40,"column":44}}]},"2":{"loc":{"start":{"line":41,"column":22},"end":{"line":41,"column":50}},"type":"binary-expr","locations":[{"start":{"line":41,"column":22},"end":{"line":41,"column":42}},{"start":{"line":41,"column":46},"end":{"line":41,"column":50}}]},"3":{"loc":{"start":{"line":42,"column":16},"end":{"line":42,"column":39}},"type":"binary-expr","locations":[{"start":{"line":42,"column":16},"end":{"line":42,"column":30}},{"start":{"line":42,"column":34},"end":{"line":42,"column":39}}]},"4":{"loc":{"start":{"line":70,"column":11},"end":{"line":70,"column":40}},"type":"cond-expr","locations":[{"start":{"line":70,"column":20},"end":{"line":70,"column":33}},{"start":{"line":70,"column":36},"end":{"line":70,"column":40}}]},"5":{"loc":{"start":{"line":84,"column":6},"end":{"line":87,"column":7}},"type":"if","locations":[{"start":{"line":84,"column":6},"end":{"line":87,"column":7}},{"start":{},"end":{}}]}},"s":{"0":3,"1":3,"2":3,"3":31,"4":45,"5":26,"6":26,"7":1,"8":25,"9":25,"10":25,"11":25,"12":6,"13":7,"14":3,"15":3,"16":1,"17":14,"18":14,"19":14,"20":5,"21":5,"22":2,"23":2,"24":3,"25":2,"26":2,"27":2,"28":3,"29":3},"f":{"0":45,"1":26,"2":6,"3":7,"4":3,"5":3,"6":1,"7":14,"8":5,"9":2},"b":{"0":[1,25],"1":[25,1],"2":[25,1],"3":[25,0],"4":[3,11],"5":[2,1]}}
,"C:\\Users\\v-prasrane\\source\\repos\\SCIMServer\\api\\src\\infrastructure\\repositories\\inmemory\\inmemory-group.repository.ts": {"path":"C:\\Users\\v-prasrane\\source\\repos\\SCIMServer\\api\\src\\infrastructure\\repositories\\inmemory\\inmemory-group.repository.ts","statementMap":{"0":{"start":{"line":10,"column":0},"end":{"line":10,"column":44}},"1":{"start":{"line":11,"column":0},"end":{"line":11,"column":41}},"2":{"start":{"line":21,"column":0},"end":{"line":21,"column":64}},"3":{"start":{"line":24,"column":7},"end":{"line":196,"column":null}},"4":{"start":{"line":25,"column":54},"end":{"line":25,"column":63}},"5":{"start":{"line":26,"column":56},"end":{"line":26,"column":65}},"6":{"start":{"line":29,"column":16},"end":{"line":29,"column":26}},"7":{"start":{"line":30,"column":32},"end":{"line":40,"column":6}},"8":{"start":{"line":41,"column":4},"end":{"line":41,"column":39}},"9":{"start":{"line":42,"column":4},"end":{"line":42,"column":25}},"10":{"start":{"line":46,"column":4},"end":{"line":50,"column":5}},"11":{"start":{"line":47,"column":6},"end":{"line":49,"column":7}},"12":{"start":{"line":48,"column":8},"end":{"line":48,"column":28}},"13":{"start":{"line":51,"column":4},"end":{"line":51,"column":16}},"14":{"start":{"line":55,"column":18},"end":{"line":55,"column":61}},"15":{"start":{"line":56,"column":4},"end":{"line":56,"column":28}},"16":{"start":{"line":56,"column":16},"end":{"line":56,"column":28}},"17":{"start":{"line":57,"column":4},"end":{"line":60,"column":6}},"18":{"start":{"line":68,"column":18},"end":{"line":69,"column":null}},"19":{"start":{"line":69,"column":13},"end":{"line":69,"column":40}},"20":{"start":{"line":72,"column":4},"end":{"line":76,"column":5}},"21":{"start":{"line":73,"column":6},"end":{"line":75,"column":8}},"22":{"start":{"line":74,"column":8},"end":{"line":74,"column":78}},"23":{"start":{"line":78,"column":22},"end":{"line":78,"column":51}},"24":{"start":{"line":79,"column":20},"end":{"line":79,"column":47}},"25":{"start":{"line":80,"column":4},"end":{"line":86,"column":7}},"26":{"start":{"line":81,"column":19},"end":{"line":81,"column":85}},"27":{"start":{"line":82,"column":19},"end":{"line":82,"column":85}},"28":{"start":{"line":83,"column":6},"end":{"line":83,"column":57}},"29":{"start":{"line":83,"column":23},"end":{"line":83,"column":57}},"30":{"start":{"line":84,"column":6},"end":{"line":84,"column":57}},"31":{"start":{"line":84,"column":23},"end":{"line":84,"column":57}},"32":{"start":{"line":85,"column":6},"end":{"line":85,"column":15}},"33":{"start":{"line":88,"column":4},"end":{"line":91,"column":8}},"34":{"start":{"line":88,"column":31},"end":{"line":91,"column":6}},"35":{"start":{"line":95,"column":21},"end":{"line":95,"column":40}},"36":{"start":{"line":96,"column":4},"end":{"line":98,"column":5}},"37":{"start":{"line":97,"column":6},"end":{"line":97,"column":55}},"38":{"start":{"line":99,"column":33},"end":{"line":103,"column":6}},"39":{"start":{"line":104,"column":4},"end":{"line":104,"column":33}},"40":{"start":{"line":105,"column":4},"end":{"line":105,"column":26}},"41":{"start":{"line":109,"column":4},"end":{"line":109,"column":27}},"42":{"start":{"line":111,"column":4},"end":{"line":115,"column":5}},"43":{"start":{"line":112,"column":6},"end":{"line":114,"column":7}},"44":{"start":{"line":113,"column":8},"end":{"line":113,"column":38}},"45":{"start":{"line":124,"column":22},"end":{"line":124,"column":47}},"46":{"start":{"line":125,"column":4},"end":{"line":131,"column":5}},"47":{"start":{"line":126,"column":6},"end":{"line":126,"column":52}},"48":{"start":{"line":126,"column":43},"end":{"line":126,"column":52}},"49":{"start":{"line":127,"column":6},"end":{"line":127,"column":68}},"50":{"start":{"line":127,"column":59},"end":{"line":127,"column":68}},"51":{"start":{"line":128,"column":6},"end":{"line":130,"column":7}},"52":{"start":{"line":129,"column":8},"end":{"line":129,"column":40}},"53":{"start":{"line":132,"column":4},"end":{"line":132,"column":16}},"54":{"start":{"line":140,"column":4},"end":{"line":146,"column":5}},"55":{"start":{"line":141,"column":6},"end":{"line":141,"column":52}},"56":{"start":{"line":141,"column":43},"end":{"line":141,"column":52}},"57":{"start":{"line":142,"column":6},"end":{"line":142,"column":68}},"58":{"start":{"line":142,"column":59},"end":{"line":142,"column":68}},"59":{"start":{"line":143,"column":6},"end":{"line":145,"column":7}},"60":{"start":{"line":144,"column":8},"end":{"line":144,"column":28}},"61":{"start":{"line":147,"column":4},"end":{"line":147,"column":16}},"62":{"start":{"line":151,"column":4},"end":{"line":162,"column":5}},"63":{"start":{"line":152,"column":35},"end":{"line":160,"column":8}},"64":{"start":{"line":161,"column":6},"end":{"line":161,"column":42}},"65":{"start":{"line":170,"column":4},"end":{"line":170,"column":37}},"66":{"start":{"line":172,"column":4},"end":{"line":176,"column":5}},"67":{"start":{"line":173,"column":6},"end":{"line":175,"column":7}},"68":{"start":{"line":174,"column":8},"end":{"line":174,"column":38}},"69":{"start":{"line":178,"column":4},"end":{"line":178,"column":44}},"70":{"start":{"line":183,"column":4},"end":{"line":183,"column":24}},"71":{"start":{"line":184,"column":4},"end":{"line":184,"column":25}},"72":{"start":{"line":188,"column":35},"end":{"line":188,"column":37}},"73":{"start":{"line":189,"column":4},"end":{"line":193,"column":5}},"74":{"start":{"line":190,"column":6},"end":{"line":192,"column":7}},"75":{"start":{"line":191,"column":8},"end":{"line":191,"column":35}},"76":{"start":{"line":194,"column":4},"end":{"line":194,"column":18}},"77":{"start":{"line":24,"column":13},"end":{"line":24,"column":36}},"78":{"start":{"line":24,"column":13},"end":{"line":196,"column":null}}},"fnMap":{"0":{"name":"(anonymous_1)","decl":{"start":{"line":28,"column":2},"end":{"line":28,"column":7}},"loc":{"start":{"line":28,"column":38},"end":{"line":43,"column":3}}},"1":{"name":"(anonymous_2)","decl":{"start":{"line":45,"column":2},"end":{"line":45,"column":7}},"loc":{"start":{"line":45,"column":55},"end":{"line":52,"column":3}}},"2":{"name":"(anonymous_3)","decl":{"start":{"line":54,"column":2},"end":{"line":54,"column":7}},"loc":{"start":{"line":54,"column":58},"end":{"line":61,"column":3}}},"3":{"name":"(anonymous_4)","decl":{"start":{"line":63,"column":2},"end":{"line":63,"column":7}},"loc":{"start":{"line":66,"column":58},"end":{"line":92,"column":3}}},"4":{"name":"(anonymous_5)","decl":{"start":{"line":69,"column":6},"end":{"line":69,"column":7}},"loc":{"start":{"line":69,"column":13},"end":{"line":69,"column":40}}},"5":{"name":"(anonymous_6)","decl":{"start":{"line":73,"column":31},"end":{"line":73,"column":32}},"loc":{"start":{"line":74,"column":8},"end":{"line":74,"column":78}}},"6":{"name":"(anonymous_7)","decl":{"start":{"line":80,"column":17},"end":{"line":80,"column":18}},"loc":{"start":{"line":80,"column":26},"end":{"line":86,"column":5}}},"7":{"name":"(anonymous_8)","decl":{"start":{"line":88,"column":23},"end":{"line":88,"column":24}},"loc":{"start":{"line":88,"column":31},"end":{"line":91,"column":6}}},"8":{"name":"(anonymous_9)","decl":{"start":{"line":94,"column":2},"end":{"line":94,"column":7}},"loc":{"start":{"line":94,"column":49},"end":{"line":106,"column":3}}},"9":{"name":"(anonymous_10)","decl":{"start":{"line":108,"column":2},"end":{"line":108,"column":7}},"loc":{"start":{"line":108,"column":25},"end":{"line":116,"column":3}}},"10":{"name":"(anonymous_11)","decl":{"start":{"line":118,"column":2},"end":{"line":118,"column":7}},"loc":{"start":{"line":121,"column":26},"end":{"line":133,"column":3}}},"11":{"name":"(anonymous_12)","decl":{"start":{"line":135,"column":2},"end":{"line":135,"column":7}},"loc":{"start":{"line":138,"column":26},"end":{"line":148,"column":3}}},"12":{"name":"(anonymous_13)","decl":{"start":{"line":150,"column":2},"end":{"line":150,"column":7}},"loc":{"start":{"line":150,"column":64},"end":{"line":163,"column":3}}},"13":{"name":"(anonymous_14)","decl":{"start":{"line":165,"column":2},"end":{"line":165,"column":7}},"loc":{"start":{"line":168,
[...]
200,"column":10},"end":{"line":200,"column":34}},{"start":{"line":200,"column":38},"end":{"line":200,"column":51}}]},"19":{"loc":{"start":{"line":208,"column":4},"end":{"line":213,"column":5}},"type":"if","locations":[{"start":{"line":208,"column":4},"end":{"line":213,"column":5}},{"start":{},"end":{}}]},"20":{"loc":{"start":{"line":217,"column":6},"end":{"line":217,"column":65}},"type":"if","locations":[{"start":{"line":217,"column":6},"end":{"line":217,"column":65}},{"start":{},"end":{}}]},"21":{"loc":{"start":{"line":217,"column":10},"end":{"line":217,"column":51}},"type":"binary-expr","locations":[{"start":{"line":217,"column":10},"end":{"line":217,"column":34}},{"start":{"line":217,"column":38},"end":{"line":217,"column":51}}]},"22":{"loc":{"start":{"line":246,"column":2},"end":{"line":248,"column":3}},"type":"if","locations":[{"start":{"line":246,"column":2},"end":{"line":248,"column":3}},{"start":{},"end":{}}]},"23":{"loc":{"start":{"line":251,"column":4},"end":{"line":251,"column":64}},"type":"if","locations":[{"start":{"line":251,"column":4},"end":{"line":251,"column":64}},{"start":{},"end":{}}]},"24":{"loc":{"start":{"line":251,"column":8},"end":{"line":251,"column":49}},"type":"binary-expr","locations":[{"start":{"line":251,"column":8},"end":{"line":251,"column":32}},{"start":{"line":251,"column":36},"end":{"line":251,"column":49}}]},"25":{"loc":{"start":{"line":260,"column":2},"end":{"line":276,"column":3}},"type":"if","locations":[{"start":{"line":260,"column":2},"end":{"line":276,"column":3}},{"start":{"line":267,"column":9},"end":{"line":276,"column":3}}]},"26":{"loc":{"start":{"line":262,"column":4},"end":{"line":266,"column":5}},"type":"if","locations":[{"start":{"line":262,"column":4},"end":{"line":266,"column":5}},{"start":{"line":264,"column":11},"end":{"line":266,"column":5}}]},"27":{"loc":{"start":{"line":272,"column":4},"end":{"line":274,"column":5}},"type":"if","locations":[{"start":{"line":272,"column":4},"end":{"line":274,"column":5}},{"start":{},"end":{}}]},"28":{"loc":{"start":{"line":297,"column":15},"end":{"line":297,"column":77}},"type":"binary-expr","locations":[{"start":{"line":297,"column":15},"end":{"line":297,"column":71}},{"start":{"line":297,"column":75},"end":{"line":297,"column":77}}]},"29":{"loc":{"start":{"line":303,"column":2},"end":{"line":307,"column":3}},"type":"if","locations":[{"start":{"line":303,"column":2},"end":{"line":307,"column":3}},{"start":{},"end":{}}]},"30":{"loc":{"start":{"line":312,"column":2},"end":{"line":316,"column":3}},"type":"if","locations":[{"start":{"line":312,"column":2},"end":{"line":316,"column":3}},{"start":{"line":314,"column":9},"end":{"line":316,"column":3}}]},"31":{"loc":{"start":{"line":312,"column":6},"end":{"line":312,"column":83}},"type":"binary-expr","locations":[{"start":{"line":312,"column":6},"end":{"line":312,"column":54}},{"start":{"line":312,"column":58},"end":{"line":312,"column":83}}]},"32":{"loc":{"start":{"line":338,"column":2},"end":{"line":340,"column":3}},"type":"if","locations":[{"start":{"line":338,"column":2},"end":{"line":340,"column":3}},{"start":{},"end":{}}]},"33":{"loc":{"start":{"line":338,"column":6},"end":{"line":338,"column":59}},"type":"binary-expr","locations":[{"start":{"line":338,"column":6},"end":{"line":338,"column":20}},{"start":{"line":338,"column":24},"end":{"line":338,"column":43}},{"start":{"line":338,"column":47},"end":{"line":338,"column":59}}]},"34":{"loc":{"start":{"line":341,"column":2},"end":{"line":347,"column":3}},"type":"if","locations":[{"start":{"line":341,"column":2},"end":{"line":347,"column":3}},{"start":{},"end":{}}]},"35":{"loc":{"start":{"line":341,"column":6},"end":{"line":341,"column":74}},"type":"binary-expr","locations":[{"start":{"line":341,"column":6},"end":{"line":341,"column":31}},{"start":{"line":341,"column":35},"end":{"line":341,"column":49}},{"start":{"line":341,"column":53},"end":{"line":341,"column":74}}]},"36":{"loc":{"start":{"line":344,"column":4},"end":{"line":346,"column":5}},"type":"if","locations":[{"start":{"line":344,"column":4},"end":{"line":346,"column":5}},{"start":{},"end":{}}]},"37":{"loc":{"start":{"line":344,"column":8},"end":{"line":344,"column":48}},"type":"binary-expr","locations":[{"start":{"line":344,"column":8},"end":{"line":344,"column":25}},{"start":{"line":344,"column":29},"end":{"line":344,"column":48}}]},"38":{"loc":{"start":{"line":345,"column":13},"end":{"line":345,"column":78}},"type":"binary-expr","locations":[{"start":{"line":345,"column":13},"end":{"line":345,"column":31}},{"start":{"line":345,"column":35},"end":{"line":345,"column":58}},{"start":{"line":345,"column":62},"end":{"line":345,"column":78}}]},"39":{"loc":{"start":{"line":365,"column":2},"end":{"line":369,"column":3}},"type":"if","locations":[{"start":{"line":365,"column":2},"end":{"line":369,"column":3}},{"start":{},"end":{}}]},"40":{"loc":{"start":{"line":365,"column":6},"end":{"line":365,"column":45}},"type":"binary-expr","locations":[{"start":{"line":365,"column":6},"end":{"line":365,"column":29}},{"start":{"line":365,"column":33},"end":{"line":365,"column":45}}]},"41":{"loc":{"start":{"line":391,"column":4},"end":{"line":412,"column":5}},"type":"if","locations":[{"start":{"line":391,"column":4},"end":{"line":412,"column":5}},{"start":{"line":399,"column":11},"end":{"line":412,"column":5}}]},"42":{"loc":{"start":{"line":394,"column":6},"end":{"line":398,"column":7}},"type":"if","locations":[{"start":{"line":394,"column":6},"end":{"line":398,"column":7}},{"start":{"line":396,"column":13},"end":{"line":398,"column":7}}]},"43":{"loc":{"start":{"line":399,"column":11},"end":{"line":412,"column":5}},"type":"if","locations":[{"start":{"line":399,"column":11},"end":{"line":412,"column":5}},{"start":{"line":410,"column":11},"end":{"line":412,"column":5}}]},"44":{"loc":{"start":{"line":405,"column":6},"end":{"line":409,"column":7}},"type":"if","locations":[{"start":{"line":405,"column":6},"end":{"line":409,"column":7}},{"start":{"line":407,"column":13},"end":{"line":409,"column":7}}]},"45":{"loc":{"start":{"line":405,"column":10},"end":{"line":405,"column":87}},"type":"binary-expr","locations":[{"start":{"line":405,"column":10},"end":{"line":405,"column":38}},{"start":{"line":405,"column":42},"end":{"line":405,"column":59}},{"start":{"line":405,"column":63},"end":{"line":405,"column":87}}]}},"s":{"0":5,"1":5,"2":5,"3":5,"4":5,"5":5,"6":5,"7":5,"8":5,"9":5,"10":5,"11":5,"12":30,"13":33,"14":33,"15":33,"16":4,"17":29,"18":57,"19":57,"20":57,"21":57,"22":30,"23":30,"24":30,"25":30,"26":30,"27":28,"28":28,"29":28,"30":2,"31":29,"32":29,"33":28,"34":29,"35":27,"36":24,"37":3,"38":2,"39":9,"40":9,"41":1,"42":8,"43":9,"44":1,"45":8,"46":8,"47":7,"48":6,"49":1,"50":7,"51":8,"52":6,"53":6,"54":1,"55":5,"56":2,"57":2,"58":0,"59":2,"60":2,"61":1,"62":1,"63":1,"64":1,"65":3,"66":5,"67":0,"68":5,"69":5,"70":7,"71":7,"72":2,"73":7,"74":4,"75":0,"76":4,"77":7,"78":2,"79":1,"80":1,"81":5,"82":5,"83":4,"84":5,"85":7,"86":7,"87":19,"88":19,"89":5,"90":5,"91":5,"92":14,"93":2,"94":12,"95":14,"96":14,"97":19,"98":2,"99":17,"100":11,"101":11,"102":11,"103":9,"104":8,"105":5,"106":5,"107":4,"108":4,"109":4,"110":5,"111":16,"112":18,"113":3,"114":3,"115":3,"116":0,"117":15,"118":4,"119":4,"120":4,"121":4,"122":4,"123":3,"124":1,"125":11,"126":16},"f":{"0":30,"1":33,"2":57,"3":57,"4":30,"5":29,"6":28,"7":9,"8":9,"9":6,"10":2,"11":5,"12":7,"13":4,"14":19,"15":19,"16":5,"17":16},"b":{"0":[30,6],"1":[4,29],"2":[29,8],"3":[57,57],"4":[30,30],"5":[28,2],"6":[28,0],"7":[27,2],"8":[24,3],"9":[27,24],"10":[1,8],"11":[1,8],"12":[9,8],"13":[7,1],"14":[6,1],"15":[1,5],"16":[2,3],"17":[0,2],"18":[2,2],"19":[1,1],"20":[0,5],"21":[5,5],"22":[2,5],"23":[0,4],"24":[4,4],"25":[2,5],"26":[1,1],"27":[4,1],"28":[19,9],"29":[5,14],"30":[2,12],"31":[14,10],"32":[2,17],"33":[19,18,18],"34":[11,6],"35":[17,11,11],"36":[9,2],"37":[11,9],"38":[9,8,8],"39":[4,1],"40":[5,4],"41":[3,15],"42":[3,0],"43":[4,11],"44":[3,1],"45":[4,3,3]}}
,"C:\\Users\\v-prasrane\\source\\repos\\SCIMServer\\api\\src\\modules\\web\\web.controller.ts": {"path":"C:\\Users\\v-prasrane\\source\\repos\\SCIMServer\\api\\src\\modules\\web\\web.controller.ts","statementMap":{"0":{"start":{"line":1,"column":0},"end":{"line":1,"column":61}},"1":{"start":{"line":3,"column":0},"end":{"line":3,"column":33}},"2":{"start":{"line":4,"column":0},"end":{"line":4,"column":50}},"3":{"start":{"line":7,"column":7},"end":{"line":22,"column":null}},"4":{"start":{"line":13,"column":4},"end":{"line":13,"column":76}},"5":{"start":{"line":19,"column":21},"end":{"line":19,"column":84}},"6":{"start":{"line":20,"column":4},"end":{"line":20,"column":27}},"7":{"start":{"line":7,"column":13},"end":{"line":7,"column":26}},"8":{"start":{"line":12,"column":2},"end":{"line":14,"column":null}},"9":{"start":{"line":18,"column":2},"end":{"line":21,"column":null}},"10":{"start":{"line":7,"column":13},"end":{"line":22,"column":null}}},"fnMap":{"0":{"name":"(anonymous_4)","decl":{"start":{"line":12,"column":2},"end":{"line":12,"column":13}},"loc":{"start":{"line":12,"column":34},"end":{"line":14,"column":3}}},"1":{"name":"(anonymous_5)","decl":{"start":{"line":18,"column":2},"end":{"line":18,"column":13}},"loc":{"start":{"line":18,"column":67},"end":{"line":21,"column":3}}}},"branchMap":{},"s":{"0":1,"1":1,"2":1,"3":1,"4":1,"5":1,"6":1,"7":1,"8":1,"9":1,"10":1},"f":{"0":1,"1":1},"b":{}}
,"C:\\Users\\v-prasrane\\source\\repos\\SCIMServer\\api\\src\\oauth\\oauth.controller.ts": {"path":"C:\\Users\\v-prasrane\\source\\repos\\SCIMServer\\api\\src\\oauth\\oauth.controller.ts","statementMap":{"0":{"start":{"line":1,"column":0},"end":{"line":1,"column":88}},"1":{"start":{"line":2,"column":0},"end":{"line":2,"column":58}},"2":{"start":{"line":3,"column":0},"end":{"line":3,"column":47}},"3":{"start":{"line":4,"column":0},"end":{"line":4,"column":68}},"4":{"start":{"line":5,"column":0},"end":{"line":5,"column":60}},"5":{"start":{"line":22,"column":7},"end":{"line":100,"column":null}},"6":{"start":{"line":24,"column":21},"end":{"line":24,"column":35}},"7":{"start":{"line":25,"column":21},"end":{"line":25,"column":29}},"8":{"start":{"line":31,"column":4},"end":{"line":31,"column":108}},"9":{"start":{"line":37,"column":4},"end":{"line":41,"column":7}},"10":{"start":{"line":42,"column":4},"end":{"line":44,"column":7}},"11":{"start":{"line":47,"column":4},"end":{"line":55,"column":5}},"12":{"start":{"line":48,"column":6},"end":{"line":54,"column":8}},"13":{"start":{"line":58,"column":4},"end":{"line":66,"column":5}},"14":{"start":{"line":59,"column":6},"end":{"line":65,"column":8}},"15":{"start":{"line":68,"column":4},"end":{"line":98,"column":5}},"16":{"start":{"line":69,"column":20},"end":{"line":72,"column":null}},"17":{"start":{"line":75,"column":6},"end":{"line":77,"column":9}},"18":{"start":{"line":79,"column":6},"end":{"line":84,"column":8}},"19":{"start":{"line":86,"column":6},"end":{"line":89,"column":9}},"20":{"start":{"line":91,"column":6},"end":{"line":97,"column":8}},"21":{"start":{"line":22,"column":13},"end":{"line":22,"column":28}},"22":{"start":{"line":30,"column":2},"end":{"line":32,"column":null}},"23":{"start":{"line":36,"column":8},"end":{"line":99,"column":null}},"24":{"start":{"line":22,"column":13},"end":{"line":100,"column":null}}},"fnMap":{"0":{"name":"(anonymous_4)","decl":{"start":{"line":23,"column":2},"end":{"line":23,"column":null}},"loc":{"start":{"line":25,"column":39},"end":{"line":26,"column":6}}},"1":{"name":"(anonymous_5)","decl":{"start":{"line":30,"column":2},"end":{"line":30,"column":14}},"loc":{"start":{"line":30,"column":14},"end":{"line":32,"column":3}}},"2":{"name":"(anonymous_6)","decl":{"start":{"line":36,"column":8},"end":{"line":36,"column":16}},"loc":{"start":{"line":36,"column":51},"end":{"line":99,"column":3}}}},"branchMap":{"0":{"loc":{"start":{"line":47,"column":4},"end":{"line":55,"column":5}},"type":"if","locations":[{"start":{"line":47,"column":4},"end":{"line":55,"column":5}},{"start":{},"end":{}}]},"1":{"loc":{"start":{"line":58,"column":4},"end":{"line":66,"column":5}},"type":"if","locations":[{"start":{"line":58,"column":4},"end":{"line":66,"column":5}},{"start":{},"end":{}}]},"2":{"loc":{"start":{"line":58,"column":8},"end":{"line":58,"column":62}},"type":"binary-expr","locations":[{"start":{"line":58,"column":8},"end":{"line":58,"column":31}},{"start":{"line":58,"column":35},"end":{"line":58,"column":62}}]},"3":{"loc":{"start":{"line":88,"column":16},"end":{"line":88,"column":70}},"type":"cond-expr","locations":[{"start":{"line":88,"column":41},"end":{"line":88,"column":54}},{"start":{"line":88,"column":57},"end":{"line":88,"column":70}}]}},"s":{"0":1,"1":1,"2":1,"3":1,"4":1,"5":1,"6":9,"7":9,"8":1,"9":11,"10":11,"11":11,"12":2,"13":9,"14":3,"15":6,"16":6,"17":4,"18":4,"19":2,"20":2,"21":1,"22":1,"23":1,"24":1},"f":{"0":9,"1":1,"2":11},"b":{"0":[2,9],"1":[3,6],"2":[9,7],"3":[2,0]}}
,"C:\\Users\\v-prasrane\\source\\repos\\SCIMServer\\api\\src\\oauth\\oauth.service.ts": {"path":"C:\\Users\\v-prasrane\\source\\repos\\SCIMServer\\api\\src\\oauth\\oauth.service.ts","statementMap":{"0":{"start":{"line":1,"column":0},"end":{"line":1,"column":67}},"1":{"start":{"line":2,"column":0},"end":{"line":2,"column":41}},"2":{"start":{"line":3,"column":0},"end":{"line":3,"column":47}},"3":{"start":{"line":4,"column":0},"end":{"line":4,"column":38}},"4":{"start":{"line":5,"column":0},"end":{"line":5,"column":68}},"5":{"start":{"line":6,"column":0},"end":{"line":6,"column":60}},"6":{"start":{"line":29,"column":7},"end":{"line":139,"column":null}},"7":{"start":{"line":33,"column":21},"end":{"line":33,"column":33}},"8":{"start":{"line":34,"column":21},"end":{"line":34,"column":29}},"9":{"start":{"line":35,"column":21},"end":{"line":35,"column":29}},"10":{"start":{"line":37,"column":28},"end":{"line":37,"column":93}},"11":{"start":{"line":38,"column":29},"end":{"line":38,"column":75}},"12":{"start":{"line":39,"column":29},"end":{"line":39,"column":75}},"13":{"start":{"line":41,"column":23},"end":{"line":41,"column":39}},"14":{"start":{"line":43,"column":4},"end":{"line":50,"column":5}},"15":{"start":{"line":44,"column":6},"end":{"line":46,"column":7}},"16":{"start":{"line":45,"column":8},"end":{"line":45,"column":97}},"17":{"start":{"line":48,"column":6},"end":{"line":48,"column":60}},"18":{"start":{"line":49,"column":6},"end":{"line":49,"column":158}},"19":{"start":{"line":52,"column":19},"end":{"line":54,"column":50}},"20":{"start":{"line":53,"column":49},"end":{"line":53,"column":61}},"21":{"start":{"line":56,"column":4},"end":{"line":62,"column":7}},"22":{"start":{"line":70,"column":4},"end":{"line":73,"column":7}},"23":{"start":{"line":76,"column":19},"end":{"line":76,"column":50}},"24":{"start":{"line":78,"column":4},"end":{"line":83,"column":5}},"25":{"start":{"line":79,"column":6},"end":{"line":81,"column":9}},"26":{"start":{"line":82,"column":6},"end":{"line":82,"column":68}},"27":{"start":{"line":86,"column":28},"end":{"line":86,"column":75}},"28":{"start":{"line":87,"column":26},"end":{"line":88,"column":null}},"29":{"start":{"line":88,"column":6},"end":{"line":88,"column":35}},"30":{"start":{"line":92,"column":26},"end":{"line":92,"column":82}},"31":{"start":{"line":95,"column":20},"end":{"line":100,"column":6}},"32":{"start":{"line":103,"column":22},"end":{"line":103,"column":26}},"33":{"start":{"line":104,"column":24},"end":{"line":104,"column":85}},"34":{"start":{"line":106,"column":4},"end":{"line":110,"column":7}},"35":{"start":{"line":112,"column":4},"end":{"line":116,"column":7}},"36":{"start":{"line":120,"column":4},"end":{"line":132,"column":5}},"37":{"start":{"line":121,"column":22},"end":{"line":121,"column":65}},"38":{"start":{"line":122,"column":6},"end":{"line":125,"column":9}},"39":{"start":{"line":126,"column":6},"end":{"line":126,"column":38}},"40":{"start":{"line":128,"column":6},"end":{"line":130,"column":9}},"41":{"start":{"line":131,"column":6},"end":{"line":131,"column":66}},"42":{"start":{"line":136,"column":19},"end":{"line":136,"column":64}},"43":{"start":{"line":137,"column":4},"end":{"line":137,"column":42}},"44":{"start":{"line":29,"column":13},"end":{"line":29,"column":25}},"45":{"start":{"line":29,"column":13},"end":{"line":139,"column":null}}},"fnMap":{"0":{"name":"(anonymous_11)","decl":{"start":{"line":32,"column":2},"end":{"line":32,"column":null}},"loc":{"start":{"line":35,"column":39},"end":{"line":63,"column":3}}},"1":{"name":"(anonymous_12)","decl":{"start":{"line":53,"column":40},"end":{"line":53,"column":45}},"loc":{"start":{"line":53,"column":49},"end":{"line":53,"column":61}}},"2":{"name":"(anonymous_13)","decl":{"start":{"line":65,"column":2},"end":{"line":65,"column":21}},"loc":{"start":{"line":68,"column":27},"end":{"line":117,"column":3}}},"3":{"name":"(anonymous_14)","decl":{"start":{"line":87,"column":49},"end":{"line":87,"column":54}},"loc":{"start":{"line":88,"column":6},"end":{"line":88,"column":35}}},"4":{"name":"(anonymous_15)","decl":{"start":{"line":119,"column":2},"end":{"line":119,"column":21}},"loc":{"start":{"line":119,"column":35},"end":{"line":133,"column":3}}},"5":{"name":"(anonymous_16)","decl":{"start":{"line":135,"column":2},"end":{"line":135,"column":10}},"loc":{"start":{"line":135,"column":55},"end":{"line":138,"column":3}}}},"branchMap":{"0":{"loc":{"start":{"line":37,"column":28},"end":{"line":37,"column":93}},"type":"binary-expr","locations":[{"start":{"line":37,"column":28},"end":{"line":37,"column":70}},{"start":{"line":37,"column":74},"end":{"line":37,"column":93}}]},"1":{"loc":{"start":{"line":43,"column":4},"end":{"line":50,"column":5}},"type":"if","locations":[{"start":{"line":43,"column":4},"end":{"line":50,"column":5}},{"start":{},"end":{}}]},"2":{"loc":{"start":{"line":44,"column":6},"end":{"line":46,"column":7}},"type":"if","locations":[{"start":{"line":44,"column":6},"end":{"line":46,"column":7}},{"start":{},"end":{}}]},"3":{"loc":{"start":{"line":52,"column":19},"end":{"line":54,"column":50}},"type":"cond-expr","locations":[{"start":{"line":53,"column":8},"end":{"line":53,"column":78}},{"start":{"line":54,"column":8},"end":{"line":54,"column":50}}]},"4":{"loc":{"start":{"line":78,"column":4},"end":{"line":83,"column":5}},"type":"if","locations":[{"start":{"line":78,"column":4},"end":{"line":83,"column":5}},{"start":{},"end":{}}]},"5":{"loc":{"start":{"line":78,"column":8},"end":{"line":78,"column":55}},"type":"binary-expr","locations":[{"start":{"line":78,"column":8},"end":{"line":78,"column":15}},{"start":{"line":78,"column":19},"end":{"line":78,"column":55}}]},"6":{"loc":{"start":{"line":86,"column":28},"end":{"line":86,"column":75}},"type":"cond-expr","locations":[{"start":{"line":86,"column":45},"end":{"line":86,"column":70}},{"start":{"line":86,"column":73},"end":{"line":86,"column":75}}]},"7":{"loc":{"start":{"line":92,"column":26},"end":{"line":92,"column":82}},"type":"cond-expr","locations":[{"start":{"line":92,"column":53},"end":{"line":92,"column":66}},{"start":{"line":92,"column":69},"end":{"line":92,"column":82}}]},"8":{"loc":{"start":{"line":129,"column":16},"end":{"line":129,"column":70}},"type":"cond-expr","locations":[{"start":{"line":129,"column":41},"end":{"line":129,"column":54}},{"start":{"line":129,"column":57},"end":{"line":129,"column":70}}]},"9":{"loc":{"start":{"line":136,"column":19},"end":{"line":136,"column":64}},"type":"cond-expr","locations":[{"start":{"line":136,"column":35},"end":{"line":136,"column":59}},{"start":{"line":136,"column":62},"end":{"line":136,"column":64}}]}},"s":{"0":4,"1":4,"2":4,"3":4,"4":4,"5":4,"6":4,"7":23,"8":23,"9":23,"10":23,"11":23,"12":23,"13":23,"14":23,"15":2,"16":1,"17":1,"18":1,"19":22,"20":2,"21":22,"22":7,"23":7,"24":7,"25":2,"26":2,"27":5,"28":5,"29":2,"30":5,"31":5,"32":5,"33":5,"34":5,"35":5,"36":3,"37":3,"38":1,"39":1,"40":2,"41":2,"42":4,"43":4,"44":4,"45":4},"f":{"0":23,"1":2,"2":7,"3":2,"4":3,"5":4},"b":{"0":[23,0],"1":[2,21],"2":[1,1],"3":[1,21],"4":[2,5],"5":[7,6],"6":[2,3],"7":[1,4],"8":[2,0],"9":[2,2]}}
}
