TN:
SF:src\auth\scim-auth.guard.ts
FN:9,(anonymous_2)
FN:11,(anonymous_3)
FNF:2
FNH:2
FNDA:9,(anonymous_2)
FNDA:11,(anonymous_3)
DA:1,1
DA:2,1
DA:5,1
DA:7,9
DA:9,9
DA:12,11
DA:13,11
DA:15,11
DA:16,2
DA:19,9
DA:21,9
DA:22,3
DA:25,6
DA:27,6
DA:28,4
DA:29,4
DA:32,2
DA:33,2
DA:35,2
DA:36,2
DA:40,2
DA:41,2
DA:42,2
DA:43,2
DA:46,2
DA:47,2
DA:48,2
LF:27
LH:27
BRDA:15,0,0,2
BRDA:15,0,1,9
BRDA:21,1,0,3
BRDA:21,1,1,6
BRDA:21,2,0,9
BRDA:21,2,1,7
BRDA:27,3,0,4
BRDA:27,3,1,2
BRDA:46,4,0,2
BRDA:46,4,1,0
BRF:10
BRH:9
end_of_record
TN:
SF:src\bootstrap\blob-restore.ts
FN:5,restoreFromBlob
FN:25,(anonymous_10)
FN:26,(anonymous_11)
FN:52,(anonymous_12)
FN:68,(anonymous_13)
FNF:5
FNH:0
FNDA:0,restoreFromBlob
FNDA:0,(anonymous_10)
FNDA:0,(anonymous_11)
FNDA:0,(anonymous_12)
FNDA:0,(anonymous_13)
DA:1,0
DA:2,0
DA:3,0
DA:6,0
DA:7,0
DA:8,0
DA:11,0
DA:12,0
DA:14,0
DA:16,0
DA:20,0
DA:22,0
DA:25,0
DA:26,0
DA:28,0
DA:29,0
DA:30,0
DA:31,0
DA:33,0
DA:35,0
DA:36,0
DA:39,0
DA:40,0
DA:41,0
DA:42,0
DA:46,0
DA:48,0
DA:49,0
DA:52,0
DA:53,0
DA:54,0
DA:55,0
DA:57,0
DA:58,0
DA:61,0
DA:62,0
DA:65,0
DA:68,0
DA:69,0
DA:71,0
DA:72,0
LF:41
LH:0
BRDA:7,0,0,0
BRDA:7,0,1,0
BRDA:11,1,0,0
BRDA:11,1,1,0
BRDA:12,2,0,0
BRDA:12,2,1,0
BRDA:14,3,0,0
BRDA:14,3,1,0
BRDA:33,4,0,0
BRDA:33,4,1,0
BRDA:41,5,0,0
BRDA:41,5,1,0
BRDA:46,6,0,0
BRDA:46,6,1,0
BRDA:57,7,0,0
BRDA:57,7,1,0
BRDA:69,8,0,0
BRDA:69,8,1,0
BRF:18
BRH:0
end_of_record
TN:
SF:src\domain\patch\group-patch-engine.ts
FN:49,(anonymous_0)
FN:97,(anonymous_1)
FN:125,(anonymous_2)
FN:169,(anonymous_3)
FN:187,(anonymous_4)
FN:221,(anonymous_5)
FN:227,(anonymous_6)
FN:253,(anonymous_7)
FN:260,(anonymous_8)
FN:286,(anonymous_9)
FN:302,(anonymous_10)
FNF:11
FNH:11
FNDA:63,(anonymous_0)
FNDA:27,(anonymous_1)
FNDA:2,(anonymous_2)
FNDA:3,(anonymous_3)
FNDA:19,(anonymous_4)
FNDA:19,(anonymous_5)
FNDA:20,(anonymous_6)
FNDA:23,(anonymous_7)
FNDA:6,(anonymous_8)
FNDA:27,(anonymous_9)
FNDA:19,(anonymous_10)
DA:25,4
DA:39,4
DA:54,63
DA:55,63
DA:56,63
DA:58,63
DA:59,68
DA:60,68
DA:61,2
DA:68,66
DA:70,27
DA:73,21
DA:74,21
DA:75,21
DA:76,21
DA:77,21
DA:80,19
DA:83,14
DA:85,20
DA:88,14
DA:92,44
DA:104,27
DA:107,27
DA:108,12
DA:109,2
DA:111,10
DA:112,8
DA:113,8
DA:114,8
DA:115,8
DA:116,8
DA:118,8
DA:119,7
DA:121,8
DA:122,5
DA:124,8
DA:125,2
DA:126,2
DA:130,8
DA:131,15
DA:132,1
DA:136,8
DA:138,2
DA:145,15
DA:146,6
DA:147,1
DA:153,5
DA:156,9
DA:157,4
DA:158,4
DA:161,5
DA:162,3
DA:163,1
DA:169,3
DA:170,2
DA:178,2
DA:192,19
DA:193,19
DA:194,1
DA:201,18
DA:202,1
DA:209,17
DA:211,17
DA:212,2
DA:221,19
DA:222,14
DA:233,20
DA:236,20
DA:237,11
DA:238,2
DA:247,9
DA:248,9
DA:249,12
DA:250,12
DA:253,23
DA:257,9
DA:258,9
DA:259,3
DA:260,6
DA:264,6
DA:265,5
DA:266,3
DA:274,2
DA:277,1
DA:287,27
DA:288,3
DA:294,24
DA:295,24
DA:303,19
DA:304,19
DA:305,43
DA:307,19
LF:92
LH:92
BRDA:60,0,0,2
BRDA:60,0,1,66
BRDA:60,1,0,68
BRDA:60,1,1,68
BRDA:68,2,0,27
BRDA:68,2,1,19
BRDA:68,2,2,20
BRDA:107,3,0,12
BRDA:107,3,1,15
BRDA:108,4,0,2
BRDA:108,4,1,10
BRDA:111,5,0,8
BRDA:111,5,1,2
BRDA:111,6,0,10
BRDA:111,6,1,8
BRDA:118,7,0,7
BRDA:118,7,1,1
BRDA:121,8,0,5
BRDA:121,8,1,3
BRDA:122,9,0,5
BRDA:122,9,1,0
BRDA:124,10,0,2
BRDA:124,10,1,6
BRDA:131,11,0,1
BRDA:131,11,1,14
BRDA:131,12,0,15
BRDA:131,12,1,8
BRDA:131,12,2,3
BRDA:131,12,3,1
BRDA:145,13,0,6
BRDA:145,13,1,9
BRDA:146,14,0,1
BRDA:146,14,1,5
BRDA:156,15,0,4
BRDA:156,15,1,5
BRDA:157,16,0,3
BRDA:157,16,1,1
BRDA:161,17,0,3
BRDA:161,17,1,2
BRDA:162,18,0,1
BRDA:162,18,1,2
BRDA:180,19,0,2
BRDA:180,19,1,0
BRDA:193,20,0,1
BRDA:193,20,1,18
BRDA:193,21,0,19
BRDA:193,21,1,18
BRDA:196,22,0,1
BRDA:196,22,1,0
BRDA:201,23,0,1
BRDA:201,23,1,17
BRDA:209,24,0,16
BRDA:209,24,1,1
BRDA:211,25,0,2
BRDA:211,25,1,15
BRDA:211,26,0,17
BRDA:211,26,1,7
BRDA:236,27,0,11
BRDA:236,27,1,9
BRDA:236,28,0,20
BRDA:236,28,1,11
BRDA:236,28,2,11
BRDA:237,29,0,2
BRDA:237,29,1,9
BRDA:237,30,0,11
BRDA:237,30,1,6
BRDA:249,31,0,12
BRDA:249,31,1,0
BRDA:249,32,0,12
BRDA:249,32,1,12
BRDA:249,32,2,12
BRDA:258,33,0,3
BRDA:258,33,1,6
BRDA:264,34,0,5
BRDA:264,34,1,1
BRDA:265,35,0,3
BRDA:265,35,1,2
BRDA:279,36,0,1
BRDA:279,36,1,0
BRDA:287,37,0,3
BRDA:287,37,1,24
BRDA:287,38,0,27
BRDA:287,38,1,26
BRDA:287,38,2,26
BRF:84
BRH:79
end_of_record
TN:
SF:src\domain\patch\index.ts
FN:4,(anonymous_0)
FN:16,(anonymous_1)
FN:19,(anonymous_2)
FNF:3
FNH:0
FNDA:0,(anonymous_0)
FNDA:0,(anonymous_1)
FNDA:0,(anonymous_2)
DA:4,0
DA:16,0
DA:19,0
LF:3
LH:0
BRF:0
BRH:0
end_of_record
TN:
SF:src\domain\patch\patch-error.ts
FN:11,(anonymous_0)
FNF:1
FNH:1
FNDA:40,(anonymous_0)
DA:7,8
DA:12,40
DA:13,40
DA:14,40
DA:15,40
LF:5
LH:5
BRF:0
BRH:0
end_of_record
TN:
SF:src\domain\patch\user-patch-engine.ts
FN:94,(anonymous_0)
FN:144,(anonymous_1)
FN:244,(anonymous_2)
FN:286,(anonymous_3)
FN:295,(anonymous_4)
FN:306,(anonymous_5)
FN:314,(anonymous_6)
FN:330,(anonymous_7)
FN:341,(anonymous_8)
FN:352,(anonymous_9)
FN:366,(anonymous_10)
FN:393,(anonymous_11)
FN:395,(anonymous_12)
FN:400,(anonymous_13)
FN:404,(anonymous_14)
FNF:15
FNH:15
FNDA:59,(anonymous_0)
FNDA:53,(anonymous_1)
FNDA:13,(anonymous_2)
FNDA:12,(anonymous_3)
FNDA:21,(anonymous_4)
FNDA:2,(anonymous_5)
FNDA:3,(anonymous_6)
FNDA:11,(anonymous_7)
FNDA:10,(anonymous_8)
FNDA:11,(anonymous_9)
FNDA:11,(anonymous_10)
FNDA:52,(anonymous_11)
FNDA:136,(anonymous_12)
FNDA:2,(anonymous_13)
FNDA:4,(anonymous_14)
DA:18,4
DA:38,4
DA:53,4
DA:78,4
DA:84,4
DA:99,59
DA:100,59
DA:102,59
DA:103,68
DA:104,68
DA:105,2
DA:112,66
DA:113,66
DA:115,66
DA:116,53
DA:123,13
DA:130,51
DA:132,51
DA:139,51
DA:156,53
DA:157,9
DA:158,8
DA:165,44
DA:166,5
DA:172,39
DA:173,3
DA:174,3
DA:181,36
DA:182,2
DA:188,34
DA:189,4
DA:190,4
DA:191,4
DA:193,4
DA:196,30
DA:197,3
DA:198,3
DA:199,3
DA:203,3
DA:206,27
DA:207,12
DA:208,12
DA:211,15
DA:212,6
DA:213,6
DA:217,9
DA:218,9
DA:219,9
DA:220,5
DA:221,5
DA:223,9
DA:224,5
DA:227,9
DA:228,1
DA:229,1
DA:231,9
DA:232,2
DA:233,2
DA:235,9
DA:236,9
DA:239,0
DA:251,13
DA:252,1
DA:255,12
DA:256,2
DA:257,2
DA:258,2
DA:260,2
DA:263,10
DA:264,2
DA:265,2
DA:266,2
DA:268,2
DA:271,8
DA:272,2
DA:273,2
DA:276,6
DA:277,2
DA:278,2
DA:281,4
DA:291,12
DA:292,12
DA:293,12
DA:294,12
DA:295,21
DA:297,12
DA:298,12
DA:299,10
DA:301,2
DA:303,12
DA:310,2
DA:311,2
DA:312,2
DA:313,2
DA:314,3
DA:316,2
DA:317,2
DA:318,2
DA:320,2
DA:331,11
DA:332,11
DA:333,21
DA:334,21
DA:336,11
DA:342,10
DA:343,9
DA:345,1
DA:353,11
DA:354,1
DA:356,10
DA:357,10
DA:359,0
DA:367,11
DA:368,7
DA:370,4
DA:371,3
DA:372,3
DA:373,2
DA:375,2
DA:376,1
DA:377,1
DA:378,0
DA:379,0
DA:380,0
DA:381,0
DA:384,1
DA:394,52
DA:395,136
DA:397,52
DA:401,2
DA:402,2
DA:403,2
DA:404,4
LF:133
LH:127
BRDA:104,0,0,2
BRDA:104,0,1,66
BRDA:104,1,0,68
BRDA:104,1,1,68
BRDA:115,2,0,53
BRDA:115,2,1,13
BRDA:115,3,0,66
BRDA:115,3,1,56
BRDA:156,4,0,9
BRDA:156,4,1,44
BRDA:165,5,0,5
BRDA:165,5,1,39
BRDA:172,6,0,3
BRDA:172,6,1,36
BRDA:181,7,0,2
BRDA:181,7,1,34
BRDA:188,8,0,4
BRDA:188,8,1,30
BRDA:188,9,0,34
BRDA:188,9,1,25
BRDA:190,10,0,4
BRDA:190,10,1,0
BRDA:196,11,0,3
BRDA:196,11,1,27
BRDA:196,12,0,30
BRDA:196,12,1,21
BRDA:198,13,0,3
BRDA:198,13,1,0
BRDA:199,14,0,1
BRDA:199,14,1,2
BRDA:206,15,0,12
BRDA:206,15,1,15
BRDA:206,16,0,27
BRDA:206,16,1,12
BRDA:206,16,2,12
BRDA:211,17,0,6
BRDA:211,17,1,9
BRDA:217,18,0,9
BRDA:217,18,1,0
BRDA:217,19,0,9
BRDA:217,19,1,9
BRDA:217,19,2,9
BRDA:219,20,0,5
BRDA:219,20,1,4
BRDA:223,21,0,5
BRDA:223,21,1,4
BRDA:227,22,0,1
BRDA:227,22,1,8
BRDA:231,23,0,2
BRDA:231,23,1,7
BRDA:251,24,0,1
BRDA:251,24,1,12
BRDA:255,25,0,2
BRDA:255,25,1,10
BRDA:255,26,0,12
BRDA:255,26,1,8
BRDA:257,27,0,2
BRDA:257,27,1,0
BRDA:263,28,0,2
BRDA:263,28,1,8
BRDA:263,29,0,10
BRDA:263,29,1,6
BRDA:265,30,0,2
BRDA:265,30,1,0
BRDA:271,31,0,2
BRDA:271,31,1,6
BRDA:271,32,0,8
BRDA:271,32,1,2
BRDA:271,32,2,2
BRDA:276,33,0,2
BRDA:276,33,1,4
BRDA:294,34,0,12
BRDA:294,34,1,2
BRDA:298,35,0,10
BRDA:298,35,1,2
BRDA:298,36,0,12
BRDA:298,36,1,10
BRDA:298,36,2,10
BRDA:313,37,0,2
BRDA:313,37,1,0
BRDA:317,38,0,2
BRDA:317,38,1,0
BRDA:317,39,0,2
BRDA:317,39,1,2
BRDA:317,39,2,2
BRDA:333,40,0,21
BRDA:333,40,1,3
BRDA:342,41,0,9
BRDA:342,41,1,1
BRDA:353,42,0,1
BRDA:353,42,1,10
BRDA:353,43,0,11
BRDA:353,43,1,10
BRDA:356,44,0,10
BRDA:356,44,1,0
BRDA:367,45,0,7
BRDA:367,45,1,4
BRDA:370,46,0,3
BRDA:370,46,1,1
BRDA:372,47,0,1
BRDA:372,47,1,2
BRDA:373,48,0,1
BRDA:373,48,1,1
BRDA:375,49,0,1
BRDA:375,49,1,1
BRDA:375,50,0,2
BRDA:375,50,1,1
BRDA:375,50,2,1
BRDA:377,51,0,1
BRDA:377,51,1,0
BRDA:378,52,0,0
BRDA:378,52,1,0
BRDA:380,53,0,0
BRDA:380,53,1,0
BRDA:381,54,0,0
BRDA:381,54,1,0
BRDA:395,55,0,136
BRDA:395,55,1,121
BRDA:401,56,0,0
BRDA:401,56,1,2
BRF:120
BRH:104
end_of_record
TN:
SF:src\domain\repositories\repository.tokens.ts
FNF:0
FNH:0
DA:7,13
DA:8,13
DA:9,13
LF:3
LH:3
BRF:0
BRH:0
end_of_record
TN:
SF:src\generated\prisma\browser.ts
FNF:0
FNH:0
DA:16,0
DA:17,0
DA:18,0
DA:19,0
LF:4
LH:0
BRF:0
BRH:0
end_of_record
TN:
SF:src\generated\prisma\client.ts
FNF:0
FNH:0
DA:18,15
DA:19,15
DA:21,15
DA:22,15
DA:36,15
DA:38,15
LF:6
LH:6
BRF:0
BRH:0
end_of_record
TN:
SF:src\generated\prisma\internal\class.ts
FN:43,decodeBase64AsWasm
FN:44,(anonymous_10)
FN:50,(anonymous_11)
FN:50,(anonymous_12)
FN:52,(anonymous_13)
FN:53,(anonymous_14)
FN:240,getPrismaClientClass
FNF:7
FNH:1
FNDA:0,decodeBase64AsWasm
FNDA:0,(anonymous_10)
FNDA:0,(anonymous_11)
FNDA:0,(anonymous_12)
FNDA:0,(anonymous_13)
FNDA:0,(anonymous_14)
FNDA:15,getPrismaClientClass
DA:14,15
DA:18,15
DA:37,15
DA:38,15
DA:44,0
DA:45,0
DA:46,0
DA:49,15
DA:50,0
DA:53,0
DA:54,0
DA:240,15
DA:241,15
LF:13
LH:7
BRF:0
BRH:0
end_of_record
TN:
SF:src\generated\prisma\internal\prismaNamespace.ts
FNF:0
FNH:0
DA:18,15
DA:32,15
DA:35,15
DA:38,15
DA:41,15
DA:44,15
DA:50,15
DA:51,15
DA:52,15
DA:53,15
DA:54,15
DA:62,15
DA:71,15
DA:86,15
DA:104,15
DA:114,15
DA:121,15
DA:128,15
DA:386,15
DA:810,15
DA:820,15
DA:834,15
DA:854,15
DA:873,15
DA:886,15
DA:902,15
DA:910,15
DA:917,15
DA:925,15
DA:933,15
DA:1031,15
LF:31
LH:31
BRF:0
BRH:0
end_of_record
TN:
SF:src\generated\prisma\internal\prismaNamespaceBrowser.ts
FNF:0
FNH:0
DA:18,0
DA:23,0
DA:26,0
DA:36,0
DA:43,0
DA:50,0
DA:53,0
DA:67,0
DA:77,0
DA:91,0
DA:111,0
DA:130,0
DA:143,0
DA:159,0
DA:167,0
DA:174,0
DA:182,0
DA:190,0
LF:18
LH:0
BRF:0
BRH:0
end_of_record
TN:
SF:src\infrastructure\repositories\inmemory\inmemory-endpoint-schema.repository.ts
FN:20,(anonymous_1)
FN:24,(anonymous_2)
FN:52,(anonymous_3)
FN:54,(anonymous_4)
FN:55,(anonymous_5)
FN:58,(anonymous_6)
FN:60,(anonymous_7)
FN:64,(anonymous_8)
FN:73,(anonymous_9)
FN:81,(anonymous_10)
FNF:10
FNH:10
FNDA:45,(anonymous_1)
FNDA:26,(anonymous_2)
FNDA:6,(anonymous_3)
FNDA:7,(anonymous_4)
FNDA:3,(anonymous_5)
FNDA:3,(anonymous_6)
FNDA:1,(anonymous_7)
FNDA:14,(anonymous_8)
FNDA:5,(anonymous_9)
FNDA:2,(anonymous_10)
DA:7,3
DA:8,3
DA:16,3
DA:17,31
DA:21,45
DA:25,26
DA:28,26
DA:29,1
DA:34,25
DA:35,25
DA:48,25
DA:49,25
DA:53,6
DA:54,7
DA:55,3
DA:59,3
DA:60,1
DA:68,14
DA:69,14
DA:70,14
DA:77,5
DA:78,5
DA:82,2
DA:83,2
DA:84,3
DA:85,2
DA:86,2
DA:89,2
LF:28
LH:28
BRDA:28,0,0,1
BRDA:28,0,1,25
BRDA:40,1,0,25
BRDA:40,1,1,1
BRDA:41,2,0,25
BRDA:41,2,1,1
BRDA:42,3,0,25
BRDA:42,3,1,0
BRDA:70,4,0,3
BRDA:70,4,1,11
BRDA:84,5,0,2
BRDA:84,5,1,1
BRF:12
BRH:11
end_of_record
TN:
SF:src\infrastructure\repositories\inmemory\inmemory-group.repository.ts
FN:28,(anonymous_1)
FN:45,(anonymous_2)
FN:54,(anonymous_3)
FN:63,(anonymous_4)
FN:69,(anonymous_5)
FN:73,(anonymous_6)
FN:80,(anonymous_7)
FN:88,(anonymous_8)
FN:94,(anonymous_9)
FN:108,(anonymous_10)
FN:118,(anonymous_11)
FN:135,(anonymous_12)
FN:150,(anonymous_13)
FN:165,(anonymous_14)
FN:182,(anonymous_15)
FN:187,(anonymous_16)
FNF:16
FNH:16
FNDA:49,(anonymous_1)
FNDA:20,(anonymous_2)
FNDA:14,(anonymous_3)
FNDA:7,(anonymous_4)
FNDA:18,(anonymous_5)
FNDA:2,(anonymous_6)
FNDA:4,(anonymous_7)
FNDA:9,(anonymous_8)
FNDA:5,(anonymous_9)
FNDA:3,(anonymous_10)
FNDA:4,(anonymous_11)
FNDA:4,(anonymous_12)
FNDA:28,(anonymous_13)
FNDA:3,(anonymous_14)
FNDA:1,(anonymous_15)
FNDA:22,(anonymous_16)
DA:10,2
DA:11,2
DA:21,2
DA:24,2
DA:25,42
DA:26,42
DA:29,49
DA:30,49
DA:41,49
DA:42,49
DA:46,20
DA:47,18
DA:48,15
DA:51,5
DA:55,14
DA:56,14
DA:57,13
DA:68,7
DA:69,18
DA:72,7
DA:73,1
DA:74,2
DA:78,7
DA:79,7
DA:80,7
DA:81,4
DA:82,4
DA:83,4
DA:84,2
DA:85,2
DA:88,9
DA:95,5
DA:96,5
DA:97,1
DA:99,4
DA:104,4
DA:105,4
DA:109,3
DA:111,3
DA:112,2
DA:113,2
DA:124,4
DA:125,4
DA:126,4
DA:127,3
DA:128,2
DA:129,1
DA:132,3
DA:140,4
DA:141,4
DA:142,3
DA:143,2
DA:144,1
DA:147,3
DA:151,28
DA:152,37
DA:161,37
DA:170,3
DA:172,3
DA:173,4
DA:174,3
DA:178,3
DA:183,1
DA:184,1
DA:188,22
DA:189,22
DA:190,41
DA:191,27
DA:194,22
LF:69
LH:69
BRDA:47,0,0,15
BRDA:47,0,1,3
BRDA:47,1,0,18
BRDA:47,1,1,17
BRDA:56,2,0,1
BRDA:56,2,1,13
BRDA:72,3,0,1
BRDA:72,3,1,6
BRDA:72,4,0,7
BRDA:72,4,1,1
BRDA:78,5,0,7
BRDA:78,5,1,5
BRDA:79,6,0,7
BRDA:79,6,1,5
BRDA:81,7,0,4
BRDA:81,7,1,0
BRDA:82,8,0,4
BRDA:82,8,1,0
BRDA:83,9,0,2
BRDA:83,9,1,2
BRDA:83,10,0,1
BRDA:83,10,1,1
BRDA:84,11,0,0
BRDA:84,11,1,2
BRDA:84,12,0,0
BRDA:84,12,1,0
BRDA:96,13,0,1
BRDA:96,13,1,4
BRDA:112,14,0,2
BRDA:112,14,1,0
BRDA:126,15,0,1
BRDA:126,15,1,3
BRDA:127,16,0,1
BRDA:127,16,1,2
BRDA:127,17,0,3
BRDA:127,17,1,1
BRDA:128,18,0,1
BRDA:128,18,1,1
BRDA:141,19,0,1
BRDA:141,19,1,3
BRDA:142,20,0,1
BRDA:142,20,1,2
BRDA:142,21,0,3
BRDA:142,21,1,1
BRDA:143,22,0,1
BRDA:143,22,1,1
BRDA:173,23,0,3
BRDA:173,23,1,1
BRDA:190,24,0,27
BRDA:190,24,1,14
BRF:50
BRH:44
end_of_record
TN:
SF:src\infrastructure\repositories\inmemory\inmemory-user.repository.ts
FN:25,(anonymous_1)
FN:44,(anonymous_2)
FN:53,(anonymous_3)
FN:59,(anonymous_4)
FN:63,(anonymous_5)
FN:70,(anonymous_6)
FN:78,(anonymous_7)
FN:81,(anonymous_8)
FN:95,(anonymous_9)
FN:99,(anonymous_10)
FN:128,(anonymous_11)
FN:144,(anonymous_12)
FNF:12
FNH:12
FNDA:67,(anonymous_1)
FNDA:8,(anonymous_2)
FNDA:10,(anonymous_3)
FNDA:36,(anonymous_4)
FNDA:6,(anonymous_5)
FNDA:16,(anonymous_6)
FNDA:19,(anonymous_7)
FNDA:3,(anonymous_8)
FNDA:2,(anonymous_9)
FNDA:7,(anonymous_10)
FNDA:4,(anonymous_11)
FNDA:1,(anonymous_12)
DA:10,2
DA:11,2
DA:19,2
DA:22,2
DA:23,36
DA:26,67
DA:27,67
DA:40,67
DA:41,67
DA:45,8
DA:46,6
DA:47,5
DA:50,3
DA:58,10
DA:59,36
DA:62,10
DA:63,2
DA:64,6
DA:68,10
DA:69,10
DA:70,10
DA:71,16
DA:72,16
DA:73,16
DA:74,12
DA:75,8
DA:78,19
DA:82,3
DA:83,3
DA:84,1
DA:86,2
DA:91,2
DA:92,2
DA:96,2
DA:105,7
DA:106,7
DA:107,7
DA:108,6
DA:110,5
DA:111,2
DA:117,3
DA:118,1
DA:125,4
DA:132,4
DA:133,3
DA:134,3
DA:135,3
DA:136,12
DA:137,3
DA:140,3
DA:145,1
LF:51
LH:51
BRDA:46,0,0,5
BRDA:46,0,1,1
BRDA:46,1,0,6
BRDA:46,1,1,5
BRDA:62,2,0,2
BRDA:62,2,1,8
BRDA:62,3,0,10
BRDA:62,3,1,2
BRDA:68,4,0,10
BRDA:68,4,1,8
BRDA:69,5,0,10
BRDA:69,5,1,8
BRDA:71,6,0,16
BRDA:71,6,1,0
BRDA:72,7,0,16
BRDA:72,7,1,0
BRDA:73,8,0,4
BRDA:73,8,1,12
BRDA:73,9,0,2
BRDA:73,9,1,2
BRDA:74,10,0,4
BRDA:74,10,1,8
BRDA:74,11,0,2
BRDA:74,11,1,2
BRDA:83,12,0,1
BRDA:83,12,1,2
BRDA:107,13,0,1
BRDA:107,13,1,6
BRDA:108,14,0,1
BRDA:108,14,1,5
BRDA:108,15,0,6
BRDA:108,15,1,1
BRDA:110,16,0,2
BRDA:110,16,1,3
BRDA:117,17,0,1
BRDA:117,17,1,2
BRDA:117,18,0,3
BRDA:117,18,1,2
BRDA:132,19,0,1
BRDA:132,19,1,3
BRDA:136,20,0,3
BRDA:136,20,1,9
BRDA:136,21,0,12
BRDA:136,21,1,9
BRF:44
BRH:42
end_of_record
TN:
SF:src\infrastructure\repositories\inmemory\prisma-filter-evaluator.ts
FN:33,matchesPrismaFilter
FN:41,(anonymous_1)
FN:50,(anonymous_2)
FN:80,matchEquality
FN:93,matchOperator
FN:158,compareOrdered
FNF:6
FNH:6
FNDA:63,matchesPrismaFilter
FNDA:8,(anonymous_1)
FNDA:4,(anonymous_2)
FNDA:31,matchEquality
FNDA:28,matchOperator
FNDA:11,compareOrdered
DA:33,4
DA:37,63
DA:39,64
DA:40,4
DA:41,8
DA:42,1
DA:44,3
DA:48,60
DA:49,3
DA:50,4
DA:51,1
DA:53,2
DA:56,57
DA:59,57
DA:60,29
DA:61,12
DA:63,17
DA:67,28
DA:68,28
DA:69,14
DA:73,35
DA:81,31
DA:82,22
DA:84,9
DA:94,28
DA:97,28
DA:98,6
DA:99,6
DA:101,4
DA:103,2
DA:107,22
DA:108,7
DA:109,6
DA:110,6
DA:111,4
DA:113,2
DA:117,15
DA:118,2
DA:119,2
DA:120,2
DA:121,2
DA:123,0
DA:127,13
DA:128,2
DA:129,2
DA:130,2
DA:131,2
DA:133,0
DA:137,11
DA:138,4
DA:140,7
DA:141,3
DA:143,4
DA:144,2
DA:146,2
DA:147,2
DA:151,0
DA:159,11
DA:160,8
DA:161,2
DA:162,2
DA:163,2
DA:164,2
DA:167,3
DA:168,3
DA:169,3
DA:170,3
DA:171,2
DA:172,1
DA:173,0
DA:174,0
DA:177,0
LF:72
LH:66
BRDA:39,0,0,4
BRDA:39,0,1,60
BRDA:41,1,0,1
BRDA:41,1,1,3
BRDA:48,2,0,3
BRDA:48,2,1,57
BRDA:50,3,0,1
BRDA:50,3,1,2
BRDA:59,4,0,29
BRDA:59,4,1,28
BRDA:59,5,0,57
BRDA:59,5,1,57
BRDA:60,6,0,12
BRDA:60,6,1,17
BRDA:68,7,0,14
BRDA:68,7,1,14
BRDA:81,8,0,22
BRDA:81,8,1,9
BRDA:81,9,0,31
BRDA:81,9,1,22
BRDA:97,10,0,6
BRDA:97,10,1,22
BRDA:97,11,0,28
BRDA:97,11,1,6
BRDA:97,12,0,6
BRDA:97,12,1,6
BRDA:97,12,2,6
BRDA:97,12,3,6
BRDA:99,13,0,4
BRDA:99,13,1,2
BRDA:101,14,0,4
BRDA:101,14,1,3
BRDA:107,15,0,7
BRDA:107,15,1,15
BRDA:108,16,0,1
BRDA:108,16,1,6
BRDA:110,17,0,4
BRDA:110,17,1,2
BRDA:117,18,0,2
BRDA:117,18,1,13
BRDA:118,19,0,0
BRDA:118,19,1,2
BRDA:120,20,0,2
BRDA:120,20,1,0
BRDA:127,21,0,2
BRDA:127,21,1,11
BRDA:128,22,0,0
BRDA:128,22,1,2
BRDA:130,23,0,2
BRDA:130,23,1,0
BRDA:137,24,0,4
BRDA:137,24,1,7
BRDA:140,25,0,3
BRDA:140,25,1,4
BRDA:143,26,0,2
BRDA:143,26,1,2
BRDA:146,27,0,2
BRDA:146,27,1,0
BRDA:159,28,0,8
BRDA:159,28,1,3
BRDA:159,29,0,11
BRDA:159,29,1,8
BRDA:160,30,0,2
BRDA:160,30,1,2
BRDA:160,30,2,2
BRDA:160,30,3,2
BRDA:167,31,0,3
BRDA:167,31,1,0
BRDA:167,32,0,3
BRDA:167,32,1,3
BRDA:170,33,0,2
BRDA:170,33,1,1
BRDA:170,33,2,0
BRDA:170,33,3,0
BRF:74
BRH:66
end_of_record
TN:
SF:src\infrastructure\repositories\prisma\prisma-endpoint-schema.repository.ts
FN:15,toRecord
FN:32,(anonymous_3)
FN:34,(anonymous_4)
FN:49,(anonymous_5)
FN:54,(anonymous_6)
FN:57,(anonymous_7)
FN:61,(anonymous_8)
FN:64,(anonymous_9)
FN:74,(anonymous_10)
FN:88,(anonymous_11)
FNF:10
FNH:10
FNDA:11,toRecord
FNDA:23,(anonymous_3)
FNDA:6,(anonymous_4)
FNDA:3,(anonymous_5)
FNDA:2,(anonymous_6)
FNDA:3,(anonymous_7)
FNDA:2,(anonymous_8)
FNDA:3,(anonymous_9)
FNDA:2,(anonymous_10)
FNDA:2,(anonymous_11)
DA:7,2
DA:8,2
DA:16,11
DA:31,2
DA:32,23
DA:35,6
DA:46,6
DA:50,3
DA:54,3
DA:58,3
DA:61,3
DA:68,3
DA:71,3
DA:78,2
DA:79,2
DA:82,1
DA:84,1
DA:89,2
DA:92,2
LF:19
LH:19
BRDA:21,0,0,11
BRDA:21,0,1,1
BRDA:22,1,0,11
BRDA:22,1,1,1
BRDA:40,2,0,6
BRDA:40,2,1,1
BRDA:41,3,0,6
BRDA:41,3,1,1
BRDA:42,4,0,6
BRDA:42,4,1,1
BRDA:71,5,0,1
BRDA:71,5,1,2
BRF:12
BRH:12
end_of_record
TN:
SF:src\infrastructure\repositories\prisma\prisma-group.repository.ts
FN:24,toGroupRecord
FN:41,toMemberRecord
FN:54,toGroupWithMembers
FN:64,(anonymous_5)
FN:66,(anonymous_6)
FN:81,(anonymous_7)
FN:89,(anonymous_8)
FN:98,(anonymous_9)
FN:118,(anonymous_10)
FN:121,(anonymous_11)
FN:135,(anonymous_12)
FN:139,(anonymous_13)
FN:161,(anonymous_14)
FN:179,(anonymous_15)
FN:182,(anonymous_16)
FN:193,(anonymous_17)
FN:206,(anonymous_18)
FN:216,(anonymous_19)
FNF:18
FNH:18
FNDA:10,toGroupRecord
FNDA:4,toMemberRecord
FNDA:5,toGroupWithMembers
FNDA:26,(anonymous_5)
FNDA:2,(anonymous_6)
FNDA:3,(anonymous_7)
FNDA:4,(anonymous_8)
FNDA:3,(anonymous_9)
FNDA:2,(anonymous_10)
FNDA:1,(anonymous_11)
FNDA:1,(anonymous_12)
FNDA:2,(anonymous_13)
FNDA:2,(anonymous_14)
FNDA:2,(anonymous_15)
FNDA:2,(anonymous_16)
FNDA:2,(anonymous_17)
FNDA:4,(anonymous_18)
FNDA:2,(anonymous_19)
DA:9,2
DA:10,2
DA:21,2
DA:25,10
DA:26,10
DA:27,10
DA:42,4
DA:55,5
DA:56,5
DA:63,2
DA:64,26
DA:67,2
DA:78,2
DA:82,3
DA:83,2
DA:86,2
DA:90,4
DA:91,3
DA:95,3
DA:103,3
DA:109,3
DA:113,3
DA:118,3
DA:123,1
DA:124,1
DA:125,0
DA:126,0
DA:128,1
DA:132,1
DA:136,1
DA:145,2
DA:150,2
DA:151,1
DA:154,2
DA:158,2
DA:166,2
DA:171,2
DA:172,0
DA:175,2
DA:176,2
DA:180,2
DA:181,1
DA:182,2
DA:199,2
DA:200,2
DA:201,0
DA:202,0
DA:205,2
DA:207,4
DA:212,4
DA:214,4
DA:215,2
DA:216,2
LF:53
LH:48
BRDA:26,0,0,0
BRDA:26,0,1,10
BRDA:26,1,0,10
BRDA:26,1,1,0
BRDA:31,2,0,10
BRDA:31,2,1,9
BRDA:34,3,0,10
BRDA:34,3,1,0
BRDA:45,4,0,4
BRDA:45,4,1,1
BRDA:47,5,0,4
BRDA:47,5,1,0
BRDA:48,6,0,4
BRDA:48,6,1,0
BRDA:55,7,0,5
BRDA:55,7,1,0
BRDA:82,8,0,1
BRDA:82,8,1,2
BRDA:86,9,0,1
BRDA:86,9,1,1
BRDA:90,10,0,1
BRDA:90,10,1,3
BRDA:95,11,0,3
BRDA:95,11,1,0
BRDA:109,12,0,0
BRDA:109,12,1,3
BRDA:124,13,0,0
BRDA:124,13,1,1
BRDA:150,14,0,1
BRDA:150,14,1,1
BRDA:171,15,0,0
BRDA:171,15,1,2
BRDA:176,16,0,1
BRDA:176,16,1,1
BRDA:180,17,0,1
BRDA:180,17,1,1
BRDA:200,18,0,0
BRDA:200,18,1,2
BRDA:214,19,0,2
BRDA:214,19,1,2
BRF:40
BRH:29
end_of_record
TN:
SF:src\infrastructure\repositories\prisma\prisma-user.repository.ts
FN:22,toUserRecord
FN:43,(anonymous_3)
FN:45,(anonymous_4)
FN:62,(anonymous_5)
FN:70,(anonymous_6)
FN:89,(anonymous_7)
FN:92,(anonymous_8)
FN:106,(anonymous_9)
FN:110,(anonymous_10)
FN:149,(anonymous_11)
FNF:10
FNH:10
FNDA:7,toUserRecord
FNDA:25,(anonymous_3)
FNDA:2,(anonymous_4)
FNDA:4,(anonymous_5)
FNDA:4,(anonymous_6)
FNDA:2,(anonymous_7)
FNDA:1,(anonymous_8)
FNDA:1,(anonymous_9)
FNDA:5,(anonymous_10)
FNDA:4,(anonymous_11)
DA:9,2
DA:10,2
DA:19,2
DA:24,7
DA:25,7
DA:26,7
DA:42,2
DA:43,25
DA:46,2
DA:59,2
DA:63,4
DA:64,3
DA:67,3
DA:75,4
DA:81,4
DA:85,4
DA:89,4
DA:94,1
DA:95,1
DA:96,0
DA:97,0
DA:99,1
DA:103,1
DA:107,1
DA:117,5
DA:120,5
DA:121,1
DA:124,5
DA:127,5
DA:128,1
DA:130,5
DA:131,4
DA:133,1
DA:136,5
DA:141,5
DA:142,1
DA:154,4
DA:155,4
DA:156,2
LF:39
LH:37
BRDA:25,0,0,0
BRDA:25,0,1,7
BRDA:25,1,0,7
BRDA:25,1,1,0
BRDA:30,2,0,7
BRDA:30,2,1,6
BRDA:32,3,0,7
BRDA:32,3,1,7
BRDA:35,4,0,7
BRDA:35,4,1,0
BRDA:63,5,0,1
BRDA:63,5,1,3
BRDA:67,6,0,2
BRDA:67,6,1,1
BRDA:81,7,0,1
BRDA:81,7,1,3
BRDA:95,8,0,0
BRDA:95,8,1,1
BRDA:120,9,0,1
BRDA:120,9,1,4
BRDA:127,10,0,1
BRDA:127,10,1,4
BRDA:130,11,0,4
BRDA:130,11,1,1
BRDA:141,12,0,4
BRDA:141,12,1,1
BRDA:141,13,0,5
BRDA:141,13,1,1
BRDA:145,14,0,1
BRDA:145,14,1,0
BRDA:155,15,0,2
BRDA:155,15,1,2
BRF:32
BRH:27
end_of_record
TN:
SF:src\infrastructure\repositories\prisma\uuid-guard.ts
FN:16,isValidUuid
FNF:1
FNH:1
FNDA:32,isValidUuid
DA:13,4
DA:16,4
DA:17,32
LF:3
LH:3
BRF:0
BRH:0
end_of_record
TN:
SF:src\modules\activity-parser\activity-parser.service.ts
FN:28,(anonymous_2)
FN:33,(anonymous_3)
FN:117,(anonymous_4)
FN:181,(anonymous_5)
FN:184,(anonymous_6)
FN:280,(anonymous_7)
FN:344,(anonymous_8)
FN:350,(anonymous_9)
FN:351,(anonymous_10)
FN:411,(anonymous_11)
FN:418,(anonymous_12)
FN:424,(anonymous_13)
FN:425,(anonymous_14)
FN:565,(anonymous_15)
FN:623,(anonymous_16)
FN:656,(anonymous_17)
FN:665,(anonymous_18)
FN:682,(anonymous_19)
FN:699,(anonymous_20)
FN:704,(anonymous_21)
FN:736,(anonymous_22)
FN:751,(anonymous_23)
FN:783,(anonymous_24)
FN:802,(anonymous_25)
FNF:24
FNH:0
FNDA:0,(anonymous_2)
FNDA:0,(anonymous_3)
FNDA:0,(anonymous_4)
FNDA:0,(anonymous_5)
FNDA:0,(anonymous_6)
FNDA:0,(anonymous_7)
FNDA:0,(anonymous_8)
FNDA:0,(anonymous_9)
FNDA:0,(anonymous_10)
FNDA:0,(anonymous_11)
FNDA:0,(anonymous_12)
FNDA:0,(anonymous_13)
FNDA:0,(anonymous_14)
FNDA:0,(anonymous_15)
FNDA:0,(anonymous_16)
FNDA:0,(anonymous_17)
FNDA:0,(anonymous_18)
FNDA:0,(anonymous_19)
FNDA:0,(anonymous_20)
FNDA:0,(anonymous_21)
FNDA:0,(anonymous_22)
FNDA:0,(anonymous_23)
FNDA:0,(anonymous_24)
FNDA:0,(anonymous_25)
DA:1,1
DA:2,1
DA:27,1
DA:28,0
DA:43,0
DA:44,0
DA:45,0
DA:46,0
DA:49,0
DA:50,0
DA:52,0
DA:53,0
DA:54,0
DA:60,0
DA:61,0
DA:62,0
DA:69,0
DA:70,0
DA:71,0
DA:72,0
DA:75,0
DA:76,0
DA:79,0
DA:80,0
DA:93,0
DA:94,0
DA:107,0
DA:130,0
DA:133,0
DA:134,0
DA:137,0
DA:138,0
DA:152,0
DA:154,0
DA:167,0
DA:180,0
DA:181,0
DA:182,0
DA:184,0
DA:185,0
DA:188,0
DA:189,0
DA:199,0
DA:200,0
DA:212,0
DA:213,0
DA:228,0
DA:240,0
DA:241,0
DA:242,0
DA:252,0
DA:253,0
DA:264,0
DA:268,0
DA:292,0
DA:295,0
DA:296,0
DA:297,0
DA:311,0
DA:313,0
DA:314,0
DA:328,0
DA:329,0
DA:343,0
DA:344,0
DA:345,0
DA:348,0
DA:350,0
DA:351,0
DA:354,0
DA:355,0
DA:357,0
DA:358,0
DA:360,0
DA:361,0
DA:362,0
DA:363,0
DA:364,0
DA:367,0
DA:369,0
DA:370,0
DA:372,0
DA:373,0
DA:375,0
DA:376,0
DA:377,0
DA:383,0
DA:384,0
DA:386,0
DA:387,0
DA:388,0
DA:389,0
DA:390,0
DA:391,0
DA:392,0
DA:395,0
DA:396,0
DA:397,0
DA:399,0
DA:400,0
DA:402,0
DA:403,0
DA:404,0
DA:410,0
DA:412,0
DA:413,0
DA:417,0
DA:419,0
DA:420,0
DA:424,0
DA:425,0
DA:427,0
DA:430,0
DA:432,0
DA:444,0
DA:446,0
DA:458,0
DA:460,0
DA:461,0
DA:462,0
DA:464,0
DA:465,0
DA:467,0
DA:482,0
DA:495,0
DA:507,0
DA:511,0
DA:512,0
DA:525,0
DA:526,0
DA:527,0
DA:537,0
DA:538,0
DA:549,0
DA:553,0
DA:572,0
DA:574,0
DA:575,0
DA:586,0
DA:587,0
DA:598,0
DA:599,0
DA:611,0
DA:624,0
DA:625,0
DA:626,0
DA:627,0
DA:628,0
DA:629,0
DA:631,0
DA:632,0
DA:633,0
DA:635,0
DA:636,0
DA:638,0
DA:640,0
DA:641,0
DA:642,0
DA:643,0
DA:644,0
DA:645,0
DA:649,0
DA:650,0
DA:651,0
DA:652,0
DA:653,0
DA:657,0
DA:667,0
DA:668,0
DA:672,0
DA:674,0
DA:684,0
DA:685,0
DA:689,0
DA:691,0
DA:700,0
DA:701,0
DA:705,0
DA:707,0
DA:709,0
DA:710,0
DA:711,0
DA:715,0
DA:716,0
DA:720,0
DA:721,0
DA:722,0
DA:725,0
DA:726,0
DA:729,0
DA:730,0
DA:733,0
DA:737,0
DA:739,0
DA:741,0
DA:742,0
DA:745,0
DA:752,0
DA:753,0
DA:758,0
DA:760,0
DA:761,0
DA:762,0
DA:763,0
DA:764,0
DA:765,0
DA:766,0
DA:772,0
DA:777,0
DA:784,0
DA:785,0
DA:790,0
DA:791,0
DA:796,0
DA:803,0
DA:805,0
DA:807,0
DA:808,0
DA:809,0
DA:813,0
DA:814,0
DA:815,0
DA:819,0
DA:820,0
DA:822,0
DA:823,0
DA:824,0
DA:825,0
DA:827,0
DA:828,0
DA:830,0
DA:834,0
DA:835,0
DA:836,0
DA:838,0
DA:842,0
DA:843,0
DA:844,0
DA:846,0
DA:850,0
DA:851,0
DA:852,0
DA:854,0
DA:858,0
DA:859,0
DA:860,0
DA:861,0
DA:862,0
DA:865,0
DA:869,0
DA:870,0
DA:871,0
DA:873,0
DA:877,0
DA:879,0
DA:880,0
DA:881,0
DA:882,0
DA:884,0
DA:892,0
DA:893,0
DA:896,0
LF:262
LH:3
BRDA:46,0,0,0
BRDA:46,0,1,0
BRDA:53,1,0,0
BRDA:53,1,1,0
BRDA:61,2,0,0
BRDA:61,2,1,0
BRDA:71,3,0,0
BRDA:71,3,1,0
BRDA:72,4,0,0
BRDA:72,4,1,0
BRDA:79,5,0,0
BRDA:79,5,1,0
BRDA:93,6,0,0
BRDA:93,6,1,0
BRDA:102,7,0,0
BRDA:102,7,1,0
BRDA:133,8,0,0
BRDA:133,8,1,0
BRDA:134,9,0,0
BRDA:134,9,1,0
BRDA:137,10,0,0
BRDA:137,10,1,0
BRDA:142,11,0,0
BRDA:142,11,1,0
BRDA:152,12,0,0
BRDA:152,12,1,0
BRDA:152,12,2,0
BRDA:152,12,3,0
BRDA:152,12,4,0
BRDA:158,13,0,0
BRDA:158,13,1,0
BRDA:171,14,0,0
BRDA:171,14,1,0
BRDA:180,15,0,0
BRDA:180,15,1,0
BRDA:182,16,0,0
BRDA:182,16,1,0
BRDA:182,16,2,0
BRDA:182,16,3,0
BRDA:185,17,0,0
BRDA:185,17,1,0
BRDA:185,17,2,0
BRDA:185,17,3,0
BRDA:188,18,0,0
BRDA:188,18,1,0
BRDA:193,19,0,0
BRDA:193,19,1,0
BRDA:199,20,0,0
BRDA:199,20,1,0
BRDA:204,21,0,0
BRDA:204,21,1,0
BRDA:217,22,0,0
BRDA:217,22,1,0
BRDA:218,23,0,0
BRDA:218,23,1,0
BRDA:218,24,0,0
BRDA:218,24,1,0
BRDA:232,25,0,0
BRDA:232,25,1,0
BRDA:240,26,0,0
BRDA:240,26,1,0
BRDA:241,27,0,0
BRDA:241,27,1,0
BRDA:247,28,0,0
BRDA:247,28,1,0
BRDA:252,29,0,0
BRDA:252,29,1,0
BRDA:257,30,0,0
BRDA:257,30,1,0
BRDA:295,31,0,0
BRDA:295,31,1,0
BRDA:296,32,0,0
BRDA:296,32,1,0
BRDA:311,33,0,0
BRDA:311,33,1,0
BRDA:311,33,2,0
BRDA:311,33,3,0
BRDA:311,33,4,0
BRDA:313,34,0,0
BRDA:313,34,1,0
BRDA:328,35,0,0
BRDA:328,35,1,0
BRDA:343,36,0,0
BRDA:343,36,1,0
BRDA:345,37,0,0
BRDA:345,37,1,0
BRDA:348,38,0,0
BRDA:348,38,1,0
BRDA:350,39,0,0
BRDA:350,39,1,0
BRDA:351,40,0,0
BRDA:351,40,1,0
BRDA:358,41,0,0
BRDA:358,41,1,0
BRDA:361,42,0,0
BRDA:361,42,1,0
BRDA:363,43,0,0
BRDA:363,43,1,0
BRDA:367,44,0,0
BRDA:367,44,1,0
BRDA:370,45,0,0
BRDA:370,45,1,0
BRDA:373,46,0,0
BRDA:373,46,1,0
BRDA:373,47,0,0
BRDA:373,47,1,0
BRDA:373,47,2,0
BRDA:375,48,0,0
BRDA:375,48,1,0
BRDA:376,49,0,0
BRDA:376,49,1,0
BRDA:387,50,0,0
BRDA:387,50,1,0
BRDA:389,51,0,0
BRDA:389,51,1,0
BRDA:391,52,0,0
BRDA:391,52,1,0
BRDA:395,53,0,0
BRDA:395,53,1,0
BRDA:397,54,0,0
BRDA:397,54,1,0
BRDA:400,55,0,0
BRDA:400,55,1,0
BRDA:400,56,0,0
BRDA:400,56,1,0
BRDA:400,56,2,0
BRDA:402,57,0,0
BRDA:402,57,1,0
BRDA:403,58,0,0
BRDA:403,58,1,0
BRDA:412,59,0,0
BRDA:412,59,1,0
BRDA:419,60,0,0
BRDA:419,60,1,0
BRDA:427,61,0,0
BRDA:427,61,1,0
BRDA:430,62,0,0
BRDA:430,62,1,0
BRDA:430,63,0,0
BRDA:430,63,1,0
BRDA:436,64,0,0
BRDA:436,64,1,0
BRDA:437,65,0,0
BRDA:437,65,1,0
BRDA:444,66,0,0
BRDA:444,66,1,0
BRDA:444,67,0,0
BRDA:444,67,1,0
BRDA:450,68,0,0
BRDA:450,68,1,0
BRDA:451,69,0,0
BRDA:451,69,1,0
BRDA:458,70,0,0
BRDA:458,70,1,0
BRDA:458,71,0,0
BRDA:458,71,1,0
BRDA:461,72,0,0
BRDA:461,72,1,0
BRDA:464,73,0,0
BRDA:464,73,1,0
BRDA:476,74,0,0
BRDA:476,74,1,0
BRDA:477,75,0,0
BRDA:477,75,1,0
BRDA:487,76,0,0
BRDA:487,76,1,0
BRDA:499,77,0,0
BRDA:499,77,1,0
BRDA:500,78,0,0
BRDA:500,78,1,0
BRDA:511,79,0,0
BRDA:511,79,1,0
BRDA:525,80,0,0
BRDA:525,80,1,0
BRDA:526,81,0,0
BRDA:526,81,1,0
BRDA:532,82,0,0
BRDA:532,82,1,0
BRDA:537,83,0,0
BRDA:537,83,1,0
BRDA:542,84,0,0
BRDA:542,84,1,0
BRDA:574,85,0,0
BRDA:574,85,1,0
BRDA:586,86,0,0
BRDA:586,86,1,0
BRDA:598,87,0,0
BRDA:598,87,1,0
BRDA:616,88,0,0
BRDA:616,88,1,0
BRDA:618,89,0,0
BRDA:618,89,1,0
BRDA:625,90,0,0
BRDA:625,90,1,0
BRDA:625,91,0,0
BRDA:625,91,1,0
BRDA:626,92,0,0
BRDA:626,92,1,0
BRDA:627,93,0,0
BRDA:627,93,1,0
BRDA:628,94,0,0
BRDA:628,94,1,0
BRDA:628,95,0,0
BRDA:628,95,1,0
BRDA:629,96,0,0
BRDA:629,96,1,0
BRDA:629,97,0,0
BRDA:629,97,1,0
BRDA:632,98,0,0
BRDA:632,98,1,0
BRDA:640,99,0,0
BRDA:640,99,1,0
BRDA:640,99,2,0
BRDA:641,100,0,0
BRDA:641,100,1,0
BRDA:650,101,0,0
BRDA:650,101,1,0
BRDA:652,102,0,0
BRDA:652,102,1,0
BRDA:660,103,0,0
BRDA:660,103,1,0
BRDA:661,104,0,0
BRDA:661,104,1,0
BRDA:667,105,0,0
BRDA:667,105,1,0
BRDA:672,106,0,0
BRDA:672,106,1,0
BRDA:672,106,2,0
BRDA:674,107,0,0
BRDA:674,107,1,0
BRDA:674,107,2,0
BRDA:674,107,3,0
BRDA:674,107,4,0
BRDA:674,107,5,0
BRDA:684,108,0,0
BRDA:684,108,1,0
BRDA:689,109,0,0
BRDA:689,109,1,0
BRDA:689,109,2,0
BRDA:691,110,0,0
BRDA:691,110,1,0
BRDA:691,110,2,0
BRDA:701,111,0,0
BRDA:701,111,1,0
BRDA:705,112,0,0
BRDA:705,112,1,0
BRDA:709,113,0,0
BRDA:709,113,1,0
BRDA:709,114,0,0
BRDA:709,114,1,0
BRDA:710,115,0,0
BRDA:710,115,1,0
BRDA:710,116,0,0
BRDA:710,116,1,0
BRDA:711,117,0,0
BRDA:711,117,1,0
BRDA:715,118,0,0
BRDA:715,118,1,0
BRDA:721,119,0,0
BRDA:721,119,1,0
BRDA:725,120,0,0
BRDA:725,120,1,0
BRDA:726,121,0,0
BRDA:726,121,1,0
BRDA:729,122,0,0
BRDA:729,122,1,0
BRDA:733,123,0,0
BRDA:733,123,1,0
BRDA:737,124,0,0
BRDA:737,124,1,0
BRDA:741,125,0,0
BRDA:741,125,1,0
BRDA:742,126,0,0
BRDA:742,126,1,0
BRDA:745,127,0,0
BRDA:745,127,1,0
BRDA:758,128,0,0
BRDA:758,128,1,0
BRDA:762,129,0,0
BRDA:762,129,1,0
BRDA:763,130,0,0
BRDA:763,130,1,0
BRDA:764,131,0,0
BRDA:764,131,1,0
BRDA:765,132,0,0
BRDA:765,132,1,0
BRDA:765,133,0,0
BRDA:765,133,1,0
BRDA:772,134,0,0
BRDA:772,134,1,0
BRDA:790,135,0,0
BRDA:790,135,1,0
BRDA:803,136,0,0
BRDA:803,136,1,0
BRDA:803,137,0,0
BRDA:803,137,1,0
BRDA:809,138,0,0
BRDA:809,138,1,0
BRDA:813,139,0,0
BRDA:813,139,1,0
BRDA:819,140,0,0
BRDA:819,140,1,0
BRDA:819,141,0,0
BRDA:819,141,1,0
BRDA:820,142,0,0
BRDA:820,142,1,0
BRDA:820,143,0,0
BRDA:820,143,1,0
BRDA:820,143,2,0
BRDA:822,144,0,0
BRDA:822,144,1,0
BRDA:823,145,0,0
BRDA:823,145,1,0
BRDA:827,146,0,0
BRDA:827,146,1,0
BRDA:834,147,0,0
BRDA:834,147,1,0
BRDA:834,148,0,0
BRDA:834,148,1,0
BRDA:835,149,0,0
BRDA:835,149,1,0
BRDA:835,150,0,0
BRDA:835,150,1,0
BRDA:842,151,0,0
BRDA:842,151,1,0
BRDA:843,152,0,0
BRDA:843,152,1,0
BRDA:843,153,0,0
BRDA:843,153,1,0
BRDA:850,154,0,0
BRDA:850,154,1,0
BRDA:851,155,0,0
BRDA:851,155,1,0
BRDA:851,156,0,0
BRDA:851,156,1,0
BRDA:858,157,0,0
BRDA:858,157,1,0
BRDA:858,158,0,0
BRDA:858,158,1,0
BRDA:859,159,0,0
BRDA:859,159,1,0
BRDA:859,160,0,0
BRDA:859,160,1,0
BRDA:860,161,0,0
BRDA:860,161,1,0
BRDA:860,162,0,0
BRDA:860,162,1,0
BRDA:861,163,0,0
BRDA:861,163,1,0
BRDA:869,164,0,0
BRDA:869,164,1,0
BRDA:869,165,0,0
BRDA:869,165,1,0
BRDA:870,166,0,0
BRDA:870,166,1,0
BRDA:870,167,0,0
BRDA:870,167,1,0
BRDA:871,168,0,0
BRDA:871,168,1,0
BRDA:877,169,0,0
BRDA:877,169,1,0
BRDA:877,170,0,0
BRDA:877,170,1,0
BRDA:877,170,2,0
BRDA:877,170,3,0
BRDA:880,171,0,0
BRDA:880,171,1,0
BRDA:881,172,0,0
BRDA:881,172,1,0
BRDA:881,173,0,0
BRDA:881,173,1,0
BRDA:892,174,0,0
BRDA:892,174,1,0
BRDA:896,175,0,0
BRDA:896,175,1,0
BRF:375
BRH:0
end_of_record
TN:
SF:src\modules\activity-parser\activity.controller.ts
FN:7,(anonymous_4)
FN:13,(anonymous_5)
FN:112,(anonymous_6)
FN:128,(anonymous_7)
FN:132,(anonymous_8)
FN:151,(anonymous_9)
FN:197,(anonymous_10)
FN:198,(anonymous_11)
FNF:8
FNH:3
FNDA:9,(anonymous_4)
FNDA:9,(anonymous_5)
FNDA:185,(anonymous_6)
FNDA:0,(anonymous_7)
FNDA:0,(anonymous_8)
FNDA:0,(anonymous_9)
FNDA:0,(anonymous_10)
FNDA:0,(anonymous_11)
DA:1,1
DA:2,1
DA:3,1
DA:6,1
DA:8,9
DA:9,9
DA:13,1
DA:21,9
DA:22,9
DA:23,9
DA:24,9
DA:28,9
DA:59,9
DA:68,9
DA:71,9
DA:72,7
DA:76,9
DA:77,1
DA:87,9
DA:90,9
DA:111,9
DA:113,185
DA:127,9
DA:128,0
DA:131,9
DA:132,0
DA:135,9
DA:151,1
DA:153,0
DA:154,0
DA:156,0
DA:163,0
DA:197,0
DA:198,0
DA:200,0
DA:201,0
DA:202,0
DA:204,0
LF:38
LH:26
BRDA:14,0,0,0
BRDA:15,1,0,0
BRDA:59,2,0,7
BRDA:59,2,1,2
BRDA:71,3,0,7
BRDA:71,3,1,2
BRDA:76,4,0,1
BRDA:76,4,1,8
BRDA:117,5,0,185
BRDA:117,5,1,0
BRDA:118,6,0,185
BRDA:118,6,1,75
BRDA:119,7,0,185
BRDA:119,7,1,75
BRDA:121,8,0,185
BRDA:121,8,1,75
BRDA:127,9,0,0
BRDA:127,9,1,9
BRDA:131,10,0,0
BRDA:131,10,1,9
BRF:20
BRH:15
end_of_record
TN:
SF:src\modules\auth\public.decorator.ts
FN:4,(anonymous_0)
FNF:1
FNH:1
FNDA:4,(anonymous_0)
DA:1,3
DA:3,3
DA:4,4
LF:3
LH:3
BRF:0
BRH:0
end_of_record
TN:
SF:src\modules\auth\shared-secret.guard.ts
FN:26,(anonymous_13)
FN:33,(anonymous_14)
FN:114,(anonymous_15)
FNF:3
FNH:3
FNDA:12,(anonymous_13)
FNDA:11,(anonymous_14)
FNDA:4,(anonymous_15)
DA:1,1
DA:8,1
DA:9,1
DA:12,1
DA:13,1
DA:14,1
DA:15,1
DA:16,1
DA:17,1
DA:25,1
DA:27,12
DA:28,12
DA:29,12
DA:30,12
DA:35,11
DA:40,11
DA:41,2
DA:42,2
DA:44,9
DA:45,9
DA:46,9
DA:48,9
DA:54,9
DA:56,9
DA:57,1
DA:59,0
DA:60,0
DA:63,1
DA:67,1
DA:68,1
DA:69,1
DA:75,9
DA:76,2
DA:77,2
DA:80,7
DA:83,7
DA:84,4
DA:85,4
DA:86,4
DA:89,2
DA:90,2
DA:92,2
DA:95,2
DA:97,2
DA:103,5
DA:104,3
DA:105,3
DA:106,3
DA:110,2
DA:111,2
DA:115,4
DA:116,4
LF:52
LH:50
BRDA:40,0,0,2
BRDA:40,0,1,9
BRDA:56,1,0,1
BRDA:56,1,1,8
BRDA:57,2,0,0
BRDA:57,2,1,1
BRDA:69,3,0,1
BRDA:69,3,1,0
BRDA:75,4,0,2
BRDA:75,4,1,7
BRDA:75,5,0,9
BRDA:75,5,1,8
BRDA:80,6,0,7
BRDA:80,6,1,0
BRDA:83,7,0,4
BRDA:83,7,1,3
BRDA:103,8,0,3
BRDA:103,8,1,2
BRF:18
BRH:15
end_of_record
TN:
SF:src\modules\backup\backup.controller.ts
FN:8,(anonymous_2)
FN:15,(anonymous_3)
FN:24,(anonymous_4)
FNF:3
FNH:0
FNDA:0,(anonymous_2)
FNDA:0,(anonymous_3)
FNDA:0,(anonymous_4)
DA:1,0
DA:2,0
DA:3,0
DA:7,0
DA:8,0
DA:15,0
DA:16,0
DA:24,0
DA:25,0
DA:26,0
LF:10
LH:0
BRF:0
BRH:0
end_of_record
TN:
SF:src\modules\backup\backup.service.ts
FN:57,(anonymous_11)
FN:59,(anonymous_12)
FN:87,(anonymous_13)
FN:88,(anonymous_14)
FN:89,(anonymous_15)
FN:93,(anonymous_16)
FN:96,(anonymous_17)
FN:97,(anonymous_18)
FN:113,(anonymous_19)
FN:117,(anonymous_20)
FN:172,(anonymous_21)
FN:199,(anonymous_22)
FN:204,(anonymous_23)
FN:213,(anonymous_24)
FN:239,(anonymous_25)
FN:246,(anonymous_26)
FN:260,(anonymous_27)
FN:281,(anonymous_28)
FN:287,(anonymous_29)
FN:290,(anonymous_30)
FNF:20
FNH:0
FNDA:0,(anonymous_11)
FNDA:0,(anonymous_12)
FNDA:0,(anonymous_13)
FNDA:0,(anonymous_14)
FNDA:0,(anonymous_15)
FNDA:0,(anonymous_16)
FNDA:0,(anonymous_17)
FNDA:0,(anonymous_18)
FNDA:0,(anonymous_19)
FNDA:0,(anonymous_20)
FNDA:0,(anonymous_21)
FNDA:0,(anonymous_22)
FNDA:0,(anonymous_23)
FNDA:0,(anonymous_24)
FNDA:0,(anonymous_25)
FNDA:0,(anonymous_26)
FNDA:0,(anonymous_27)
FNDA:0,(anonymous_28)
FNDA:0,(anonymous_29)
FNDA:0,(anonymous_30)
DA:1,0
DA:2,0
DA:3,0
DA:4,0
DA:5,0
DA:6,0
DA:23,0
DA:25,0
DA:31,0
DA:39,0
DA:40,0
DA:41,0
DA:42,0
DA:43,0
DA:44,0
DA:45,0
DA:46,0
DA:47,0
DA:48,0
DA:49,0
DA:50,0
DA:51,0
DA:52,0
DA:53,0
DA:54,0
DA:55,0
DA:57,0
DA:60,0
DA:61,0
DA:63,0
DA:64,0
DA:65,0
DA:67,0
DA:68,0
DA:71,0
DA:72,0
DA:73,0
DA:74,0
DA:75,0
DA:77,0
DA:81,0
DA:87,0
DA:88,0
DA:89,0
DA:93,0
DA:94,0
DA:95,0
DA:96,0
DA:97,0
DA:98,0
DA:99,0
DA:103,0
DA:113,0
DA:114,0
DA:118,0
DA:120,0
DA:121,0
DA:123,0
DA:124,0
DA:125,0
DA:129,0
DA:130,0
DA:132,0
DA:134,0
DA:135,0
DA:138,0
DA:139,0
DA:140,0
DA:143,0
DA:144,0
DA:145,0
DA:146,0
DA:147,0
DA:152,0
DA:153,0
DA:154,0
DA:155,0
DA:157,0
DA:159,0
DA:160,0
DA:161,0
DA:162,0
DA:173,0
DA:179,0
DA:200,0
DA:201,0
DA:205,0
DA:206,0
DA:207,0
DA:208,0
DA:209,0
DA:214,0
DA:215,0
DA:216,0
DA:217,0
DA:218,0
DA:219,0
DA:221,0
DA:225,0
DA:226,0
DA:227,0
DA:230,0
DA:231,0
DA:234,0
DA:235,0
DA:236,0
DA:241,0
DA:242,0
DA:243,0
DA:245,0
DA:246,0
DA:247,0
DA:248,0
DA:249,0
DA:251,0
DA:252,0
DA:255,0
DA:256,0
DA:261,0
DA:262,0
DA:263,0
DA:264,0
DA:265,0
DA:267,0
DA:268,0
DA:269,0
DA:270,0
DA:271,0
DA:273,0
DA:274,0
DA:275,0
DA:277,0
DA:278,0
DA:279,0
DA:281,0
DA:282,0
DA:283,0
DA:286,0
DA:287,0
DA:288,0
DA:289,0
DA:290,0
DA:291,0
DA:296,0
DA:297,0
DA:298,0
LF:146
LH:0
BRDA:42,0,0,0
BRDA:42,0,1,0
BRDA:43,1,0,0
BRDA:43,1,1,0
BRDA:63,2,0,0
BRDA:63,2,1,0
BRDA:64,3,0,0
BRDA:64,3,1,0
BRDA:77,4,0,0
BRDA:77,4,1,0
BRDA:89,5,0,0
BRDA:89,5,1,0
BRDA:94,6,0,0
BRDA:94,6,1,0
BRDA:94,7,0,0
BRDA:94,7,1,0
BRDA:134,8,0,0
BRDA:134,8,1,0
BRDA:134,9,0,0
BRDA:134,9,1,0
BRDA:143,10,0,0
BRDA:143,10,1,0
BRDA:159,11,0,0
BRDA:159,11,1,0
BRDA:160,12,0,0
BRDA:160,12,1,0
BRDA:173,13,0,0
BRDA:173,13,1,0
BRDA:175,14,0,0
BRDA:175,14,1,0
BRDA:191,15,0,0
BRDA:191,15,1,0
BRDA:192,16,0,0
BRDA:192,16,1,0
BRDA:205,17,0,0
BRDA:205,17,1,0
BRDA:207,18,0,0
BRDA:207,18,1,0
BRDA:214,19,0,0
BRDA:214,19,1,0
BRDA:225,20,0,0
BRDA:225,20,1,0
BRDA:245,21,0,0
BRDA:245,21,1,0
BRDA:251,22,0,0
BRDA:251,22,1,0
BRDA:255,23,0,0
BRDA:255,23,1,0
BRDA:262,24,0,0
BRDA:262,24,1,0
BRDA:262,25,0,0
BRDA:262,25,1,0
BRDA:263,26,0,0
BRDA:263,26,1,0
BRDA:269,27,0,0
BRDA:269,27,1,0
BRDA:277,28,0,0
BRDA:277,28,1,0
BRF:58
BRH:0
end_of_record
TN:
SF:src\modules\database\database.controller.ts
FN:6,(anonymous_4)
FN:9,(anonymous_5)
FN:24,(anonymous_6)
FN:37,(anonymous_7)
FN:42,(anonymous_8)
FN:47,(anonymous_9)
FNF:6
FNH:6
FNDA:15,(anonymous_4)
FNDA:5,(anonymous_5)
FNDA:3,(anonymous_6)
FNDA:2,(anonymous_7)
FNDA:2,(anonymous_8)
FNDA:2,(anonymous_9)
DA:1,1
DA:2,1
DA:5,1
DA:6,15
DA:9,1
DA:15,5
DA:24,1
DA:29,3
DA:37,1
DA:38,2
DA:42,1
DA:43,2
DA:47,1
DA:48,2
LF:14
LH:14
BRDA:10,0,0,1
BRDA:11,1,0,1
BRDA:19,2,0,2
BRDA:19,2,1,3
BRDA:25,3,0,1
BRDA:26,4,0,1
BRF:6
BRH:6
end_of_record
TN:
SF:src\modules\database\database.service.ts
FN:19,(anonymous_2)
FN:21,(anonymous_3)
FN:72,(anonymous_4)
FN:80,(anonymous_5)
FN:92,(anonymous_6)
FN:127,(anonymous_7)
FN:147,(anonymous_8)
FN:170,(anonymous_9)
FN:174,(anonymous_10)
FN:198,(anonymous_11)
FN:202,(anonymous_12)
FNF:11
FNH:10
FNDA:21,(anonymous_2)
FNDA:7,(anonymous_3)
FNDA:1,(anonymous_4)
FNDA:0,(anonymous_5)
FNDA:4,(anonymous_6)
FNDA:1,(anonymous_7)
FNDA:3,(anonymous_8)
FNDA:1,(anonymous_9)
FNDA:3,(anonymous_10)
FNDA:1,(anonymous_11)
FNDA:4,(anonymous_12)
DA:1,2
DA:2,2
DA:18,2
DA:19,21
DA:22,7
DA:23,7
DA:25,7
DA:27,7
DA:28,1
DA:36,7
DA:37,1
DA:40,7
DA:41,7
DA:71,7
DA:73,1
DA:77,1
DA:80,0
DA:93,4
DA:94,4
DA:96,4
DA:98,4
DA:99,1
DA:104,4
DA:126,4
DA:128,1
DA:132,1
DA:148,3
DA:164,3
DA:165,1
DA:168,2
DA:170,1
DA:175,3
DA:192,3
DA:193,1
DA:196,2
DA:198,1
DA:209,4
DA:223,4
LF:38
LH:37
BRDA:27,0,0,1
BRDA:27,0,1,6
BRDA:36,1,0,1
BRDA:36,1,1,6
BRDA:73,2,0,1
BRDA:73,2,1,0
BRDA:73,3,0,1
BRDA:73,3,1,1
BRDA:80,4,0,1
BRDA:80,4,1,0
BRDA:98,5,0,1
BRDA:98,5,1,3
BRDA:128,6,0,1
BRDA:128,6,1,0
BRDA:128,7,0,1
BRDA:128,7,1,1
BRDA:164,8,0,1
BRDA:164,8,1,2
BRDA:192,9,0,1
BRDA:192,9,1,2
BRF:20
BRH:17
end_of_record
TN:
SF:src\modules\endpoint\endpoint-context.storage.ts
FN:29,(anonymous_1)
FN:37,(anonymous_2)
FN:41,(anonymous_3)
FN:45,(anonymous_4)
FN:49,(anonymous_5)
FN:53,(anonymous_6)
FNF:6
FNH:5
FNDA:0,(anonymous_1)
FNDA:7,(anonymous_2)
FNDA:3,(anonymous_3)
FNDA:2,(anonymous_4)
FNDA:2,(anonymous_5)
FNDA:3,(anonymous_6)
DA:1,6
DA:2,6
DA:22,6
DA:23,10
DA:30,0
DA:38,7
DA:42,3
DA:46,2
DA:50,2
DA:54,3
LF:10
LH:9
BRF:0
BRH:0
end_of_record
TN:
SF:src\modules\endpoint\controllers\endpoint.controller.ts
FN:23,(anonymous_4)
FN:32,(anonymous_5)
FN:42,(anonymous_6)
FN:52,(anonymous_7)
FN:61,(anonymous_8)
FN:71,(anonymous_9)
FN:85,(anonymous_10)
FN:95,(anonymous_11)
FNF:8
FNH:8
FNDA:21,(anonymous_4)
FNDA:3,(anonymous_5)
FNDA:4,(anonymous_6)
FNDA:2,(anonymous_7)
FNDA:2,(anonymous_8)
FNDA:5,(anonymous_9)
FNDA:2,(anonymous_10)
FNDA:3,(anonymous_11)
DA:1,1
DA:12,1
DA:13,1
DA:14,1
DA:22,1
DA:23,21
DA:32,1
DA:33,3
DA:42,1
DA:43,4
DA:44,4
DA:52,1
DA:53,2
DA:61,1
DA:62,2
DA:71,1
DA:75,5
DA:85,1
DA:86,2
DA:95,1
DA:103,3
LF:21
LH:21
BRDA:43,0,0,1
BRDA:43,0,1,3
BRDA:43,1,0,1
BRDA:43,1,1,2
BRF:4
BRH:4
end_of_record
TN:
SF:src\modules\endpoint\services\endpoint.service.ts
FN:26,(anonymous_2)
FN:36,(anonymous_3)
FN:68,(anonymous_4)
FN:108,(anonymous_5)
FN:126,(anonymous_6)
FN:138,(anonymous_7)
FN:149,(anonymous_8)
FN:152,(anonymous_9)
FN:191,(anonymous_10)
FN:214,(anonymous_11)
FN:245,(anonymous_12)
FN:264,(anonymous_13)
FNF:12
FNH:12
FNDA:53,(anonymous_2)
FNDA:6,(anonymous_3)
FNDA:24,(anonymous_4)
FNDA:4,(anonymous_5)
FNDA:2,(anonymous_6)
FNDA:4,(anonymous_7)
FNDA:3,(anonymous_8)
FNDA:7,(anonymous_9)
FNDA:3,(anonymous_10)
FNDA:3,(anonymous_11)
FNDA:25,(anonymous_12)
FNDA:16,(anonymous_13)
DA:1,5
DA:3,5
DA:6,5
DA:7,5
DA:8,5
DA:23,5
DA:24,53
DA:27,53
DA:28,53
DA:37,6
DA:38,6
DA:43,5
DA:44,5
DA:45,6
DA:46,5
DA:47,5
DA:48,4
DA:49,4
DA:50,3
DA:51,3
DA:52,3
DA:53,3
DA:60,5
DA:61,2
DA:64,1
DA:70,24
DA:71,3
DA:77,21
DA:78,21
DA:80,7
DA:84,14
DA:88,14
DA:89,1
DA:92,13
DA:103,13
DA:105,13
DA:110,4
DA:111,4
DA:116,0
DA:119,4
DA:120,1
DA:123,3
DA:127,2
DA:131,2
DA:132,1
DA:135,1
DA:139,4
DA:140,4
DA:141,2
DA:144,4
DA:149,4
DA:154,7
DA:155,7
DA:159,0
DA:162,7
DA:163,0
DA:167,7
DA:168,7
DA:170,2
DA:173,5
DA:184,5
DA:185,3
DA:188,5
DA:193,3
DA:194,3
DA:198,0
DA:201,3
DA:202,1
DA:206,2
DA:211,2
DA:221,3
DA:222,3
DA:226,0
DA:229,3
DA:230,1
DA:233,2
DA:242,2
DA:246,25
DA:265,16
DA:266,16
DA:267,3
DA:270,3
DA:271,3
DA:274,13
LF:84
LH:79
BRDA:45,0,0,1
BRDA:45,0,1,5
BRDA:49,1,0,3
BRDA:49,1,1,1
BRDA:50,2,0,0
BRDA:50,2,1,3
BRDA:60,3,0,2
BRDA:60,3,1,3
BRDA:70,4,0,3
BRDA:70,4,1,21
BRDA:70,5,0,24
BRDA:70,5,1,23
BRDA:88,6,0,1
BRDA:88,6,1,13
BRDA:97,7,0,10
BRDA:97,7,1,3
BRDA:119,8,0,1
BRDA:119,8,1,3
BRDA:131,9,0,1
BRDA:131,9,1,1
BRDA:140,10,0,2
BRDA:140,10,1,2
BRDA:162,11,0,0
BRDA:162,11,1,7
BRDA:178,12,0,3
BRDA:178,12,1,2
BRDA:184,13,0,3
BRDA:184,13,1,2
BRDA:201,14,0,1
BRDA:201,14,1,2
BRDA:229,15,0,1
BRDA:229,15,1,2
BRDA:249,16,0,25
BRDA:249,16,1,0
BRDA:250,17,0,25
BRDA:250,17,1,0
BRDA:251,18,0,23
BRDA:251,18,1,2
BRDA:266,19,0,3
BRDA:266,19,1,13
BRDA:267,20,0,1
BRDA:267,20,1,2
BRF:42
BRH:38
end_of_record
TN:
SF:src\modules\logging\log-config.controller.ts
FN:35,(anonymous_4)
FN:42,(anonymous_5)
FN:47,(anonymous_6)
FN:50,(anonymous_7)
FN:56,(anonymous_8)
FN:66,(anonymous_9)
FN:107,(anonymous_10)
FN:120,(anonymous_11)
FN:141,(anonymous_12)
FN:157,(anonymous_13)
FN:167,(anonymous_14)
FN:193,(anonymous_15)
FN:211,(anonymous_16)
FN:232,(anonymous_17)
FN:247,(anonymous_18)
FN:252,(anonymous_19)
FN:273,(anonymous_20)
FN:301,(anonymous_21)
FNF:18
FNH:17
FNDA:47,(anonymous_4)
FNDA:16,(anonymous_5)
FNDA:4,(anonymous_6)
FNDA:1,(anonymous_7)
FNDA:224,(anonymous_8)
FNDA:10,(anonymous_9)
FNDA:2,(anonymous_10)
FNDA:14,(anonymous_11)
FNDA:2,(anonymous_12)
FNDA:2,(anonymous_13)
FNDA:7,(anonymous_14)
FNDA:1,(anonymous_15)
FNDA:7,(anonymous_16)
FNDA:7,(anonymous_17)
FNDA:0,(anonymous_18)
FNDA:5,(anonymous_19)
FNDA:7,(anonymous_20)
FNDA:13,(anonymous_21)
DA:1,1
DA:13,1
DA:14,1
DA:34,1
DA:35,47
DA:42,1
DA:43,16
DA:44,16
DA:47,4
DA:50,1
DA:56,224
DA:66,1
DA:67,10
DA:69,10
DA:70,1
DA:72,10
DA:73,1
DA:75,10
DA:76,1
DA:78,10
DA:79,1
DA:81,10
DA:82,2
DA:84,10
DA:85,2
DA:86,2
DA:87,4
DA:88,3
DA:91,2
DA:94,10
DA:96,10
DA:107,1
DA:108,2
DA:109,2
DA:120,1
DA:124,14
DA:125,1
DA:130,13
DA:131,13
DA:141,1
DA:145,2
DA:146,2
DA:157,1
DA:158,2
DA:167,1
DA:174,7
DA:181,7
DA:193,1
DA:194,1
DA:211,1
DA:218,7
DA:219,7
DA:220,7
DA:221,7
DA:222,7
DA:225,7
DA:228,7
DA:229,7
DA:232,7
DA:234,7
DA:235,2
DA:236,2
DA:237,2
DA:239,6
DA:240,5
DA:243,4
DA:247,7
DA:248,0
DA:252,7
DA:253,5
DA:254,5
DA:255,5
DA:273,1
DA:282,7
DA:290,7
DA:291,7
DA:292,7
DA:294,7
DA:295,7
DA:297,7
DA:298,1
DA:301,13
DA:302,6
LF:83
LH:82
BRDA:69,0,0,1
BRDA:69,0,1,9
BRDA:72,1,0,1
BRDA:72,1,1,9
BRDA:75,2,0,1
BRDA:75,2,1,9
BRDA:78,3,0,1
BRDA:78,3,1,9
BRDA:81,4,0,2
BRDA:81,4,1,8
BRDA:81,5,0,10
BRDA:81,5,1,9
BRDA:84,6,0,2
BRDA:84,6,1,8
BRDA:84,7,0,10
BRDA:84,7,1,2
BRDA:87,8,0,3
BRDA:87,8,1,1
BRDA:124,9,0,1
BRDA:124,9,1,13
BRDA:175,10,0,1
BRDA:175,10,1,6
BRDA:176,11,0,2
BRDA:176,11,1,5
BRDA:178,12,0,7
BRDA:178,12,1,6
BRDA:179,13,0,7
BRDA:179,13,1,6
BRDA:225,14,0,7
BRDA:225,14,1,6
BRDA:225,15,0,7
BRDA:225,15,1,6
BRDA:225,16,0,7
BRDA:225,16,1,6
BRDA:228,17,0,1
BRDA:228,17,1,6
BRDA:234,18,0,2
BRDA:234,18,1,5
BRDA:236,19,0,2
BRDA:236,19,1,0
BRDA:237,20,0,1
BRDA:237,20,1,1
BRDA:239,21,0,1
BRDA:239,21,1,5
BRDA:239,22,0,6
BRDA:239,22,1,2
BRDA:240,23,0,1
BRDA:240,23,1,4
BRDA:240,24,0,5
BRDA:240,24,1,2
BRDA:283,25,0,1
BRDA:283,25,1,6
BRDA:284,26,0,1
BRDA:284,26,1,6
BRDA:286,27,0,7
BRDA:286,27,1,7
BRDA:287,28,0,7
BRDA:287,28,1,7
BRDA:290,29,0,1
BRDA:290,29,1,6
BRDA:294,30,0,1
BRDA:294,30,1,6
BRDA:297,31,0,1
BRDA:297,31,1,6
BRF:64
BRH:63
end_of_record
TN:
SF:src\modules\logging\log-levels.ts
FN:17,(anonymous_0)
FN:28,parseLogLevel
FN:40,logLevelName
FN:48,(anonymous_3)
FN:110,buildDefaultLogConfig
FN:127,parseCategoryLevels
FNF:6
FNH:6
FNDA:17,(anonymous_0)
FNDA:181,parseLogLevel
FNDA:652,logLevelName
FNDA:17,(anonymous_3)
FNDA:117,buildDefaultLogConfig
FNDA:117,parseCategoryLevels
DA:17,17
DA:18,17
DA:19,17
DA:20,17
DA:21,17
DA:22,17
DA:23,17
DA:24,17
DA:28,17
DA:29,181
DA:30,168
DA:32,168
DA:33,168
DA:35,12
DA:36,12
DA:37,5
DA:40,17
DA:41,652
DA:48,17
DA:50,17
DA:52,17
DA:54,17
DA:56,17
DA:58,17
DA:60,17
DA:62,17
DA:64,17
DA:66,17
DA:68,17
DA:70,17
DA:72,17
DA:110,17
DA:111,117
DA:112,117
DA:128,117
DA:129,3
DA:130,3
DA:131,13
DA:132,13
DA:133,6
DA:134,6
DA:135,5
DA:139,3
LF:43
LH:43
BRDA:17,0,0,17
BRDA:17,0,1,17
BRDA:29,1,0,13
BRDA:29,1,1,168
BRDA:33,2,0,156
BRDA:33,2,1,12
BRDA:36,3,0,7
BRDA:36,3,1,5
BRDA:36,4,0,12
BRDA:36,4,1,10
BRDA:36,4,2,9
BRDA:41,5,0,652
BRDA:41,5,1,1
BRDA:48,6,0,17
BRDA:48,6,1,17
BRDA:116,7,0,117
BRDA:116,7,1,58
BRDA:116,7,2,56
BRDA:118,8,0,117
BRDA:118,8,1,116
BRDA:119,9,0,3
BRDA:119,9,1,114
BRDA:119,10,0,114
BRDA:119,10,1,8
BRDA:128,11,0,114
BRDA:128,11,1,3
BRDA:132,12,0,6
BRDA:132,12,1,7
BRDA:132,13,0,13
BRDA:132,13,1,7
BRDA:134,14,0,5
BRDA:134,14,1,1
BRF:32
BRH:32
end_of_record
TN:
SF:src\modules\logging\logging.service.ts
FN:33,(anonymous_2)
FN:39,(anonymous_3)
FN:83,(anonymous_4)
FN:91,(anonymous_5)
FN:104,(anonymous_6)
FN:147,(anonymous_7)
FN:155,(anonymous_8)
FN:160,(anonymous_9)
FN:251,(anonymous_10)
FN:304,(anonymous_11)
FN:316,(anonymous_12)
FN:330,(anonymous_13)
FN:362,(anonymous_14)
FN:391,(anonymous_15)
FN:399,(anonymous_16)
FN:404,(anonymous_17)
FN:405,(anonymous_18)
FN:407,(anonymous_19)
FN:437,(anonymous_20)
FN:449,(anonymous_21)
FN:487,(anonymous_22)
FN:500,(anonymous_23)
FN:508,(anonymous_24)
FN:517,(anonymous_25)
FN:530,(anonymous_26)
FN:546,(anonymous_27)
FNF:26
FNH:0
FNDA:0,(anonymous_2)
FNDA:0,(anonymous_3)
FNDA:0,(anonymous_4)
FNDA:0,(anonymous_5)
FNDA:0,(anonymous_6)
FNDA:0,(anonymous_7)
FNDA:0,(anonymous_8)
FNDA:0,(anonymous_9)
FNDA:0,(anonymous_10)
FNDA:0,(anonymous_11)
FNDA:0,(anonymous_12)
FNDA:0,(anonymous_13)
FNDA:0,(anonymous_14)
FNDA:0,(anonymous_15)
FNDA:0,(anonymous_16)
FNDA:0,(anonymous_17)
FNDA:0,(anonymous_18)
FNDA:0,(anonymous_19)
FNDA:0,(anonymous_20)
FNDA:0,(anonymous_21)
FNDA:0,(anonymous_22)
FNDA:0,(anonymous_23)
FNDA:0,(anonymous_24)
FNDA:0,(anonymous_25)
FNDA:0,(anonymous_26)
FNDA:0,(anonymous_27)
DA:1,2
DA:4,2
DA:19,2
DA:20,0
DA:27,0
DA:28,0
DA:29,0
DA:30,2
DA:31,2
DA:33,0
DA:50,0
DA:51,0
DA:54,0
DA:55,0
DA:60,0
DA:63,0
DA:77,0
DA:80,0
DA:81,0
DA:82,0
DA:83,0
DA:92,0
DA:93,0
DA:96,0
DA:97,0
DA:98,0
DA:99,0
DA:103,0
DA:104,0
DA:105,0
DA:106,0
DA:109,0
DA:110,0
DA:113,0
DA:115,0
DA:119,0
DA:120,0
DA:121,0
DA:125,0
DA:126,0
DA:127,0
DA:128,0
DA:140,0
DA:142,0
DA:148,0
DA:149,0
DA:150,0
DA:152,0
DA:156,0
DA:157,0
DA:173,0
DA:174,0
DA:176,0
DA:177,0
DA:178,0
DA:179,0
DA:180,0
DA:181,0
DA:184,0
DA:185,0
DA:191,0
DA:192,0
DA:193,0
DA:194,0
DA:196,0
DA:203,0
DA:204,0
DA:214,0
DA:215,0
DA:216,0
DA:217,0
DA:219,0
DA:223,0
DA:224,0
DA:225,0
DA:226,0
DA:228,0
DA:229,0
DA:232,0
DA:241,0
DA:242,0
DA:244,0
DA:248,0
DA:251,0
DA:252,0
DA:253,0
DA:254,0
DA:255,0
DA:256,0
DA:257,0
DA:261,0
DA:271,0
DA:272,0
DA:273,0
DA:293,0
DA:298,0
DA:302,0
DA:303,0
DA:304,0
DA:305,0
DA:307,0
DA:310,0
DA:315,0
DA:316,0
DA:319,0
DA:339,0
DA:342,0
DA:344,0
DA:345,0
DA:346,0
DA:350,0
DA:363,0
DA:364,0
DA:366,0
DA:367,0
DA:369,0
DA:375,0
DA:392,0
DA:394,0
DA:395,0
DA:396,0
DA:397,0
DA:399,0
DA:400,0
DA:401,0
DA:402,0
DA:404,0
DA:405,0
DA:406,0
DA:407,0
DA:408,0
DA:410,0
DA:413,0
DA:425,0
DA:426,0
DA:427,0
DA:428,0
DA:431,0
DA:433,0
DA:439,0
DA:440,0
DA:441,0
DA:442,0
DA:443,0
DA:450,0
DA:452,0
DA:458,0
DA:459,0
DA:465,0
DA:467,0
DA:468,0
DA:469,0
DA:470,0
DA:471,0
DA:472,0
DA:473,0
DA:479,0
DA:484,0
DA:488,0
DA:492,0
DA:493,0
DA:495,0
DA:501,0
DA:502,0
DA:503,0
DA:504,0
DA:505,0
DA:509,0
DA:510,0
DA:511,0
DA:513,0
DA:518,0
DA:519,0
DA:522,0
DA:523,0
DA:525,0
DA:526,0
DA:531,0
DA:532,0
DA:535,0
DA:536,0
DA:539,0
DA:540,0
DA:543,0
DA:547,0
DA:548,0
DA:551,0
DA:552,0
DA:555,0
LF:189
LH:5
BRDA:55,0,0,0
BRDA:55,0,1,0
BRDA:55,0,2,0
BRDA:56,1,0,0
BRDA:56,1,1,0
BRDA:57,2,0,0
BRDA:57,2,1,0
BRDA:58,3,0,0
BRDA:58,3,1,0
BRDA:60,4,0,0
BRDA:60,4,1,0
BRDA:60,5,0,0
BRDA:60,5,1,0
BRDA:66,6,0,0
BRDA:66,6,1,0
BRDA:67,7,0,0
BRDA:67,7,1,0
BRDA:68,8,0,0
BRDA:68,8,1,0
BRDA:80,9,0,0
BRDA:80,9,1,0
BRDA:82,10,0,0
BRDA:82,10,1,0
BRDA:92,11,0,0
BRDA:92,11,1,0
BRDA:92,12,0,0
BRDA:92,12,1,0
BRDA:97,13,0,0
BRDA:97,13,1,0
BRDA:105,14,0,0
BRDA:105,14,1,0
BRDA:119,15,0,0
BRDA:119,15,1,0
BRDA:127,16,0,0
BRDA:127,16,1,0
BRDA:148,17,0,0
BRDA:148,17,1,0
BRDA:160,18,0,0
BRDA:173,19,0,0
BRDA:173,19,1,0
BRDA:174,20,0,0
BRDA:174,20,1,0
BRDA:177,21,0,0
BRDA:177,21,1,0
BRDA:178,22,0,0
BRDA:178,22,1,0
BRDA:179,23,0,0
BRDA:179,23,1,0
BRDA:180,24,0,0
BRDA:180,24,1,0
BRDA:181,25,0,0
BRDA:181,25,1,0
BRDA:184,26,0,0
BRDA:184,26,1,0
BRDA:191,27,0,0
BRDA:191,27,1,0
BRDA:193,28,0,0
BRDA:193,28,1,0
BRDA:203,29,0,0
BRDA:203,29,1,0
BRDA:214,30,0,0
BRDA:214,30,1,0
BRDA:216,31,0,0
BRDA:216,31,1,0
BRDA:223,32,0,0
BRDA:223,32,1,0
BRDA:223,33,0,0
BRDA:223,33,1,0
BRDA:225,34,0,0
BRDA:225,34,1,0
BRDA:226,35,0,0
BRDA:226,35,1,0
BRDA:228,36,0,0
BRDA:228,36,1,0
BRDA:241,37,0,0
BRDA:241,37,1,0
BRDA:251,38,0,0
BRDA:251,38,1,0
BRDA:252,39,0,0
BRDA:252,39,1,0
BRDA:252,40,0,0
BRDA:252,40,1,0
BRDA:253,41,0,0
BRDA:253,41,1,0
BRDA:254,42,0,0
BRDA:254,42,1,0
BRDA:256,43,0,0
BRDA:256,43,1,0
BRDA:256,44,0,0
BRDA:256,44,1,0
BRDA:305,45,0,0
BRDA:305,45,1,0
BRDA:339,46,0,0
BRDA:339,46,1,0
BRDA:342,47,0,0
BRDA:342,47,1,0
BRDA:342,48,0,0
BRDA:342,48,1,0
BRDA:342,48,2,0
BRDA:345,49,0,0
BRDA:345,49,1,0
BRDA:354,50,0,0
BRDA:354,50,1,0
BRDA:355,51,0,0
BRDA:355,51,1,0
BRDA:357,52,0,0
BRDA:357,52,1,0
BRDA:364,53,0,0
BRDA:364,53,1,0
BRDA:366,54,0,0
BRDA:366,54,1,0
BRDA:367,55,0,0
BRDA:367,55,1,0
BRDA:369,56,0,0
BRDA:369,56,1,0
BRDA:369,56,2,0
BRDA:379,57,0,0
BRDA:379,57,1,0
BRDA:380,58,0,0
BRDA:380,58,1,0
BRDA:382,59,0,0
BRDA:382,59,1,0
BRDA:384,60,0,0
BRDA:384,60,1,0
BRDA:386,61,0,0
BRDA:386,61,1,0
BRDA:394,62,0,0
BRDA:394,62,1,0
BRDA:395,63,0,0
BRDA:395,63,1,0
BRDA:400,64,0,0
BRDA:400,64,1,0
BRDA:402,65,0,0
BRDA:402,65,1,0
BRDA:404,66,0,0
BRDA:404,66,1,0
BRDA:405,67,0,0
BRDA:405,67,1,0
BRDA:405,67,2,0
BRDA:406,68,0,0
BRDA:406,68,1,0
BRDA:406,69,0,0
BRDA:406,69,1,0
BRDA:406,69,2,0
BRDA:407,70,0,0
BRDA:407,70,1,0
BRDA:408,71,0,0
BRDA:408,71,1,0
BRDA:408,72,0,0
BRDA:408,72,1,0
BRDA:408,72,2,0
BRDA:426,73,0,0
BRDA:426,73,1,0
BRDA:428,74,0,0
BRDA:428,74,1,0
BRDA:440,75,0,0
BRDA:440,75,1,0
BRDA:442,76,0,0
BRDA:442,76,1,0
BRDA:458,77,0,0
BRDA:458,77,1,0
BRDA:465,78,0,0
BRDA:465,78,1,0
BRDA:469,79,0,0
BRDA:469,79,1,0
BRDA:470,80,0,0
BRDA:470,80,1,0
BRDA:471,81,0,0
BRDA:471,81,1,0
BRDA:472,82,0,0
BRDA:472,82,1,0
BRDA:472,83,0,0
BRDA:472,83,1,0
BRDA:489,84,0,0
BRDA:489,84,1,0
BRDA:489,85,0,0
BRDA:489,85,1,0
BRDA:490,86,0,0
BRDA:490,86,1,0
BRDA:490,87,0,0
BRDA:490,87,1,0
BRDA:493,88,0,0
BRDA:493,88,1,0
BRDA:493,89,0,0
BRDA:493,89,1,0
BRDA:501,90,0,0
BRDA:501,90,1,0
BRDA:502,91,0,0
BRDA:502,91,1,0
BRDA:509,92,0,0
BRDA:509,92,1,0
BRDA:518,93,0,0
BRDA:518,93,1,0
BRDA:518,94,0,0
BRDA:518,94,1,0
BRDA:531,95,0,0
BRDA:531,95,1,0
BRDA:535,96,0,0
BRDA:535,96,1,0
BRDA:539,97,0,0
BRDA:539,97,1,0
BRDA:547,98,0,0
BRDA:547,98,1,0
BRDA:551,99,0,0
BRDA:551,99,1,0
BRDA:552,100,0,0
BRDA:552,100,1,0
BRF:207
BRH:0
end_of_record
TN:
SF:src\modules\logging\request-logging.interceptor.ts
FN:18,(anonymous_2)
FN:23,(anonymous_3)
FN:38,(anonymous_4)
FN:47,(anonymous_5)
FN:63,(anonymous_6)
FN:99,(anonymous_7)
FN:130,(anonymous_8)
FNF:7
FNH:7
FNDA:11,(anonymous_2)
FNDA:10,(anonymous_3)
FNDA:10,(anonymous_4)
FNDA:10,(anonymous_5)
FNDA:9,(anonymous_6)
FNDA:1,(anonymous_7)
FNDA:1,(anonymous_8)
DA:1,1
DA:8,1
DA:9,1
DA:10,1
DA:12,1
DA:13,1
DA:14,1
DA:17,1
DA:19,11
DA:20,11
DA:24,10
DA:25,10
DA:26,10
DA:27,10
DA:30,10
DA:31,10
DA:34,10
DA:35,10
DA:38,10
DA:39,10
DA:49,10
DA:56,10
DA:57,0
DA:62,10
DA:64,9
DA:67,9
DA:73,9
DA:74,9
DA:80,9
DA:81,0
DA:88,9
DA:100,1
DA:101,1
DA:104,1
DA:112,1
DA:122,1
DA:131,1
DA:132,0
DA:135,1
LF:39
LH:36
BRDA:30,0,0,10
BRDA:30,0,1,9
BRDA:43,1,0,10
BRDA:43,1,1,0
BRDA:49,2,0,10
BRDA:49,2,1,0
BRDA:52,3,0,10
BRDA:52,3,1,0
BRDA:56,4,0,0
BRDA:56,4,1,10
BRDA:56,5,0,10
BRDA:56,5,1,10
BRDA:67,6,0,9
BRDA:67,6,1,0
BRDA:73,7,0,9
BRDA:73,7,1,0
BRDA:80,8,0,0
BRDA:80,8,1,9
BRDA:90,9,0,9
BRDA:90,9,1,0
BRDA:106,10,0,1
BRDA:106,10,1,0
BRDA:114,11,0,1
BRDA:114,11,1,0
BRDA:131,12,0,0
BRDA:131,12,1,1
BRF:26
BRH:15
end_of_record
TN:
SF:src\modules\logging\scim-logger.service.ts
FN:96,(anonymous_2)
FN:108,(anonymous_3)
FN:110,(anonymous_4)
FN:116,(anonymous_5)
FN:121,(anonymous_6)
FN:126,(anonymous_7)
FN:136,(anonymous_8)
FN:141,(anonymous_9)
FN:146,(anonymous_10)
FN:151,(anonymous_11)
FN:156,(anonymous_12)
FN:161,(anonymous_13)
FN:166,(anonymous_14)
FN:172,(anonymous_15)
FN:176,(anonymous_16)
FN:180,(anonymous_17)
FN:184,(anonymous_18)
FN:188,(anonymous_19)
FN:193,(anonymous_20)
FN:201,(anonymous_21)
FN:212,(anonymous_22)
FN:218,(anonymous_23)
FN:221,(anonymous_24)
FN:224,(anonymous_25)
FN:232,(anonymous_26)
FN:238,(anonymous_27)
FN:288,(anonymous_28)
FN:305,(anonymous_29)
FN:318,(anonymous_30)
FN:344,(anonymous_31)
FN:353,(anonymous_32)
FN:374,(anonymous_33)
FN:432,(anonymous_34)
FNF:33
FNH:33
FNDA:105,(anonymous_2)
FNDA:12,(anonymous_3)
FNDA:10,(anonymous_4)
FNDA:14,(anonymous_5)
FNDA:6,(anonymous_6)
FNDA:2,(anonymous_7)
FNDA:33,(anonymous_8)
FNDA:1,(anonymous_9)
FNDA:45,(anonymous_10)
FNDA:42,(anonymous_11)
FNDA:17,(anonymous_12)
FNDA:7,(anonymous_13)
FNDA:3,(anonymous_14)
FNDA:2,(anonymous_15)
FNDA:3,(anonymous_16)
FNDA:578,(anonymous_17)
FNDA:16,(anonymous_18)
FNDA:17,(anonymous_19)
FNDA:1,(anonymous_20)
FNDA:26,(anonymous_21)
FNDA:13,(anonymous_22)
FNDA:10,(anonymous_23)
FNDA:5,(anonymous_24)
FNDA:4,(anonymous_25)
FNDA:25,(anonymous_26)
FNDA:617,(anonymous_27)
FNDA:629,(anonymous_28)
FNDA:18,(anonymous_29)
FNDA:6,(anonymous_30)
FNDA:615,(anonymous_31)
FNDA:611,(anonymous_32)
FNDA:4,(anonymous_33)
FNDA:4,(anonymous_34)
DA:1,16
DA:2,16
DA:3,16
DA:4,16
DA:67,16
DA:86,16
DA:90,105
DA:91,105
DA:94,105
DA:97,105
DA:99,105
DA:109,12
DA:110,12
DA:117,14
DA:122,6
DA:127,2
DA:128,2
DA:129,1
DA:137,33
DA:142,1
DA:147,45
DA:152,42
DA:157,17
DA:162,7
DA:167,3
DA:173,2
DA:177,3
DA:181,578
DA:185,16
DA:189,17
DA:190,17
DA:194,1
DA:195,1
DA:208,26
DA:210,26
DA:211,5
DA:212,5
DA:213,13
DA:214,13
DA:217,26
DA:218,10
DA:220,26
DA:221,5
DA:223,26
DA:224,4
DA:227,26
DA:228,26
DA:233,25
DA:245,617
DA:247,615
DA:248,615
DA:259,615
DA:260,1
DA:263,615
DA:264,17
DA:265,17
DA:266,1
DA:270,615
DA:271,6
DA:275,615
DA:276,615
DA:277,10
DA:281,615
DA:284,615
DA:290,629
DA:291,629
DA:292,3
DA:296,626
DA:297,1
DA:301,625
DA:306,18
DA:307,17
DA:308,16
DA:314,1
DA:319,6
DA:320,6
DA:322,11
DA:323,4
DA:324,4
DA:327,7
DA:328,1
DA:329,6
DA:330,1
DA:331,1
DA:332,1
DA:334,0
DA:337,5
DA:340,6
DA:345,615
DA:346,611
DA:348,4
DA:354,611
DA:355,611
DA:358,3
DA:359,3
DA:361,576
DA:362,576
DA:364,15
DA:365,15
DA:368,17
DA:369,17
DA:375,4
DA:376,4
DA:377,4
DA:378,4
DA:379,4
DA:380,4
DA:381,4
DA:382,4
DA:384,4
DA:385,4
DA:387,4
DA:388,1
DA:389,1
DA:390,1
DA:394,4
DA:396,0
DA:397,0
DA:399,0
DA:400,0
DA:401,0
DA:406,4
DA:409,0
DA:410,0
DA:413,1
DA:414,1
DA:417,1
DA:418,1
DA:421,1
DA:422,1
DA:426,1
DA:427,1
DA:434,4
DA:435,0
DA:436,0
DA:437,0
DA:438,0
DA:439,0
DA:440,0
DA:441,0
DA:442,0
LF:141
LH:125
BRDA:128,0,0,1
BRDA:128,0,1,1
BRDA:152,1,0,3
BRDA:152,1,1,39
BRDA:157,2,0,14
BRDA:157,2,1,3
BRDA:162,3,0,4
BRDA:162,3,1,3
BRDA:210,4,0,5
BRDA:210,4,1,21
BRDA:213,5,0,13
BRDA:213,5,1,0
BRDA:217,6,0,4
BRDA:217,6,1,22
BRDA:220,7,0,3
BRDA:220,7,1,23
BRDA:223,8,0,2
BRDA:223,8,1,24
BRDA:227,9,0,26
BRDA:227,9,1,22
BRDA:245,10,0,2
BRDA:245,10,1,615
BRDA:259,11,0,1
BRDA:259,11,1,614
BRDA:263,12,0,17
BRDA:263,12,1,598
BRDA:265,13,0,1
BRDA:265,13,1,16
BRDA:270,14,0,6
BRDA:270,14,1,609
BRDA:276,15,0,10
BRDA:276,15,1,605
BRDA:291,16,0,3
BRDA:291,16,1,626
BRDA:291,17,0,629
BRDA:291,17,1,12
BRDA:296,18,0,1
BRDA:296,18,1,625
BRDA:296,19,0,626
BRDA:296,19,1,619
BRDA:306,20,0,1
BRDA:306,20,1,17
BRDA:307,21,0,16
BRDA:307,21,1,1
BRDA:322,22,0,4
BRDA:322,22,1,7
BRDA:327,23,0,1
BRDA:327,23,1,6
BRDA:327,24,0,7
BRDA:327,24,1,4
BRDA:329,25,0,1
BRDA:329,25,1,5
BRDA:329,26,0,6
BRDA:329,26,1,1
BRDA:331,27,0,1
BRDA:331,27,1,0
BRDA:345,28,0,611
BRDA:345,28,1,4
BRDA:355,29,0,2
BRDA:355,29,1,3
BRDA:355,29,2,576
BRDA:355,29,3,15
BRDA:355,29,4,16
BRDA:355,29,5,17
BRDA:378,30,0,0
BRDA:378,30,1,4
BRDA:379,31,0,0
BRDA:379,31,1,4
BRDA:380,32,0,0
BRDA:380,32,1,4
BRDA:381,33,0,0
BRDA:381,33,1,4
BRDA:382,34,0,0
BRDA:382,34,1,4
BRDA:387,35,0,1
BRDA:387,35,1,3
BRDA:389,36,0,1
BRDA:389,36,1,0
BRDA:389,37,0,1
BRDA:389,37,1,1
BRDA:394,38,0,0
BRDA:394,38,1,4
BRDA:394,39,0,4
BRDA:394,39,1,0
BRDA:396,40,0,0
BRDA:396,40,1,0
BRDA:400,41,0,0
BRDA:400,41,1,0
BRDA:406,42,0,0
BRDA:406,42,1,1
BRDA:406,42,2,1
BRDA:406,42,3,1
BRDA:406,42,4,1
BRDA:406,42,5,1
BRDA:434,43,0,4
BRDA:434,43,1,0
BRDA:435,44,0,0
BRDA:435,44,1,0
BRDA:435,44,2,0
BRDA:435,44,3,0
BRDA:435,44,4,0
BRDA:435,44,5,0
BRDA:435,44,6,0
BRF:103
BRH:80
end_of_record
TN:
SF:src\modules\prisma\prisma.service.ts
FN:11,(anonymous_3)
FN:34,(anonymous_4)
FN:46,(anonymous_5)
FNF:3
FNH:3
FNDA:16,(anonymous_3)
FNDA:4,(anonymous_4)
FNDA:7,(anonymous_5)
DA:1,16
DA:2,16
DA:3,16
DA:4,16
DA:7,16
DA:8,16
DA:13,16
DA:14,16
DA:18,16
DA:20,14
DA:23,16
DA:24,16
DA:26,16
DA:31,16
DA:36,4
DA:37,4
DA:38,2
DA:39,2
DA:41,2
DA:42,2
DA:43,2
DA:47,7
DA:48,7
DA:49,6
DA:51,7
LF:25
LH:25
BRDA:14,0,0,1
BRDA:14,0,1,15
BRDA:14,1,0,16
BRDA:14,1,1,2
BRDA:18,2,0,14
BRDA:18,2,1,2
BRDA:37,3,0,2
BRDA:37,3,1,2
BRDA:43,4,0,2
BRDA:43,4,1,2
BRDA:48,5,0,6
BRDA:48,5,1,1
BRF:12
BRH:12
end_of_record
TN:
SF:src\modules\scim\common\base-url.util.ts
FN:12,buildBaseUrl
FNF:1
FNH:1
FNDA:39,buildBaseUrl
DA:12,5
DA:13,39
DA:14,39
DA:15,39
DA:17,39
LF:5
LH:5
BRDA:13,0,0,39
BRDA:13,0,1,37
BRDA:14,1,0,39
BRDA:14,1,1,37
BRDA:15,2,0,39
BRDA:15,2,1,38
BRF:6
BRH:6
end_of_record
TN:
SF:src\modules\scim\common\scim-attribute-projection.ts
FN:33,applyAttributeProjection
FN:54,applyAttributeProjectionToList
FN:63,(anonymous_2)
FN:68,parseAttrList
FN:70,(anonymous_4)
FN:70,(anonymous_5)
FN:78,includeOnly
FN:143,excludeAttrs
FN:190,findKey
FNF:9
FNH:9
FNDA:29,applyAttributeProjection
FNDA:7,applyAttributeProjectionToList
FNDA:8,(anonymous_2)
FNDA:23,parseAttrList
FNDA:31,(anonymous_4)
FNDA:31,(anonymous_5)
FNDA:14,includeOnly
FNDA:9,excludeAttrs
FNDA:71,findKey
DA:21,3
DA:33,3
DA:39,29
DA:40,6
DA:44,23
DA:45,14
DA:48,9
DA:54,3
DA:59,7
DA:60,1
DA:63,8
DA:69,23
DA:70,31
DA:82,14
DA:85,14
DA:86,42
DA:87,42
DA:88,42
DA:93,14
DA:94,14
DA:95,18
DA:96,18
DA:97,16
DA:99,2
DA:100,2
DA:101,2
DA:102,1
DA:104,1
DA:105,1
DA:107,1
DA:111,14
DA:112,17
DA:113,17
DA:115,16
DA:117,15
DA:120,1
DA:121,1
DA:122,1
DA:123,1
DA:124,1
DA:125,1
DA:126,1
DA:129,1
DA:131,0
DA:136,14
DA:147,9
DA:150,9
DA:151,9
DA:153,13
DA:155,10
DA:156,10
DA:157,9
DA:159,1
DA:160,1
DA:161,1
DA:162,1
DA:163,1
DA:167,9
DA:168,10
DA:169,10
DA:171,10
DA:172,9
DA:174,1
DA:175,1
DA:176,1
DA:177,1
DA:178,1
DA:179,1
DA:181,1
DA:186,9
DA:191,71
DA:192,71
DA:193,267
DA:195,1
LF:74
LH:73
BRDA:39,0,0,6
BRDA:39,0,1,23
BRDA:39,1,0,29
BRDA:39,1,1,15
BRDA:44,2,0,14
BRDA:44,2,1,9
BRDA:59,3,0,1
BRDA:59,3,1,6
BRDA:59,4,0,7
BRDA:59,4,1,3
BRDA:87,5,0,42
BRDA:87,5,1,0
BRDA:96,6,0,16
BRDA:96,6,1,2
BRDA:101,7,0,1
BRDA:101,7,1,1
BRDA:101,8,0,2
BRDA:101,8,1,1
BRDA:104,9,0,1
BRDA:104,9,1,0
BRDA:113,10,0,1
BRDA:113,10,1,16
BRDA:115,11,0,15
BRDA:115,11,1,1
BRDA:121,12,0,1
BRDA:121,12,1,0
BRDA:121,13,0,1
BRDA:121,13,1,1
BRDA:121,13,2,1
BRDA:125,14,0,1
BRDA:125,14,1,0
BRDA:153,15,0,3
BRDA:153,15,1,10
BRDA:156,16,0,9
BRDA:156,16,1,1
BRDA:161,17,0,0
BRDA:161,17,1,1
BRDA:161,18,0,1
BRDA:161,18,1,0
BRDA:162,19,0,1
BRDA:162,19,1,0
BRDA:169,20,0,0
BRDA:169,20,1,10
BRDA:171,21,0,9
BRDA:171,21,1,1
BRDA:175,22,0,1
BRDA:175,22,1,0
BRDA:175,23,0,1
BRDA:175,23,1,1
BRDA:175,23,2,1
BRDA:179,24,0,1
BRDA:179,24,1,0
BRDA:193,25,0,70
BRDA:193,25,1,197
BRF:54
BRH:44
end_of_record
TN:
SF:src\modules\scim\common\scim-constants.ts
FNF:0
FNH:0
DA:1,18
DA:2,18
DA:3,18
DA:4,18
DA:5,18
DA:6,18
DA:7,18
DA:8,18
DA:14,18
DA:18,18
DA:19,18
DA:26,18
LF:12
LH:12
BRF:0
BRH:0
end_of_record
TN:
SF:src\modules\scim\common\scim-errors.ts
FN:11,createScimError
FNF:1
FNH:1
FNDA:41,createScimError
DA:1,8
DA:3,8
DA:11,8
DA:12,41
LF:4
LH:4
BRF:0
BRH:0
end_of_record
TN:
SF:src\modules\scim\controllers\admin-schema.controller.ts
FN:39,(anonymous_4)
FN:53,(anonymous_5)
FN:129,(anonymous_6)
FN:142,(anonymous_7)
FN:163,(anonymous_8)
FN:196,(anonymous_9)
FNF:6
FNH:6
FNDA:12,(anonymous_4)
FNDA:10,(anonymous_5)
FNDA:4,(anonymous_6)
FNDA:2,(anonymous_7)
FNDA:2,(anonymous_8)
FNDA:3,(anonymous_9)
DA:14,1
DA:27,1
DA:30,1
DA:32,1
DA:33,1
DA:36,1
DA:37,12
DA:41,12
DA:42,12
DA:43,12
DA:53,1
DA:58,10
DA:61,10
DA:62,1
DA:66,9
DA:67,9
DA:68,1
DA:74,8
DA:84,8
DA:87,8
DA:98,8
DA:105,8
DA:109,8
DA:129,1
DA:131,4
DA:134,4
DA:135,1
DA:138,3
DA:140,3
DA:142,2
DA:163,1
DA:167,2
DA:168,2
DA:169,1
DA:174,1
DA:196,1
DA:200,3
DA:201,3
DA:202,1
DA:208,2
DA:210,2
LF:41
LH:41
BRDA:61,0,0,1
BRDA:61,0,1,9
BRDA:67,1,0,1
BRDA:67,1,1,8
BRDA:78,2,0,8
BRDA:78,2,1,0
BRDA:79,3,0,8
BRDA:79,3,1,0
BRDA:80,4,0,8
BRDA:80,4,1,0
BRDA:90,5,0,8
BRDA:90,5,1,0
BRDA:101,6,0,8
BRDA:101,6,1,0
BRDA:134,7,0,1
BRDA:134,7,1,3
BRDA:168,8,0,1
BRDA:168,8,1,1
BRDA:201,9,0,1
BRDA:201,9,1,2
BRF:20
BRH:15
end_of_record
TN:
SF:src\modules\scim\controllers\admin.controller.ts
FN:105,(anonymous_5)
FN:116,(anonymous_6)
FN:128,(anonymous_7)
FN:133,(anonymous_8)
FN:162,(anonymous_9)
FN:170,(anonymous_10)
FN:247,(anonymous_11)
FN:255,(anonymous_12)
FN:256,(anonymous_13)
FN:257,(anonymous_14)
FN:275,(anonymous_15)
FN:288,(anonymous_16)
FN:372,(anonymous_17)
FN:376,(anonymous_18)
FN:385,(anonymous_19)
FN:392,(anonymous_20)
FN:439,(anonymous_21)
FN:461,(anonymous_22)
FNF:18
FNH:16
FNDA:18,(anonymous_5)
FNDA:4,(anonymous_6)
FNDA:1,(anonymous_7)
FNDA:2,(anonymous_8)
FNDA:2,(anonymous_9)
FNDA:2,(anonymous_10)
FNDA:2,(anonymous_11)
FNDA:2,(anonymous_12)
FNDA:2,(anonymous_13)
FNDA:2,(anonymous_14)
FNDA:2,(anonymous_15)
FNDA:6,(anonymous_16)
FNDA:24,(anonymous_17)
FNDA:6,(anonymous_18)
FNDA:6,(anonymous_19)
FNDA:0,(anonymous_20)
FNDA:0,(anonymous_21)
FNDA:5,(anonymous_22)
DA:1,1
DA:15,1
DA:16,1
DA:18,1
DA:19,1
DA:20,1
DA:21,1
DA:25,1
DA:26,1
DA:27,1
DA:28,1
DA:100,1
DA:103,1
DA:104,18
DA:106,18
DA:107,18
DA:108,18
DA:109,18
DA:117,4
DA:118,4
DA:120,0
DA:123,0
DA:128,1
DA:129,1
DA:133,1
DA:146,2
DA:162,1
DA:163,2
DA:164,2
DA:165,1
DA:170,1
DA:174,2
DA:175,2
DA:176,2
DA:177,2
DA:183,2
DA:184,2
DA:185,0
DA:188,2
DA:190,2
DA:191,2
DA:192,1
DA:195,2
DA:196,2
DA:197,1
DA:199,2
DA:200,1
DA:202,2
DA:203,1
DA:205,2
DA:206,1
DA:209,2
DA:210,2
DA:211,1
DA:220,2
DA:221,2
DA:222,0
DA:230,2
DA:231,2
DA:232,1
DA:237,2
DA:242,2
DA:247,1
DA:251,2
DA:252,2
DA:253,2
DA:254,2
DA:255,2
DA:256,2
DA:257,2
DA:259,2
DA:265,2
DA:266,2
DA:267,0
DA:270,2
DA:275,1
DA:277,2
DA:281,2
DA:282,1
DA:284,1
DA:288,1
DA:290,6
DA:291,6
DA:292,6
DA:293,6
DA:294,6
DA:295,6
DA:296,6
DA:297,6
DA:300,6
DA:303,6
DA:306,6
DA:307,6
DA:308,6
DA:309,6
DA:310,6
DA:311,6
DA:312,6
DA:315,6
DA:316,6
DA:318,6
DA:373,24
DA:377,6
DA:378,1
DA:386,6
DA:394,0
DA:395,0
DA:398,0
DA:401,0
DA:402,0
DA:403,0
DA:404,0
DA:405,0
DA:406,0
DA:415,0
DA:424,0
DA:440,0
DA:442,0
DA:443,0
DA:444,0
DA:445,0
DA:448,0
DA:449,0
DA:450,0
DA:451,0
DA:457,0
DA:458,0
DA:462,5
DA:465,5
DA:466,5
DA:468,0
LF:131
LH:103
BRDA:118,0,0,4
BRDA:118,0,1,0
BRDA:147,1,0,1
BRDA:147,1,1,1
BRDA:148,2,0,1
BRDA:148,2,1,1
BRDA:149,3,0,2
BRDA:149,3,1,1
BRDA:150,4,0,1
BRDA:150,4,1,1
BRDA:151,5,0,1
BRDA:151,5,1,1
BRDA:152,6,0,2
BRDA:152,6,1,1
BRDA:153,7,0,0
BRDA:153,7,1,2
BRDA:154,8,0,0
BRDA:154,8,1,2
BRDA:155,9,0,2
BRDA:155,9,1,2
BRDA:164,10,0,1
BRDA:164,10,1,1
BRDA:180,11,0,2
BRDA:180,11,1,1
BRDA:184,12,0,0
BRDA:184,12,1,2
BRDA:191,13,0,1
BRDA:191,13,1,1
BRDA:196,14,0,1
BRDA:196,14,1,1
BRDA:199,15,0,1
BRDA:199,15,1,1
BRDA:202,16,0,1
BRDA:202,16,1,1
BRDA:205,17,0,1
BRDA:205,17,1,1
BRDA:210,18,0,1
BRDA:210,18,1,1
BRDA:221,19,0,0
BRDA:221,19,1,2
BRDA:231,20,0,1
BRDA:231,20,1,1
BRDA:262,21,0,1
BRDA:262,21,1,1
BRDA:262,22,0,2
BRDA:262,22,1,1
BRDA:266,23,0,0
BRDA:266,23,1,2
BRDA:281,24,0,1
BRDA:281,24,1,1
BRDA:290,25,0,6
BRDA:290,25,1,5
BRDA:294,26,0,6
BRDA:294,26,1,6
BRDA:297,27,0,6
BRDA:297,27,1,6
BRDA:303,28,0,6
BRDA:303,28,1,0
BRDA:306,29,0,6
BRDA:306,29,1,6
BRDA:306,29,2,0
BRDA:308,30,0,0
BRDA:308,30,1,6
BRDA:316,31,0,0
BRDA:316,31,1,6
BRDA:324,32,0,6
BRDA:324,32,1,0
BRDA:359,33,0,6
BRDA:359,33,1,0
BRDA:361,34,0,0
BRDA:361,34,1,6
BRDA:373,35,0,24
BRDA:373,35,1,0
BRDA:377,36,0,5
BRDA:377,36,1,1
BRDA:386,37,0,6
BRDA:386,37,1,6
BRDA:395,38,0,0
BRDA:395,38,1,0
BRDA:398,39,0,0
BRDA:398,39,1,0
BRDA:398,39,2,0
BRDA:403,40,0,0
BRDA:403,40,1,0
BRDA:408,41,0,0
BRDA:408,41,1,0
BRDA:411,42,0,0
BRDA:411,42,1,0
BRDA:432,43,0,0
BRDA:432,43,1,0
BRDA:442,44,0,0
BRDA:442,44,1,0
BRDA:445,45,0,0
BRDA:445,45,1,0
BRDA:448,46,0,0
BRDA:448,46,1,0
BRDA:451,47,0,0
BRDA:451,47,1,0
BRDA:458,48,0,0
BRDA:458,48,1,0
BRDA:466,49,0,5
BRDA:466,49,1,0
BRF:102
BRH:64
end_of_record
TN:
SF:src\modules\scim\controllers\endpoint-scim-discovery.controller.ts
FN:27,(anonymous_4)
FN:37,(anonymous_5)
FN:61,(anonymous_6)
FN:76,(anonymous_7)
FN:91,(anonymous_8)
FNF:5
FNH:5
FNDA:7,(anonymous_4)
FNDA:9,(anonymous_5)
FNDA:5,(anonymous_6)
FNDA:2,(anonymous_7)
FNDA:2,(anonymous_8)
DA:1,1
DA:9,1
DA:10,1
DA:11,1
DA:12,1
DA:26,1
DA:28,7
DA:29,7
DA:30,7
DA:41,9
DA:43,8
DA:44,4
DA:49,4
DA:50,4
DA:51,4
DA:61,1
DA:65,5
DA:66,2
DA:76,1
DA:80,2
DA:81,1
DA:91,1
DA:95,2
DA:96,1
LF:24
LH:24
BRDA:43,0,0,4
BRDA:43,0,1,4
BRDA:49,1,0,4
BRDA:49,1,1,0
BRF:4
BRH:3
end_of_record
TN:
SF:src\modules\scim\controllers\endpoint-scim-groups.controller.ts
FN:33,(anonymous_4)
FN:43,(anonymous_5)
FN:67,(anonymous_6)
FN:81,(anonymous_7)
FN:120,(anonymous_8)
FN:154,(anonymous_9)
FN:171,(anonymous_10)
FN:186,(anonymous_11)
FN:202,(anonymous_12)
FNF:9
FNH:9
FNDA:15,(anonymous_4)
FNDA:15,(anonymous_5)
FNDA:2,(anonymous_6)
FNDA:2,(anonymous_7)
FNDA:2,(anonymous_8)
FNDA:6,(anonymous_9)
FNDA:1,(anonymous_10)
FNDA:1,(anonymous_11)
FNDA:1,(anonymous_12)
DA:1,1
DA:16,1
DA:18,1
DA:19,1
DA:20,1
DA:21,1
DA:22,1
DA:23,1
DA:24,1
DA:32,1
DA:34,15
DA:35,15
DA:36,15
DA:47,15
DA:49,14
DA:50,2
DA:53,12
DA:54,12
DA:55,12
DA:57,12
DA:67,1
DA:72,2
DA:73,1
DA:81,1
DA:90,2
DA:91,2
DA:101,2
DA:102,1
DA:111,1
DA:120,1
DA:125,2
DA:126,2
DA:136,2
DA:137,1
DA:146,1
DA:154,1
DA:161,6
DA:162,4
DA:163,4
DA:171,1
DA:177,1
DA:178,1
DA:186,1
DA:192,1
DA:193,1
DA:202,1
DA:207,1
DA:208,1
LF:48
LH:48
BRDA:49,0,0,2
BRDA:49,0,1,12
BRDA:53,1,0,12
BRDA:53,1,1,0
BRDA:94,2,0,2
BRDA:94,2,1,0
BRDA:95,3,0,2
BRDA:95,3,1,0
BRDA:101,4,0,1
BRDA:101,4,1,1
BRDA:101,5,0,2
BRDA:101,5,1,1
BRDA:136,6,0,1
BRDA:136,6,1,1
BRDA:136,7,0,2
BRDA:136,7,1,2
BRF:16
BRH:13
end_of_record
TN:
SF:src\modules\scim\controllers\endpoint-scim-users.controller.ts
FN:33,(anonymous_4)
FN:43,(anonymous_5)
FN:65,(anonymous_6)
FN:79,(anonymous_7)
FN:118,(anonymous_8)
FN:152,(anonymous_9)
FN:169,(anonymous_10)
FN:184,(anonymous_11)
FN:200,(anonymous_12)
FNF:9
FNH:9
FNDA:15,(anonymous_4)
FNDA:15,(anonymous_5)
FNDA:2,(anonymous_6)
FNDA:2,(anonymous_7)
FNDA:2,(anonymous_8)
FNDA:6,(anonymous_9)
FNDA:1,(anonymous_10)
FNDA:1,(anonymous_11)
FNDA:1,(anonymous_12)
DA:1,1
DA:16,1
DA:18,1
DA:19,1
DA:20,1
DA:21,1
DA:22,1
DA:23,1
DA:24,1
DA:32,1
DA:34,15
DA:35,15
DA:36,15
DA:47,15
DA:49,14
DA:50,2
DA:53,12
DA:54,12
DA:55,12
DA:57,12
DA:65,1
DA:70,2
DA:71,1
DA:79,1
DA:88,2
DA:89,2
DA:99,2
DA:100,1
DA:109,1
DA:118,1
DA:123,2
DA:124,2
DA:134,2
DA:135,1
DA:144,1
DA:152,1
DA:159,6
DA:160,4
DA:161,4
DA:169,1
DA:175,1
DA:176,1
DA:184,1
DA:190,1
DA:191,1
DA:200,1
DA:205,1
DA:206,1
LF:48
LH:48
BRDA:49,0,0,2
BRDA:49,0,1,12
BRDA:53,1,0,12
BRDA:53,1,1,0
BRDA:92,2,0,2
BRDA:92,2,1,0
BRDA:93,3,0,2
BRDA:93,3,1,0
BRDA:99,4,0,1
BRDA:99,4,1,1
BRDA:99,5,0,2
BRDA:99,5,1,1
BRDA:134,6,0,1
BRDA:134,6,1,1
BRDA:134,7,0,2
BRDA:134,7,1,1
BRF:16
BRH:13
end_of_record
TN:
SF:src\modules\scim\controllers\resource-types.controller.ts
FN:6,(anonymous_2)
FN:10,(anonymous_3)
FNF:2
FNH:2
FNDA:7,(anonymous_2)
FNDA:6,(anonymous_3)
DA:1,1
DA:2,1
DA:5,1
DA:6,7
DA:10,1
DA:11,6
LF:6
LH:6
BRF:0
BRH:0
end_of_record
TN:
SF:src\modules\scim\controllers\schemas.controller.ts
FN:6,(anonymous_2)
FN:10,(anonymous_3)
FNF:2
FNH:2
FNDA:12,(anonymous_2)
FNDA:11,(anonymous_3)
DA:1,1
DA:2,1
DA:5,1
DA:6,12
DA:10,1
DA:11,11
LF:6
LH:6
BRF:0
BRH:0
end_of_record
TN:
SF:src\modules\scim\controllers\service-provider-config.controller.ts
FN:6,(anonymous_2)
FN:10,(anonymous_3)
FNF:2
FNH:2
FNDA:12,(anonymous_2)
FNDA:11,(anonymous_3)
DA:1,1
DA:2,1
DA:5,1
DA:6,12
DA:10,1
DA:11,11
LF:6
LH:6
BRF:0
BRH:0
end_of_record
TN:
SF:src\modules\scim\discovery\scim-discovery.service.ts
FN:23,(anonymous_2)
FN:31,(anonymous_3)
FN:49,(anonymous_4)
FN:67,(anonymous_5)
FN:83,(anonymous_6)
FNF:5
FNH:5
FNDA:69,(anonymous_2)
FNDA:23,(anonymous_3)
FNDA:11,(anonymous_4)
FNDA:22,(anonymous_5)
FNDA:8,(anonymous_6)
DA:1,5
DA:2,5
DA:5,5
DA:22,5
DA:23,69
DA:32,23
DA:34,23
DA:50,11
DA:52,11
DA:68,22
DA:89,8
DA:90,8
DA:92,8
DA:93,7
DA:94,8
DA:95,4
DA:100,8
LF:17
LH:17
BRDA:89,0,0,8
BRDA:89,0,1,0
BRDA:92,1,0,7
BRDA:92,1,1,1
BRDA:94,2,0,4
BRDA:94,2,1,4
BRF:6
BRH:5
end_of_record
TN:
SF:src\modules\scim\discovery\scim-schema-registry.ts
FN:130,(anonymous_4)
FN:143,(anonymous_5)
FN:186,(anonymous_6)
FN:234,(anonymous_7)
FN:279,(anonymous_8)
FN:297,(anonymous_9)
FN:319,(anonymous_10)
FN:332,(anonymous_11)
FN:349,(anonymous_12)
FN:362,(anonymous_13)
FN:365,(anonymous_14)
FN:374,(anonymous_15)
FN:383,(anonymous_16)
FN:394,(anonymous_17)
FN:405,(anonymous_18)
FN:428,(anonymous_19)
FN:441,(anonymous_20)
FN:446,(anonymous_21)
FN:456,(anonymous_22)
FN:461,(anonymous_23)
FN:466,(anonymous_24)
FN:472,(anonymous_25)
FN:481,(anonymous_26)
FN:493,(anonymous_27)
FNF:24
FNH:24
FNDA:196,(anonymous_4)
FNDA:8,(anonymous_5)
FNDA:196,(anonymous_6)
FNDA:58,(anonymous_7)
FNDA:14,(anonymous_8)
FNDA:11,(anonymous_9)
FNDA:7,(anonymous_10)
FNDA:44,(anonymous_11)
FNDA:7,(anonymous_12)
FNDA:13,(anonymous_13)
FNDA:26,(anonymous_14)
FNDA:1,(anonymous_15)
FNDA:12,(anonymous_16)
FNDA:1,(anonymous_17)
FNDA:77,(anonymous_18)
FNDA:4,(anonymous_19)
FNDA:24,(anonymous_20)
FNDA:11,(anonymous_21)
FNDA:3,(anonymous_22)
FNDA:2,(anonymous_23)
FNDA:1,(anonymous_24)
FNDA:209,(anonymous_25)
FNDA:30,(anonymous_26)
FNDA:29,(anonymous_27)
DA:1,10
DA:2,10
DA:6,10
DA:14,10
DA:108,10
DA:109,196
DA:114,196
DA:117,196
DA:120,196
DA:123,196
DA:128,196
DA:133,196
DA:135,196
DA:144,8
DA:145,1
DA:146,1
DA:149,7
DA:150,7
DA:151,6
DA:153,6
DA:154,7
DA:167,7
DA:173,7
DA:176,6
DA:177,5
DA:180,1
DA:188,196
DA:189,196
DA:190,196
DA:192,196
DA:193,196
DA:196,196
DA:200,196
DA:204,196
DA:205,196
DA:208,196
DA:209,196
DA:241,58
DA:242,3
DA:244,55
DA:245,3
DA:249,52
DA:250,3
DA:256,49
DA:264,49
DA:266,30
DA:267,30
DA:269,30
DA:270,29
DA:271,29
DA:275,19
DA:277,19
DA:278,14
DA:279,14
DA:280,14
DA:281,13
DA:282,13
DA:298,11
DA:299,2
DA:302,9
DA:304,5
DA:305,5
DA:307,3
DA:308,3
DA:309,3
DA:311,3
DA:315,4
DA:318,4
DA:319,8
DA:320,8
DA:323,4
DA:333,44
DA:334,44
DA:335,17
DA:336,17
DA:337,12
DA:339,13
DA:340,13
DA:345,44
DA:350,7
DA:351,2
DA:352,2
DA:353,2
DA:355,5
DA:363,13
DA:365,13
DA:366,26
DA:368,2
DA:369,2
DA:372,1
DA:373,1
DA:374,1
DA:375,1
DA:378,1
DA:384,12
DA:385,12
DA:386,11
DA:388,1
DA:389,1
DA:390,1
DA:392,1
DA:393,1
DA:394,1
DA:395,1
DA:398,1
DA:406,77
DA:407,77
DA:408,77
DA:409,78
DA:412,77
DA:413,73
DA:414,73
DA:415,2
DA:416,2
DA:417,2
DA:422,77
DA:429,4
DA:430,4
DA:431,1
DA:432,1
DA:433,1
DA:434,1
DA:437,4
DA:442,24
DA:447,11
DA:448,6
DA:449,3
DA:450,3
DA:452,5
DA:457,3
DA:462,2
DA:467,1
DA:473,209
DA:474,209
DA:475,198
DA:476,198
DA:478,209
DA:482,30
DA:483,30
DA:484,27
DA:488,27
DA:490,30
DA:494,29
DA:495,29
DA:496,26
DA:497,26
DA:499,29
LF:147
LH:147
BRDA:144,0,0,1
BRDA:144,0,1,7
BRDA:157,1,0,7
BRDA:157,1,1,1
BRDA:158,2,0,6
BRDA:158,2,1,1
BRDA:169,3,0,7
BRDA:169,3,1,1
BRDA:176,4,0,5
BRDA:176,4,1,1
BRDA:237,5,0,24
BRDA:241,6,0,3
BRDA:241,6,1,55
BRDA:244,7,0,3
BRDA:244,7,1,52
BRDA:249,8,0,3
BRDA:249,8,1,49
BRDA:249,9,0,52
BRDA:249,9,1,46
BRDA:258,10,0,49
BRDA:258,10,1,33
BRDA:264,11,0,30
BRDA:264,11,1,19
BRDA:269,12,0,29
BRDA:269,12,1,1
BRDA:277,13,0,14
BRDA:277,13,1,5
BRDA:280,14,0,13
BRDA:280,14,1,1
BRDA:298,15,0,2
BRDA:298,15,1,9
BRDA:302,16,0,5
BRDA:302,16,1,4
BRDA:305,17,0,2
BRDA:305,17,1,3
BRDA:334,18,0,17
BRDA:334,18,1,27
BRDA:336,19,0,12
BRDA:336,19,1,5
BRDA:339,20,0,13
BRDA:339,20,1,0
BRDA:350,21,0,2
BRDA:350,21,1,5
BRDA:353,22,0,2
BRDA:353,22,1,0
BRDA:363,23,0,2
BRDA:363,23,1,11
BRDA:366,24,0,24
BRDA:366,24,1,2
BRDA:369,25,0,1
BRDA:369,25,1,1
BRDA:369,26,0,2
BRDA:369,26,1,1
BRDA:374,27,0,1
BRDA:374,27,1,0
BRDA:385,28,0,1
BRDA:385,28,1,11
BRDA:386,29,0,10
BRDA:386,29,1,1
BRDA:390,30,0,0
BRDA:390,30,1,1
BRDA:390,31,0,1
BRDA:390,31,1,1
BRDA:394,32,0,1
BRDA:394,32,1,0
BRDA:412,33,0,73
BRDA:412,33,1,4
BRDA:414,34,0,2
BRDA:414,34,1,71
BRDA:429,35,0,4
BRDA:429,35,1,1
BRDA:430,36,0,1
BRDA:430,36,1,3
BRDA:433,37,0,1
BRDA:433,37,1,0
BRDA:447,38,0,5
BRDA:447,38,1,6
BRDA:448,39,0,3
BRDA:448,39,1,3
BRDA:450,40,0,1
BRDA:450,40,1,2
BRDA:474,41,0,198
BRDA:474,41,1,11
BRDA:483,42,0,27
BRDA:483,42,1,3
BRDA:495,43,0,26
BRDA:495,43,1,3
BRF:87
BRH:81
end_of_record
TN:
SF:src\modules\scim\discovery\scim-schemas.constants.ts
FNF:0
FNH:0
DA:12,10
DA:25,10
DA:221,10
DA:291,10
DA:331,10
DA:343,10
DA:355,10
DA:369,10
DA:388,10
DA:404,10
LF:10
LH:10
BRF:0
BRH:0
end_of_record
TN:
SF:src\modules\scim\filters\apply-scim-filter.ts
FN:76,buildUserFilter
FN:112,buildGroupFilter
FN:133,buildFilterResult
FN:146,(anonymous_3)
FN:165,tryPushToDb
FN:186,pushCompareToDb
FN:205,buildColumnFilter
FN:260,pushLogicalToDb
FNF:8
FNH:8
FNDA:34,buildUserFilter
FNDA:19,buildGroupFilter
FNDA:45,buildFilterResult
FNDA:2,(anonymous_3)
FNDA:55,tryPushToDb
FNDA:50,pushCompareToDb
FNDA:44,buildColumnFilter
FNDA:5,pushLogicalToDb
DA:20,6
DA:52,6
DA:76,6
DA:77,34
DA:78,4
DA:82,30
DA:83,30
DA:85,1
DA:88,29
DA:99,6
DA:112,6
DA:113,19
DA:114,2
DA:118,17
DA:119,17
DA:121,1
DA:124,16
DA:137,45
DA:138,45
DA:139,39
DA:143,6
DA:146,2
DA:169,55
DA:171,50
DA:174,5
DA:178,0
DA:190,50
DA:191,50
DA:192,50
DA:194,44
DA:211,44
DA:213,30
DA:216,2
DA:219,3
DA:220,3
DA:223,2
DA:224,2
DA:227,1
DA:228,1
DA:231,1
DA:234,1
DA:237,1
DA:240,1
DA:243,2
DA:246,0
DA:264,5
DA:265,5
DA:267,5
DA:268,3
DA:270,1
DA:273,2
DA:274,2
DA:275,1
DA:278,0
LF:54
LH:51
BRDA:77,0,0,4
BRDA:77,0,1,30
BRDA:113,1,0,2
BRDA:113,1,1,17
BRDA:138,2,0,39
BRDA:138,2,1,6
BRDA:169,3,0,50
BRDA:169,3,1,5
BRDA:169,3,2,0
BRDA:192,4,0,6
BRDA:192,4,1,44
BRDA:211,5,0,30
BRDA:211,5,1,2
BRDA:211,5,2,3
BRDA:211,5,3,2
BRDA:211,5,4,1
BRDA:211,5,5,1
BRDA:211,5,6,1
BRDA:211,5,7,1
BRDA:211,5,8,1
BRDA:211,5,9,2
BRDA:211,5,10,0
BRDA:219,6,0,0
BRDA:219,6,1,3
BRDA:219,7,0,3
BRDA:219,7,1,0
BRDA:223,8,0,0
BRDA:223,8,1,2
BRDA:223,9,0,2
BRDA:223,9,1,0
BRDA:227,10,0,0
BRDA:227,10,1,1
BRDA:227,11,0,1
BRDA:227,11,1,0
BRDA:267,12,0,3
BRDA:267,12,1,2
BRDA:268,13,0,2
BRDA:268,13,1,1
BRDA:268,14,0,3
BRDA:268,14,1,3
BRDA:273,15,0,2
BRDA:273,15,1,0
BRDA:274,16,0,1
BRDA:274,16,1,1
BRDA:274,17,0,2
BRDA:274,17,1,2
BRF:46
BRH:37
end_of_record
TN:
SF:src\modules\scim\filters\scim-exception.filter.ts
FN:29,(anonymous_2)
FN:31,(anonymous_3)
FNF:2
FNH:2
FNDA:9,(anonymous_2)
FNDA:8,(anonymous_3)
DA:1,1
DA:9,1
DA:10,1
DA:11,1
DA:28,1
DA:29,9
DA:32,8
DA:33,8
DA:34,8
DA:35,8
DA:36,8
DA:39,8
DA:40,1
DA:43,7
DA:44,7
DA:53,8
DA:54,7
DA:58,7
DA:59,5
DA:61,2
DA:68,1
DA:76,8
DA:77,0
DA:80,8
LF:24
LH:23
BRDA:39,0,0,1
BRDA:39,0,1,7
BRDA:43,1,0,7
BRDA:43,1,1,0
BRDA:46,2,0,6
BRDA:46,2,1,1
BRDA:53,3,0,7
BRDA:53,3,1,1
BRDA:53,4,0,8
BRDA:53,4,1,7
BRDA:58,5,0,5
BRDA:58,5,1,2
BRDA:58,6,0,7
BRDA:58,6,1,5
BRDA:63,7,0,2
BRDA:63,7,1,1
BRDA:63,7,2,0
BRDA:70,8,0,1
BRDA:70,8,1,0
BRDA:76,9,0,0
BRDA:76,9,1,8
BRDA:76,10,0,8
BRDA:76,10,1,8
BRF:23
BRH:19
end_of_record
TN:
SF:src\modules\scim\filters\scim-filter-parser.ts
FN:82,tokenize
FN:221,(anonymous_1)
FN:226,(anonymous_2)
FN:236,(anonymous_3)
FN:240,(anonymous_4)
FN:246,(anonymous_5)
FN:257,(anonymous_6)
FN:268,(anonymous_7)
FN:279,(anonymous_8)
FN:304,(anonymous_9)
FN:330,(anonymous_10)
FN:366,parseScimFilter
FN:389,resolveAttrPath
FN:405,resolveSimplePath
FN:414,(anonymous_14)
FN:424,compareValues
FN:502,evaluateFilter
FN:508,(anonymous_17)
FN:534,(anonymous_18)
FNF:19
FNH:19
FNDA:110,tokenize
FNDA:109,(anonymous_1)
FNDA:109,(anonymous_2)
FNDA:1193,(anonymous_3)
FNDA:443,(anonymous_4)
FNDA:277,(anonymous_5)
FNDA:122,(anonymous_6)
FNDA:131,(anonymous_7)
FNDA:146,(anonymous_8)
FNDA:138,(anonymous_9)
FNDA:121,(anonymous_10)
FNDA:111,parseScimFilter
FNDA:54,resolveAttrPath
FNDA:54,resolveSimplePath
FNDA:251,(anonymous_14)
FNDA:43,compareValues
FNDA:60,evaluateFilter
FNDA:1,(anonymous_17)
FNDA:6,(anonymous_18)
DA:76,7
DA:83,110
DA:84,110
DA:86,110
DA:88,764
DA:89,311
DA:90,311
DA:93,453
DA:96,453
DA:97,7
DA:98,7
DA:99,7
DA:101,446
DA:102,7
DA:103,7
DA:104,7
DA:108,439
DA:109,6
DA:110,6
DA:111,6
DA:113,433
DA:114,6
DA:115,6
DA:116,6
DA:120,427
DA:121,96
DA:122,96
DA:123,96
DA:124,610
DA:125,0
DA:126,0
DA:128,610
DA:129,610
DA:132,96
DA:133,1
DA:135,95
DA:136,95
DA:137,95
DA:141,331
DA:144,1
DA:145,1
DA:146,2
DA:148,1
DA:150,0
DA:151,1
DA:153,0
DA:155,1
DA:156,1
DA:161,330
DA:162,330
DA:164,330
DA:165,1767
DA:166,1767
DA:169,330
DA:172,330
DA:173,15
DA:174,315
DA:175,9
DA:176,306
DA:177,4
DA:178,302
DA:179,10
DA:180,292
DA:181,14
DA:182,278
DA:183,8
DA:184,270
DA:185,2
DA:186,268
DA:187,122
DA:189,146
DA:191,330
DA:194,0
DA:197,109
DA:198,109
DA:222,109
DA:223,109
DA:227,109
DA:228,106
DA:229,1
DA:233,105
DA:237,1193
DA:241,443
DA:242,443
DA:243,443
DA:247,277
DA:248,277
DA:249,2
DA:253,275
DA:258,122
DA:259,119
DA:260,9
DA:261,9
DA:262,9
DA:264,119
DA:269,131
DA:270,128
DA:271,15
DA:272,15
DA:273,15
DA:275,128
DA:280,146
DA:283,146
DA:284,4
DA:285,4
DA:286,3
DA:287,3
DA:288,3
DA:292,142
DA:293,4
DA:294,4
DA:295,4
DA:296,4
DA:300,138
DA:305,138
DA:306,138
DA:309,138
DA:310,6
DA:311,6
DA:312,6
DA:313,6
DA:317,132
DA:318,10
DA:319,10
DA:323,122
DA:324,121
DA:325,121
DA:326,120
DA:331,121
DA:332,121
DA:334,95
DA:335,95
DA:337,1
DA:338,1
DA:340,22
DA:341,22
DA:343,2
DA:344,2
DA:346,1
DA:366,7
DA:367,111
DA:368,1
DA:370,110
DA:371,109
DA:372,109
DA:389,7
DA:391,54
DA:394,54
DA:395,3
DA:396,3
DA:397,3
DA:398,3
DA:399,3
DA:402,51
DA:406,54
DA:407,54
DA:408,54
DA:409,63
DA:410,0
DA:413,63
DA:414,251
DA:415,63
DA:417,54
DA:426,43
DA:427,4
DA:428,3
DA:429,3
DA:430,3
DA:434,39
DA:435,39
DA:437,39
DA:439,25
DA:440,24
DA:443,2
DA:444,2
DA:447,4
DA:448,4
DA:451,5
DA:452,5
DA:455,1
DA:456,1
DA:459,1
DA:460,1
DA:462,0
DA:463,0
DA:466,0
DA:467,0
DA:469,0
DA:470,0
DA:473,0
DA:474,0
DA:476,0
DA:477,0
DA:480,1
DA:481,1
DA:483,0
DA:484,0
DA:487,0
DA:502,7
DA:503,60
DA:505,44
DA:507,44
DA:508,2
DA:509,1
DA:512,1
DA:514,0
DA:517,42
DA:521,10
DA:522,6
DA:524,4
DA:527,2
DA:532,4
DA:533,4
DA:534,4
DA:535,6
DA:536,6
DA:541,0
LF:217
LH:196
BRDA:88,0,0,311
BRDA:88,0,1,453
BRDA:96,1,0,7
BRDA:96,1,1,446
BRDA:101,2,0,7
BRDA:101,2,1,439
BRDA:108,3,0,6
BRDA:108,3,1,433
BRDA:113,4,0,6
BRDA:113,4,1,427
BRDA:120,5,0,96
BRDA:120,5,1,331
BRDA:123,6,0,706
BRDA:123,6,1,705
BRDA:124,7,0,0
BRDA:124,7,1,610
BRDA:124,8,0,610
BRDA:124,8,1,0
BRDA:132,9,0,1
BRDA:132,9,1,95
BRDA:141,10,0,1
BRDA:141,10,1,330
BRDA:141,11,0,331
BRDA:141,11,1,1
BRDA:141,11,2,0
BRDA:141,11,3,0
BRDA:145,12,0,0
BRDA:145,12,1,1
BRDA:146,13,0,3
BRDA:146,13,1,2
BRDA:148,14,0,0
BRDA:148,14,1,1
BRDA:148,15,0,0
BRDA:148,15,1,1
BRDA:151,16,0,0
BRDA:151,16,1,1
BRDA:151,17,0,1
BRDA:151,17,1,0
BRDA:161,18,0,330
BRDA:161,18,1,0
BRDA:161,19,0,330
BRDA:161,19,1,2
BRDA:164,20,0,2097
BRDA:164,20,1,2074
BRDA:172,21,0,15
BRDA:172,21,1,315
BRDA:174,22,0,9
BRDA:174,22,1,306
BRDA:176,23,0,4
BRDA:176,23,1,302
BRDA:178,24,0,10
BRDA:178,24,1,292
BRDA:180,25,0,14
BRDA:180,25,1,278
BRDA:182,26,0,8
BRDA:182,26,1,270
BRDA:184,27,0,2
BRDA:184,27,1,268
BRDA:186,28,0,122
BRDA:186,28,1,146
BRDA:228,29,0,1
BRDA:228,29,1,105
BRDA:248,30,0,2
BRDA:248,30,1,275
BRDA:283,31,0,4
BRDA:283,31,1,142
BRDA:292,32,0,4
BRDA:292,32,1,138
BRDA:309,33,0,6
BRDA:309,33,1,132
BRDA:317,34,0,10
BRDA:317,34,1,122
BRDA:332,35,0,95
BRDA:332,35,1,1
BRDA:332,35,2,22
BRDA:332,35,3,2
BRDA:332,35,4,1
BRDA:338,36,0,0
BRDA:338,36,1,1
BRDA:367,37,0,1
BRDA:367,37,1,110
BRDA:367,38,0,111
BRDA:367,38,1,110
BRDA:394,39,0,3
BRDA:394,39,1,51
BRDA:398,40,0,0
BRDA:398,40,1,3
BRDA:398,41,0,3
BRDA:398,41,1,3
BRDA:409,42,0,0
BRDA:409,42,1,63
BRDA:409,43,0,63
BRDA:409,43,1,63
BRDA:409,43,2,63
BRDA:415,44,0,60
BRDA:415,44,1,3
BRDA:426,45,0,4
BRDA:426,45,1,39
BRDA:427,46,0,1
BRDA:427,46,1,3
BRDA:427,47,0,4
BRDA:427,47,1,3
BRDA:428,48,0,0
BRDA:428,48,1,3
BRDA:428,49,0,3
BRDA:428,49,1,2
BRDA:429,50,0,0
BRDA:429,50,1,3
BRDA:429,51,0,3
BRDA:429,51,1,0
BRDA:434,52,0,27
BRDA:434,52,1,12
BRDA:435,53,0,27
BRDA:435,53,1,12
BRDA:437,54,0,25
BRDA:437,54,1,2
BRDA:437,54,2,4
BRDA:437,54,3,5
BRDA:437,54,4,1
BRDA:437,54,5,1
BRDA:437,54,6,0
BRDA:437,54,7,0
BRDA:437,54,8,1
BRDA:437,54,9,0
BRDA:439,55,0,1
BRDA:439,55,1,24
BRDA:439,56,0,25
BRDA:439,56,1,25
BRDA:443,57,0,0
BRDA:443,57,1,2
BRDA:443,58,0,2
BRDA:443,58,1,2
BRDA:447,59,0,0
BRDA:447,59,1,4
BRDA:447,60,0,4
BRDA:447,60,1,4
BRDA:451,61,0,0
BRDA:451,61,1,5
BRDA:451,62,0,5
BRDA:451,62,1,5
BRDA:455,63,0,0
BRDA:455,63,1,1
BRDA:455,64,0,1
BRDA:455,64,1,1
BRDA:459,65,0,1
BRDA:459,65,1,0
BRDA:459,66,0,1
BRDA:459,66,1,1
BRDA:462,67,0,0
BRDA:462,67,1,0
BRDA:462,68,0,0
BRDA:462,68,1,0
BRDA:466,69,0,0
BRDA:466,69,1,0
BRDA:466,70,0,0
BRDA:466,70,1,0
BRDA:469,71,0,0
BRDA:469,71,1,0
BRDA:469,72,0,0
BRDA:469,72,1,0
BRDA:473,73,0,0
BRDA:473,73,1,0
BRDA:473,74,0,0
BRDA:473,74,1,0
BRDA:476,75,0,0
BRDA:476,75,1,0
BRDA:476,76,0,0
BRDA:476,76,1,0
BRDA:480,77,0,1
BRDA:480,77,1,0
BRDA:480,78,0,1
BRDA:480,78,1,1
BRDA:483,79,0,0
BRDA:483,79,1,0
BRDA:483,80,0,0
BRDA:483,80,1,0
BRDA:503,81,0,44
BRDA:503,81,1,10
BRDA:503,81,2,2
BRDA:503,81,3,4
BRDA:503,81,4,0
BRDA:507,82,0,2
BRDA:507,82,1,42
BRDA:509,83,0,1
BRDA:509,83,1,0
BRDA:509,84,0,1
BRDA:509,84,1,1
BRDA:521,85,0,6
BRDA:521,85,1,4
BRDA:522,86,0,6
BRDA:522,86,1,4
BRDA:524,87,0,4
BRDA:524,87,1,2
BRDA:533,88,0,0
BRDA:533,88,1,4
BRDA:535,89,0,0
BRDA:535,89,1,6
BRDA:535,90,0,6
BRDA:535,90,1,6
BRF:199
BRH:146
end_of_record
TN:
SF:src\modules\scim\interceptors\scim-content-type.interceptor.ts
FN:22,(anonymous_1)
FN:24,(anonymous_2)
FNF:2
FNH:2
FNDA:9,(anonymous_1)
FNDA:9,(anonymous_2)
DA:1,1
DA:8,1
DA:21,1
DA:23,9
DA:25,9
DA:26,9
DA:27,8
DA:31,8
DA:32,2
LF:9
LH:9
BRDA:26,0,0,8
BRDA:26,0,1,1
BRDA:31,1,0,2
BRDA:31,1,1,6
BRDA:31,2,0,8
BRDA:31,2,1,3
BRF:6
BRH:6
end_of_record
TN:
SF:src\modules\scim\interceptors\scim-etag.interceptor.ts
FN:27,(anonymous_1)
FN:33,(anonymous_2)
FN:87,assertIfMatch
FNF:3
FNH:3
FNDA:6,(anonymous_1)
FNDA:6,(anonymous_2)
FNDA:6,assertIfMatch
DA:15,1
DA:21,1
DA:23,1
DA:26,1
DA:28,6
DA:29,6
DA:30,6
DA:32,6
DA:34,6
DA:36,5
DA:37,5
DA:38,5
DA:41,5
DA:42,4
DA:46,5
DA:47,3
DA:48,3
DA:49,1
DA:50,1
DA:55,4
DA:56,1
DA:57,1
DA:73,4
DA:87,1
DA:91,6
DA:92,5
DA:95,4
DA:96,2
LF:28
LH:28
BRDA:34,0,0,1
BRDA:34,0,1,5
BRDA:34,1,0,6
BRDA:34,1,1,5
BRDA:41,2,0,4
BRDA:41,2,1,1
BRDA:46,3,0,3
BRDA:46,3,1,2
BRDA:46,4,0,5
BRDA:46,4,1,4
BRDA:48,5,0,1
BRDA:48,5,1,2
BRDA:48,6,0,3
BRDA:48,6,1,2
BRDA:55,7,0,1
BRDA:55,7,1,3
BRDA:57,8,0,0
BRDA:57,8,1,1
BRDA:57,9,0,1
BRDA:57,9,1,0
BRDA:91,10,0,1
BRDA:91,10,1,5
BRDA:92,11,0,1
BRDA:92,11,1,4
BRDA:95,12,0,2
BRDA:95,12,1,2
BRDA:95,13,0,4
BRDA:95,13,1,3
BRF:28
BRH:26
end_of_record
TN:
SF:src\modules\scim\services\endpoint-scim-groups.service.ts
FN:46,(anonymous_4)
FN:56,(anonymous_5)
FN:106,(anonymous_6)
FN:117,(anonymous_7)
FN:147,(anonymous_8)
FN:168,(anonymous_9)
FN:173,(anonymous_10)
FN:249,(anonymous_11)
FN:303,(anonymous_12)
FN:322,(anonymous_13)
FN:343,(anonymous_14)
FN:358,(anonymous_15)
FN:360,(anonymous_16)
FN:369,(anonymous_17)
FN:373,(anonymous_18)
FN:377,(anonymous_19)
FN:379,(anonymous_20)
FN:387,(anonymous_21)
FN:388,(anonymous_22)
FN:395,(anonymous_23)
FN:416,(anonymous_24)
FN:425,(anonymous_25)
FN:439,(anonymous_26)
FN:449,(anonymous_27)
FNF:24
FNH:24
FNDA:51,(anonymous_4)
FNDA:7,(anonymous_5)
FNDA:5,(anonymous_6)
FNDA:6,(anonymous_7)
FNDA:7,(anonymous_8)
FNDA:30,(anonymous_9)
FNDA:32,(anonymous_10)
FNDA:1,(anonymous_11)
FNDA:2,(anonymous_12)
FNDA:7,(anonymous_13)
FNDA:2,(anonymous_14)
FNDA:38,(anonymous_15)
FNDA:38,(anonymous_16)
FNDA:14,(anonymous_17)
FNDA:20,(anonymous_18)
FNDA:4,(anonymous_19)
FNDA:20,(anonymous_20)
FNDA:29,(anonymous_21)
FNDA:28,(anonymous_22)
FNDA:39,(anonymous_23)
FNDA:21,(anonymous_24)
FNDA:39,(anonymous_25)
FNDA:7,(anonymous_26)
FNDA:91,(anonymous_27)
DA:1,3
DA:2,3
DA:13,3
DA:14,3
DA:15,3
DA:16,3
DA:17,3
DA:18,3
DA:19,3
DA:29,3
DA:30,3
DA:31,3
DA:32,3
DA:45,3
DA:48,51
DA:50,51
DA:51,51
DA:52,51
DA:53,51
DA:57,7
DA:59,7
DA:60,7
DA:63,7
DA:66,7
DA:71,7
DA:72,2
DA:75,6
DA:76,6
DA:78,6
DA:80,6
DA:93,6
DA:95,6
DA:96,6
DA:97,2
DA:98,2
DA:101,6
DA:102,6
DA:103,6
DA:107,5
DA:108,5
DA:109,5
DA:110,2
DA:111,2
DA:114,3
DA:122,6
DA:123,0
DA:126,6
DA:129,6
DA:130,6
DA:132,0
DA:140,6
DA:147,7
DA:148,6
DA:149,0
DA:152,6
DA:153,6
DA:154,6
DA:155,6
DA:157,6
DA:159,6
DA:169,30
DA:171,30
DA:172,30
DA:173,32
DA:175,30
DA:177,30
DA:178,30
DA:179,1
DA:183,29
DA:184,29
DA:185,29
DA:187,29
DA:192,29
DA:193,29
DA:204,7
DA:205,7
DA:207,0
DA:210,22
DA:217,22
DA:221,22
DA:222,22
DA:232,0
DA:233,0
DA:240,22
DA:241,22
DA:242,0
DA:245,22
DA:246,22
DA:255,1
DA:257,1
DA:259,1
DA:260,1
DA:261,0
DA:264,1
DA:265,1
DA:267,1
DA:272,1
DA:276,1
DA:277,1
DA:287,0
DA:288,0
DA:295,1
DA:296,1
DA:297,0
DA:300,1
DA:304,2
DA:305,2
DA:307,2
DA:308,1
DA:309,1
DA:312,1
DA:313,1
DA:328,7
DA:330,7
DA:331,0
DA:348,2
DA:349,2
DA:350,1
DA:359,38
DA:360,38
DA:361,0
DA:373,20
DA:374,14
DA:377,14
DA:379,20
DA:388,29
DA:396,39
DA:397,0
DA:400,39
DA:401,39
DA:405,39
DA:406,39
DA:407,39
DA:408,39
DA:410,39
DA:416,21
DA:426,39
DA:427,39
DA:428,39
DA:430,39
DA:440,7
DA:441,7
DA:442,7
DA:443,7
DA:450,91
DA:451,0
DA:454,91
DA:455,91
DA:457,0
LF:149
LH:133
BRDA:59,0,0,7
BRDA:59,0,1,5
BRDA:66,1,0,2
BRDA:66,1,1,5
BRDA:71,2,0,2
BRDA:71,2,1,5
BRDA:76,3,0,0
BRDA:76,3,1,6
BRDA:76,4,0,6
BRDA:76,4,1,0
BRDA:95,5,0,6
BRDA:95,5,1,4
BRDA:96,6,0,2
BRDA:96,6,1,4
BRDA:109,7,0,2
BRDA:109,7,1,3
BRDA:118,8,0,0
BRDA:118,9,0,0
BRDA:122,10,0,0
BRDA:122,10,1,6
BRDA:148,11,0,0
BRDA:148,11,1,6
BRDA:178,12,0,1
BRDA:178,12,1,29
BRDA:183,13,0,29
BRDA:183,13,1,29
BRDA:187,14,0,16
BRDA:187,14,1,13
BRDA:197,15,0,29
BRDA:197,15,1,29
BRDA:199,16,0,29
BRDA:199,16,1,0
BRDA:204,17,0,7
BRDA:204,17,1,0
BRDA:217,18,0,11
BRDA:217,18,1,11
BRDA:227,19,0,22
BRDA:227,19,1,0
BRDA:235,20,0,0
BRDA:235,20,1,0
BRDA:241,21,0,0
BRDA:241,21,1,22
BRDA:260,22,0,0
BRDA:260,22,1,1
BRDA:265,23,0,1
BRDA:265,23,1,0
BRDA:267,24,0,0
BRDA:267,24,1,1
BRDA:272,25,0,1
BRDA:272,25,1,0
BRDA:272,26,0,1
BRDA:272,26,1,1
BRDA:290,27,0,0
BRDA:290,27,1,0
BRDA:296,28,0,0
BRDA:296,28,1,1
BRDA:307,29,0,1
BRDA:307,29,1,1
BRDA:330,30,0,0
BRDA:330,30,1,7
BRDA:349,31,0,1
BRDA:349,31,1,1
BRDA:360,32,0,0
BRDA:360,32,1,38
BRDA:360,33,0,38
BRDA:360,33,1,38
BRDA:374,34,0,14
BRDA:374,34,1,0
BRDA:380,35,0,20
BRDA:380,35,1,16
BRDA:382,36,0,20
BRDA:382,36,1,20
BRDA:383,37,0,20
BRDA:383,37,1,19
BRDA:390,38,0,28
BRDA:390,38,1,28
BRDA:391,39,0,28
BRDA:391,39,1,28
BRDA:396,40,0,0
BRDA:396,40,1,39
BRDA:401,41,0,39
BRDA:401,41,1,0
BRDA:414,42,0,39
BRDA:414,42,1,33
BRDA:418,43,0,21
BRDA:418,43,1,20
BRDA:419,44,0,21
BRDA:419,44,1,21
BRDA:450,45,0,0
BRDA:450,45,1,91
BRF:90
BRH:65
end_of_record
TN:
SF:src\modules\scim\services\endpoint-scim-users.service.ts
FN:40,(anonymous_4)
FN:48,(anonymous_5)
FN:81,(anonymous_6)
FN:93,(anonymous_7)
FN:123,(anonymous_8)
FN:144,(anonymous_9)
FN:155,(anonymous_10)
FN:173,(anonymous_11)
FN:212,(anonymous_12)
FN:227,(anonymous_13)
FN:229,(anonymous_14)
FN:238,(anonymous_15)
FN:265,(anonymous_16)
FN:317,(anonymous_17)
FN:352,(anonymous_18)
FN:370,(anonymous_19)
FN:384,(anonymous_20)
FN:398,(anonymous_21)
FNF:18
FNH:18
FNDA:51,(anonymous_4)
FNDA:9,(anonymous_5)
FNDA:5,(anonymous_6)
FNDA:7,(anonymous_7)
FNDA:37,(anonymous_8)
FNDA:27,(anonymous_9)
FNDA:34,(anonymous_10)
FNDA:1,(anonymous_11)
FNDA:2,(anonymous_12)
FNDA:37,(anonymous_13)
FNDA:37,(anonymous_14)
FNDA:34,(anonymous_15)
FNDA:26,(anonymous_16)
FNDA:71,(anonymous_17)
FNDA:85,(anonymous_18)
FNDA:71,(anonymous_19)
FNDA:7,(anonymous_20)
FNDA:124,(anonymous_21)
DA:1,3
DA:2,3
DA:6,3
DA:7,3
DA:8,3
DA:9,3
DA:10,3
DA:17,3
DA:21,3
DA:23,3
DA:24,3
DA:25,3
DA:26,3
DA:39,3
DA:42,51
DA:43,51
DA:44,51
DA:45,51
DA:49,9
DA:51,9
DA:52,9
DA:54,9
DA:56,6
DA:57,6
DA:58,6
DA:60,6
DA:75,6
DA:77,6
DA:78,6
DA:82,5
DA:83,5
DA:85,5
DA:86,2
DA:87,2
DA:90,3
DA:98,7
DA:99,0
DA:102,7
DA:105,7
DA:106,7
DA:108,0
DA:116,7
DA:123,37
DA:124,7
DA:125,0
DA:128,7
DA:129,7
DA:130,7
DA:131,7
DA:133,7
DA:135,7
DA:151,27
DA:153,27
DA:154,27
DA:155,34
DA:157,27
DA:159,27
DA:161,27
DA:162,1
DA:165,26
DA:167,24
DA:169,24
DA:170,24
DA:179,1
DA:181,1
DA:183,1
DA:185,1
DA:186,0
DA:189,1
DA:191,1
DA:192,1
DA:193,1
DA:195,1
DA:207,1
DA:209,1
DA:213,2
DA:214,2
DA:216,2
DA:217,1
DA:218,1
DA:221,1
DA:222,1
DA:228,37
DA:229,37
DA:230,0
DA:244,34
DA:251,34
DA:253,3
DA:257,3
DA:271,26
DA:272,26
DA:273,26
DA:276,26
DA:277,26
DA:289,2
DA:290,2
DA:292,0
DA:295,24
DA:297,24
DA:304,24
DA:318,71
DA:319,71
DA:322,71
DA:325,71
DA:326,71
DA:327,71
DA:328,71
DA:329,4
DA:335,71
DA:337,71
DA:353,85
DA:354,115
DA:355,4
DA:356,4
DA:357,2
DA:360,111
DA:361,12
DA:362,99
DA:363,98
DA:364,98
DA:365,98
DA:371,71
DA:372,71
DA:373,71
DA:375,71
DA:385,7
DA:386,7
DA:387,7
DA:388,7
DA:389,7
DA:390,7
DA:392,7
DA:399,124
DA:400,0
DA:403,124
DA:404,124
DA:406,0
LF:137
LH:129
BRDA:54,0,0,9
BRDA:54,0,1,7
BRDA:63,1,0,6
BRDA:63,1,1,5
BRDA:65,2,0,3
BRDA:65,2,1,3
BRDA:66,3,0,6
BRDA:66,3,1,0
BRDA:85,4,0,2
BRDA:85,4,1,3
BRDA:94,5,0,0
BRDA:94,6,0,0
BRDA:98,7,0,0
BRDA:98,7,1,7
BRDA:124,8,0,0
BRDA:124,8,1,7
BRDA:161,9,0,1
BRDA:161,9,1,26
BRDA:185,10,0,0
BRDA:185,10,1,1
BRDA:189,11,0,1
BRDA:189,11,1,0
BRDA:193,12,0,1
BRDA:193,12,1,0
BRDA:196,13,0,1
BRDA:196,13,1,0
BRDA:198,14,0,1
BRDA:198,14,1,0
BRDA:199,15,0,1
BRDA:199,15,1,0
BRDA:216,16,0,1
BRDA:216,16,1,1
BRDA:229,17,0,0
BRDA:229,17,1,37
BRDA:229,18,0,37
BRDA:229,18,1,37
BRDA:251,19,0,3
BRDA:251,19,1,31
BRDA:253,20,0,1
BRDA:253,20,1,2
BRDA:272,21,0,26
BRDA:272,21,1,0
BRDA:273,22,0,26
BRDA:273,22,1,0
BRDA:281,23,0,26
BRDA:281,23,1,0
BRDA:282,24,0,26
BRDA:282,24,1,0
BRDA:289,25,0,2
BRDA:289,25,1,0
BRDA:298,26,0,24
BRDA:298,26,1,0
BRDA:299,27,0,24
BRDA:299,27,1,0
BRDA:319,28,0,71
BRDA:319,28,1,0
BRDA:328,29,0,4
BRDA:328,29,1,67
BRDA:342,30,0,71
BRDA:342,30,1,0
BRDA:354,31,0,4
BRDA:354,31,1,111
BRDA:356,32,0,2
BRDA:356,32,1,2
BRDA:356,33,0,4
BRDA:356,33,1,2
BRDA:360,34,0,12
BRDA:360,34,1,99
BRDA:360,35,0,111
BRDA:360,35,1,12
BRDA:362,36,0,98
BRDA:362,36,1,1
BRDA:364,37,0,0
BRDA:364,37,1,98
BRDA:365,38,0,0
BRDA:365,38,1,98
BRDA:399,39,0,0
BRDA:399,39,1,124
BRF:78
BRH:54
end_of_record
TN:
SF:src\modules\scim\services\scim-metadata.service.ts
FN:5,(anonymous_1)
FN:10,(anonymous_2)
FNF:2
FNH:2
FNDA:6,(anonymous_1)
FNDA:2,(anonymous_2)
DA:1,6
DA:4,6
DA:6,6
DA:7,6
DA:11,2
LF:5
LH:5
BRDA:6,0,0,1
BRDA:6,0,1,5
BRF:2
BRH:2
end_of_record
TN:
SF:src\modules\scim\utils\scim-patch-path.ts
FN:44,isValuePath
FN:59,parseValuePath
FN:83,isExtensionPath
FN:86,(anonymous_3)
FN:96,parseExtensionPath
FN:115,matchesFilter
FN:123,(anonymous_6)
FN:146,applyValuePathUpdate
FN:159,(anonymous_8)
FN:188,removeValuePathEntry
FN:199,(anonymous_10)
FN:216,(anonymous_11)
FN:239,addValuePathEntry
FN:250,(anonymous_13)
FN:292,applyExtensionUpdate
FN:337,isEmptyScimValue
FN:360,removeExtensionAttribute
FN:386,resolveNoPathValue
FNF:18
FNH:18
FNDA:30,isValuePath
FNDA:33,parseValuePath
FNDA:57,isExtensionPath
FNDA:57,(anonymous_3)
FNDA:30,parseExtensionPath
FNDA:29,matchesFilter
FNDA:28,(anonymous_6)
FNDA:9,applyValuePathUpdate
FNDA:9,(anonymous_8)
FNDA:6,removeValuePathEntry
FNDA:2,(anonymous_10)
FNDA:5,(anonymous_11)
FNDA:7,addValuePathEntry
FNDA:4,(anonymous_13)
FNDA:19,applyExtensionUpdate
FNDA:19,isEmptyScimValue
FNDA:5,removeExtensionAttribute
FNDA:16,resolveNoPathValue
DA:13,5
DA:44,5
DA:45,30
DA:59,5
DA:62,33
DA:63,33
DA:64,33
DA:65,4
DA:68,29
DA:83,5
DA:84,57
DA:85,57
DA:86,57
DA:96,5
DA:97,30
DA:98,30
DA:99,30
DA:100,30
DA:101,30
DA:102,28
DA:103,28
DA:104,28
DA:108,2
DA:115,5
DA:122,29
DA:123,29
DA:125,29
DA:127,27
DA:128,24
DA:130,3
DA:134,2
DA:146,5
DA:151,9
DA:153,9
DA:156,1
DA:159,8
DA:160,9
DA:161,8
DA:169,8
DA:170,7
DA:172,6
DA:175,1
DA:177,7
DA:180,8
DA:188,5
DA:192,6
DA:193,6
DA:194,1
DA:197,5
DA:199,2
DA:200,2
DA:201,2
DA:208,2
DA:209,1
DA:210,1
DA:211,1
DA:212,1
DA:216,3
DA:217,5
DA:218,5
DA:227,5
DA:239,5
DA:244,7
DA:246,7
DA:247,2
DA:250,7
DA:251,4
DA:252,4
DA:260,7
DA:262,2
DA:263,1
DA:265,1
DA:269,5
DA:272,5
DA:273,4
DA:275,5
DA:278,7
DA:279,7
DA:292,5
DA:297,19
DA:303,19
DA:304,5
DA:305,5
DA:306,5
DA:312,14
DA:313,2
DA:315,12
DA:318,14
DA:319,14
DA:338,19
DA:339,2
DA:341,17
DA:342,11
DA:343,11
DA:344,11
DA:345,9
DA:348,8
DA:360,5
DA:364,5
DA:365,5
DA:366,4
DA:367,4
DA:368,4
DA:370,5
DA:386,5
DA:390,16
DA:391,18
DA:393,3
DA:394,3
DA:395,3
DA:397,0
DA:399,15
DA:401,4
DA:402,4
DA:403,4
DA:404,4
DA:405,4
DA:406,3
DA:408,1
DA:411,11
DA:414,16
LF:121
LH:120
BRDA:45,0,0,30
BRDA:45,0,1,6
BRDA:64,1,0,4
BRDA:64,1,1,29
BRDA:73,2,0,29
BRDA:73,2,1,8
BRDA:84,3,0,57
BRDA:84,3,1,57
BRDA:97,4,0,30
BRDA:97,4,1,30
BRDA:101,5,0,28
BRDA:101,5,1,2
BRDA:103,6,0,28
BRDA:103,6,1,0
BRDA:125,7,0,27
BRDA:125,7,1,2
BRDA:127,8,0,24
BRDA:127,8,1,3
BRDA:127,9,0,27
BRDA:127,9,1,24
BRDA:153,10,0,1
BRDA:153,10,1,8
BRDA:160,11,0,1
BRDA:160,11,1,8
BRDA:160,12,0,9
BRDA:160,12,1,8
BRDA:169,13,0,7
BRDA:169,13,1,1
BRDA:170,14,0,6
BRDA:170,14,1,1
BRDA:193,15,0,1
BRDA:193,15,1,5
BRDA:197,16,0,2
BRDA:197,16,1,3
BRDA:200,17,0,0
BRDA:200,17,1,2
BRDA:200,18,0,2
BRDA:200,18,1,2
BRDA:208,19,0,1
BRDA:208,19,1,1
BRDA:217,20,0,0
BRDA:217,20,1,5
BRDA:217,21,0,5
BRDA:217,21,1,5
BRDA:246,22,0,2
BRDA:246,22,1,5
BRDA:251,23,0,0
BRDA:251,23,1,4
BRDA:251,24,0,4
BRDA:251,24,1,4
BRDA:260,25,0,2
BRDA:260,25,1,5
BRDA:262,26,0,1
BRDA:262,26,1,1
BRDA:272,27,0,4
BRDA:272,27,1,1
BRDA:297,28,0,19
BRDA:297,28,1,9
BRDA:303,29,0,5
BRDA:303,29,1,14
BRDA:312,30,0,2
BRDA:312,30,1,12
BRDA:312,31,0,14
BRDA:312,31,1,10
BRDA:338,32,0,2
BRDA:338,32,1,17
BRDA:338,33,0,19
BRDA:338,33,1,18
BRDA:338,33,2,18
BRDA:341,34,0,11
BRDA:341,34,1,6
BRDA:341,35,0,17
BRDA:341,35,1,11
BRDA:341,35,2,11
BRDA:344,36,0,9
BRDA:344,36,1,2
BRDA:344,37,0,11
BRDA:344,37,1,9
BRDA:345,38,0,9
BRDA:345,38,1,8
BRDA:345,38,2,8
BRDA:365,39,0,4
BRDA:365,39,1,1
BRDA:365,40,0,5
BRDA:365,40,1,4
BRDA:391,41,0,3
BRDA:391,41,1,15
BRDA:394,42,0,3
BRDA:394,42,1,0
BRDA:399,43,0,4
BRDA:399,43,1,11
BRDA:405,44,0,3
BRDA:405,44,1,1
BRDA:405,45,0,4
BRDA:405,45,1,3
BRDA:405,45,2,3
BRF:96
BRH:91
end_of_record
TN:
SF:src\modules\web\web.controller.ts
FN:12,(anonymous_4)
FN:18,(anonymous_5)
FNF:2
FNH:2
FNDA:1,(anonymous_4)
FNDA:1,(anonymous_5)
DA:1,1
DA:3,1
DA:4,1
DA:7,1
DA:12,1
DA:13,1
DA:18,1
DA:19,1
DA:20,1
LF:9
LH:9
BRF:0
BRH:0
end_of_record
TN:
SF:src\oauth\oauth.controller.ts
FN:23,(anonymous_4)
FN:30,(anonymous_5)
FN:36,(anonymous_6)
FNF:3
FNH:3
FNDA:9,(anonymous_4)
FNDA:1,(anonymous_5)
FNDA:11,(anonymous_6)
DA:1,1
DA:2,1
DA:3,1
DA:4,1
DA:5,1
DA:22,1
DA:24,9
DA:25,9
DA:30,1
DA:31,1
DA:36,1
DA:37,11
DA:42,11
DA:47,11
DA:48,2
DA:58,9
DA:59,3
DA:68,6
DA:69,6
DA:75,4
DA:79,4
DA:86,2
DA:91,2
LF:23
LH:23
BRDA:47,0,0,2
BRDA:47,0,1,9
BRDA:58,1,0,3
BRDA:58,1,1,6
BRDA:58,2,0,9
BRDA:58,2,1,7
BRDA:88,3,0,2
BRDA:88,3,1,0
BRF:8
BRH:7
end_of_record
TN:
SF:src\oauth\oauth.service.ts
FN:32,(anonymous_11)
FN:53,(anonymous_12)
FN:65,(anonymous_13)
FN:87,(anonymous_14)
FN:119,(anonymous_15)
FN:135,(anonymous_16)
FNF:6
FNH:6
FNDA:23,(anonymous_11)
FNDA:2,(anonymous_12)
FNDA:7,(anonymous_13)
FNDA:2,(anonymous_14)
FNDA:3,(anonymous_15)
FNDA:4,(anonymous_16)
DA:1,4
DA:2,4
DA:3,4
DA:4,4
DA:5,4
DA:6,4
DA:29,4
DA:33,23
DA:34,23
DA:35,23
DA:37,23
DA:38,23
DA:39,23
DA:41,23
DA:43,23
DA:44,2
DA:45,1
DA:48,1
DA:49,1
DA:52,22
DA:53,2
DA:56,22
DA:70,7
DA:76,7
DA:78,7
DA:79,2
DA:82,2
DA:86,5
DA:87,5
DA:88,2
DA:92,5
DA:95,5
DA:103,5
DA:104,5
DA:106,5
DA:112,5
DA:120,3
DA:121,3
DA:122,1
DA:126,1
DA:128,2
DA:131,2
DA:136,4
DA:137,4
LF:44
LH:44
BRDA:37,0,0,23
BRDA:37,0,1,0
BRDA:43,1,0,2
BRDA:43,1,1,21
BRDA:44,2,0,1
BRDA:44,2,1,1
BRDA:52,3,0,1
BRDA:52,3,1,21
BRDA:78,4,0,2
BRDA:78,4,1,5
BRDA:78,5,0,7
BRDA:78,5,1,6
BRDA:86,6,0,2
BRDA:86,6,1,3
BRDA:92,7,0,1
BRDA:92,7,1,4
BRDA:129,8,0,2
BRDA:129,8,1,0
BRDA:136,9,0,2
BRDA:136,9,1,2
BRF:20
BRH:18
end_of_record
